PocketMine-MP Crash Dump Fri Nov 5 05:30:35 WIB 2021

Error: Declaration of Renation\EventListener::__construct(Renation\Loader $plugin) must be compatible with pocketmine\plugin\Plugin::__construct(pocketmine\plugin\PluginLoader $loader, pocketmine\Server $server, pocketmine\plugin\PluginDescription $description, string $dataFolder, string $file)
File: plugins/Reincarnation/src/Renation/EventListener
Line: 32
Type: E_COMPILE_ERROR

THIS CRASH WAS CAUSED BY A PLUGIN
BAD PLUGIN: Renation v1.1

Code:
[23] use Renation\Event\PlayerLevelChangeEvent;
[24] 
[25] use function is_null;
[26] use function strval;
[27] 
[28] class EventListener extends PluginBase implements Listener
[29] {
[30]    
[31]    
[32]    public function __construct(Loader $plugin)
[33]    {
[34]       $this->plugin = $plugin;
[35]    }
[36]    
[37]    public function getPlugin() : Loader
[38]    {
[39]       return $this->plugin;
[40]    }
[41]    
[42]    public function onJoin(PlayerJoinEvent $event)

Backtrace:

PocketMine-MP version: 3.25.1 [Protocol 471]
Git commit: a8d5e8c5f6dc33dc697213de60694590b263ff44
uname -a: Windows NT NOVASTARK 10.0 build 22000 (Windows 10) AMD64
PHP Version: 8.0.11
Zend version: 4.0.11
OS : WINNT, win
Composer libraries: 
- adhocore/json-comment 1.1.2@fc2f76979f0a44a5f5bc2a2b600d0762fe0e78e7
- daverandom/callback-validator unknown@unknown
- pocketmine/binaryutils 0.1.13@0abee38d4e2861621f262c79a2a3d699d8a697f4
- pocketmine/callback-validator 1.0.3@64787469766bcaa7e5885242e85c23c25e8c55a2
- pocketmine/classloader 0.1.2@9757928424652393b178a3760073113aa7c9911b
- pocketmine/log 0.2.1@830b44a2cf96ef703c550abe64302f230231ca49
- pocketmine/log-pthreads 0.1.3@e477ecf6ec214fdd4415ea1da3fdd9d73bf699ea
- pocketmine/math 0.2.6@43057cb8c179a9859677b496a788db922fd5cfc3
- pocketmine/nbt 0.2.18@9f82ca4d7f97fcd9a566e44b63c4f18a7657ae82
- pocketmine/pocketmine-mp 3.25.1@a8d5e8c5f6dc33dc697213de60694590b263ff44
- pocketmine/raklib 0.12.11@9cce458b8bfde3e4dfdbf70c659fc7b7fe26b5c4
- pocketmine/snooze 0.1.5@70b5e7937a06878dd321a3182ceb76d56298f2cd
- pocketmine/spl 0.4.2@6b08b7cf8c4afa17139c9a1b3bf1b408531de161

Loaded plugins:
AlwaysDay 1.0.0 by Zinkil for API(s) 3.0.0
AlwaysSpawn 2.2.4 by Philip Shilling for API(s) 3.0.0
AntiToolBox 0.1 by NgLamVN for API(s) 3.0.0
AuctionHouse 1.3.0 by Shock95x for API(s) 3.0.0
AutoFly 1 by PIG for API(s) 3.0.0
AutoGMS 1 by PIG for API(s) 3.0.0
AutoInv 0.0.10 by JackNoordhuis for API(s) 3.0.0
AutoPickup 1.0.4 by tobias14 for API(s) 3.0.0
AutoSellUI 3.0.0 by LetTIHL for API(s) 3.8.2
AutoXP 1.1.0 by JackMD for API(s) 3.0.0
AxeLevel 1.0.0 by LetTIHL for API(s) 3.0.0
Bank 0.43 by  for API(s) 3.0.0
BasicScore 1.1.0 by Ifera for API(s) 3.0.0
BedrockClanAPI 1.0.0 by NovaStark for API(s) 3.0.0
BedrockClans 3.4 by Wertzui123 for API(s) 3.0.0
BetterVoting 2.0.2 by Twisted for API(s) 3.0.0
BlazinVanish 1.0.3 by PIG for API(s) 3.0.0, 4.0.0
BlockSniper 3.2.3 by BlockHorizons, Sandertv (@Sandertv), Chris-Prime (@PrimusLV) for API(s) 3.2.0
BossAnnouncement 2.0.4 by XenialDan for API(s) 3.13
BossPlugin 3.21 by HmmHmmmmm for API(s) 3.11.0
Broadcaster 1.5 by EvolSoft for API(s) 3.0.0
BuilderTools 1.2.0-beta2 by CzechPMDevs, VixikCZ for API(s) 3.0.0
BuonLau 2.0.3 by PIG for API(s) 3.0.0
BurgerSellWands 1.0.1 by Heisenburger69 for API(s) 3.0.0
BurgerSpawners 0.1.4 by Heisenburger69 for API(s) 3.0.0
BuyKey 1.0.0 by  for API(s) 3.0.0
BuyVIP 2 by  for API(s) 3.0.0, 3.2.0, 3.9.5, 3.9.4
BuyXu-UI 1 by KaYuu081 for API(s) 3.0.0, 3.2.0
BuydetuUI 1 by FurryJaki1992 for API(s) 3.0.0
Clan 1.9.5 by NovaStark1245 for API(s) 3.0.0
CoinAPI 2.0.9 by onebone | Edit By SenKai Official for API(s) 3.0.0
CoinAPIScore 1.0.0 by Ifera for API(s) 3.0.0
Command 1.1.2 by PIG for API(s) 3.0.0
CrateVH 1.1 by PIG for API(s) 3.0.0
Crossbow 1 by SonsaYT for API(s) 3.0.5
CuongHoa 2.0.3 by PIG for API(s) 3.0.0
CustomAlerts 2.1 by EvolSoft for API(s) 3.0.0
CustomAnvilUI 1.0.0 by ItzFabb for API(s) 3.0.0, 3.1.0, 4.0.0
CustomTable 2 by BhawaniSingh for API(s) 3.0.0
DEVirion 1.2.7 by poggit, SOFe for API(s) 3.0.0
DancingFarm 1 by RicardoMilos384, DontTouchMeXD for API(s) 3.17.0
DanhGia 2 by PIG for API(s) 3.0.0
DeTu 1.9.0 by CLADevs for API(s) 3.0.0
DevTools 1.14.2 by PocketMine Team for API(s) 3.13.0
DiemDanh 2.0.5 by PIG for API(s) 3.0.0
Ding 1.0.0 by sn3akrr for API(s) 3.0.0
Disable_TNT 0.1 by  for API(s) 3.0.0
EasyKits 2.0.0-ACM-FIXED by AndreasHGK - fixed fernanACM for API(s) 3.0.0, 3.25.0
EcoAPIScore 1.0.0 by Ifera for API(s) 3.0.0
EconomyAPI 5.7.3 by onebone for API(s) 3.0.0
EnchantUIVH 0.6 by UnknownOre for API(s) 3.0.0
EnchantVIPUI 0.6 by UnknownOreforsource|RBpmmpformod for API(s) 3.0.0
ExtendedBlocks 1.1.4 by Javier Leon9966 for API(s) 3.14.0
FishingRod 1.0 by CHOK9938 for API(s) 3.0.0
Fly 1 by PIG for API(s) 3.0.0, 3.2.3, 3.1.0, 3.2.0, 4.0.0
FormAPI 1.3.0 by jojoe77777 for API(s) 3.2.0
FormImagesFix 0.0.1 by  for API(s) 3.11.4
Giftcode 1.0.0 by  for API(s) 3.0.0, 4.0.0
GroupJoin 0.0.1 by Himbeer for API(s) 3.9.3
Health-Defense 1.2 by Nomi for API(s) 3.0.0
HeartWings 1.3 by Edit Nờ Cờ Dờ (NCD) for API(s) 3.0.0
HotBlock 1.1.5 by survanetwork for API(s) 3.0.0
InvCrashFix 0.0.1 by  for API(s) 3.14.0
InvSee 1.0.0 by BlockHorizons for API(s) 3.0.0
ItemFrameProtector 1.0.0 by WinterBuild7074 for API(s) 3.0.0, 3.1.0, 3.2.0, 3.3.0
ItemStylus 0.0.3 by XenialDan for API(s) 3.11.0
Jackpot 1.0.0 by NovaStark1245 for API(s) 3.0.0
JoinMenu 1 by PIG for API(s) 3.0.0
KeepInventory 1.0 by KhoaGamingPro for API(s) 3.0.0
KhoGo 4.2.5 by PIG for API(s) 3.0.0
KhongTP 1.0.7 by awzaw for API(s) 3.0.0
KingofBlock 0.0.1 by pmmdst for API(s) 3.0.0
LenRank 1.0.0 by Nguyễn Công Danh (NCD) for API(s) 3.0.0
LestagonGUIShop 1 by xisoq for API(s) 3.0.0
Lixi 2.6.3 by  for API(s) 3.0.0
LoadAllWorlds 1.1.2 by  for API(s) 3.12.0
LpkCuaHangUI 0.0.5 by phuongaz | Moded by LamPocketVN for API(s) 3.9.0
LuckyBlock 0.0.3 by Palente for API(s) 3.0.0
LvPickaxe 1.19 by PhuongAZ, K27 for API(s) 3.0.0
MSpawns 2.2 by EvolSoft for API(s) 3.0.0
MaxEnchants 1.2.1 by Xenophilicy for API(s) 3.0.0
MenuUIVHPIG 1.0.0 by PIG for API(s) 3.0.0
MineLevel 1.0.0 by TungstenVn for API(s) 3.0.0
MuaCoinUIVH 1 by NamVN for API(s) 3.0.0
MuaFLY 2.0.3 by  for API(s) 3.0.0
MuaSsp 2 by NoobPvP2k3 And Shin1134 for API(s) 3.0.0
MultiVersion 0.471.1 by AkmalFairuz for API(s) 3.25.0
MultiWorld 1.6.0-beta5 by CzechPMDevs, VixikCZ, fuyutsuki, kaliiks for API(s) 3.20.0
MyItem 0.1 by AnhKhoaaa for API(s) 3.0.0
MysteryCrate 9.2.0 by JackMD, DaPigGuy for API(s) 3.9.0
NCDAutoClearLagg 2.0.0 by Nờ Cờ Dờ (NCD) for API(s) 3.0.0
NCDRulesUI 0.0.1 by Nờ Cờ Dờ (NCD) for API(s) 3.0.0
NapThe 0.1 by phuongaz for API(s) 3.21.0
Netherite 1.2.1 by Wertzui123 for API(s) 3.0.0
NhiemVu 1.2.4 by NovaStark1245 for API(s) 3.0.0
NicknameUI 0.1 by ItzFabb for API(s) 3.0.0
NoFallDamage 1.0 by DeveloperNeb101 for API(s) 3.0.0
NoRain 1.0.0 by NovaStark1245 for API(s) 3.0.0
OreGenerator 2.0.0 by vividmemory, LetTIHL for API(s) 3.0.0
PM-Beacons 2.0.2 by jasonwynn10 for API(s) 3.0.0
ParticleShop 1.0.0 by FurryJaki1992 for API(s) 3.0.0
PiggyCustomEnchants 2.4.1 by DaPigGuy for API(s) 3.19.0
ProfileUI 4.2.2 by Infernus101 for API(s) 3.0.0
PureChat 1.4.11 by 64FF00 for API(s) 3.0.0
PureEntitiesX 0.7.0 by milk0417, RevivalPMMP for API(s) 3.19.0
PurePerms 1.4.3 by 64FF00 & ProjectInfinity for API(s) 3.0.0
PurePermsScore 1.0.0 by Ifera for API(s) 3.0.0
QVipUI 1 by PIG for API(s) 3.2.1
QuyenRankLoi 1.0.1 by PIG for API(s) 3.0.0, 4.0.0
RandomBlock 2.0.0 by Edit By Nờ Cờ Dờ for API(s) 3.0.0
RankUp 0.4.0 by Falkirks for API(s) 3.0.0
RedSkyBlock 3.1.1 by RedCraftPE for API(s) 3.0.0
RedstoneCircuit 2.0.0 by tedo0627 for API(s) 3.6.0
Renation 1.1 by K27 for API(s) 3.0.0
RepairRenameUI 1.0.2 by IbrahimMS13, Bumbumkill for API(s) 3.0.0
SCoinAPI 1.02 by K27 for API(s) 3.0.0
SCoinAPIScore 1.9 by  for API(s) 3.0.0
SETVIP 2.3 by MCPEVN TEAM for API(s) 3.0.0
ScoreHud 6.3.1 by Ifera for API(s) 3.0.0
SeasonPass 2.0.0 by TungstenVn for API(s) 3.0.0
Sell 3.0.0 by Muqsit, KairusDarkSeeker, JackMD for API(s) 3.0.0
SellExp 3.0.0 by EzMinh, LetTIHL for API(s) 3.0.0
ShopCoinVHPIG 1.0.0 by PIG for API(s) 3.0.0
Shulkerbox 1.1.2 by UltraFlappy for API(s) 3.0.0
SimpleGamemode 0.1 by Zedstar16 for API(s) 3.0.0
SizePlayer 1.0.3 by  for API(s) 3.0.0
SlapBack 1.0.1 by jojoe77777 for API(s) 3.0.0, 3.0.0-ALPHA7, 3.0.0-ALPHA8, 3.0.0-ALPHA9, 3.0.0-ALPHA10, 3.0.0-ALPHA11, 3.0.0-ALPHA12
Slapper 1.6.1 by jojoe77777 for API(s) 3.13.0
SlapperRotation 1.2.1 by jojoe77777 for API(s) 3.0.0
SpawnerGUI 1 by DandierSmile122 for API(s) 3.0.0
Specter 2.0-FIX-ACM by Falkirks - fixed fernanACM for API(s) 3.14, 3.15, 3.16, 3.17, 3.18, 3.25
SpiderUI 1.0.0 by MCCreeperYT for API(s) 3.0.0, 4.0.0
StepCommand 1.0.3 by DavidFlash for API(s) 3.14.0
TPAll 1.2 by matymare for API(s) 3.0.0
TableSpoon 1.0.0 by CortexPE, Xenophilicy, HyperFlareMC for API(s) 3.0.0
TapToArmor 1.0.2 by RubyTemple, luca28pet for API(s) 3.0.0
Texter 4.0.7 by yuko_fuyutsuki, mfmfnek0, onebone, ogiwara, Shootsta_ERU0531, Toganon, ShadowArt, Marron0421, No4NaMe, iteplenky, SuperYYT, SuperAdam47, minijaham, VicoSilalahi, TobyDev265 for API(s) 3.19.0
TheoDoi 1.0.0 by PIG for API(s) 3.0.0
ToCao 2.0.3 by PIG for API(s) 3.0.0, 3.2.0
TopCoinUI 2.4 by PIG for API(s) 3.0.0
TopMoneUIVh 2.4 by PIG for API(s) 3.0.0
TopMoneys 2.0.0 by moch for API(s) 3.0.0
TopVoter 3.2.0 by SalmonDE for API(s) 3.0.0
Tra_Loi_Cau_Do 1 by NovaStark1245 for API(s) 3.0.0
TradeNPC 1.0.0 by Free for API(s) 3.0.0
Trident 1.0.0 by brokiem for API(s) 3.15.0
UIShop 3.5.4 by SaltyPixelDevz for API(s) 3.0.0
VanillaBlocks 1.0.7 by xSuper for API(s) 3.0.0
VanillaElytra 1.0.1 by JavierLeon9966 for API(s) 3.9.0
VanillaEnchantments 4.0.0 by TheAz928 for API(s) 3.0.0, 3.1.0
Vip1 1.0.1 by PIG for API(s) 3.0.0, 4.0.0
Vip2 1.0.2 by PIG for API(s) 3.0.0, 4.0.0
Vip3 1.0.3 by PIG for API(s) 3.0.0, 4.0.0
Vip4 1.0.4 by PIG for API(s) 3.0.0, 4.0.0
Vip5 1.0.5 by PIG for API(s) 3.0.0, 4.0.0
Vip5bhj 1.0.5 by PIG for API(s) 3.0.0, 4.0.0
Vouchers 1.0.1 by  for API(s) 3.0.0
Warp-Menu 2.1 by KRUNCH7SHooT for API(s) 3.0.0
WorldGuard 1.1.97 by MihaiChirculete for API(s) 3.0.0
WorldProtect 2.3.8 by aliuly for API(s) 3.0.0
Youtube 1.0.1 by PIG for API(s) 3.0.0, 4.0.0
cayphattai 1.1.1 by PIG for API(s) 3.0.0
essentialsTP 1.2.2 by  for API(s) 3.0.0
iProtector 3.1.1 by LDX for API(s) 3.0.0
noVoid 1 by PIG for API(s) 3.0.0
onlinetime 1.0.0 by LetTIHL for API(s) 3.0.0
tichluy 1.0.0 by LetTIHL for API(s) 3.0.0

----------------------REPORT THE DATA BELOW THIS LINE-----------------------

===BEGIN CRASH DUMP===
eNrNfQlz2zqy7l9h+Uy9OXllySK1eyq34niJPfGisZTlnNGtFERCEmKS4HCRrcyc//66AVAEaEcS
bfnMyywWm2Tj+4BGo7Hy33tTHgck/bagccJ4uHfY2t9LWUD3Du1Os9PotBvNdr3XtptOZ38vi+St
Xr3T6vW73X6/1bd7Pae5v0fjmMd7h//eS5cRPLF3+u345mpwcXn67fT29uZ2b38voElCZnjvhLo+
iUkK6Vl8at3SUPwej08XNEwvWZLSkMaHh9++uTxM0jhz01+Lhy458Whs/SXysxkL31hBlqTWhFou
DyJ4ZOJT656lcyvi7h1NAxbS8Vg+Ox4PxF9T88+fy1Pyxd99Q+OQxgu8l4i/+2tSO6GJG7NIsP2L
V1zsWwCAhTMQkpSccV+kkcumzKdvINfwL2SZVJkc3FIWuiSWeXGQxO5BnjEHRubBmz5g2TtsOn/s
q7e/sXDB/QUN4DlQ6bGYuulefhckuSqQudyjWJpOE+RZQsuFhOTIksaXdEH94zkJZ1TI/wbvOi14
B/+21bvTLHQFfZZ8CzPfFw91yjeB+YLIe12loAd/wVSSxDLIWfQB/nqJJTP4PQE1LIh8wSyxtDxw
+qDh3/Cj2YAflmXhT7v46cifUTbxmVtA0c2jZG74VlO+JfS25G/495d0zpLa/8jnrLf5G0io2ZZP
/YG/O0Xy3aeTn9FUMvv1jXVoSQD4eE9Lt79KN6ZpFodm8phoq1Ek2io4t37CmYd/55CiLFb8KbLc
+gvFP2/2wIrSmLhgFP/83/29GeYv8dFCQoIeYW8g7P8KbK52NYBkJlAohVPZa9addt1GecZ8b+/Q
adjgT8AePLrYO5wSP6FgiDFPuctBbatrQyIMzZT0vDbtue1px3ObTc/t9LuO3fQo+KZ+q91vTJxO
czpttUB3prB8YaHH7xPremRd33w+Go6Obj9adqPesETqluM0Gg3r1/wxu/HGOro66aCKaB6Bgl69
UbcR7Q8wM7hu5ddw+xtPMImL6+sRCMTFPZNVJog4uINvPpvEJGY0wewh3hwoxfTge8LDGjyjap9d
t+vOu6nrTLvAqD9tkFaLtKftiesQZ9JpNLxGt+NMaYN2e7QL6j0CuUkAcXDgEt+fEPeuBvWFgfNA
xwvk70J+H75TfxHsyiUdTFhI4mWWMh/xApm63XzXIBNKmz2vRZ1ex+449tTpOG63TxzS9Dr9vtcj
AG3aMlU9mbgNGdR812l1e90WvNPpTFxCurTd67WdlkN7bddpuo4oxzZxSgqxgksXq7A57/rddrfv
9FpOq9N2mv3mxO72SLML2dJt2nYTdLv9vm1PTE0+nwkNTt1+12s2JpCjjjvtd+i022hCyki402o2
nKkD/9e0XdLqP9JQi9J5TImXZ1TzHW11u9Sddqjr2K2p57VadpsS2yNNuOh73eZkCrlFiakKGtW5
QtN5B4m2u+6k59qQvf1eu9/pdietfod0ez1v0necqdd2p27TVBFO0pxP711/2nMAsNedQpm4Xp+0
Ox3aak06Tbc1tXuk22l3Ce2VMrf4WQuiVT18V6FSacpicge2LfMFMNnv+q5LW+3epDeZerRJW97U
m0Beu512f+p2J90pdTqTtltSk4Sc/6Aqe9vvuo1Jm3b7zS5pdHrdnuc1HZs0bWBLJ92O1+44/d7U
cb2SksgXGlpgLZ1JozfputOe2yJTYnftZt/tE3sCBWNPWo1eu2l71O7Ye3+s2kJRN4/8e7JMTshS
82OFbH+vcF9o3w2QkCyd8xhe/ufe7yy8Y/4eOEMSMRQ0xTNwDS0lBCHgN6ABAa/m0QgbK+k4Ez5N
T3RBQETTK7WNx6vkx+MrItwK1gz0rzfD0Zeb28sTEN3TScJSRDtP0yg5PDgAVznPJnVwLwdSU+23
EbpsqW4YEXAIZY5SqrN0wNJaJsvBnPkssobwB+KJ2a7oRkJtorSOx0QgShBRHuAV1NF/jz4NDOKC
XJiyEef+e/6gk9OkOrmGaH40atezSxJ8vt4VJaUOirAA8JjL08WoFV+OCvllomU+5xAm6QR1sWmk
zbKRDqHxueu3H9aSVK3vGpZ7pxAP8WB5NLgA/Rfh4jgmyfyMCb2Kf6KSgsKUAOcIELLDhLs2HyTr
lJ/5RpVUEoNryUwvPryQYkFEJbddBcwRf7galhCj5E9EDMlVQwylWEKMErPGQJ0pGdTfoeW/5jz2
5hlLdlV1voPSMFeK9pNC+LlA08lBbcVowNy7LCqRUsKyMy+5uZRPGEns1q4Y5fokmUhgkHxWeLai
NKS+/+miREkJdUrNx+3TJU1HF+eXBqNe3Xm2kSl91Yzs66CE/eugVBR2/QkLuzrZVUFIbTLrvw6e
3ahKNQeKAZJ7oKLrq9PLRRsCh6cK5iW1nzxQH9PdvmTek/BOAy4uzYrfahqYdwUVU6oCM2HuEDtP
BtiVcIMhXUyhv1Qtl/eE4vPM21tDQugdjwsgFRhRL4ZW8tgnITalGivzxgYLuuYLMkxJfPdcdgaS
ZAuyZ0Q04skg5s+nnDxNOCl5spJr/kLj9EfGbKe5sxpTqIRi1IA82z0UCg8MYoJ/mtL4M08xetb5
a2IzBof+npkDo3sc0PJeGsMN2Gy2PM6SlAenoTsnYZpo4VsqExmPJwLZQiDD7DFwbi5un/xg4WcS
smSu09XFZetubo6M9sUQzPNLnLEznwSMhQgErFfHY15tRxJKeBiyiMYGx0JqWrRTpigePecx+8GF
+Q9JCL2EdGH9+i7/iQONx/OYJbVBzAIKd/Bvllx+fmPkjlO1bdy7Wg58nmpFb6DB3Fjx2Lb/IjKF
J8lRGPIsdNUIc5Ez5Vtlgy9V+a80ZMQ/IaHB1G4+Nwh4EPo8An3LMpSqDAdqrNzgpoSlQi8F/OdB
AP+FfyYpe7PX9kkkbWqQxfQUepcpo8nXdV57HgRzTApqM8CTrJ/h1nLIBxpJzIcY9LgE3IVh/prU
rOFtMyNOF9wfAvBdhXhawsDUQLFmACGne39/X6eACLXX0zvBDweJaYx9eKPJ0sUmQ7DhGvhNUnLc
xz+oOx9cndAFvvCZPbC74993RdtF5VHggXIoZoktRWyQCSbSqsWuwT4wVIm84eElyYxskZJynW5W
6+9WKfAKnZD3WTyjMfaYvhChR8Nt3im3SuXqS1lCw4l4qdOvGHhpwydreJlJYDEaCCuTxtE0Gj/B
Ob9RGh4ru+GXUK5OU4F6dgxWQiuyYfmRLg36QrA+ut5ZX0ckVqXQlp8vBiZaFBj1ai3SfRUO4N++
8Lr4t/USBgBgPIZ4oBKNr1nNGLNYidYMh30kv2VZo2fv/YzUc0nkisfjE86+ZpWIeDTNykyUbA2V
syyOl38nd8zu952d1RpDK7DIyCi7hiD+08X2lLBTorERl2Zl6Jcb61VX03Za7Z2RwZQrwOas1F3O
JeU2p2+C5yGdwP+s/1inHkut90trSMOPhFk30ylzISTcGSGV0njsAjLQOB4XELflVx7pMMQbRgRe
NNZR5PDmgQAdVJUSDAKCM+kaOSkpj+E4rxY1qBQrNKPHMUnp53MdtZKUUL/eyP6QZ/4XCADG498z
f0rmATv7HldhAIH7hN8bFJRojQcbQj+Q/DYqsWi/gIXQB9ajEq/AAKLL2TknOoNc9MKIs5LDOq8C
GYdYjnwIxxMDtiY2oduv20HSU4YyMHE8r4uklIQLZk5PmPJNTiv9cUYmkyebfHvbQR9zavKMx8EG
RybAVS3NESb/iKeU/jxA23s/J/ckZEMWzua7LU2RNMTOWgJVhjJOTj+zWEBeUVqJyl3brskp4jNc
mLW/N7w5oztbDyCUjscLAWE8hl6t+qXB2rAc4ISELuTDGYkDnZYmXePybplLYo9fMZ8nzR52hE54
mI545s6v6FdzOsruPp+ooRXYFeiMi63KkITzD4yYXIVkjUXu0imCLgEa09y+Qp3QkT58IC7LQWjJ
URxfHokxlN0tYtCqk9Q9HvOEhVVYLMrjQytRKTpoPQpqVkslrRElpfHA5gtsSwGAQimgbOHftU50
Ae1gpQPZMhpgQetsc1G5FW6/tsEVCW8uJXPS5aQ82fJEo5SETXIXx7tybEodeDQxnXJiTKP81JOx
BFP6NroeGegL6bqFTTtCrpKD1Mq14mewT0my/MiMoGclKltJo3Z0fFU7u/h6emLm/1HoxZQk5x8+
WjVryh6oZ0HPIyQhPP/04EC78gyIETJcZX7KlATH2NfOkhXoxuOcW/HrGaNWBTfMQJc/0Q/Upa/b
DdxumFL1BDVY27tNLQWDYFEcBb92vVsO6VU3e1eVc9VrpxKB6LgbaDYTkjby6cLoJ+pSs6p2TEKf
5GLtm5juzEkWKoFLjqNCCclXPl8MjMDeEG9JaQoSnsUu/c/t+ygIItxpxL1XIGqvmH5mUSWyYh8J
9cSUp+G3zBvlUYpWecnSgtHYuqQ87Pc7HbNBb72AolSc6wWWBqzteZ6xZA4tzy3Xh2A0YcmtlKKv
85uP/X6zt6ta9/BwdHvzdTwu0n/2mH8O7UCQNBaNPmPB6P5qqj7vf+bj6S9bfFBpMWneg9WYKMmG
pb7f+XdOu/jvZesDtGWZK41QWBLE6se2VC4CMqMJrhQ2CRXyRytOfxrM2HZpMqMClyD7V4IdTPRB
TKQNscX2pfKBTdN8S5xisRJVm056qTGNSDjiOHqO6R9D+hVIxDyLcGeXzmIlW18Oe+csmFBqxsX9
+volGWLBwoDGwdolZkozMMqxbOkP5Ht14AHkzinx03nthE5paCyXL90ojW6UZzsCtrP9AKBr+7IB
lHH6BdxhYkLPhaXKXxowxNmN63FmU8+zjtXfE/X31+vjkze7IlUgqkCNp6K90onlonLDWuo8Jlm8
ICFN73nltY7bxbIigfF4ztMJ4hmPNWRbNUZqN1FdKKoD1INfcmXIXd8qUdDXpRXcX+v55Za7PxYu
XExZOL/thwsB8JBSkwEKNnRHzGVuu1r9Ya5Wk0gqkUlpcBYDj0HMU+qmXF/F9MTNDSShNqQ0Futk
uo1ua81odjE733zJ4lUzPciBR5C3r5v47jBd+llSygMlLFtnc6uFevYLgsNiqV4Bo0rp4kr9iOur
D3PJtouqdzrTrRLfvkSw/buioT5EuhL9SduJvgfbw/1IaQRVkIZgdnr4bcrX9i8+zjn5QAJoVMCA
d+UlDKXjsQGnArs5/8B1VuJaZ9OCOt1+tTlrSG/bwTd4NJyNBiZYISnbfWk+h9z/IPe724yC2sbj
kKfRs3t1EhFyguLj03LwoEs3BK1REHhJujNydyJlFSlsa0OXNLw199vkkk0OaZYtMYZz2yEGdY3G
tBXOLBz63iKmqzysvj2dJCUzHn74dDGc88igZd5Z460eWML/tbvFNyDCFD/g0M/Xi+HNPyrQYQ9M
54CX5lh1p/46e6EwqQo44YEj3//CY99YxWrK16+mMdroF4wL3PEQKoLLuY9rA4lHfP9epF+BTnR3
nJFzEs6MUUZDXK7bJTcbzXEdCPlh/ce6gm6wZ02W1iUJ5AxWaVt3f2N3oRjWKBZuGSPBP5kX+PkG
d4kO11soQhVyJ3PvlmW3pwk3RGUD4kNDR3e653v9tIhKEeK0Fchne3+l60Dji1mywI2z5EHvhBSy
kt33y2cYYFkc/b5vfXS6O/M6q9SrRKdXYpmzXoFzSekchtddEaQShTJapf68dUBX5GFlDhonTVpe
TWI/6kFwcRiEu9wVOU0lGuEKinGxVWFBzI1TOBjQaeQ06YYWfJdBeQDJbu9BcAa/vD+5kG2APcrC
GZ6g9TncGfpCJXDQcGwmkhF0yKX5NV26Jsy43un5HvJ0j61LICNnl7+ZmFGwftHirvL74ylCPdsS
6DCJTKAoWLOI6JrzyWAxcO6a1lHo4eEwoW03WzuzFomgSl77Kfuco9WIaOLS/vbuo2W7R3cB8c8I
i7Mf5gRK+yUncxRKcc1+gadSo4HviQivTE4KzercUXvR2tvsRdvfm2bLLE2yOwx774jP2J05Uufs
aotagIBFnKhyIgf/ku1pmiLMqCWOGemZJAVrjwE6Cuc4WEDI7sxXpFrBfJe4XXEpFpcb4DWxTqGv
xhEfH5qBiwIhUvuQLdeGv884P0MH89JTNAxiwB86s3iwxrFPSXxJZvqKrUe3Hq0jKnmmZ0+CVCng
MqrtixrevM18mhi9Hk24YTzjz6EnwFTgRKLRXDdcJVhb6/L+kelr7BegLnpcMv0qHvaapnMaM6P6
FbINIeyWB1RUqHT6+RQrGLs4nKLghKTnjAaf9YHmXFIm3HruSHkFziGmvagQ4l5D7wtxm1WpEK41
v59tPXiu8Sl9UFwrABWY8DPi+yckEKcjF1x08doR9BOMpnlE42s6sRv2roqkpBbIaYiq0LslxpoD
JfivzMc885xF5HET0w/i2FtzxtAQb2ieFmzBvIAGPF7uW7s+B0oHMh6rn1sduTe4qr2nBI881g/0
LYQbzqf5ThIe3i/D0G7s7kS4lUo8kQZh4Fk0OZzNjEicMtenpSFqQ7zB/v6Ubbw6oO0t8anBOI3k
E3fNEmyV3eGTUaPdfwHPXCNQfAznSeEzWrY8kYMn1IklgYOY4/npRhNRyMrzeCWzvghxcXaW7NCj
aiorlHYW0+M50ae0VyLThlvykGqNQ6d1dtaoVivXLdqStpUfBob77YpzweDqK10wniWD09rqkYL7
N4kFyl6BL349Z5QYQaoz8Vdq/igfkWPmWCE3Y4NuueoHzL9rtGycKL0FSgviD66uBusrRwUriKVO
XBI9HkcAjCpgMkdymJU372hYD0y+KmNkqZqZImVlO2o+ZUbW/7GgnL9TNwU7ZiFLdzZka9iGQKT9
3IF1SD16LpQ3WZRuvHifxaNapW2z2GpVpNplYeLa3mn8Q6yE1wgqQYUlJNjRea77x9QqgM2Wckr8
kuuTsYZ4w/E8r3Fo3DmbV5ihvRVn85dn7XTphuAwP6PiJ5383XXvC0iV2N19ikxiKCgNqz4Kooh/
x+K7ZLdzkXKTIg/FWT5Gbco9LIDDA3dXIDfzo97w8ZyrLjVPd3s0fAyPHsdkmg5Od1dQK5XApEAy
HmuYtiEGYVFIj1nsZiw1yRl3NphnSj3e6JQmUDsvaQVl8tsucFp9nEZnsPpezZrzODZN+lbAXP4I
0XYFEBEW45ulsYrSjbKDK0ejk5jMWXA1tLFtfp8FkyyAnqz/KsuimUwMzU7HuL27GD4+s2f41KE9
QNSpVlqVzh1RSVYpruFPTuMZrjmOp/8qc3jD5521MzwdmeeIKYFZvUsB3tXx4PTztTU6Pbra2RoD
oRI/lIW78rZCnodIGvYiairQd+rNR+N5lQOyzaFXnnbxaysSFIcuBiTRA21NuMHLvvLcewFE/70d
L983GPn+phPor8SmA5B9xAnQ5ITEd0NK70Q93OKU9+c6L4R2DjFOhSoDb5w+RCV6KNnA8PTHFQvn
ux/Kk3rH49Ovg2ojQ/g0uo3yohVT/icuW0kgYZdXOVljOM98sJGJ8VEXTbjhxLBPfhqTMzwyd2e9
U00l1BqJRHzcZWtK4uN0HwiO/Bp7CEs31k5Z/I7xEontzu7GwnONwMoAUoXZDyq/GGewWgnXH/W9
s5YSE7zEBJFJ/nsr/FCq74kR869EG3qcP9lvm2/5EUdcXA7Oj7rmZc+87JuXdullMZ6nXzsbRhnU
WdFb7urNuVYocJWAmV/Ro6LubJldLznvJpEpP3titIB0kJMoGN7ytNzdKN/ZMC+8xkCebegmggrF
Jk/X/WB0QDThmmGhE2hKGY2HAfOp7VScCdHWVT86e3iLQydV2lV4Utc8ljyXlOIuPHoGj6B5erhi
w9Ezdkvu6pNH7Nod+UdWdLunTqWpeCYNO+ZhGnP/k/5JLYkd6umKxIvOlxlGDHpBJRtQog0xwdXx
cUwBbfzoWMiXj7PlGCoUc0qjx2eK6tIN35g4IQvmQZOezPd2tcW2UAnlhUiCChHoaHBkhNfyeu1e
9YCky4Ds8OCYXOF4nEbEr3BEojiLcBhxw1lqwg2mdczjlD4MTsUEUrEafH/vfAn2Bjka06vjV1kc
XmDUf28eihqRaMSP4sBYB6AJNwzl3GaT5YhiwIVJZS5xehHd2dr+4gi3i5T4jITyeLsCXoWCxe8s
GxylwJw4fbSjcJnd8W/6utJgGkxDeoflnp/gBL9m7J7EeFghdE54CpHot9PbT412E9ufEZ+RUBTF
cE48fn8UYz/yisQxDxst8WmNa966JleoCQBDXoZ3aDPDDH3Ub6P855FHghbiC1jIvpM5CcTqV5cP
mU98MmcisckSMsnptF86/y3W2E99fq858e/QfQvcCVSrVZZAaYiMfHbkstJ0oEoEC2tO+Ykxf5JL
/sTunht4+HVXEZWBAxzK31vZGj8m+lZbef2MI35femC8SHg8rrQpciR710bLWshKiy9ebbcwccF1
VxktAIg4i/Lp4vPcBL6S/nnQM/Y88MvkMfTlxmG2gLvz3TWcoAyqdJ52JQqfecnD5qLyF6TKH3Yl
fsDDk9MXfxRMbpfkcrtgHpAp5YKUgFP82opXTL5dcvbtmGTfToxKbd5Yt3XnVVb/QfqQPKR+wiuU
Ukw8ej04NnlI0aY1ZBAz7xK8SLQKcgisjS9x5ZINuCcxv2O0dDJt+/nVW+kDK5Lpg3u9KqBs5PFo
q/kTO8yb9XbZP4EZp8sB9ON8aN1/vMpYswSyfYngN+Z8nzw6b9CUbzix4UFENlX5mCcarjuCRagf
jw1MpcsKXE/9ZRqTx1yVfMMom3kCYrVN3Y+93RmLaX6W1E+OWDTQlS6rsJbLEPETc0+Us3G3HE2X
Z4Tm9OhH3+n99GChZ9bJhYSCn/SI6TNi0BzXwVOcMCNYZOvM8fK/sIgH061QP1nkmKCdTb25VwLt
VALdNEE3/xvf2MR0K4FumaBbmz7S/UqgW5VAt03Q7Ueg238K6HY10JP59xJulPwXoI/EoUQsPKqA
Hz+XYH7HbiVa71B21Dk59amb4ilSebLFr23wfyFxVCsd6VXI1n4J5uPtp+vj8+7wnPPR7r5+DGlX
GWwV22s/ZCTWx1o1YXlCtl8KV67YnLDjOa4y82n6wsO7H61a0xacmOmMxwVG/fczmrqS5gNNWZ4/
6uy9cg7l4tLim3qvdAaXzzJ/Z/PVUtt4LDZbRxLBNqvsnmKesXjKqO8dRKKjGLCQ1tSZlwcp9G4O
AvGt1QODLWTKbzxLs4k+151L/gsxwG+j7a3dJctoTtKU6CNpmrBs7a94Dp8bVTg3kCYJbiMA9cYh
cIa4PGHpvMpsvJ7keFwCsJEHe+pUTvb0aZxPLMO9PPm6q2oEqsZjVvFQzSfqEOip4WK4A40FEA35
Z850l6oEf9Ihj3gAN3OJj2s+YjywDxPf3tx46IMrSFmgV3FNuGGAYZsFU5U+5IAJb48+Ze7cz/Tz
KnPJDnBXKQWV7LbIAXpE8KjXlJY/JVS7GtTBR8mlHzQGFnVw/dCRF1uJDvd+GayurGMeTtnMwm1w
43gc/nIWM+uaL6y21WgfOo3DpmN9uXhvOQ3HxvtSXY1Fb/FIAviPJox4nL61+3bTQWHAU+8tDt0h
IhTczwF6zWdJ+la8RdSn16ENwSU6NeLOGV2IL7Enb/l0KjTjEoGaaregJN7WBIqAPKi3kreOUDZT
y5Wk6imPQe9KppRBjni4ejO/jhbRWx7iL4/hR0AzP12+Fdhn+d7ZWkLTFI+4fotiHzdB19BKDGJS
nFDqaU+ly4i+PTk9O/p0OUKpNInavzIaL1WqShS7wEtBwt/1iCQJtNfe2/8r/kFOZSmvJWRB1YsL
Ru9rHmQkgex720PRw4Q/1NA4c00+CWcZmdG3NJzhNVhP0WzXl4GPdmChqVmuMIEsFutIhCVYkIGW
YU9gGRb08hNq5TlikZha6ZxaEIAl8IOklotFmloTarHQ9TM8iA/UP7JA1DXkAbw5RQVlnQmZ0n2L
4+kECaq0JjEld9aSZ7HSZbGpBQXLIBrBFKBMYzAPCHNA8TW9X6k78OiUQKkm1j0P/5pauGCGxBZm
ZwBkweP5S0SYzlkied/PaWhl0Swm+I2m+jhE45bKDsehZf3yZS6OTbBSDqmEngUqrCSNBfg0JmHi
kxRAidsCqs8hGaAKv2gq8gu/Z+dSa05Czxc5GKBmabJ5qR1awnPgjWSepR6HWhBA8ylujfeGUrfr
84R64z2B7Mj3+b2F1QvAWCousxaMWP9Am8NnhPHlIduhhU5VvHoqDFG9YwEuC6uJFYndsahtsrRU
VuLzym5XtzWwv3xhkCHggpcW8TwrponMfsxWyPA7K6AkyWJRyS3I9AlF0JA59F8Z8THbZmwBzy6I
n1HrV5UoeJ83qF2mCDWGoqupQbbPZjQ+hNsi7essmECugFUdJcvQHZHkzsIRPrCjunjgU4LLeCC1
nCk+No85+CEoPXg82bdEoGwpBwD1YR/yIoiACDYEIm/ACaMsyEKwIHxEKh+K4gVOYGUxf2BgYRSy
ASgJyw1X4DBvFaCLKdoqPoM2uW+x9K+QfWksXvMoOj1hMqWXrV+BQwb1xhHZImjUFNNDoapsq0QY
R5yFeFonWiAe5iAKYYKHhyd164Qu1G8rYLM5VGY8G35fr3zKcDBH4jiLUimVGYYZEwA2xUsULlRK
yCYx0iwwLCCqANhPI0AbQZvjkNFgXXXN0ODhmnxoZWnQBIiTE2Sl/ODzCVgPNqyWlEM9CFiKdTug
MzJZppDj1lBmdUNkrvyimXh9hKV2z0TOC4uCSntfk4pyI0sEwykDiOCRKJ4ejWqm0O3Jk5RGDqWV
YTW1ZhwKimM1RavAhGYCZk1AO7QayAJSFy44nUM2e//fM8BIZR1+bGFfhh/685GAoNznCpJSl1jg
PrCBBL+XA8JUc1R2w2kpYMIJfBG1QuFL/roDhKJeCEjoMSw3g8YnhMbHog/UzYTz5RKyrJHYWK2e
pg8uhAlJwUg6rpvR6aE1Or8YWpcXVxcj62gwuLw4HVqD01sLYr+Pp7f7FjxkjW7gqVPry/nN5ak1
uL05Ph0O62UXYOSH0+6o7BjQmHHRIKMjTpCgO6fCJYvcWDlbG/IeQgJP+BbxSA0PD5FuVqjC5Yks
BAcN1oR8f2Zs0sgg7sMGMMTHVGJCs1QCrrdw5LJFEmncYBuC7bx4of74abQFFWdDsUXUxXBA5izC
leUq311xAPOiUVJQbTYU1+TN05AU86ZiPiPxBGpGzeW+LwNS4YCezl1R1RCOestSb4HvDkiYieBD
RwKBWQY2+GY/bxPKRpiboWxep1PQJfkGRRWsWzfS50uDh+iBZ763wsKgEbkPrQJ/IhVHAj4Q7TQa
iiukdiacxaNGUpiO1LDiNo15kDe28m31RE03Tb2EkY0qyUe2YT1hUoZ1DPOA0ZUrZUWUogzZy4JI
RlcyhLPUjRreyMvrBB9SLwjsAmbOAK6gmYfKTp7IYGi0oeGDFBZgZEmSUXQM6RxKbZZHm+i0MLUC
1X5ekDJGUEFlXaLBR3+aT9jXcedZeJfk2I9JhFIWZAG0sdC8xlbeGcCCtGTPSKIo8hXri8pKUWMe
2xgE25FCJBKsYRScQaPbWpXYCZe3yjaNsRF6PalfPpxXIalLPagzE5FDzYV+H11xwy+NilgFwkfM
PUAnAwypJSLYJ7HkO5JhwQ5eU/kp+eQp48NFtIsZiIf15XrXq1pnh+NQfY7oUDUREJrNuS9DzAlJ
3bmIxAVkiJrAhFQjI3yb7Pmou7JpmdBVsCmbt1/0UspvoVuNlykq37dqtlaAovBEwrU0B6OaAOG1
izhW9FExhPQkc+zLiEAfXwahglW3ziEWBFt6K4I763jwaR/eBQwTqF/3zAOzF7GC9J4r/TWh/9Dq
5GF3EZEnIne0Z+vWkQeOak786QF0JWU3waNgwyopSNTCsRA0MK0iFs2epkzvipw+oFfDEJP4dQtB
fBqEgzzYLjqA2JdAUPc4OQAvZlEY1dR1qXdzpWpdwn7QVXliWJ4XI45v5iEThO3SPLSmtdV35Etv
6tZAveMT3AyBPWjVE1W2IFKcxmSGFKBMINuSyBcRC3YvAwCPlZ3EWE7HPsNxE9FfjqEzRZPUuhp9
EkgToIS0J1lqYf9cFGWRnOxc1HNfE6RZDd86FGjRyj06yWaHeYflfywbOyoqXJtDVRX3LdU9TWSH
Gi05TLhsuJQ12KhMOiep7XjOoQOLFpj3U2jeExUezCMpsRKyyD0lDoHko0V4T+vCAjAxRigDFjUe
8Z2zUHaGxVDRX62vE/6AVh9bFyfWr18/XZy8Ac5g8oABnr8Hdx/F8uAiMAzsv8TQeakXESBYAheP
iMwOwdK/vr/M9au+jSb5q0gMB4xEownRB3ZyRTMsuPF8dEQ1IcYojkgW7rHpsvaQMU8zRAJxCng3
StLcbwJ/OdaYdwNEF1IhBbuBqFOEZCF3fRZZ4l0wmyuyBJPBrmTAF3mvHJs01Q4IX1zL78kkk8ID
5iNf+gjJSAxxSHvHLyySVBaGeFYZd5aooRYXanIqfZ16pybfObQiCJIWzMdkpB9XPkqlgg0RCWer
jkKIr/nl9nA/f8oYMntyVEqW8lHAM6zCU9ngqBqNWanKGBtYdFFiPALsEH+LFhJevhXtpfayIB5S
2f+dUKlsgh/Dhd84tCmauHlu8MLGxYin0fJK+pjQij44IouUoQIXVzQdFoVG7SmUjadhkhg0gX3k
9Q7A5i/j3xWapqjMODpQyyIwYJpoNulioyoSEmO8et08EYmJb+UkwgNhftIYSxpidTyBxlLsLDWa
krfg4h2DOuirWY71izWLcef6KnuKEZtVDtUfZ5HyTfeEiY4a+EnoxciyiXiU+bkxqgtsysQzyiM2
hT8UEX4tUl4MGxN0TNDaqdhZDNfKMapD1YrjkJroN0qxbARVeeHH4FeDHV6Rb2jvNfyqaEm0qm6m
OJpDuDnlWolALavJOajVk3OOJSOg1PHMsTrjAjF4smWA/Z4EdxMmwDApoGNnTt23ivuCgvBiZDaL
oQctR8vU0JocQUhjIkrO4CfwQQ2+Obk5hPyoKZ8vmz50CvdUBtcEqs69SDERwAsCQlbXxrOhpV3l
vDRNWTiPMhUKVN5XxgSNfFhTTZUeIwo517MOwu4Q7UQbutoH/xjNyb6FZ6yL9jldhWHgeqc0hlC7
hh4oxPZP3s2bK9lYEGMoTM03ae1rBiEnNOXCi+XOQikUJS/v52k8KmnJVS/qlAWFr1YNMCrF57Em
oGvGkkWHiQmKMT71Uj6eWy8SUHf0FPLcXN/EK7ctS1fWCm3oROkA9anKz3yQZK6EwmNgL0cFzspj
4Jgz9E08ETmy6UoRdD+AiJxgQA+UjxxIHwf6lIvMWzbcLZWobglEkgR3aKkrjHkAoyqrw7zQ5D2w
WxzCOrT+KYIVaD/3xZjW/6JS+WWkVTOpT3wIGhg44kpoOWqQz0GJ4YCnWizRoIsWOhEBsuht4iH4
gFU1tzp8ma7AIH9aOGWFrYJsvYoUD62zy6PRofO37n67/2DvNx+a+87f7L95GBCJev4rrvdw0bm+
7TWkK5ZXrfYbGeXJOQa9sy5rOLYtkMdqLE2EHmIwDErNXeJUSuamWZw75byHEq9mJ4THAT3QVLli
9ifJM6yWz2yALchw9pcz4WpEUuJ5Q0kmIgUp+aZJaiK21II+Hon+LX0Ax5eozp17h92DRHRkIEcm
DALzpQzixHPIF6BA10M2I7LOSJZCPwQj8cpX7+3v4d6tMGHq3F2xDvdwr4drYnDif+JCTDTXJTir
FHokNmQ8+ObxFJyhIcWpSEOQxb5+7YlvDRTXU+aLjSiFZBZE+uUc98pq1wxq2UIXfE/EpPnqOpjI
OTJdhqGYJxaSFbLINWnf0qkaXTDeFH4/MUUQoQS6ZDi4NBAsk3/5uEM4/2WtbqX8jobQvBuMl0TM
kDpqK/8PFqnPSYmFqD98NtGfhsuHwMxTjmicRqNp2w4e7DA4uTGYevybQFIWgoiZxYGftEsS40F5
RMfXK4NiCQFcYjfZpAXCezzz3RBGarBQ7S6yoUVCwHPTuIrW9psIprKU+Yk8nESsjGCzCQsJfvhT
aMFsEj7Im4iH5Dfq3XgZpVwJHGlrFMMWw9q8RyXHjMIWWdTURdBVy4QXnsm1iStUv2PodTMQozzF
C3/88f8Az9MOeA==
===END CRASH DUMP===
