PocketMine-MP Crash Dump Fri Oct 29 10:07:00 UTC 2021

Error: pocketmine\Server::pocketmine\{closure}(): Argument #1 ($player) must be of type pocketmine\Player, BlockHorizons\BlockPets\pets\creatures\AxolotlPet given
File: pmsrc/src/pocketmine/Server
Line: 1723
Type: TypeError

A PLUGIN WAS INVOLVED IN THIS CRASH
BAD PLUGIN: MysteryCrate v9.2.0

Code:
[1714] 	 *
[1715] 	 * @return void
[1716] 	 */
[1717] 	public function batchPackets(array $players, array $packets, bool $forceSync = false, bool $immediate = false){
[1718] 		if(count($packets) === 0){
[1719] 			throw new \InvalidArgumentException("Cannot send empty batch");
[1720] 		}
[1721] 		Timings::$playerNetworkTimer->startTiming();
[1722] 
[1723] 		$targets = array_filter($players, function(Player $player) : bool{ return $player->isConnected(); });
[1724] 
[1725] 		if(count($targets) > 0){
[1726] 			$pk = new BatchPacket();
[1727] 
[1728] 			foreach($packets as $p){
[1729] 				$pk->addPacket($p);
[1730] 			}
[1731] 
[1732] 			if(Network::$BATCH_THRESHOLD >= 0 and strlen($pk->payload) >= Network::$BATCH_THRESHOLD){
[1733] 				$pk->setCompressionLevel($this->networkCompressionLevel);

Backtrace:
#0 (): pocketmine\Server->pocketmine\{closure}(object BlockHorizons\BlockPets\pets\creatures\AxolotlPet)
#1 pmsrc/src/pocketmine/Server(1723): array_filter(array[1], object Closure)
#2 pmsrc/src/pocketmine/level/Level(538): pocketmine\Server->batchPackets(array[1], array[1], boolean )
#3 plugins/MysteryCrate.phar/src/JackMD/MysteryCrate/EventListener(239): pocketmine\level\Level->addParticle(object pocketmine\level\particle\FloatingTextParticle, array[1])
#4 pmsrc/src/pocketmine/plugin/MethodEventExecutor(42): JackMD\MysteryCrate\EventListener->onLevelChange(object pocketmine\event\entity\EntityLevelChangeEvent)
#5 pmsrc/src/pocketmine/plugin/RegisteredListener(80): pocketmine\plugin\MethodEventExecutor->execute(object JackMD\MysteryCrate\EventListener, object pocketmine\event\entity\EntityLevelChangeEvent)
#6 pmsrc/src/pocketmine/event/Event(88): pocketmine\plugin\RegisteredListener->callEvent(object pocketmine\event\entity\EntityLevelChangeEvent)
#7 pmsrc/src/pocketmine/entity/Entity(1904): pocketmine\event\Event->call()
#8 pmsrc/src/pocketmine/entity/Entity(1769): pocketmine\entity\Entity->switchLevel(object pocketmine\level\Level)
#9 pmsrc/src/pocketmine/entity/Entity(1794): pocketmine\entity\Entity->setPosition(object pocketmine\level\Position)
#10 pmsrc/src/pocketmine/entity/Entity(1885): pocketmine\entity\Entity->setPositionAndRotation(object pocketmine\level\Position, double 242.48934936523, double 12.036865234375)
#11 plugins/BlockPets_v1.1.3/src/BlockHorizons/BlockPets/pets/BasePet(618): pocketmine\entity\Entity->teleport(object pocketmine\level\Position)
#12 pmsrc/src/pocketmine/level/Level(854): BlockHorizons\BlockPets\pets\BasePet->onUpdate(integer 6991)
#13 pmsrc/src/pocketmine/level/Level(787): pocketmine\level\Level->actuallyDoTick(integer 6991)
#14 pmsrc/src/pocketmine/Server(2265): pocketmine\level\Level->doTick(integer 6991)
#15 pmsrc/src/pocketmine/Server(2396): pocketmine\Server->checkTickUpdates(integer 6991, double 1635502020.1889)
#16 pmsrc/src/pocketmine/Server(2152): pocketmine\Server->tick()
#17 pmsrc/src/pocketmine/Server(1992): pocketmine\Server->tickProcessor()
#18 pmsrc/src/pocketmine/Server(1586): pocketmine\Server->start()
#19 pmsrc/src/pocketmine/PocketMine(314): pocketmine\Server->__construct(object BaseClassLoader, object pocketmine\utils\MainLogger, string[16] /home/container/, string[24] /home/container/plugins/)
#20 pmsrc/src/pocketmine/PocketMine(344): pocketmine\server()
#21 pmsrc(11): require(string[71] phar:///home/container/PocketMine-MP.phar/src/pocketmine/PocketMine.php)

PocketMine-MP version: 3.23.1 [Protocol 465]
Git commit: 14fba366364eca9f13a30b955c702edbd8e66267
uname -a: Linux 1c862a15-ef36-4e21-a573-c4202fb18d59 4.15.0-144-generic #148-Ubuntu SMP Sat May 8 02:33:43 UTC 2021 x86_64
PHP Version: 8.0.8
Zend version: 4.0.8
OS : Linux, linux
Composer libraries: 
- adhocore/json-comment 1.1.2@fc2f76979f0a44a5f5bc2a2b600d0762fe0e78e7
- daverandom/callback-validator unknown@unknown
- pocketmine/binaryutils 0.1.13@0abee38d4e2861621f262c79a2a3d699d8a697f4
- pocketmine/callback-validator 1.0.3@64787469766bcaa7e5885242e85c23c25e8c55a2
- pocketmine/classloader 0.1.2@9757928424652393b178a3760073113aa7c9911b
- pocketmine/log 0.2.1@830b44a2cf96ef703c550abe64302f230231ca49
- pocketmine/log-pthreads 0.1.3@e477ecf6ec214fdd4415ea1da3fdd9d73bf699ea
- pocketmine/math 0.2.6@43057cb8c179a9859677b496a788db922fd5cfc3
- pocketmine/nbt 0.2.18@9f82ca4d7f97fcd9a566e44b63c4f18a7657ae82
- pocketmine/pocketmine-mp 3.23.1@14fba366364eca9f13a30b955c702edbd8e66267
- pocketmine/raklib 0.12.11@9cce458b8bfde3e4dfdbf70c659fc7b7fe26b5c4
- pocketmine/snooze 0.1.5@70b5e7937a06878dd321a3182ceb76d56298f2cd
- pocketmine/spl 0.4.2@6b08b7cf8c4afa17139c9a1b3bf1b408531de161

Loaded plugins:
AlwaysDay 1.0.0 by Zinkil for API(s) 3.0.0
AlwaysSpawn 2.2.4 by Philip Shilling for API(s) 3.0.0
AntiToolBox 0.1 by NgLamVN for API(s) 3.0.0
AuctionHouse 1.3.0 by Shock95x for API(s) 3.0.0
AutoFly 1 by PIG for API(s) 3.0.0
AutoGMS 1 by PIG for API(s) 3.0.0
AutoInv 0.0.10 by JackNoordhuis for API(s) 3.0.0
AutoSellUI 3.0.0 by LetTIHL for API(s) 3.8.2
AutoXP 1.1.0 by JackMD for API(s) 3.0.0
AxeLevel 1.0.0 by LetTIHL for API(s) 3.0.0
Bank 0.43 by  for API(s) 3.0.0
BasicScore 1.1.0 by Ifera for API(s) 3.0.0
BedrockClanAPI 1.0.0 by NovaStark for API(s) 3.0.0
BedrockClans 3.4 by Wertzui123 for API(s) 3.0.0
BetterVoting 2.0.2 by Twisted for API(s) 3.0.0
BlazinVanish 1.0.3 by PIG for API(s) 3.0.0, 4.0.0
BlockPets 1.1.3 by BlockHorizons, Nexus9265 for API(s) 3.19.0
BlockSniper 3.2.3 by BlockHorizons, Sandertv (@Sandertv), Chris-Prime (@PrimusLV) for API(s) 3.2.0
BossAnnouncement 2.0.4 by XenialDan for API(s) 3.13
BossPlugin 3.21 by HmmHmmmmm for API(s) 3.11.0
Broadcaster 1.5 by EvolSoft for API(s) 3.0.0
BuilderTools 1.2.0-beta2 by CzechPMDevs, VixikCZ for API(s) 3.0.0
BuonLau 2.0.3 by PIG for API(s) 3.0.0
BurgerSellWands 1.0.1 by Heisenburger69 for API(s) 3.0.0
BurgerSpawners 0.1.4 by Heisenburger69 for API(s) 3.0.0
BuyKey 1.0.0 by  for API(s) 3.0.0
BuyVIP 2 by  for API(s) 3.0.0, 3.2.0, 3.9.5, 3.9.4
BuyXu-UI 1 by KaYuu081 for API(s) 3.0.0, 3.2.0
BuydetuUI 1 by FurryJaki1992 for API(s) 3.0.0
Clan 1.9.5 by NovaStark1245 for API(s) 3.0.0
CoinAPI 2.0.9 by onebone | Edit By SenKai Official for API(s) 3.0.0
CoinAPIScore 1.0.0 by Ifera for API(s) 3.0.0
Command 1.1.2 by PIG for API(s) 3.0.0
CrateVH 1.1 by PIG for API(s) 3.0.0
Crossbow 1 by SonsaYT for API(s) 3.0.5
CuongHoa 2.0.3 by PIG for API(s) 3.0.0
CustomAlerts 2.1 by EvolSoft for API(s) 3.0.0
CustomAnvilUI 1.0.0 by ItzFabb for API(s) 3.0.0, 3.1.0, 4.0.0
CustomTable 2 by BhawaniSingh for API(s) 3.0.0
DEVirion 1.2.7 by poggit, SOFe for API(s) 3.0.0
DancingFarm 1 by RicardoMilos384, DontTouchMeXD for API(s) 3.17.0
DanhGia 2 by PIG for API(s) 3.0.0
DeTu 1.9.0 by CLADevs for API(s) 3.0.0
DevTools 1.14.2 by PocketMine Team for API(s) 3.13.0
DichChuyenUI 1 by PIG for API(s) 3.0.0
DiemDanh 2.0.5 by PIG for API(s) 3.0.0
Ding 1.0.0 by sn3akrr for API(s) 3.0.0
Disable_TNT 0.1 by  for API(s) 3.0.0
EasyKits 2.0.0-ACM-FIXED by AndreasHGK - fixed fernanACM for API(s) 3.0.0, 3.25.0
EcoAPIScore 1.0.0 by Ifera for API(s) 3.0.0
EconomyAPI 5.7.3 by onebone for API(s) 3.0.0
EnchantUIForm 0.4 by UnknownOre for API(s) 3.0.0
EnchantUIVH 0.6 by UnknownOre for API(s) 3.0.0
EnchantVIPUI 0.6 by UnknownOreforsource|RBpmmpformod for API(s) 3.0.0
ExtendedBlocks 1.1.4 by Javier Leon9966 for API(s) 3.14.0
Farms 1.0-non-alpha by Dấu Tên for API(s) 3.0.0, 4.0.0
FishingRod 1.0 by CHOK9938 for API(s) 3.0.0
Fly 1 by PIG for API(s) 3.0.0, 3.2.3, 3.1.0, 3.2.0, 4.0.0
FormAPI 1.3.0 by jojoe77777 for API(s) 3.2.0
FormImagesFix 0.0.1 by  for API(s) 3.11.4
Giftcode 1.0.0 by  for API(s) 3.0.0, 4.0.0
GroupJoin 0.0.1 by Himbeer for API(s) 3.9.3
HealthPopup 2.0.0 by LetTIHL, NoobMCBG for API(s) 3.0.0
HeartWings 1.3 by Edit Nờ Cờ Dờ (NCD) for API(s) 3.0.0
HotBlock 1.1.5 by survanetwork for API(s) 3.0.0
InvCrashFix 0.0.1 by  for API(s) 3.14.0
InvSee 1.0.0 by BlockHorizons for API(s) 3.0.0
ItemFrameProtector 1.0.0 by WinterBuild7074 for API(s) 3.0.0, 3.1.0, 3.2.0, 3.3.0
ItemStylus 0.0.3 by XenialDan for API(s) 3.11.0
JoinMenu 1 by PIG for API(s) 3.0.0
KeepInventory 1.0 by KhoaGamingPro for API(s) 3.0.0
KhoGo 4.2.5 by PIG for API(s) 3.0.0
KhoKhoanhSanUI 2.4.0 by EdoGaming, PIG for API(s) 3.0.0
KhongTP 1.0.7 by awzaw for API(s) 3.0.0
KingofBlock 0.0.1 by pmmdst for API(s) 3.0.0
LenRank 1.0.0 by Nguyễn Công Danh (NCD) for API(s) 3.0.0
LestagonGUIShop 1 by xisoq for API(s) 3.0.0
Lixi 2.6.3 by  for API(s) 3.0.0
LoadAllWorlds 1.1.2 by  for API(s) 3.12.0
LpkCuaHangUI 0.0.5 by phuongaz | Moded by LamPocketVN for API(s) 3.9.0
LuckyBlock 0.0.3 by Palente for API(s) 3.0.0
LvPickaxe 1.19 by PhuongAZ, K27 for API(s) 3.0.0
MSpawns 2.2 by EvolSoft for API(s) 3.0.0
MaxEnchants 1.2.1 by Xenophilicy for API(s) 3.0.0
MenuUIVHPIG 1.0.0 by PIG for API(s) 3.0.0
MineLevel 1.0.0 by TungstenVn for API(s) 3.0.0
MuaCoinUIVH 1 by NamVN for API(s) 3.0.0
MuaSsp 2 by NoobPvP2k3 And Shin1134 for API(s) 3.0.0
MultiWorld 1.4.3 by CzechPMDevs, VixikCZ for API(s) 3.0.0-ALPHA7, 3.0.0-ALPHA8, 3.0.0-ALPHA9, 3.0.0-ALPHA10, 3.0.0-ALPHA11, 3.0.0-ALPHA12, 3.0.0
MysteryCrate 9.2.0 by JackMD, DaPigGuy for API(s) 3.9.0
NCDAutoClearLagg 2.0.0 by Nờ Cờ Dờ (NCD) for API(s) 3.0.0
NCDRulesUI 0.0.1 by Nờ Cờ Dờ (NCD) for API(s) 3.0.0
NapThe 0.1 by phuongaz for API(s) 3.21.0
Netherite 1.2.1 by Wertzui123 for API(s) 3.0.0
NhiemVu 1.2.4 by NovaStark1245 for API(s) 3.0.0
NicknameUI 0.1 by ItzFabb for API(s) 3.0.0
NoFallDamage 1.0 by DeveloperNeb101 for API(s) 3.0.0
OreGenerator 2.0.0 by vividmemory, LetTIHL for API(s) 3.0.0
PHP-Sell 1.2.7 by Muqsit for API(s) 3.0.0-ALPHA9, 3.0.0-ALPHA10, 3.0.0-ALPHA11, 3.0.0-ALPHA12, 3.0.0
PM-Beacons 2.0.2 by jasonwynn10 for API(s) 3.0.0
ParticleShop 1.0.0 by FurryJaki1992 for API(s) 3.0.0
PetsMenu 1.0.0 by PIG for API(s) 3.0.0
PiggyCustomEnchants 2.4.1 by DaPigGuy for API(s) 3.19.0
ProfileUI 4.2.2 by Infernus101 for API(s) 3.0.0
PureChat 1.4.11 by 64FF00 for API(s) 3.0.0
PureEntitiesX 0.7.0 by milk0417, RevivalPMMP for API(s) 3.19.0
PurePerms 1.4.3 by 64FF00 & ProjectInfinity for API(s) 3.0.0
PurePermsScore 1.0.0 by Ifera for API(s) 3.0.0
QVipUI 1 by PIG for API(s) 3.2.1
QuyenRankLoi 1.0.1 by PIG for API(s) 3.0.0, 4.0.0
RandomBlock 2.0.0 by Edit By Nờ Cờ Dờ for API(s) 3.0.0
RankUp 0.4.0 by Falkirks for API(s) 3.0.0
RedSkyBlock 3.1.1 by RedCraftPE for API(s) 3.0.0
RedstoneCircuit 2.0.0 by tedo0627 for API(s) 3.6.0
Renation 1.1 by K27 for API(s) 3.0.0
RepairRenameUI 1.0.2 by IbrahimMS13, Bumbumkill for API(s) 3.0.0
SCoinAPI 1.02 by K27 for API(s) 3.0.0
SCoinAPIScore 1.9 by  for API(s) 3.0.0
SETVIP 2.3 by MCPEVN TEAM for API(s) 3.0.0
ScoreHud 6.3.1 by Ifera for API(s) 3.0.0
SeasonPass 2.0.0 by TungstenVn for API(s) 3.0.0
SellExp 3.0.0 by EzMinh, LetTIHL for API(s) 3.0.0
ShopCoinVHPIG 1.0.0 by PIG for API(s) 3.0.0
Shulkerbox 1.1.2 by UltraFlappy for API(s) 3.0.0
SimpleGamemode 0.1 by Zedstar16 for API(s) 3.0.0
SizePlayer 1.0.3 by  for API(s) 3.0.0
Slapper 1.6.1 by jojoe77777 for API(s) 3.13.0
SlapperRotation 1.2.0 by jojoe77777 for API(s) 3.0.1
SpawnerGUI 1 by DandierSmile122 for API(s) 3.0.0
Specter 2.0-FIX-ACM by Falkirks - fixed fernanACM for API(s) 3.14, 3.15, 3.16, 3.17, 3.18, 3.25
SpiderUI 1.0.0 by MCCreeperYT for API(s) 3.0.0, 4.0.0
StepCommand 1.0.3 by DavidFlash for API(s) 3.14.0
TPAll 1.2 by matymare for API(s) 3.0.0
TableSpoon 1.0.0 by CortexPE, Xenophilicy, HyperFlareMC for API(s) 3.0.0
TapToArmor 1.0.2 by RubyTemple, luca28pet for API(s) 3.0.0
Texter 4.0.7 by yuko_fuyutsuki, mfmfnek0, onebone, ogiwara, Shootsta_ERU0531, Toganon, ShadowArt, Marron0421, No4NaMe, iteplenky, SuperYYT, SuperAdam47, minijaham, VicoSilalahi, TobyDev265 for API(s) 3.19.0
TheoDoi 1.0.0 by PIG for API(s) 3.0.0
ToCao 2.0.3 by PIG for API(s) 3.0.0, 3.2.0
TopCoinUI 2.4 by PIG for API(s) 3.0.0
TopMoneUIVh 2.4 by PIG for API(s) 3.0.0
TopMoneys 2.0.0 by moch for API(s) 3.0.0
TopVoter 3.2.0 by SalmonDE for API(s) 3.0.0
Tra_Loi_Cau_Do 1 by NovaStark1245 for API(s) 3.0.0
TradeNPC 1.0.0 by Free for API(s) 3.0.0
Trident 1.0.0 by brokiem for API(s) 3.15.0
UIShop 3.5.4 by SaltyPixelDevz for API(s) 3.0.0
VanillaBlocks 1.0.7 by xSuper for API(s) 3.0.0
VanillaElytra 1.0.1 by JavierLeon9966 for API(s) 3.9.0
VanillaEnchantments 4.0.0 by TheAz928 for API(s) 3.0.0, 3.1.0
Vip1 1.0.1 by PIG for API(s) 3.0.0, 4.0.0
Vip2 1.0.2 by PIG for API(s) 3.0.0, 4.0.0
Vip3 1.0.3 by PIG for API(s) 3.0.0, 4.0.0
Vip4 1.0.4 by PIG for API(s) 3.0.0, 4.0.0
Vip5 1.0.5 by PIG for API(s) 3.0.0, 4.0.0
Vip5bhj 1.0.5 by PIG for API(s) 3.0.0, 4.0.0
WorldGuard 1.1.96 by MihaiChirculete for API(s) 3.0.0
WorldProtect 2.3.8 by aliuly for API(s) 3.0.0
Youtube 1.0.1 by PIG for API(s) 3.0.0, 4.0.0
cayphattai 1.1.1 by PIG for API(s) 3.0.0
essentialsTP 1.2.2 by  for API(s) 3.0.0
iProtector 3.1.1 by LDX for API(s) 3.0.0
noVoid 1 by PIG for API(s) 3.0.0
onlinetime 1.0.0 by LetTIHL for API(s) 3.0.0
tichluy 1.0.0 by LetTIHL for API(s) 3.0.0

----------------------REPORT THE DATA BELOW THIS LINE-----------------------

===BEGIN CRASH DUMP===
eNrtfQlz2zjy71dBebbeJv+yZFG3vJWpOD4S79iJNlIymV1tpSASkhCTBIeHbWV3vvvrBkASoG0d
tpx31MzsjsUm2P1roNHoBkDwP3szEQc0/XrN4oSLcO+wvb+X8oDtHTrdVqfTaMK/9Wav1WzBjSxS
t+BGvd3udZxGo9FutFvd/T2fJulpHIt47/A/e+kyglJ7Y/ijaPt7AUsSOkdqJNwrlgY8ZJPJiMUg
+PDQpP3H9UWSxeyPFy8PyVE8zwIWpuQnh7z4S+TTJYtfkiBLUjJlRMwIiiLm40NZZp+88YH4TsT8
uwiTyUReDlkKPyP5XzdmNAUx8PPoVvgi9eEumfNrFgLcWeb7Z9yXeBc0Pjw4OFiIgB24IkwpyIkP
hlLmJfyuXQ7rWOggid2DEsqBUg5uRchQMwuw0L0FoZAPV1DxvWYLGiGmLlz8a++nBsGauFtttZ/v
rzYx/cbc9HEV8BJQQFWvgPkC4QEeGsd0+RXUSoEmL/7l/HufaOHHCoxk17yfnc+umX9wgf990Wn1
H1BxSlN3MaR4IzHElL+mQviMhkSKapHIz+Y8TA4ulwkAWx7HNGVl6/wdGF2eWDcPTqHF0wsOFGjW
F83WoIJE4pxMJNDaz9TzhjROueuzvKLvKRzpIpPJmS9oysP5mN2m+YMlfAm6fX/9KE0OLlm6EJ4E
eXrL3CwV8Yt2EzAqXSYTU5nJxNKm9rMIJe7jBQ3n9wJmWB7+hClPl/C4/Gs8I/lJmJ2VMD+yOQqN
mVdUZb9RqUlVFBDfVan2M5O/CowbaFcY2+P06d6vj2SgjOJFv/+ABne1rf3sUt9Xjz0JVu8BWPKJ
A/XgC2fQaFegaQmSkQLzQvLrb8Sv162avQ219nNyw6Enqu76sOHL+1LuYDO5g/Y6uSwdioSnMDit
kJsXUf6rsZHsfr+zueyj0PsoUrohjH3iiWzqM9JsN+vt/qDVHrS6HXDrOd1p1hutbh9p7Vavo2A7
hfcqnPXXa6fu1FtSE8uhl0UO0J0fvKEJg6sXXae/RqmU+SwScbpxbW7gv/sdbMZ1I47GiF7pU+RB
h37Bw5TNWUy6g4GjhLXWC+v1e6tdtJtmYP7LEzHm7tU9Mtorx7dms9tZyd97iG9nNd/WoPvAIOcu
mHuFTFW1JBbv0mbKgAxsd6BkdlfLdDrNB2SmqIPi0Vs93g8Gq3gMY+FCbAejkmLWX82s03+oEpIU
hkfN5AHnUcZcL1pO+wE+X79CkJakceYWJo6GdwwRanIhqPfAwJGl3AcbvYTo7kLM51gKmMDI/S+n
+29Sjf6Km8323Zt5L1bRT2O9Lu2qLomqLcVAh2MvHAdKxez3jMfshRbfc/5NHh2gliUwSH259+8/
9vfY/0cx/HYhNyivGu4rD6+Ff80QMzzPQw8q3E338vtAM6MSoLvCY1hnTs9pw91JSv4HqHDV0Vfk
dcwAaEiuBffUra6+daAue/Iygo7OXTLLQhf9L7kb/RJdgYkOIuFa3VaRMPkL5HMuGy1Dl7wiM+on
LL/Bg4B5HADnN17+R4nuS9GTlM9euCKD+CVn+ZK8evWKNPJyA11ukqaLWNyQkN2QyeQ8vKY+9/JG
Pr11WSRHycneMQ1DkZKEhR5hQZQulT6TvZd/kxybDc3xD3Xp6MsxhzaaJ4eHWtf3LL0RMTjIoPAT
qsiLnFETnlS/WprHX6DUHHQAZa1Mpay+vJJfKGsjhWUeygr7D9FNpum1n3lyLMIQLIF5IJj8kQtv
F8I7d2pSo3hJfi7qsdkt6vEv0RXgw3p8UzZ0oVSv4NsvnoDWZdRdFE1EaAIAc85lC0neOluRTKGQ
YttqFIVUtbecXE6rWdwCDXStQyu8ORofv/s6fvfxdPTuw8UJ+RmMglBoVHBCPgtfSFERXUKq473E
uw8+qoG2WlWgEGkdiyCCroyzEGqc/0u64Ent51Axq94Gdf74M0v+M0v+M0v+M0v+M0v+M0v+M0v+
M0v+M0v+M0t+/ix5f2+OYxn1MeULKS6I7VlsAM8U6rJcU9tr1ZutuoP0jPve3mGz0ejv7/Hkq8eu
9w5VmrYXxSIVrgC27W4HhHDMPp32bEpb3W6r22YuHcycFm01poNOx+01msyben3W7Ta7PeCdaSwX
PMxuieP2u03qdGps1urW2qzp1Gin16q5begbs6nT9zoD0q47nXqj5rTbNakT5J7Q8fu1T1PIXjIy
uhySEU3JJeSZfdJoHrZah+0W+TQ+JsDEIbf97tduGxPjRQSC+/VGvQ9X3yHhg8u2voSbX0WSAwOC
vPD1hQtxvYCW/OrzaUxjzhKsVuotoCpidvAtEWENyuhkHP188/XMbc5gLO4NZg3abtPOrDN1m7Q5
7TYaXqPXbc5Yg/X6DCvFo9AKkKuI4ABH+ykETDWZsNIU5zmg0q5CcRO+1n8Rbtn0Ux7SeCltHoqC
Q6k7rdcNOmWs1fegSvtdp9t0Zs1u0+0NaJO2PHBFXp8CtFnbZnWvcAdqqPW62wZf3YZnut2pS2mP
dWDMhSGR9Ttus+U2O6zvdjq0WWGIPdWXPVVja74e9Dq9QbPfbrZxyBy0pk6vT1s9qBbI8sByaM8F
V+lMbU6+mEsOzbrzug/GBTXadGeDLpv1Gi2QjAp32y2wmib8p+W4tD24w6EWpQtIlby8olqvWbvX
Y+6sy9wmGLHntdtOh1HHoy24GHi91nQGtcWozSqg6UKj6b4GoZ2eO+27EAHRQb8z6PZ60/agS3v9
vjcdNJszr+PO3JbNIpymuT7914NZvwmAvd4M2sT1BrTT7bJ2e9ptue2Z06e9bqdHWb9SueXPWhAV
/ff1Fp3RYBbTK7BtVS+AyXk9cF3W7vSn/enMYy3W9mbeFOra7XYGM7c37c1YszvtuBULSkIhvjNd
vZ3Xvca0w3qDVo82uv1e3/NaTYe2HNCWTXtdr9NtDvqzputVmES+5NAGa+lOG/1pz5313TadUafn
tAbugDpTaBhn2m70Oy3HY07X2fujmBqTffPIv6HL5IQuDf9X0vb3SreH9t0ACs0glYkTzNP/ycMr
7qMTpRFHQkuWgWsWUhi/wXHAoATe0GMRuBF8Bu4lYpaemISAynk4xQ1S81y8GppwXg96BvrlD6Px
rx8+XpwA6YZNIWBDtIs0jRIYDMDFLrJpHdzLgeJU+22MswqK3Sii4BCqOiqqqWUTLK1tazlccJ9H
ZAR/wM/Nd6VuJNkmmutkQiWiBBFB3KV8QaH6aHz0cfxpaCkulYMIdyyE/0bcmsoZVFO5hhy2DNXe
zy9o8Pn9rlTS7KAJSwB3dbm/GY3my1Ghfpmc1nsnsoSZCppk20hbVSMdweBzNejcPk3JvVMIM0Sw
PBqeA/vz8BrS82RxxiVbrX6iJUFbKnwLxAe1YaNdWQ1K6VSc+VaP1BRL1YqVnr/dVTNqaZt1vxzw
28tRBTBSfhxgkLYdYGjDCmCk2N0FOkzFmnCS5r0QsbfIeLIr/N+AaZgzRetJBQ+v0XByUBtpNGK+
/+m8opQmmnq17nryC5aOz99dWAr1683HKqTZbdcgX4YV6F+Glb7t1O9pjcuTXTVDPgGnZD969NEz
rloDVO6WyTzaVC8nrRlh72uXJ2hIb5lO7DdtmDc0vDJwy0u7j7RbFuQdIUVB26BMuDvCHMPCWhDX
mNH5DNKKrep4T/J9l3l7K3SQbOUckMaxhULMi2EwgQw+xBHHUMq+scZ83otrOkppfPVI5SwgyQa6
nlE51CXDWDxe4+R+fZOKE6uEab+yOP2ecafZ2lVvKTlCIxo4Hu0ZSoYHll5S/TRl8WeBCyeW+gbZ
jlMhJ7IrYHyDE/PeE+OcIZ/Pl8dZkorgNHQXNEwTI8RJlYzJZCqBXUtgWDsWzPWN7dPvPPxMQ54s
TG1NctW0W+vDh305TfHo9ub8zKcB5yHiYDibW8KxrzbTUc8FWwrmtKpHqmhnzSvDrffsNksGzW7H
0tkZPMHBPjhzvVm8Xqg4CnnE4qqSmmr32OY6NUc0BNHpNXnxOv+JE4LHi5gntWHMAwZ38G+WXHx+
adVFc2tLv1wOfZHura4SpcdWlSKS5CgMRRa6etdJWTPVW9UeXXFpX1jIqX9CQ7vVW49t81vJz6OQ
YFahbKvhUO+esXTTxEqjV+L+d0EA/4N/bKWctYOSTyNlUsMsZnJph7Pky6pBaREEC5QE7grQKaUf
4bZzxAeGjlgNMfBxKS6KmvVgUO1O3rHr4fRa+CMAvqvRyhAMmlooVkwi5Ore3NzUGSBC7vX0SuqH
09ssxjze8mEm2dYQTLgGAwOtDEzH35m7GF6esGt84DO/5VfH/9yV2i4yjwIPmEMzK2wpYoNKsJFu
2+wG7AOLlawbEV7QzKoWRal26dazZb1vtsiv3mTxnMWYC/5KJR8Dt32nOuxWey/jCQun8qHuYLuw
0phCWaGWLQFb0QK4tc44ocbie1TOb1RmyKpO+Akab6+lxvToCLMCVtbC8he2tLSXhNWZw65MVMra
psmWn8+HNlgkWJ1qJdB9HQrg34F0ufi3/QQFQP5kAqHAVlp8yWrWTExBWjEh9gv9LcsafWfvIZ0e
qUPOdzI5EfxLtpUeHkuzqiKatkKTsyyOl3+nVxwX0nfVYyymoERGx9l7yE8+nW+uEaZbhjLy0u4I
g+owXaTQTrPd2ZUuKHgL1IJXZgFySnWwGdjYRcim8H/yX3Lq8ZS8WZIRC3+hnHyYzbgLoeCu9NGC
JhMXgAHDyaREuKl61ekbi7xmnuMpEzhl/a6f3jAxbdN+QUBxFd3QTVGqWWDz2YIFLXGL4VPuP/z8
zkStKRXUz4Z5JDL/Vxj3J5N/Zv6MLgJ+9i3eRgEI16fixtJAk1Y4rxEkf/S3cUWJzuOVkOzAdrTs
LRSAkHL+TlBTgZz048LM43fbIMZ5oyMfQvDEQm2QbeTO8yZFpmRoAhvH49IizSS85vZii01f57DS
72d0Or13qHc2nMmylyTPRByscWIS27aNOUbpd9RU1IfDsr03C3pDQz7i4Xyx28aUoiFgNgRsM3lx
cvqZxxJyoVJBqmazPVunSMxxH9f+3ujDGdvZNgDJdDK5lhAmE0hk9S8D1ppdACc0dKEezmgcmGoZ
1BX+7iN3aeyJS+6LpNXH5OdEhOlYZO7ikn2xF9ec3uMVtbiCdiU662KjNqTh4i2ntq6SssIid+gS
gZXEjCI3708nbGxOGMjLavBZcRPHF0dy1mRnWxeMzqRYTyYi4eE2SlxXJ4QKUiUuaN8JZ4p9lWTM
aGX+r/UEy9IAoE1KKBs4dyNvLqEdFDxQW+4ujhfZkoWWq7fIP2aLgwciXSlyi7biLEArtZBrUjV+
6DxzZynlbgDbWgI7qS593TOcJmGLXsXxriBrduCM5erWibWq9aAT5glK+jp+P7bQl9RVW7F2hFyL
A2lVM3kI9ilNlr9wK1wrSFUjadSOji9rZ+dfTk/s+j8KvZjR5N3bX0iNzPgt8wgkTCENofz90xmd
p23Ausz8lGsKrgisXLQs0U0muW7lr0fMspW6YQW64p7s1aQ+a/K62aSqzl8NVJu7EUOCpV/ZGqV6
nXqvmorouYGdTzUwhUDONlho1iukTOTTOcbMpk4WvbLLxVbqk9ph/iHemV4lR3xvSQPZopHyR6yM
3aTa+nT/39Dn8/nQGnkt8oYazYAisthl//34JgqCCA9JE97u9XQKRT/zaCtdb1Ngyzy54Gw5YvtG
dbaoXd0Md81ZTC6YCAeDbtcOr9pP2RaHfHO2oKSFanM1Mbo3tVPXFedYC0VYo360oLZyJ5PMYbST
kfEkazRYZUl8B5s/FgHuXgJE+s9GGvFkAbHBR2HO7RnEim6V2P7dh18Gg1Z/V4Z4e3v08cMXQF/I
f/QqUg7tQCpp7UR+xC7k/WLnRz63kS/RPKnBttqhnM+OGIpoyprd49/EN8F6+M/TdpsYm30LjtBW
CkTxY1NVzgM6ZwnuPrcVKul39jE/GG06zuOXx4Ls9wQnL9Clcikbgr/NW+Utn6X5cStai4K03frk
E21pTMOxwCUZFH8M4rfQIRZZ9Hdh7YUpaaubYe8dD6aM2XnLoL56f4/c/jJk6KJWrS8rzqBRjmVD
b6Ceq4MeoNw7Rv10MRRRFhnqmdQ7KcL9+5f3994LMb08fvN2dwvoBYjNGwseitNf8TwaW52cWHEG
lblpXEN7j+OQ55Fj/fdE/33x/vjk5Q5104i2UE2kckA2FctJ1cChkuwnWXxN9cksz7GjQ/KfTBYi
nSKcycQAttHQpN9Xq0tGdUB68FPODFU338YptTepW3jDJwRKuTfk4bWLkqUv3HxmGgCPGLM1QMKa
9NHeQ7mrjRv2VkiFZCtlUhacxaDHMBYpc1Nh7pG75+YaJX/F4wFiuQur1+i1V6yblNs/njCjWBEH
FXAH8eY9E58dpUs/SypVoIlV42xttAnUeUKkWG4DLWFs07g4nFyy0JzNLkg/Zjr0W7B5/f/CWAQG
zEJoNTOUtekrY/VfFoK+pXhKGbT/rnSwmE4mFpwttFuIt8LUSl6b2rShRzzf9C7I23SqEYqizuFi
RO359MoNO6ZoVxvj1BOq2vbJrqepAcWGdR7Ox0NbA0mpurHKCiK9+U5vdvYyFzKbTEKRRo/O9BQg
VAnqU8yqEYRJXRPKRkHgJTtbt7+SgnW4sGlXuGDhR/t1tZyy7jWpebbEOM7thBjYNRqzdjgnuF6x
27hO2tjm2iQpnYvw7afz0UJEllb2nRUu95Yn4vedTb0CCQW+xcmtL+ejD//YQht+y00V8NLu5936
s7xIiJK2gAkFjnz/VxH71i5pm75625Y1TD9houBKhNALXCF83H9KPer7N1L+FupEV8cZfUfDueVv
LXK1X1eGimiBW47od/JfcgmJsUemS3JBA7VgWjk6YN3rSMakS7k/0Jq7f2Ah5+EzFBQ43Nqj9dmi
cjL3aln1eAZxTVw2pD6M1WyXxwqsXsbSAiFQKzA+2u9rXgeGulgj10PuXtFbMwkpaRWrH1RPycCm
OPrnPvml2duVxymEbxOdXspd9GbvzSmVgz6ed+uZFgpNVEh/3IazS3pbWIOhk0Gt7lty7mQQQp42
4i53pZzBEm2wgGJdbNRYkDPg8hRGcoZyBnXN2L3DEDAAqZu7D9wsUn2tv6StQT3Owjmeovk53BX4
kiOoYMBYr0dG0RlXVg5N6or44v1Oj49Rh8ds3AAZHSWRjRkJK/aA4STk8HrYvGqRo9DDI31Cx2m1
d9blJYBtNPBTLmMKS4uCaBtRuzoCbfReXe3oYvjuqCdnRIrLvn05sC+dRuXaqVw38+vHz5SBjjKY
wRc5DH2f8o6ewQjr1jzV3ahd+7D3sn4Het7o7ukiuN8QRua32XKrYGeDg0bsk36fdtyIpRjoD3kL
nkBy7DMaX9C5uaPqzq01k/g/ZM67CmrzXgRPfsx8llghrkFck7j+EO0kli1UotF4YZqtJqw8zCsP
hu2FSucpJ5Tl0bUSv00Q9p6lCxZzq++VtDUBy/Me5VHA2MU5HqVOqPSCs+CzOS2aU6oKt3/AS2Yh
yr7eIqJ5D7E24rY7UklcaX0PvdHwSPCaHbRWIX8LRcQZJMsnNJAfOClVMckr53tPMHgSEX6tYuo0
nF0pVWELyhmINlfvQ8zeykNr7VUVi7zGpV/za+4FLBDxcp/s+JApE8dkon9udPDd8N2whi96m2fx
5qQ172ZcyrW3+4OfHx7eIOB3NPQ2b9LhZe0No3iKs6l7SVxz9M83mojwZhmGTmN3Z9IVLPG0H4SB
5/zkcNZrpL/8UJm7tMhrkqQf8RqxiWeL5mJpUlkAK0g/Ll/dajr5vrklA/09d6vLMBWHf29Q/JQT
iXKG0Ch30dxLfMTQnQs5uIed3O42jAV+a8oaA0tadV2t0g/PQ9waniU7HDMMlls0dhaz4wU1zx4q
SNWk0qm0a7d9dtbYzo2s2pKkTCs/Fw5fVCyPiIOrL+yaiywZntaKIqXuXxUWaHsNvvz1mDlPBKnP
qS/Y/FE9TsiusZJuBz+9arcOuH/VaDs4Kn0Ela6pP7y8HO6sb8SKJ25fnkwiAMY0MFUjOcyt33sy
sB7Y+uqKUa1qV4qirZmcUE1H/heBdsYvD4Ad85CnO5uBtGxDIjJ+7sA6FB+zFqqveFRuPOtbHhvt
+dMvedi4Nnca/5Db1g0FNWGLHR2YyT2yPVHYFljxTThc2r0Q5rKiRV5zktEzHCD4ji+2WGv8KL9k
UF2AMqlrgvj8UI8HZjB2NndRItpKuatPka0XEipv1dwJ+ah/xeOrZKeraurdThHKU4+snpR7V8CG
20gLjOvVY97o7uKhSbUPwbtzTAYUPY7pLB2e7qyZCo74sa4CyGRiQNpEL4iIQnbMYzfjqa2bdWeN
babME41uZSWw+5QBUInfdK/RRxCS2q/5F6SV55fscPUyF7jNvNlHFlEe45OVeZjKjapzqwai05gu
eHA5cnBYfpMF0yy44r7/HNt7uZKFVmdC3NxXjO4ecDS674Qj0LP5bI2VS9ymsUYPHF00WnF20eA5
NrmMHncw0eh0bB+3pgl2364EdpfHw9PP78n49OhyZ+tmkiV+zwpfndsIeR4aGdjLaKlE36237kxU
bh2IrQ+5ctnlr42UYDjHMqSJGWAbxDUu9nnXkEsc5u/N1PL909vI0klR1nyE4PT7JQ8XO5+PVGwn
k9Mvw+1mebA0dqzq7gSb/uPmexKQ64ptTusYLTL/isVT6+swBnHN+WOf/DSmZ3ju7s7SNoMl2JVC
Ir8Ss7FKPIh89pbi5LX15ljlxsrFin9iNEFjp7uzbxflDEEpC8c2in1n6uvVllIFcfV56LsaSFDe
BcpDRfLfG8HXxzMb2IsDm03g3WpbPPCG5VMOhEmU5Eev75WQDnIlSg3zb6Le1bS4c+dU5I00bjw+
ea4A2MLo1IGzb61Q0yCuyP1PIC3kLB4F3GdOc7v5eWMj6J3DeDc4jVGL3kZN/NK7ZZyaUhlj8XAT
POTk/qx0zeEmTlu9h6ROnXW66o/aeuP09bknW2ay/FiEaSz8T+Z3phR26KGFEk86wWQUcQh4Kyag
SWtGt8vj45gB2vjOgYlPnkzJIWzRyimL7p61aVLXfFPihF5zDwanZLGzwxNKltBciCTYYlVwPDyy
FkPVdcW7VOahaboM6O6O8cj5TSZpRP0tTg+Ux/SNImE5SoO4xrCORZyy2+GpXCIot6/u771bgrVB
hcbs8vhZdrOWGM3f62ccxjQai6M4sNbkDeKajP1jNl2OGYYOKCpzabMfsZ1tRi7PNztPqc9pqM5+
K+Ft0bDs1nalmmAvjd159WmZXYmvs2yZpUl2hZOzwSyYhewK2z0/Igh+zfkNjfHsDwiyRQox1dfT
j58anRYOPmMxp6FsitGCeuLmKMZpqEsaxyJstOV3Jt6L9nt6iZwAMNRleIU2M8rQQ/02zn8eeTRo
I76Ah/wbXdBA7p90xYj71KcLLoVNl1BJT//kitwUPPPFjeHBv0EWErhT6FVFjUBjyHp8dNBScDrQ
DYJttWDixJohzyk/LmtxAw+/dirjMfB+I/V7I0sTx9R8tVFdP+Lk2yceoC7lTiZbLbePVYpoDaol
rbK0/mx1T13w29ukvAARJ8o/nX9e2MAL6o+DnvHHgV8md6Ev186mBMLd2UG1yAv6cy56Kw0+i4p3
zUnVTylVP3NK/UCEJ6dP/fyXeq9LqBeb8lBM85Y6STTlr43UiunXC8G/HtPs64nVo+0bq140eI4d
kiAepIPwE7FFG8XUY++Hx7YairRuQxPEyjvELmVuAxwCaut7VDllDexpLK44q5zX2nk8dM0PbEjJ
B9d6WUJZq8ed92HveQ22Ve9UfRMYcbocQvrmw7D+/TkWQhSOzRsEvyXn+/TOsW82fc0r5bcyotlS
HftcuVVHRUjuk4kFqXK5haqn/jKN6V1VNX3Nir19EN3TXsbYO+Mxyw+8eeCgOwtc5XIbpdX2MvzK
2j2tbN2txtDVGf8FO/o+aPYfPP7kkR3yWkHB71vE7BGhZ47r4D6dsCJ45Jia4+WP352BYrfonDxq
2pib61K458Hc3Apzy8bc+j/wGU0UuxXmto25fQdz+0dgbm+FuWNj7tzB3PkRmDvbYZ4uvlVgI+XH
Ix/L01J4eLQ5fPle39uMxubUnkGsrmQNKsfBXvIF5ccL3Lzisye/tV/dDGMsZdtyJpMSo/n7EU62
wvnAYJbXjz6cqlpDObmyrF/vVw6n8Xnm72yhT3GbTORbnpFCsMnmnfs0z3g848z3DiKZnQQ8ZDV9
JtxBCjH1QSC/dHlgaQuV8pvI0mxqLhLmlB8/+vw23tzYXbqMFjRNqTlzYxCrxv5852y5Ubo5bJYk
uC2Z+ol1NpJFri6NNZ9jFdOUOJlU5K9Vg993ZB2//6i6e3b2XZx82dnxFydfJhO+5ZFz93Qg4FPD
PTYHhhagaCg+C276U034MUe44Vm13KU+rpTHeIwVyt7c2ETogxtIeWB2b4O4Jqfd8R4TJXhz9Cl3
F35mnkaXU34sbi11U+CAPKJ4DGLKFJy68eWU2uWwDh4KO0itForaDf+uRrpazVOfpajRMOEy3WQx
aFmHYQGyS/niwuHeT8PiihyLcMbnBF+6mYQ/ncWcfHBT0hyQxuCw0Tns9Mmn8TFpNprOJGw32q/e
i5SciSz0JqFiXePRK3zXG/4tSJGI01fNQbPTnYSBSL1XFnQykqUm4c0CtK35PElfidlsElL9lWwY
cXAvRI26C86u5Uezk1ciBPa4dl3TQxw03CsHBdBb/UDyqgkY5no/yCv4PRMxsCsoUgrUm4dbx9RV
dB1J1h7HDzVmfrp81QQe+VuVtYSlKR4P+2oS+vhOaQ2N6JU6UEFTEsa84na6jNirk9Ozo08X40mo
DKX2e8bipRSjCbEL4KV8/FWPaJIAS+/V/8h/oCayVNQSes3kQ5Ar32DDphQq51V/Et5OxW0NTVXe
9mk4z+icvWLhfIKmVY7d9WXgY4MTNDriyrbOYrlzQTY5gQoiVuOAERBIMhNGcs0JjRlJF4xAFJbA
D5oSF1sqJVNGeOj6GZ5VBezvmBryGokAnpwhgyrPhM7YPhH4VneCLMk0ZvSKLEUWa16Ezwg0HIeQ
BCVAq8XQ8BDrAOP37KZgd+CxGYW2S8iNCP+aEtyiQWOCtRiAsuD6/CUiTBc8UXrfLFhIsmgeU/zw
TH2CxqWZHU5CQn76dSFfNyepACmhR4AFSdJYgk9j6F0+TQGUvC2h+gLEgKrwi6WyvvD7Yi4jkJ97
vqzBADkrk8zb7JDMYLRkeCNZZKknwL4DGEblrcme6inE9UXCvMmeRHbk++KGYK8BMEQHZ+SaU/IP
NDMsI+0tj9sOCXop+eiptD79DAFcBDsCieRLd8htuiS6KrG8NtbitgH2p185VAj44iWhnkdilqjq
x2qFCr8iAaNJFsu+S6DSpwxBQ+Ww3zPqY7XN+TWUvaZ+xsgLLRT8zEvkriRCN2HoSWpQ7fM5iw8J
dm+Q/T4LplArYFVHyTJ0xzS5IjjBBHZUlwU+JbhzBKTlmmKxRSzAvUDrQfFkn8guTHRHh/6wD3UR
RKAIjgiybsAdIy3IQrAgLKKYj2Tzgk5gZbG45WBhDKoBVJKWGxbgsG41oPMZ2iqWQZvcJzz9K1Rf
GsvHPIbuTJpM5WHyAnTIoN80ZbVINWpa00PJqmqrVBpHnIV4oB1aIL4FLxtBfrA9qZMTdq1/k4DP
F9CZ8QDlfbPzacPBGonjLEoVVVUYVkwA2LResnGhU0I1yXlOieEawguAfT8CtBG0OQEVDdZVNwwN
CtdUocLSwL3LV+dVp3zriylYDw6xRNGhHwQ8xb4dsDmdLlOocTJSVd2QlavGQ/n4GFvthsualxYF
nfamphjlRpZIDWccIIJHYnhILLKZQe6Ti1RGDq2VYTclcwENJbCbolWgoLmEWZPQDkkDtQDp0gWn
C6hm7/96DTBmWYUfx9Cn4YekPpIQtPssIGl2CQH3geMi+L0cEErNUTmNZlsDk07gV9krNL7krztA
KPuFhIQeg7gZDD4hDD6E3TI3k85XKMiqR+JgVZRmty5EBUmpkXJcH8anh2T87nxELs4vz8fkaDi8
OD8dkeHpRwJR4C+nH/cJFCLjD1DqlPz67sPFKRl+/HB8OhrVqy7Aqg8Za0khQxZzIQdkdMQJKugu
mHTJsjYKZ+tA3UNI4EnfIovU8PgI5WYlK9wRx0Nw0GBNqO9DxqaMDMI5HABDLKaFSc6KCbje0pGr
EUnK+IBjCI7z8oH63dJoCzrghmaLmIvhgKpZhKvaVT1b6ADmxaKkVLXV0LomL++HpDVvac3nNJ5C
z6i5wvdVqCkd0P21K7sawtFPEf0U+O6AhpkMPkwkEJhlYIMv9/MxoWqEuRmq4XU2A15K36DsgnXy
Qfl8ZfAQPYjM9wosHAaRm5CU+BPFOJLwQdFuo6F1BWln0lncGSSl6SgOhW6zWAT5YKue1iVqpmma
LYza6Ja8YxvkHpOyrGOUB4yu2pwpoxRtyF4WRCq6UiEc0TdqeCNvrxMspB+Q2CXMXAO4gmEeOju9
p4Jh0IaBDyRcg5ElScbQMaQLaLV5Hm2i00JpJar9vCFVjKCDyrpCg0UfrCfMY9xFFl4lOfZjGiGV
B1kAYywMrzHJswBsSKKyHoWirFfsL7oqZY+5a2MQbEcakRRYwyg4g0G3XbTYiVC3qjaNsRF6PcVf
Fc67kOKlC5qaycih5kI6xwrd8POJMlaB8BFrD9CpAENxiSjmJEQ9ozQstYPHdH3qZFdLxsJltIsV
iEec5XxXs1plh5NQf7LjUA8REJothK9CzClN3YWMxCVkiJrAhPQgI32bynz0XTW0TFkRbKrh7Sez
lfJb6FbjZbqQ56/XHKMBZeNJwbU0B6OHAOm1yzhWJqUYQnpKc8xlZKCPDwNRw6qTdxALgi29ksEd
OR5+2odnAcMU+tcN98DsZaygvGfBvyb5H5JuHnaXEXkia8coWydHHjiqBfVnB5BKqjTBY2DDWhQI
JTgrggZmdMRy2DOYmanI6S16NQwxqV8nCOLTMBzmwXaZAGIugaBucIUAHsyiMKrp60p2c6l7XcK/
s6I9MSzPmxHnOfOQCcJ2ZR7G0NoeNNVDL+tkqJ/xKe6/xwxaZ6LaFqTEWUznqAK0CVRbEvkyYsH0
MgDw2NlpjO107HOcDpH5cgzJFEtScjn+JJEmoBKqPc1Sgvm5bMpSnEou6rmvCdKshk8dSrRo5R6b
ZvPDPGH5mTiYqOhwbQFdVd4nOj1NVEKNlhwmQg1c2hocZKack+J2vBCQwKIF5nkKyzNR6cE8mlKS
0OvcU+LMRz4JhPeMFBaAyUk3FbDo+YhvgocqGZbTQH8lX6biFq0+Jucn5MWXT+cnL0FnMHnAAOVv
wN1HsToPBQwD85cYkpd6GQGCJQhZRFY2finvy5uLnL/ObQzKX6UwnBqSgyZEH5jkymFY6iby2RE9
hBgTOLOZFAv3+GxZu824ZxgihTgFvBujae43QX95dz9PA2QKqZGC3UDUKUOyULg+j4h8Fszmki7B
ZDCVDMR1npXjkKbHAemLa/k9JTIpPWA+0WXOkIzlFIeyd/wqGU1VY8iy2rizRE+1uNCTU+Xr9DM1
9cwhiSBIuuY+ilF+XPsoLQUHIhrOi0QhxMf86ni4n5ey5srunZVSrXwUiAy78EwNOLpHY1XqNsYB
Fl2UnI8AO8TfcoSEhz/K8dJ4WCoeMpX/TpliNsXvYcJvnLSUQ9wiN3hp43Iu0xp5lfooqFAfHBGh
VaigiyuHDsJgULsPZeN+mDTGmVtC834HYPOH8W+BpiU7M84O1LIIDJglhk26OKhKQXLq1uybJ1KY
/JZEIj0Q1ieLsaUhVsezLYjWjujZlHwEl89YqgO/GmmSn8g8xjdji+opZ2yKGqrfrSLtm24ol4ka
+EnIYlTbRCLK/NwY9QUOZbKM9ogt6Q9lhF+LtBfDwQQdE4x2OnaWs7RqjupQj+I4pSbzRkVWg6Bu
L/zCdTHZ4ZX1hvZewy/xVUhFd7PJ0QLCzZkwWgR6WU2tRRUlFwJbRkKp41FGdS4kYvBkywDzngTf
X0tAw6SEjsmcvk/K+1IF6cXofB5DBq1my/TUmppBSGMqW87ST+KDHvzh5MMh1EdN+3w19KFTuGEq
uKbQdW6kxEQCLxWQtLoxnw0jbVHzyjRV49ypVGhQdV8bEwzyYU0PVWaMKOnCrDoIu0O0E2Pqap/I
76TuAxmdeYy48jAMXO+MxRBq19ADhTj+qbv5cKUGC2pNhemFJ2N8zSDkhKFcerHcWWiGsuXV/VzG
nZZWuppNnfKg9NV6AEamWB57ArpmbFl0mChQzvHph/L53HopQN8xJeS1uXqI125bta7qFcbUieYB
7FNdn/kkyUITpcfALEcHztpj4Jwz5CaejBz5rGAE6QcoohYY0APlMwfKxwE/7SLzkQ1f0Ul0WgKR
JMXXgvQVxjyAUbfVYd5o6h7YLU5hHZJ/yWAFxs99Oaf1b2SqPh5SDJPmwodUAwNH3IWrZg3ytSY5
HXDfiCUHdDlCJzJAltkmHsENWPVwa8JXciUG9ZPgChWOCmr0KiUekrOLo/Fh82+9/c7g1tlv3bb2
m39z/uZhQCT7+Qvc9OGic33VbyhXrK7anZcqylNrDGayrno4ji1Qx3ouTYYecjIMWs1d4lJK5qZZ
nDvlPEOJi9UJ6XGADwxVrlz9SfIKq+UrG2ALKpz96Uy6GilKlreYZDJSUJSvBqUmY0sj6BORzG/Z
LTi+RCd37hWmB4lMZKBGphwC86UK4mQ51BegQOqhhhHVZ5SWkj8EI3Hhq/f29/CNoTDh+vxRuQ30
cK9fb8g9Qp48Qr249Pn0Vi7g5QT8LlCSmJTItRgkvwM+1jIo34GJcTl1IehaGARctQo9GpskHEOz
lPtJU77Sr96AcONllApJaMnNJC6udZqPZbGJDEZ73P3UaLQcp4lnscy4L1+4KErM0si4mnvmRWDe
WuB7ooaSENx5cn9aQfqWyGX8ouKwU3hTjd5RVQmBp6/qt6G/YBhM1ZKe8STkTGl+koHUMlhCneJr
rvkvkhcdDS+shghTU31ZmhuE4ckHs7gnvsoiFZpqQPOxhdU2kUjw25tlXcixMTFL6ClB/fKKA+MO
UCHHyaT7mqudfUUdfIRaURM7JtdFIMwGUCctfLk0FebzKQ8pfuev+Op0Kq5YCAGUCdg2YLhCcNUS
N3iut0lbUvlYU7fedx7pT+FIOf/EOOvDUE7pFA/98cf/BlUddh8=
===END CRASH DUMP===
