PocketMine-MP Crash Dump Sat Oct 23 08:03:51 WIB 2021

Error: Return value of cmdsnooper\CmdSnooper::onCommand() must be of the type bool, none returned
File: S:/plugins/TheoDoi/src/cmdsnooper/CmdSnooper
Line: 39
Type: TypeError

THIS CRASH WAS CAUSED BY A PLUGIN
BAD PLUGIN: TheoDoi v1.0.0

Code:
[30] 						return true;
[31] 					} else {
[32] 						$sender->sendMessage("§l§c【§bиσναмιиє §aиєтωσяк§c】§c Bạn đã tắt chế độ Theo Dõi..!");
[33] 						unset($this->snoopers[$sender->getName()]);
[34] 						return true;
[35] 					}
[36] 				}
[37] 			}
[38] 		}
[39] 	}
[40]  }

Backtrace:
#0 pmsrc/src/pocketmine/command/PluginCommand(54): cmdsnooper\CmdSnooper->onCommand(object pocketmine\command\ConsoleCommandSender, object pocketmine\command\PluginCommand, string[7] theodoi, array[0])
#1 pmsrc/src/pocketmine/command/SimpleCommandMap(248): pocketmine\command\PluginCommand->execute(object pocketmine\command\ConsoleCommandSender, string[7] theodoi, array[0])
#2 pmsrc/src/pocketmine/Server(1809): pocketmine\command\SimpleCommandMap->dispatch(object pocketmine\command\ConsoleCommandSender, string[7] theodoi)
#3 pmsrc/src/pocketmine/Server(1422): pocketmine\Server->dispatchCommand(object pocketmine\command\ConsoleCommandSender, string[7] theodoi)
#4 pmsrc/vendor/pocketmine/snooze/src/SleeperHandler(113): pocketmine\Server->pocketmine\{closure}()
#5 pmsrc/vendor/pocketmine/snooze/src/SleeperHandler(75): pocketmine\snooze\SleeperHandler->processNotifications()
#6 pmsrc/src/pocketmine/Server(2155): pocketmine\snooze\SleeperHandler->sleepUntil(double 1634951030.9648)
#7 pmsrc/src/pocketmine/Server(1992): pocketmine\Server->tickProcessor()
#8 pmsrc/src/pocketmine/Server(1586): pocketmine\Server->start()
#9 pmsrc/src/pocketmine/PocketMine(314): pocketmine\Server->__construct(object BaseClassLoader, object pocketmine\utils\MainLogger, string[4] S:\\, string[12] S:\\plugins\)
#10 pmsrc/src/pocketmine/PocketMine(344): pocketmine\server()
#11 pmsrc(11): require(string[58] phar://S:/PocketMine-MP.phar/src/pocketmine/PocketMine.php)

PocketMine-MP version: 3.23.1 [Protocol 465]
Git commit: 14fba366364eca9f13a30b955c702edbd8e66267
uname -a: Windows NT NOVASTARK 10.0 build 22000 (Windows 10) AMD64
PHP Version: 7.4.21
Zend version: 3.4.0
OS : WINNT, win
Composer libraries: 
- adhocore/json-comment 1.1.2@fc2f76979f0a44a5f5bc2a2b600d0762fe0e78e7
- daverandom/callback-validator unknown@unknown
- pocketmine/binaryutils 0.1.13@0abee38d4e2861621f262c79a2a3d699d8a697f4
- pocketmine/callback-validator 1.0.3@64787469766bcaa7e5885242e85c23c25e8c55a2
- pocketmine/classloader 0.1.2@9757928424652393b178a3760073113aa7c9911b
- pocketmine/log 0.2.1@830b44a2cf96ef703c550abe64302f230231ca49
- pocketmine/log-pthreads 0.1.3@e477ecf6ec214fdd4415ea1da3fdd9d73bf699ea
- pocketmine/math 0.2.6@43057cb8c179a9859677b496a788db922fd5cfc3
- pocketmine/nbt 0.2.18@9f82ca4d7f97fcd9a566e44b63c4f18a7657ae82
- pocketmine/pocketmine-mp 3.23.1@14fba366364eca9f13a30b955c702edbd8e66267
- pocketmine/raklib 0.12.11@9cce458b8bfde3e4dfdbf70c659fc7b7fe26b5c4
- pocketmine/snooze 0.1.5@70b5e7937a06878dd321a3182ceb76d56298f2cd
- pocketmine/spl 0.4.2@6b08b7cf8c4afa17139c9a1b3bf1b408531de161

Loaded plugins:
AlwaysDay 1.0.0 by Zinkil for API(s) 3.0.0
AlwaysSpawn 2.2.4 by Philip Shilling for API(s) 3.0.0
AntiToolBox 0.1 by NgLamVN for API(s) 3.0.0
AutoFly 1 by PIG for API(s) 3.0.0
AutoGMS 1 by PIG for API(s) 3.0.0
AutoInv 0.0.10 by JackNoordhuis for API(s) 3.0.0
AutoSellUI 3.0.0 by LetTIHL for API(s) 3.8.2
AutoXP 1.1.0 by JackMD for API(s) 3.0.0
AxeLevel 1.0.0 by LetTIHL for API(s) 3.0.0
Bank 0.43 by  for API(s) 3.0.0
BasicScore 1.1.0 by Ifera for API(s) 3.0.0
BetterVoting 2.0.2 by Twisted for API(s) 3.0.0
BlazinVanish 1.0.3 by PIG for API(s) 3.0.0, 4.0.0
BlockPets 1.1.3 by BlockHorizons, Nexus9265 for API(s) 3.19.0
BlockSniper 3.2.3 by BlockHorizons, Sandertv (@Sandertv), Chris-Prime (@PrimusLV) for API(s) 3.2.0
BossAnnouncement 2.0.4 by XenialDan for API(s) 3.13
Boss_Quai 2.1 by phuongaz for API(s) 3.0.0
Broadcaster 1.5 by EvolSoft for API(s) 3.0.0
BuilderTools 1.2.0-beta2 by CzechPMDevs, VixikCZ for API(s) 3.0.0
BuonLau 2.0.3 by PIG for API(s) 3.0.0
BurgerSellWands 1.0.1 by Heisenburger69 for API(s) 3.0.0
BurgerSpawners 0.1.4 by Heisenburger69 for API(s) 3.0.0
BuyKey 1.0.0 by  for API(s) 3.0.0
BuyVIP 2 by  for API(s) 3.0.0, 3.2.0, 3.9.5, 3.9.4
BuyXu-UI 1 by KaYuu081 for API(s) 3.0.0, 3.2.0
BuydetuUI 1 by FurryJaki1992 for API(s) 3.0.0
CoinAPI 2.0.9 by onebone | Edit By SenKai Official for API(s) 3.0.0
CoinAPIScore 1.0.0 by Ifera for API(s) 3.0.0
Command 1.1.2 by PIG for API(s) 3.0.0
CrateVH 1.1 by PIG for API(s) 3.0.0
Crossbow 1 by SonsaYT for API(s) 3.0.5
CuongHoa 2.0.3 by PIG for API(s) 3.0.0
CustomAlerts 2.1 by EvolSoft for API(s) 3.0.0
CustomAnvilUI 1.0.0 by ItzFabb for API(s) 3.0.0, 3.1.0, 4.0.0
DEVirion 1.2.7 by poggit, SOFe for API(s) 3.0.0
DancingFarm 1 by RicardoMilos384, DontTouchMeXD for API(s) 3.17.0
DanhGia 2 by PIG for API(s) 3.0.0
DeTu 1.9.0 by CLADevs for API(s) 3.0.0
DevTools 1.14.2 by PocketMine Team for API(s) 3.13.0
DichChuyenUI 1 by PIG for API(s) 3.0.0
DiemDanh 2.0.5 by PIG for API(s) 3.0.0
Disable_TNT 0.1 by  for API(s) 3.0.0
EcoAPIScore 1.0.0 by Ifera for API(s) 3.0.0
EconomyAPI 5.7.3 by onebone for API(s) 3.0.0
EnchantUIVH 0.6 by UnknownOre for API(s) 3.0.0
EnchantVIPUI 0.6 by UnknownOreforsource|RBpmmpformod for API(s) 3.0.0
ExtendedBlocks 1.1.4 by Javier Leon9966 for API(s) 3.14.0
Farms 1.0-non-alpha by Dấu Tên for API(s) 3.0.0, 4.0.0
FishingRod 1.0 by CHOK9938 for API(s) 3.0.0
Fly 1 by PIG for API(s) 3.0.0, 3.2.3, 3.1.0, 3.2.0, 4.0.0
FormAPI 1.3.0 by jojoe77777 for API(s) 3.2.0
FormImagesFix 0.0.1 by  for API(s) 3.11.4
Giftcode 1.0.0 by  for API(s) 3.0.0, 4.0.0
GroupJoin 0.0.1 by Himbeer for API(s) 3.9.3
HeartWings 1.3 by Edit Nờ Cờ Dờ (NCD) for API(s) 3.0.0
HotBlock 1.1.5 by survanetwork for API(s) 3.0.0
InvCrashFix 0.0.1 by  for API(s) 3.14.0
InvSee 1.0.0 by BlockHorizons for API(s) 3.0.0
ItemFrameProtector 1.0.0 by WinterBuild7074 for API(s) 3.0.0, 3.1.0, 3.2.0, 3.3.0
ItemStylus 0.0.3 by XenialDan for API(s) 3.11.0
JoinMenu 1 by PIG for API(s) 3.0.0
KeepInventory 1.0 by KhoaGamingPro for API(s) 3.0.0
KhoGo 4.2.5 by PIG for API(s) 3.0.0
KhongTP 1.0.7 by awzaw for API(s) 3.0.0
KingofBlock 0.0.1 by pmmdst for API(s) 3.0.0
KitUI 1.3.6 by Infernus101 for API(s) 3.4.0
LenRank 1.0.0 by Nguyễn Công Danh (NCD) for API(s) 3.0.0
LestagonGUIShop 1 by xisoq for API(s) 3.0.0
Lixi 2.6.3 by  for API(s) 3.0.0
LoadAllWorlds 1.1.2 by  for API(s) 3.12.0
LpkCuaHangUI 0.0.5 by phuongaz | Moded by LamPocketVN for API(s) 3.9.0
LuckyBlock 0.0.3 by Palente for API(s) 3.0.0
LvPickaxe 1.19 by PhuongAZ, K27 for API(s) 3.0.0
MSpawns 2.2 by EvolSoft for API(s) 3.0.0
MaxEnchants 1.2.1 by Xenophilicy for API(s) 3.0.0
MenuUIVHPIG 1.0.0 by PIG for API(s) 3.0.0
MineLevel 1.0.0 by TungstenVn for API(s) 3.0.0
MuaCoinUIVH 1 by NamVN for API(s) 3.0.0
MuaSsp 2 by NoobPvP2k3 And Shin1134 for API(s) 3.0.0
MultiWorld 1.4.3 by CzechPMDevs, VixikCZ for API(s) 3.0.0-ALPHA7, 3.0.0-ALPHA8, 3.0.0-ALPHA9, 3.0.0-ALPHA10, 3.0.0-ALPHA11, 3.0.0-ALPHA12, 3.0.0
MyCrate 1.0.0 Beta by VirakMC7788 for API(s) 3.0.0
NCDAutoClearLagg 2.0.0 by Nờ Cờ Dờ (NCD) for API(s) 3.0.0
NCDRulesUI 0.0.1 by Nờ Cờ Dờ (NCD) for API(s) 3.0.0
NapThe 1 by phuongaz for API(s) 3.0.0
Netherite 1.2.1 by Wertzui123 for API(s) 3.0.0
NoFallDamage 1.0 by DeveloperNeb101 for API(s) 3.0.0
OreGenerator 2.0.0 by vividmemory, LetTIHL for API(s) 3.0.0
PHP-Sell 1.2.7 by Muqsit for API(s) 3.0.0-ALPHA9, 3.0.0-ALPHA10, 3.0.0-ALPHA11, 3.0.0-ALPHA12, 3.0.0
PM-Beacons 2.0.2 by jasonwynn10 for API(s) 3.0.0
ParticleShop 1.0.0 by FurryJaki1992 for API(s) 3.0.0
PetsMenu 1.0.0 by PIG for API(s) 3.0.0
PiggyCrates 2.0.9 by DaPigGuy for API(s) 3.2.0
PiggyCustomEnchants 2.4.1 by DaPigGuy for API(s) 3.19.0
PiggyFactions 1.2.0 by DaPigGuy for API(s) 3.13.0
PureChat 1.4.11 by 64FF00 for API(s) 3.0.0
PureEntitiesX 0.7.0 by milk0417, RevivalPMMP for API(s) 3.19.0
PurePerms 1.4.3 by 64FF00 & ProjectInfinity for API(s) 3.0.0
PurePermsScore 1.0.0 by Ifera for API(s) 3.0.0
QVipUI 1 by PIG for API(s) 3.2.1
QuyenRankLoi 1.0.1 by PIG for API(s) 3.0.0, 4.0.0
RandomBlock 2.0.0 by Edit By Nờ Cờ Dờ for API(s) 3.0.0
RankUp 0.4.0 by Falkirks for API(s) 3.0.0
RedstoneCircuit 2.0.0 by tedo0627 for API(s) 3.6.0
Renation 1.1 by K27 for API(s) 3.0.0
SCoinAPI 1.02 by K27 for API(s) 3.0.0
SCoinAPIScore 1.9 by  for API(s) 3.0.0
SETVIP 2.3 by MCPEVN TEAM for API(s) 3.0.0
ScoreHud 6.3.1 by Ifera for API(s) 3.0.0
SeasonPass 2.0.0 by TungstenVn for API(s) 3.0.0
SellExp 3.0.0 by EzMinh, LetTIHL for API(s) 3.0.0
ShopCoinVHPIG 1.0.0 by PIG for API(s) 3.0.0
ShopUI 1.0.0 by SaltyPixelDevz for API(s) 3.0.0
Shulkerbox 1.1.2 by UltraFlappy for API(s) 3.0.0
SimpleGamemode 0.1 by Zedstar16 for API(s) 3.0.0
SizePlayer 1.0.3 by  for API(s) 3.0.0
SkyBlock 1 by KhoaGamingPro for API(s) 3.0.0
SkyBlockUI 2.0 KSCore by KaysilGMVN for API(s) 3.0.0
Slapper 1.6.1 by jojoe77777 for API(s) 3.13.0
SlapperRotation 1.2.0 by jojoe77777 for API(s) 3.0.1
SpawnerGUI 1 by DandierSmile122 for API(s) 3.0.0
SpiderUI 1.0.0 by MCCreeperYT for API(s) 3.0.0, 4.0.0
StepCommand 1.0.3 by DavidFlash for API(s) 3.14.0
TPAll 1.2 by matymare for API(s) 3.0.0
TableSpoon 1.0.0 by CortexPE, Xenophilicy, HyperFlareMC for API(s) 3.0.0
Texter 4.0.7 by yuko_fuyutsuki, mfmfnek0, onebone, ogiwara, Shootsta_ERU0531, Toganon, ShadowArt, Marron0421, No4NaMe, iteplenky, SuperYYT, SuperAdam47, minijaham, VicoSilalahi, TobyDev265 for API(s) 3.19.0
TheoDoi 1.0.0 by PIG for API(s) 3.0.0
ToCao 2.0.3 by PIG for API(s) 3.0.0, 3.2.0
TopCoinUI 2.4 by PIG for API(s) 3.0.0
TopMoneUIVh 2.4 by PIG for API(s) 3.0.0
TopVoter 3.2.0 by SalmonDE for API(s) 3.0.0
TradeNPC 1.0.0 by Free for API(s) 3.0.0
Trident 1.0.0 by brokiem for API(s) 3.15.0
VanillaBlocks 1.0.7 by xSuper for API(s) 3.0.0
VanillaElytra 1.0.1 by JavierLeon9966 for API(s) 3.9.0
VanillaEnchantments 4.0.0 by TheAz928 for API(s) 3.0.0, 3.1.0
Vip1 1.0.1 by PIG for API(s) 3.0.0, 4.0.0
Vip2 1.0.2 by PIG for API(s) 3.0.0, 4.0.0
Vip3 1.0.3 by PIG for API(s) 3.0.0, 4.0.0
Vip4 1.0.4 by PIG for API(s) 3.0.0, 4.0.0
Vip5 1.0.5 by PIG for API(s) 3.0.0, 4.0.0
Vip5bhj 1.0.5 by PIG for API(s) 3.0.0, 4.0.0
WorldGuard 1.1.92 by MihaiChirculete for API(s) 3.0.0
WorldProtect 2.3.8 by aliuly for API(s) 3.0.0
Youtube 1.0.1 by PIG for API(s) 3.0.0, 4.0.0
aQuest 0.2.1 by Gamchik for API(s) 3.15.4
cayphattai 1.1.1 by PIG for API(s) 3.0.0
essentialsTP 1.2.2 by  for API(s) 3.0.0
iProtector 3.1.1 by LDX for API(s) 3.0.0
noVoid 1 by PIG for API(s) 3.0.0
tichluy 1.0.0 by LetTIHL for API(s) 3.0.0

----------------------REPORT THE DATA BELOW THIS LINE-----------------------

===BEGIN CRASH DUMP===
eNrtfQtz2ziy7l/B0Zw6k9ySZL0f3spWHNuJvbEdTaQ8ZkZTKYiEJMQkoeFDtrI7//12AyAJ0LYe
tpJ7qu7s1MZik2x83Wh0N578d2kqQp/GX5YsjLgISoetcinmPisd1jvNVr9drzXr1Vq73ej3yqVk
oW61e41Otdvtdpr1fr9X6zTKJY9G8WkYirB0+O9SvFrAU6UR/FG0cslnUURnSH3P4iQMyJJ6CSNi
ShzfjQIhFiwcj499d6h+Hx6K4Fj4Pg3cZ8+Jn0QxmcjH4zkjyJ9MhPDKJBABI6FkyVwoZ5p43mvu
YUHDw/F44SUzHkTj8WjOxIng43EUOuPx/WVWF/MFskhfP9BvH+iXD+Ddg/zVg/xNeMvjAbzV7IP6
QurAz99LP9XIwsd38P8L4Vyz2IenDhwl18FAsk+lbLeeHz6gjMo/c2WIyVfmxCRnB9KoW/CGCCLh
Mf3okAUuC8tk3RsWhDKJ4pAHs9+7f6CahSt4mdAwpKvfa388Bxl/qq8XaMj9RVb8JV08a7R6INTm
kiv/ZLfMSWL2CPE2YW7cj3nIQrD5Z/Verf8QxKI4lX+6PFrQ2JnvA6YE11wPrtVoFMCpOzmSx5vF
/YBaGtASnhKhiQnt8huTSIceY2CWZ8DNQ5j15gMoTdq/HU9EScj+eiYLaj+ioG67UI56FMqznoNy
Q+GAw7kSMZ9yh8bg2SJVbGetwhv19rZFRHj9IYi598wVycRjJHOYtWq/A4aPxXXX12+//1D9xty5
HigpRKig99bzavc6D/CKYhrGikf/fh4D+fMSfj5r1lsPsPnyxQE1xmHixKm5vaIROwbXH10I+pCv
SUBF4IAvKQ8uxGxmmF7rD4I+ejzOKPVGSsoct/I7tc24W0XckVKMYqA9F9gqPBWyPxMesme61Hbv
D7KY0/Dw4ACcfs6zcjmoIv3hUjFiPC/98Ve5xP43xL4nBS4QQr32hQdL4S2Zz4IY2LmgKScupXdR
NsUVSI5wGQrdrAF5HOf/KVQEjIX9A55r1q37fxHmRYz8G+80Cm/+dyT9E1gt/L1Umns2Lo2TWo12
PfXHGSfNWr2mLibwp9Xswb9Np4n/Tlz5b13SHfm7nz3TareIeo+aNPy31ZA8+hmnVmsqn6FmqXV9
QV6Nkzqj9QDZ1RWZNUksqdOYOHP8NZlmt+vM7RNUHTnBZ6dtXq3+17j0XOqnWdBCEkQsfvbf8ZxH
oAlVV9HvmW5mLL6iPnv2/A/1emuD+tu2+pHUMUiS0M0I8rKnL+VFX17gzxbWNPmr9Nffec7fec7f
ec7fec7fec7/P3lOuTRjAQuphzE/oDgUULLYAIQJqCofTSg1q41mtY70hHtu6bBRq/XKJR59cdmy
dDilkAdAZhGKWDgC2LY6bSiEY95Rb00ntNnpNDst5tD+tN6kzdqk32473VqDuRO3xzqdRqcLvBON
5ROHNnYTkasRuXr38Wg4Onr/ltRr1RqRpZMGlF4jz9LH6rXn5OjypNPC5Aa6/oelbrVVbSDab9Ba
JfpWtabufhERlnB+dTUCgry4gWwIcyB/IaAOvnh8EtKQswi1Q905SBSyg6+RCCroolQ2Va/Wq42X
U6cx7Xb63f60Rlst2p62J06DNiadWs2tdTuNKauxbo+hbC4FZUJjFP6BQz1vQp3rCuSP3KUxJpwg
+3UgboKX+i+CzWtwwgMarqRlwqM1KLvefFmjE8aaPbfFGr1OvdOoTxudhtPt0wZtup1+3+1RgDZt
2azuLbxerVWbLzutbq/bgnc6nYlDaZe1e712o9VgvbbTaDqNNus57TZtFBhie/Jke9LYGi/73Xa3
3+i1GmAHjWYfkrhujza7oJZuE7wv8Hb6/Xp9YnPyxExyaFTrL3tgI6DRhjPtd9i0C5lcu40Cd1rN
WmPagH+adYe2+nc4VBbxPGTUTRXVfMla3S5zph3mNMAWXbfVqrch4XNpEy76brc5mYK2GLVZ+TSe
azSdl1Bou+tMek4d1NvvtfudbnfS6ndot9dzJ/1GY+q2nanTtFkEkziVp/eyP+01ALDbnUKdOG6f
tjsd1mpNOk2nNa33aLfT7lLWKyg3/1nxF1kzfLlDmzKYhfQabFvpBTDVX/Ydh7XavUlvMnVZk7Xc
qTsBXTuddn/qdCfdKWt0Jm2nYEEqwmj1tl92a5M26/abXVrr9Lo912026rRZB2nZpNtx251Gvzdt
OG6BycKTHKCdvuxMar1J15n2nBad0nq33uw7fVqfQMXUJ61ar92su6zeqZf+yvo2sm0eeTd0FZ3Q
leHGclq5lHsvtG9s/zSJ5yKMMNn9jQfX3ENfSBccCU35DFyzgEJ4BLeBaTc0XAijAZrT73AvEtP4
xCT4VHalFLfxOCteBRDslkHLQPf6bjj69O79xQmQbtgk4jGincfxIgI3Dp5ynkyq4F4OFKfKryNM
zRW74YKCQyjKqKimlA2wtJYt5WDOPb4gQ/gD/cPZvsRdSLaR5joeU4koQkTjsYqtuejovkcfBpbg
UjhIRkbQAX4lbk3hDKopXE1GH0O0q9kF9T9e7UskzQ6qMAdwV5b7q9GovhQVypfE4rVnGaemWKZZ
qLDzN/uSSJe2nSWmgN9cDguAkfLjAENpuwE+D5YFwEixLQdsp9D6/wUR8EqI0J0nPNoX/q/ANEiZ
QqMALDxYgkVloLaSaMg878N5QShNNOVq3nVqFywenZ9dWAL1qo3HCqTZ7VYhnwcF6J8HBV9cr95T
G5cn+6oGxU2p/fPg0Y5YsTnQEqBwt+yCLZmZNGekDcHmvnp5goT0lnlY7PYV84oG1wZueWm3kVbT
grwnpFjQLigj7gwx3bawZsQNZnQ+hQx7Jx2XJN+zxC2tkUGyHY9zHDsIxOKYhR+hWw+x1xDJJNsR
HLJFW6jRDY9i5j7NdEoDPputjpMoFv5p4MxpEEuvpyWMVRnj8UQCW0pgILENc7O0Hv3Gg4804NHc
lNYkFxtKc3M0KZdaTzFBzl971Oc8QBxQdyYc+2o7GSGHHbA4sgRMaUUDLUgnHzwTIf8mAnz4it0m
Ub/RaVsy1/tPaG9mCSidRrZtJpOJOAw4TisUhNRUOwo1Nok5pDiCFy/Js5fpTxzkOJ6HPKoMQu4z
uIN/k+ji43NLF42dLf1yNfBEXFqvEiXHTkoRUXQUBCIJHD2hkmumeKvYogs5+WcWcOqd0MCu9eZj
6/xW8nMppN5FKLtK+OWXhPKCaIpmy1TIARfzRAQz+m1/3QvFD2N4SBGEEm0rMUJ4wqHgzyzrNah2
I23bopwuhTcEWPsSxSgYZLBQrOkepenIzc1NlQEi5F6Nr6V8OALGQuyhWD7IJNsSgglWwLHTQmA5
/sac+eDyhC3xhY/8ll8f/7YvsR1kvvBdYA5RRWGLERsowUa6a1pmwD6wWEndiOCCJpZaFKXYJJvf
rRPzaod0+VUSzliIqf0nKvkYuO07xbBZaIBnjEcsmMiXOv3dUqBTRwTCXx0NztclQXYJWIsWwJ1l
xqECFt4jcnqj0PcvOtEnSLy7lBrTo7sSBbBSC6u3bGVJLwnr+xH7MlFZ1i5Vtvp4PrDBIsFqVGuB
lnUox7996XLxb+sJAkD54zGE8p2k+JxUrI51RlozvvGW/poktV699JBMj5Qh5Tsenwj+OdlJDpfF
SVEQTVsjyeskDFf/otccp/H21WIspiBEQkfJFfQvPpxvL9Gx4AG6n1yelFJ0231bIhGwCa6d+Q85
dXlMXq3IkAVvKSfvplPuQFK0Lyl1QThHzQNgiHPUKcJtxSv2ay3yhvGDp/Rsc/1u7uOamHapPzlR
b8mmKMX+UOO7hV1d4g6B6DikMft4ZqLWlALq74Z5KBLvE0TQ8fi3xJvSuc9ffw13EQBS4om4sSTQ
pDVuYAjdIPrrqCBE+/FCSHZgO7rsHQTALP9MUFOAlPTjErbjs10Q4wjKkQfJbGShNshre0r77l6Y
JUMV2Dge18HQTIIlt0ehbfomhxV/e00nk3uDZn3LMR0zMy2XXovQ3+DEJLbtK/Pk9CMPpQSZjBmp
2IPqFjq8YoaLG8ql4bvXbG+9Xsl0PF5KCOMxdJ70LwPWhjm1Exo4PJi9pqFvimVQ13iG99yhoSsu
uSeiZg8T7hMRxCOROPNL9tken693Hy+oxRWky9FZF1vVIQ3mbzi1ZZWUh5PTfToPYCUxY5E7WB4b
mZ1UeWlbXL/YoI4vjmRP/WnDwHZfL/UhivV4LCIe7CLEsjgIkZEKEbR1J/Bni43IiFG/MBD2BMvS
AKBOcihbuEGjr5ZDO8h4oLTcmR/PkxULLKdokX/MLKkLRTqyyB3qijMfrdRCrknFSNv+zo0lL3cL
2BGW8mV0NbKQ59R1KwT2hFoXB6UV9f2QE4ZWdk++b1K/a7q/3YCOzvgNVNubk1GCJV8erXPx2tVu
MXnTvam9d86YQiD7ZxaazQKpObEP51Z/wKTahtaxBfqg1uy9C/cmU84RRElh7FBB6pWP5wPLW1nk
LSWaAkUkocP+8/7VwvcXuM9UuPuXs54J+pEvdpL1NsYV4q6c2DGjUeFGsS/aKq5BWHIWkgsmgn6/
07FDUuspqxGQb8oWhLRQbS8mZkSmdOq64EgqgQgq1FvMqS3cidzN0k7ISG5vKUw97WGSdQ6pm0Sk
/2wlEY/mkOq9F+bIgUEsyFbIh87eve33m719GeLt7dH7d58BfVb+o0d7U2gHUkhrAdgjFn+VsxnW
tOeUDqU+qcJ2WhiW9r0MQTTFrqNmsZa+iq+CdfF/T5vVNdZYZRyhrhSI7Me2opz7dMai1/y2IFBO
v7N87MHEol5//DC2n/wZYYcPXSqXZU/57fa18oZP43TjnpYiI+02j/BEWxrRYCRw+hmLP4bid5Ah
FMniX4KbnfCctr4aSmfcnzAWWqbVr66fRy8NkpANGLqodfNAijNIlGLZ0huo96ogBwh3xmgYfwJv
Yvptg1hoPIWRIhzRvpLbDV1yrP+e6L/Pro5Pnu9v0itFtH29nYlYBjBTsJRUDLSFDkWUhEsasPhG
hNffY6ZS8h+P5yKeIJzx2AC2lSvXK8yrklEVkB78lDJD0c+D5XFIo7ntP0zqDt7jCYlF6j14sHSw
ZOk7tl/uAYCHjNkSIGFD18Re27OvCUl7iY5CspMwMfNfhyDHIBQxc2Jhrv245+YGIaExxCyUqwu6
tW5rzShmPq35hFGLQnGggDuIt2+Z+O4wXnlJVFCBJhaNs7nV4qT6EzKrfHlSDmOXykX3e8kCc8Qs
I/2YIZev/vb6f8vYAgyYBVBrZupn09fmtm/ngr6hPnhkqP99yWAxHY8tODtINxdvhCmVvDalaUGL
+H5DSFDetqMw8GgwGw1ssJJSbP2FwX16843e7G2pNjIbjwMRLx7doVCAUCSoPTEtBl6TuiFjgg68
G+1t8ulaFqyj7NYWxGNrTEJdF/sRheGI82DKwiCJ6jV7HcYTwqfBEloD32l45YIF7+0F9SllQ2C5
miUrTOGcdoA5Xa02bQUzgsOh+03p5Ejr9tJEMZ2J4M2H8+FcLCyp7DtrvO0tj8SfexvRAxIW+AYr
5fP58N0vO0jDb80VrPLSHuLuVL/LVgcsaQeY8MCR530SoWct/LPp69dPWBH6CX3qaxFAS3aE8HBJ
FXWp593I8ncQZ3F9nNAzGsysxm2Ri76pff8iYvIfcgl9SJdMVuSC+mo+prDPb9MKeWN8Il+oYw0J
P7AhYvOK5EyeHZSTONerotc2iBtSsgH1IEyz/U39lTdsB9EFQo6WYXx07NK8DgxxUSPLAXeu6a3Z
/8hpBavvF7e0YlUc/VYmbxvdfXmcrPBdEtNLuTDUbL0ppbAr9/uuAdGFQhVlpT9u5cclvc2swZDJ
oBaXRdTvdB6E3BrsrPYlnMESbTCDYl1sVVnQXcCZHExGDeEM6obYvccs1odSt3cfOBdd3HiY0zag
HiXBLIpZ8DHYF/icI4hgwNgsR0LRGRcm2Uzqmvziaq97vdVO760rIKHDaGFjRsKaJSZXQkwGy0Hj
ukmOAhf33wf1erO1tyYvAewigRdzmVNYUmRE24haxQi01VaRytHF4OyoKwdDssuefdm3L+u1wnW9
cN1Irx8/SAYyymQG1yYb8j5l24nBCHW7kutGTcVqyp2mSV6xuDAz95GH9PryuNvt7W0qS7MEgRWO
7Mc2lgK9ENzxfOwxGl7Qmblr9c6t4sqRYmfnRwxeF0Ft3ybgzfeJxyIrYTWIG7rSP0Q6iWUHkehi
NDctURPW+NXvt3VPlZ3+3Qo+i+cs5FZbymkbco9PLIy/JbzeaO5LlJwjCJHCeHQinHM7yGVCocVr
6G+dUF+eLJrLbZLXjhaeYPzFUxev2KQ4PlJ70lI6ky2owEC0vUm+C9kbedaYPSZvkTf4kSVfctdn
vghXZbLnkxRMHOOx/rmVsQ7OBhXc/mYeoZaSNqwevpQzN/fHzx8eIRHwmTx2cdsqHVxWXjGKZ+uZ
sufEDQcafKWRCG5WQVCv7e/glYwlnmGAMPD0ghTOZoloGHPHY4XhL4u8Ic/+EZurTDw7VBeLo8L0
SUb6cV2eBYt3gCyHJ7AlWiZmUDdsDDuh8PCbZPXEswTWD5OkhUDF5Misi0eEiZTpgcHmINeJjaWo
G/uuraNWMWDeq6OnnD1R1IeF5l7i0/Vjscv19Jo68gzVooYy+p0d8tvopvm0QTfZbdCUB8bgyqWz
92+P51RuLTGOprlfw6k0hcsnazVjhOpMQiYBGZpMScVeY71gYZ3W69e13Zz8uuU5d6ow/YmzpOXS
Z7bkIokGp5XskVxzXxQW0JQGn/96zKAmgtRHs2dstLJOg5jHnEWfCxrL6XbHolu0PZ9717VWHXOG
9yDSknqDy8vB3lppqHjiUt7xeAHAmAamNJLC3HnfhIH1wJZXK0bVqq0URdsw+qCqjvwPgXrG03rP
gykPeLy3IUbLNiQi4+cerEPxMbVQ3BpQuPFddwdstf5Nbw6wcW0fv3+RS7gNATVhh9Ua2L97ZH1i
YTtgxZ00OHd7Icx5Q4u84fSN73Bo1Rmf7zCZ+F6eK1ycYTKpG7pY6fb5BwY19jackSPaSbjrDwtb
LiQUjq+7k5BT75qH19Fep83U3jARyJM6rJaUelfAloD1ZRg3i8dcSAECdsxDJ+FmnC3e2VCHMXNF
rVOYEus8JVCo4rddb/MeCont7bQZae2O+j1O46UF7jKLN7x7/MTwvvMnoOE3vhvwtMTHAC9Gk+Ga
kyX632Plw/Bxx0YMT0f2sTKaYNt5IRm4PB6cfrwio9Ojy71NpkiW+N0A3Hq0FfI0nBrY8wibo+9U
m0Vj3z14bw7Tadn5r62EYDhqMqCRmZQZxA3u5vtOLOY4zN/bieV5p7cLSyZF2XB27um3Sx7M9z7C
qNiOx6efB7uN2+DT2LCKU9Y2/ceN4ERQriN22SGOSK00UBM2YB5SL14N+C3zTthybxMTagnbLuAT
75qFE+twcoO44WibD14c0tceXSz21k8xWEKjUEjkIeVbiyS/D/SG4li6tW2ocGPtseu/YVpAw3pn
b0fnpwzTDxilOHYR7Bv0uOjKOvLRIK4/dHZfURDLu8DyUJD091bw764OG963Nqz+3ZaJP5zmGmFS
HqyKk8nygNWN+WAqgu0BcmIhvpC3kEbIfMU6fG0Vce/N5f6WfuQAdjAvbHO2bWmKbVidYlt5YPvj
U064iFTJj56GzCEdpELkEr4XcTGFL97ZMHD6gMS1x/fmCwB2qDV1auMb2/5y4pqWdQL9VM7Coc89
Vm/sNp1jLD29c6LlFgex6aJ3EZNDf6EgpCZtCLSXx8eh/EjYndPAnjx+kULYQY6YLe4eJGdSNxwd
fkKX3IXwGM33tnc/ZwkuHZH4O0yTjgZH1uywui60n8LQL41XPt3fKRIpv/E4XlBvh6OxRljWcCEs
V2AQNxgWOPKY3Q5O5ah8viS0XDpbgbWBQkN2efxdVojmGM3fm4PViN3aB0Zrgr2z6c5WoVVyLb5M
k1USR8k1jhP6U38asGvUR3rKCfya8Rsa4sIvSEFFDNnOl9P3H2rtJrqdkZjRQEIczqkrbo5CjK2X
NAxFUGvJj5hdidYVvUROABgSpOAadTlMsOX+Okp/HrnUbyE+yAj4Vzqnvlyr54gh96hH51wWNllB
Uv30E+flAtSpJ26MBOErZNe+MwFryzQClSD1+OhwlXE60BWCdaU/W2tUVvYh2x/VGbr/u6dbNS1x
TM0ddOr6EccdPvH8WVnueLzTTqGR6nlawSanFeabv5vuqQP+bJeuHEDEZPbD+ce5DTyj/jjoCd8d
/EdR8E0pqfgdhrsdaV8EJ6dP/XaI2oEj1BaUNMBr3tDCNZr811ZihdRlV4NjU6yUtGmpDSQtextz
0mXuUB8hZDbW9x9SygbYk1Bcc1Y46679eOiaH6hdlQ9t+TKHslEO/OSJ59E7pybZ9A1bZW9l5Nnx
FAf7WKZ1O8cl9/HYglS43EHUU28Vh/SuqJq+YZLPPsdpp91od5vUax6y9PyLB86JssAVLncRWi0t
wY+B3FPL1t1irlMc8J2zo2/9Ru/B0xAeacdLBQUPnw7ZI1KEFNfBfTKhIviibkqOlz9+QheL3d7J
wNMNG3PjDubGj8Dc2Alz08bc/H/wtScsdifMLRtz6w7m1o/A3NoJc9vG3L6Duf0jMLd3wzyZfy3A
RsqPRz6Sp0Dw4Gh7+HKvz5uEhubQhEEszgX0C23zks8pP57jPL7HnryTt7guwBiitcsZj3OM5u9H
ONkC5wODWaoffVZNUUMpuTCrW+0VDt3weOLtbapEcRuP5c6vhUKwzTqG+yRPeDjlzHPNbzHrI6IO
YkhFD3z5QacDS1pQyq8iiZOJOc2SUn589Pl1tL2x018SFpnVqAn2rNCd/TdvqO/M+XUxvX304XhH
Hrt9Fe4y3ejQ1WJO49j6gplBLLbS73dekLPYYbE7iyJcgkm9yDqsxiIXR90b32MCyyxxPC6Uv1EM
ft/RW/z+I7ead7V/cfJ5b3v5Tz6Px3zHo7PuafnAp4JrQw4MKUDQQHwU3AwEmvBjjqLCMyq5Qz2c
JA3xXCEse3tji7kz9xLzXKqU8mO/YKtL3RY4fved4oFoMSseIF+5HFShhctOaMRCEKIKDh/6jXIV
82Hpp0F2RY5FMOUzMuUeGwc/jRJG/pV4pENq7cNa77DRJh9Gx6RRa9THgS9i90U6WUga40DxrixE
GL+o9+tNIN3MAV/F41H8Qkyn44DqLy9CeMCp3woFh8iW8kOM0QsRAA+cCqroeASqflGDguitfj56
0YDrmZ79xntTEQK3jCILAVFdXOWjrhbLheTscvziUeLFqxcAbJZuaatELMavt0YvxoH8YnAFa/2F
2hCtKRFjbnY7Xi3Yi9cXR6NxoKq18mfCwpUqTFNCB5BLAv6qLmgUAUP3xf+R/wM1JLGoRHTJJDLo
1d5UXNARBc286I2D24m4raBlKR4eDWYJnbEXLJhlWuaLF7jlFv4bo3Xkkbe68j2sVIJ2QxxZn0ko
ZwZltRJQGbGMAyqaQBcxYiTVBaEhI/GcEcihIvhBY+Jg1cVkwggPHC/B02eA/R1zQl5D4cObU2RQ
5BnRKSsTgZs7I2RJJiGj12QlklDzInxKoCo5JBRYAtRjCJYAmQowvmI3GbsDl00p1GZEbkTwc0xw
CpSGBDXrg7DQ/r0VIoznPFJy38xZQJLFLKQuMKiO0do0s8NxQMhPn+Zy1ymJBZQSuARYkCgOJfg4
pEHk0RhAydsSKhg+BcagT8j4pL7wgyQOI9C7dj2pQR85KyNNq/GQTCFkMLwRzZPYFWDwPsQSeWtc
Girejici5o5LEtmR54kbgs0IwBCdWpElp+QXtD18RhphmnUdEnQ08tVTaZH6HQK4CDYNAjUGSkFu
kxXRqsTntQFntw2wP33ioBARgF6p65KQRUr9qFZQ+DXxGY2SUDZmAkqfMAQNymF/JtRDtc34Ep5d
Ug/cyjNdKDiT58hdlQhNh6H/qIDaZzMWHhJs8FD2VeJPQCtgVUfRKnBGNLomODwEdlSVD3wAbUnT
TiXFx+ahAH8DtQePR2UiGzXRTR/aQxl04S9AEHTqUjfgUZHmJwFYED6imA9l9YJMYGWhuOVgYQzU
ACJJyw0ycKhbDeh8iraKz6BNlgmPfwb1xaF8zWXo36TJFF4mz0CGBNpNQ6pFilHRkh5KVkVbpdI4
wiTAI6rQAnFTsqwE+VXRqEpO2FL/Jj6fzaEx42moZbPxacNBjYRhsogVVSkMFeMDNi2XrFxolKAm
OUopMSwhxgLs+xGgjaDNCVA0WFfVMDR4uKIeyiwNHL7cyawa5RtPTMB6MEoSRYd24PMY27bPZnSy
ikHjZKhUXZPKVZ+jkK+PsNZuuNS8tChotDcVxSg1skhKOOUAETwSwxMfkc0Uei5pkcrIobYSbKZk
JqCiBDZTtAosaCZhViS0Q1JDKaB06YLjOajZ/V8vAaYd6/BjVH0afuiSLyQE7T4zSJpdRMB9YKwE
v5cCwlJTVPVao6WBSSfwSbYKjS/6eQ8IZbuQkNBjECeB4BNA8CHsljmJdL5CQVYtEoNV9jS7dSBP
iHKJlON6Nzo9JKOz8yG5OL88H5GjweDi/HRIBqfvCSRyb0/flwk8REbv4KlT8uns3cUpGbx/d3w6
HFaLLsDSR6Pd0eoYsJALGZDREUcooDNn0iVLbWTOtg66h5TAlb5FPlLB/bPKzUpWkACCnOCgwZpQ
3oeMTRkZ5HcYAAN8TBcmOSsm4HpzR64ikizjHcYQjPPyherdp9EWdM4M1bZgDqYDSrMIV9WrejeT
AcyLLaJc1GZNyxo9vx+SlrypJZ/RcAIto+IIz1O5p3RA92tXNjWEo98i+i3w3T4NEpl8mEggMUvA
Bp+X05hQNMLUDFV4nU6Bl5LXz5tglbxTPl8ZPGQPIvHcDAuHIHITkBx/pBgvJHwQtFOraVmhtNfS
WdwJktJ0FIdMtmko/DTYqrf1ExXTNM0aRml0Td6xDXKPSVnWMUwTRqyyEEpCM9SG7Cb+QmVXKoUj
+kYFb6T1dYIP6RckdgkzlQCuIMxDY6f3KBiCNgQ+KGEJRhZFCUPHEM+h1mZptolOC0vLUZXTilQ5
gk4qqwoNPvqgnrBn48yT4DpKsR/TBVK5n/gQYyG8hiTtGWBFEtUPUihyvWJ70aqULeaujUGyvdCI
ZIEVzIITCLqtrMZOhLpVtGnMjdDrKf7q4bQJKV76QVMymTlUHOjfsUw2/EyUzFUgfUTtATqVYCgu
C4p9EqLeURLm0sFrWp9KnrRkfDjPdlGBeMxRync9q3V2OA70+fuHOkRAajYXnkoxJzR25jITl5Ah
awIT0kFG+jbV89F3VWiZsCzZVOHtJ7OW0lvoVsNVjMzLpFI3KlBWniy4EqdgdAiQXjvPY2U3FVNI
V0mOfRmZ6OPLQNSwquQMckGwpRcyuSPHgw9leBcwTKB93XAXzF7mCsp7Zvwrkv8h6aRpd56RR1I7
xrNVcuSCo5pTb3qAXyGW3QSXgQ3roqBQggMbaGBGQ8zDnsHM7Iqc3qJXwxSTelWCID4MgkGabOcd
QOxLIKgbHN+HF5NFsKjo60Lv5lK3uoh/Y1l9YlqeViMO9qUpE6TtyjyM0NrqN9RLz6tkoN/xKK5v
xR607olqW5AlTkM6QxGgTkBt0cKTGQt2L30Aj42dhlhPxx7H8RHZXw6hM8WimFyOPkikEYiEYk+S
mGD/XFZlXpzqXFRTX+PHSQXfOpRo0cpdNklmh2mH5Z+kjh0Vna7NoanK+0R3TyPVoUZLDiKhApe2
hjoyU85JcTueC+jAogWm/RSW9kSlB3NpTElEl6mnxNGQdFQI7xldWAAmx81UwqLHI74KHqjOsBwY
+pl8nohbtPqQnJ+QZ58/nJ88B5nB5AEDPH8D7n4RqgMQwDCw/xJC56WaZ4BgCUI+IpWNn4n6/Ooi
5a/7NgblZ1kYDhbJoAnZB3ZyZRiWsol0dESHEGtQRxYL9/h0VblNuGsYIoU8Bbwbo3HqN0F+ebec
dgNkF1IjBbuBrFOmZIFwPL4g8l0wm0u6ApPBrqQvlmmvHEOajgPSF1fSe6rIKPeA6dCXOUIykkMc
yt7xkzw0VpUhn9XGnUR6qMWBlhwrX6ffqah3DskCkiT8EC0Uo/y49lG6FAxENJhlHYUAX/OK8bCc
PmWNn907KqVq+cgXCTbhqQo4ukWjKnUdY4BFFyXHI8AO8beMkPDyexkvjZel4AFT/d8JU8wm+DE4
+I2jmDLEzVODlzYuBzetyKvEx4Iy8cEREVqECrI4MnQQBkHtPpS1+2HSEDiBfaTtDsCmL+PfDE1T
NmYcHagkCxfP1DFs0sGgKguSY7lm2zyRhckT7iPpgVCfLMSahlwdN7MTLR3RoylpBJfvWKIDvwpp
kJ/ILMRtjZl68hGbTEPVuyrSvumGctlRAz8JvRhVNwuxSLzUGPUFhjL5jPaITekPZYZfWWgvhsEE
HRNEO507y5FbNUZ1qKM4DqnJfqMiqyCo64vjiG062OHmekN7r+BnqAqkrLnZ5MUc0s2pMGoEWllF
TchkT84F1oyEUsWzS6pcSMTgyVY+9nsi3B8SgYRRDh07c/o+ye9LEaQXo7NZCD1oNVqmh9bUCEIc
UllzlnwSH7TgdyfvDkEfFe3zVehDp3DDVHJNoencyBIjCTwXQNKqxng2RNpM88o0VeXcUSpUqLqv
jQmCfFDRocrMESVdmKqDtDtAOzGGrspEfiSwDGR05iHiStMwcL1TFkKqXUEPFGD8U3fTcKWCBbWG
wvTckRFfE0g5IZRLL5Y6C81Q1ry6n5Zxp6aVrGZVx9zPfbUOwMgUn8eWgK4ZaxYdJhYox/j0S+l4
bjUvQN8xS0i1uT7Ea7etale1CmPoRPMA9rHWZzpIMtdE6TGwl6MTZ+0xcMwZ+iauzBz5NGME3Q8Q
RE0woAdKRw6UjwN+2kWmkY16nEa6WwKZJMUdlfoKcx7AqOvqMK00dQ/sFoewDsnvMlmB+FmWY1p/
IFP1OYAsTJoTH1IMTBxx6akaNUhnn+RwwH0RSwZ0GaEjmSDL3iaejgVYdbg14atyJQb1k+CcFUYF
Fb3yEg8Jzl0dNv7RLbf7t/Vy87ZZbvyj/g8XEyLZzp/hkg0HneuLXk25YnXVaj9XWZ6aYzA766qF
Y2wBHeuxNJl6yMEwqDVnhVMpiRMnYeqU0x5KmM1OSI8DfCBUOXL2J0oVVklnNsAWVDr702vpamRR
8nmLSSIzBUX5YlAqMrc0kj6xkP1bdguOL9KdO+cauweR7MiARiYcEvOVSuLkcygvQIGuhwojqs0o
KSV/SEbCzFeXyiXclxFE6WlrchHnYalbbVXl3pWJAznR3KTgrFLg0tCiCf+LK2JwhhYVZyMtQhJ6
5rUrz13Or6fckyvlc8rMX5iXc9wdZlxzaGVLk/A1khPg2bU/UXNkJg1TMVeuBctpC8cW+z2b6tEF
603p9yObBBmKb1KGgwsLwSr608M9cekvkt2KxTULILxbEq+onCFt6BU63/hCLXdpy2/qfPP4xHwa
Lm99W6cC0TRqtWa93sDjQgYn7yxJXfFFIikSgcTt6sDPuESR9aDa4f350hKxgAAusZtsiwXEGzwy
1yIu9GCh3v5Qh4iEgOe2ceXR9otMppKY41frcWu7XOXAZxMeUPxYV/apVemD3Imx0skJV4tYSEJT
Lr+ZuXdqiVsVK9XRNEnQLUukx52ppYQZgt8wzXo3kCM6+Qt//fV/AcOhjsk=
===END CRASH DUMP===
