PocketMine-MP Crash Dump Sat Jul 24 17:20:51 UTC 2021

Error: file_put_contents(/home/container/worlds/skybloc/level.dat): failed to open stream: No such file or directory
File: pmsrc/src/pocketmine/level/format/io/BaseLevelProvider
Line: 171
Type: ErrorException

Code:
[162] 
[163] 	/**
[164] 	 * @return void
[165] 	 */
[166] 	public function saveLevelData(){
[167] 		$nbt = new BigEndianNBTStream();
[168] 		$buffer = $nbt->writeCompressed(new CompoundTag("", [
[169] 			$this->levelData
[170] 		]));
[171] 		file_put_contents($this->getPath() . "level.dat", $buffer);
[172] 	}
[173] 
[174] 	/**
[175] 	 * @throws CorruptedChunkException
[176] 	 * @throws UnsupportedChunkFormatException
[177] 	 */
[178] 	public function loadChunk(int $chunkX, int $chunkZ) : ?Chunk{
[179] 		return $this->readChunk($chunkX, $chunkZ);
[180] 	}
[181] 

Backtrace:
#0 (): pocketmine\utils\Utils::errorExceptionHandler(integer 2, string[109] file_put_contents(/home/container/worlds/skybloc/level.dat): failed to open stre, string[94] phar:///home/container/PocketMine-MP.phar/src/pocketmine/level/format/io/BaseLev, integer 171, array[2])
#1 pmsrc/src/pocketmine/level/format/io/BaseLevelProvider(171): file_put_contents(string[40] /home/container/worlds/skybloc/level.dat, string[244] ..........M.MN.0.._.E. $v\(.MEQS!`7..b..#.-J.l..7A,9.G..O.o.....s..P%%..?S.....E)
#2 pmsrc/src/pocketmine/level/Level(1173): pocketmine\level\format\io\BaseLevelProvider->saveLevelData()
#3 pmsrc/src/pocketmine/Server(2289): pocketmine\level\Level->save(boolean )
#4 pmsrc/src/pocketmine/Server(2419): pocketmine\Server->doAutoSave()
#5 pmsrc/src/pocketmine/Server(2152): pocketmine\Server->tick()
#6 pmsrc/src/pocketmine/Server(1992): pocketmine\Server->tickProcessor()
#7 pmsrc/src/pocketmine/Server(1586): pocketmine\Server->start()
#8 pmsrc/src/pocketmine/PocketMine(311): pocketmine\Server->__construct(object BaseClassLoader, object pocketmine\utils\MainLogger, string[16] /home/container/, string[24] /home/container/plugins/)
#9 pmsrc/src/pocketmine/PocketMine(341): pocketmine\server()
#10 pmsrc(11): require(string[71] phar:///home/container/PocketMine-MP.phar/src/pocketmine/PocketMine.php)

PocketMine-MP version: 3.22.1 [Protocol 448]
Git commit: 9477034a4ae58cc5c12b8278c14a8e46a43992b2
uname -a: Linux 20156057-83c5-45dc-8957-ae95d34b1506 4.15.0-112-generic #113-Ubuntu SMP Thu Jul 9 23:41:39 UTC 2020 x86_64
PHP Version: 7.4.21
Zend version: 3.4.0
OS : Linux, linux
Composer libraries: 
- adhocore/json-comment 1.1.2@fc2f76979f0a44a5f5bc2a2b600d0762fe0e78e7
- daverandom/callback-validator unknown@unknown
- pocketmine/binaryutils 0.1.13@0abee38d4e2861621f262c79a2a3d699d8a697f4
- pocketmine/callback-validator 1.0.3@64787469766bcaa7e5885242e85c23c25e8c55a2
- pocketmine/classloader 0.1.2@9757928424652393b178a3760073113aa7c9911b
- pocketmine/log 0.2.1@830b44a2cf96ef703c550abe64302f230231ca49
- pocketmine/log-pthreads 0.1.3@e477ecf6ec214fdd4415ea1da3fdd9d73bf699ea
- pocketmine/math 0.2.6@43057cb8c179a9859677b496a788db922fd5cfc3
- pocketmine/nbt 0.2.18@9f82ca4d7f97fcd9a566e44b63c4f18a7657ae82
- pocketmine/pocketmine-mp 3.22.1@9477034a4ae58cc5c12b8278c14a8e46a43992b2
- pocketmine/raklib 0.12.11@9cce458b8bfde3e4dfdbf70c659fc7b7fe26b5c4
- pocketmine/snooze 0.1.5@70b5e7937a06878dd321a3182ceb76d56298f2cd
- pocketmine/spl 0.4.2@6b08b7cf8c4afa17139c9a1b3bf1b408531de161

Loaded plugins:
AutoFly 1 by PIG for API(s) 3.0.0
AutoGMS 1 by PIG for API(s) 3.0.0
AutoInv 0.0.10 by JackNoordhuis for API(s) 3.0.0
AutoMineReset 0.3.4 by  for API(s) 3.0.0
AutoSellUI 3.0.0 by LetTIHL for API(s) 3.8.2
AutoXP 1.1.0 by JackMD for API(s) 3.0.0
AxeLevel 1.0.0 by LetTIHL for API(s) 3.0.0
Bank 0.43 by  for API(s) 3.0.0
BasicScore 1.1.0 by Ifera for API(s) 3.0.0
BetterVoting 2.0.2 by Twisted for API(s) 3.0.0
BlazinVanish 1.0.3 by PIG for API(s) 3.0.0, 4.0.0
BossAnnouncement 2.0.4 by XenialDan for API(s) 3.13
Boss_Quai 2.1 by phuongaz for API(s) 3.0.0
Broadcaster 1.5 by EvolSoft for API(s) 3.0.0
BuilderTools 1.2.0-beta2 by CzechPMDevs, VixikCZ for API(s) 3.0.0
BuonLau 2.0.3 by PIG for API(s) 3.0.0
BurgerSellWands 1.0.1 by Heisenburger69 for API(s) 3.0.0
BurgerSpawners 0.1.4 by Heisenburger69 for API(s) 3.0.0
BuyKey 1.0.0 by  for API(s) 3.0.0
BuyVIP 2 by  for API(s) 3.0.0, 3.2.0, 3.9.5, 3.9.4
BuyXu-UI 1 by KaYuu081 for API(s) 3.0.0, 3.2.0
BuydetuUI 1 by FurryJaki1992 for API(s) 3.0.0
CoinAPI 2.0.9 by onebone | Edit By SenKai Official for API(s) 3.0.0
CoinAPIScore 1.0.0 by Ifera for API(s) 3.0.0
Command 1.1.2 by PIG for API(s) 3.0.0
CrateVH 1.1 by PIG for API(s) 3.0.0
Crossbow 1 by SonsaYT for API(s) 3.0.5
CuongHoa 2.0.3 by PIG for API(s) 3.0.0
CustomAlerts 2.1 by EvolSoft for API(s) 3.0.0
CustomAnvilUI 1.0.0 by ItzFabb for API(s) 3.0.0, 3.1.0, 4.0.0
DEVirion 1.2.7 by poggit, SOFe for API(s) 3.0.0
DanhGia 2 by PIG for API(s) 3.0.0
DevTools 1.14.2 by PocketMine Team for API(s) 3.13.0
DichChuyenUI 1 by PIG for API(s) 3.0.0
DiemDanh 2.0.5 by PIG for API(s) 3.0.0
Disable_TNT 0.1 by  for API(s) 3.0.0
EcoAPIScore 1.0.0 by Ifera for API(s) 3.0.0
EconomyAPI 5.7.3 by onebone for API(s) 3.0.0
EnchantUIVH 0.6 by UnknownOre for API(s) 3.0.0
EnchantVIPUI 0.6 by UnknownOreforsource|RBpmmpformod for API(s) 3.0.0
ExtendedBlocks 1.1.4 by Javier Leon9966 for API(s) 3.14.0
Farms 1.0-non-alpha by Dấu Tên for API(s) 3.0.0, 4.0.0
FishingRod 1.0 by CHOK9938 for API(s) 3.0.0
Fly 1 by PIG for API(s) 3.0.0, 3.2.3, 3.1.0, 3.2.0, 4.0.0
FormAPI 1.3.0 by jojoe77777 for API(s) 3.2.0
Giftcode 1.0.0 by  for API(s) 3.0.0, 4.0.0
GroupJoin 0.0.1 by Himbeer for API(s) 3.9.3
HeartWings 1.3 by Edit Nờ Cờ Dờ (NCD) for API(s) 3.0.0
InvCrashFix 0.0.1 by  for API(s) 3.14.0
InvSee 1.0.0 by BlockHorizons for API(s) 3.0.0
ItemFrameProtector 1.0.0 by WinterBuild7074 for API(s) 3.0.0, 3.1.0, 3.2.0, 3.3.0
JoinMenu 1 by PIG for API(s) 3.0.0
KeepInventory 1.0 by KhoaGamingPro for API(s) 3.0.0
KhoGo 4.2.5 by PIG for API(s) 3.0.0
KhongTP 1.0.7 by awzaw for API(s) 3.0.0
KitUI 1.3.6 by Infernus101 for API(s) 3.4.0
LenRank 1.0.0 by Nguyễn Công Danh (NCD) for API(s) 3.0.0
Lixi 2.6.3 by  for API(s) 3.0.0
LoadAllWorlds 1.1.2 by  for API(s) 3.12.0
LpkCuaHangUI 0.0.5 by phuongaz | Moded by LamPocketVN for API(s) 3.9.0
LuckyBlock 0.0.3 by Palente for API(s) 3.0.0
LvPickaxe 1.19 by PhuongAZ, K27 for API(s) 3.0.0
MSpawns 2.2 by EvolSoft for API(s) 3.0.0
MaxEnchants 1.2.1 by Xenophilicy for API(s) 3.0.0
MenuUIVHPIG 1.0.0 by PIG for API(s) 3.0.0
MuaCoinUIVH 1 by NamVN for API(s) 3.0.0
MultiWorld 1.4.3 by CzechPMDevs, VixikCZ for API(s) 3.0.0-ALPHA7, 3.0.0-ALPHA8, 3.0.0-ALPHA9, 3.0.0-ALPHA10, 3.0.0-ALPHA11, 3.0.0-ALPHA12, 3.0.0
NCDAutoClearLagg 2.0.0 by Nờ Cờ Dờ (NCD) for API(s) 3.0.0
NCDRulesUI 0.0.1 by Nờ Cờ Dờ (NCD) for API(s) 3.0.0
NapThe 1 by phuongaz for API(s) 3.0.0
Netherite 1.2.1 by Wertzui123 for API(s) 3.0.0
NhiemVu 0.2 by PIG for API(s) 3.9.0
NickUI 0.1 by PIG for API(s) 3.0.0
NoFallDamage 1.0 by DeveloperNeb101 for API(s) 3.0.0
OreGenerator 2.0.0 by vividmemory, LetTIHL for API(s) 3.0.0
PHP-Sell 1.2.7 by Muqsit for API(s) 3.0.0-ALPHA9, 3.0.0-ALPHA10, 3.0.0-ALPHA11, 3.0.0-ALPHA12, 3.0.0
PM-Beacons 2.0.2 by jasonwynn10 for API(s) 3.0.0
ParticleShop 1.0.0 by FurryJaki1992 for API(s) 3.0.0
PiggyCrates 2.0.9 by DaPigGuy for API(s) 3.2.0
PiggyCustomEnchants 2.4.1 by DaPigGuy for API(s) 3.19.0
PiggyFactions 1.2.0 by DaPigGuy for API(s) 3.13.0
PureChat 1.4.11 by 64FF00 for API(s) 3.0.0
PureEntitiesX 0.7.0 by milk0417, RevivalPMMP for API(s) 3.19.0
PurePerms 1.4.3 by 64FF00 & ProjectInfinity for API(s) 3.0.0
PurePermsScore 1.0.0 by Ifera for API(s) 3.0.0
QVipUI 1 by PIG for API(s) 3.2.1
QuyenRankLoi 1.0.1 by PIG for API(s) 3.0.0, 4.0.0
RandomBlock 2.0.0 by Edit By Nờ Cờ Dờ for API(s) 3.0.0
RankUp 0.4.0 by Falkirks for API(s) 3.0.0
RedSkyBlock 3.1.1 by RedCraftPE for API(s) 3.0.0
RedstoneCircuit 2.0.0 by tedo0627 for API(s) 3.6.0
Renation 1.1 by K27 for API(s) 3.0.0
SCoinAPI 1.02 by K27 for API(s) 3.0.0
SCoinAPIScore 1.9 by  for API(s) 3.0.0
SETVIP 2.3 by MCPEVN TEAM for API(s) 3.0.0
ScoreHud 6.3.1 by Ifera for API(s) 3.0.0
SellExp 3.0.0 by EzMinh, LetTIHL for API(s) 3.0.0
ShopSCoin 1 by PIG for API(s) 3.2.1
ShopUI 1.0.0 by SaltyPixelDevz for API(s) 3.0.0
Shulkerbox 1.1.2 by UltraFlappy for API(s) 3.0.0
SimpleGamemode 0.1 by Zedstar16 for API(s) 3.0.0
SizePlayer 1.0.3 by  for API(s) 3.0.0
Slapper 1.6.2 by Slapper for API(s) 3.0.0, 4.0.0
SlapperRotation 1.2.0 by jojoe77777 for API(s) 3.0.1
SpawnerGUI 1 by DandierSmile122 for API(s) 3.0.0
SpiderUI 1.0.0 by MCCreeperYT for API(s) 3.0.0, 4.0.0
TPAll 1.2 by matymare for API(s) 3.0.0
TheoDoi 1.0.0 by PIG for API(s) 3.0.0
ToCao 2.0.3 by PIG for API(s) 3.0.0, 3.2.0
TopCoinUI 2.4 by PIG for API(s) 3.0.0
TopMoneUIVh 2.4 by PIG for API(s) 3.0.0
TopVoter 3.2.0 by SalmonDE for API(s) 3.0.0
Trident 1.0.0 by brokiem for API(s) 3.15.0
VanillaBlocks 1.0.7 by xSuper for API(s) 3.0.0
VanillaElytra 1.0.1 by JavierLeon9966 for API(s) 3.9.0
VanillaEnchantments 4.0.0 by TheAz928 for API(s) 3.0.0, 3.1.0
Vip1 1.0.1 by PIG for API(s) 3.0.0, 4.0.0
Vip2 1.0.2 by PIG for API(s) 3.0.0, 4.0.0
Vip3 1.0.3 by PIG for API(s) 3.0.0, 4.0.0
Vip4 1.0.4 by PIG for API(s) 3.0.0, 4.0.0
Vip5 1.0.5 by PIG for API(s) 3.0.0, 4.0.0
Vip5bhj 1.0.5 by PIG for API(s) 3.0.0, 4.0.0
WorldProtect 2.3.8 by aliuly for API(s) 3.0.0
Youtube 1.0.1 by PIG for API(s) 3.0.0, 4.0.0
cayphattai 1.1.1 by PIG for API(s) 3.0.0
detu 4.0.0 by CLADevs || GreenJajot for API(s) 3.0.0
essentialsTP 1.2.2 by  for API(s) 3.0.0
iProtector 3.1.1 by LDX for API(s) 3.0.0
tichluy 1.0.0 by LetTIHL for API(s) 3.0.0

----------------------REPORT THE DATA BELOW THIS LINE-----------------------

===BEGIN CRASH DUMP===
eNrtfXl32ziy71fBU+a+duZIskjtnpO+cbzE7rZjdews080+eSAJSYwpQs3FtjLd3/1WASAJ0I4W
W8m7f3TmTFsskoVfFQq1ACD5n9qYxzOafrphcRLwqLbXqdfSYMZqe1bP7ludvt21mkO70+/367Vs
Lk+17V5z0G4NrFar32q1+wO4KaRJehTHPK7t/aeWLuZwWU0cH915DO4D3vXajCUJneCpcRCyT/Ms
/eTxKGVRmuzsTvmM7eIhDSIW797yOPST3eR64Ybc2w3ZDQubPk2f75Exhbt9knLC5ywiSRozOtsj
bzhJMm9KkDfhMfGDmHkpjxfQ8jgLw2OgQ9PzKY33dner7Y24d83Sc/jdOB818aLdJPZ254I8A7KE
sCsVthvw3Vc0YWdIG8X8JvBZDHfNsS3Vzgzv35QH3B/ChaD/vgVdEVMPfv9We9YiOyB5yclxsjQI
E8d5h3/29pih6xMa+SGLdwJQ7oTFxK6jloJo8pvVGv5Otq39gvuw8zvZtn7rJJcCVUJoHNPFb/bv
z0FTzyzyOC3vACsU5Z4elByd1u9kXZUUwtsdkL5Z/Dtvnr9ptprNT82jJvnHjePsNM+Pfrn8P/+v
32y6zeazZuOnZths9vfrw+brZvOiycVtSbM5+q//ajb/+1IcHgk57WVyCsl2LKvfrliIOO04Ug+O
E3DHuaeJxo8JvZGkQ5rSHdFc++HmLlkMfmLHtgfDh1sSbCTHHZfzkNGICIad5Qw7VpWhPNP40ef7
WcovkaFg1F3OyOraX2GUBt61ZNFbysIaDpexALV54MR4LHn1l/PqDnpf4ZWkNE4lj8HDPMrxstO2
rK+w+YSWC+aXeekOdz+DuyPYwwfgjZMzTqF/60TRH3Ad52DYZ3wywaty99C7b/iagd8/OQ+zSRAl
u0KU4WpROlVREqkrOZxbksGOEDhmf2TgwvMx2bee4FvKK9BJP6/9/le9xv4Xh6tthRAQU/bQpyC6
4eENmwF64BxxuKBe87jPUAMQ7IEIBKvXhh9OuvvPf4qjjjgi/yQvY5ZmcURueOCLM111Zlcc9cTR
PHPDwCPjLPJQhaTiWv4jLu2LS530H5GbkhckYrfkVTA5ivyARm9eXV0K9ew8/5e4eJBf7GbjMYSA
FwRva/x4GwcpO+CzeQx9xPwd5IKHPIv8KzrZcWpOrU5+EzyGigdwSadB0vgxzCHh6X5Lnf79uWyz
bynC/U5X909YOqLpdOc5aRKnVnQ1tqhwKk624PSX+N1WCu53dAX3u4WC02nMbxOQIo4h0WL+wTSL
rnVztPq96sXvoiSbz3mcX34srMK8qa93VH/wYEeF4CsEA8wYyD88/PlRBF518Otzskf+W1wierGf
K1WZhdIMdJ3iU/DI7xcaGbRKjQxQz7W//k5y/k5y/k5y/k5y/k5ytp/k1GsTBrfSEGN8RLF2rxls
AI8LqizL/1q7adtNC+lZEPqQQww6UN0HySef3dT2xjRMGKQUMU+5x4FtpzOARgJMKYadfr/V7tAO
Zd2B53U9y3YHdn/gWR06YJ0e7bTB7FwbeGcKy1kQZXfEblndXqvbbwzaXrfR6fpeYzCEQ8qGXb/d
ca1uq0c6TavbbDUsy24ImSB6PbOsduOdm0VpRi7PR+RqmpGfspAMid3e61h77SF5d3UA7O0WuRv0
PkEyA9ChRN+r9Zudpo1SfmGRL6TuNFvy7Cee5MiAIA5CdeBhggFd+SkM3JjGAUtQr9Sfgi5itvs5
4VEDrlEpltW0mvbLsWeP+71hfzhu0U6Hdsdd17Op7fZaLb/V79lj1mL9AesDex8cQAwxjc92PRqG
LvWuGzc0DMD9Yp4KWruO+G30Uv1FuGXfu0FE44Wwebi0BW1b7Zct6jLWHvgdZg96kONZY7tne/0h
tWnb7w2H/oACtHHHZPVg4xZ4+fbLXqc/6Hfgnl7P9SjtQ08PunbHZoOuZ7c9u8sGXrdL7QpDHKmh
GKkKm/1y2O/2h/agY3d6Xbs9bLuQmtB2H9TSB0/QBt7ecGhZrskp5BPBAUz05aDdckGjtjce9tgY
TA9aRoF7nXbLHtvwn7bl0c7wHofGHLInSFRyRbVfMjBd5o17zLOtztj3Ox2ry6jl0zYcDP1+2x2D
thg1WUG8mSo0vZfQaLfvuWDtoN7hoDvs9ftuZ9ij/cHAd4e2Pfa73thrmywgl83lGbwcjgc2APb7
Y+gTzx/Sbq/HOh231/Y6Y2tA+71un7JBRbnlz8ZsXgzglxuMRo1ZTK/BtqVegAuw8TzW6Q7cgTv2
WZt1/LHvgq69Xnc49vpuf8zsntv1KhaURJx/YUq93Zf9lttl/WG7T1u9QX/g+23bom0LpGVuv+d3
e/ZwMLY9v8JkHgoOMFJf9tzWwO1744HXoWMKeU176A2p5ULHWG6nNei2LZ9ZPav2V1HwiLGJcfU4
XGjuL6fUa6XPQ0dAs3TK4wTT0NHpa3SddB7gURsMv4XHLKIu5IS1PYhE4AN9Bokh2tBvcC7h4/RQ
J8zAZ5etySiEdRkMAvTBF5dXHy7enh0C6Za5CdQyKhfGG16fX1YAI+X7AYbWNgN8Gt1UACNFBwyI
mlbLRP0TuJg3nMf+NAuSbeH/DEyjnKnjQHMcCl/HKUGtJRGGx7csYWlFrpJuSgfxwxBuW70R+eCo
kpPXP0sJiuY3659LFobvTiuiKKIuh8RqdNIZS69OT86M7hk07ccKpNhtBv/jqAL948gcDeBkHrCt
88NtGZXkJrvg42g98NM0nSeQxUFuNM3cJqQFu5LNrpIAhbuTNYkuXk4yBVyrX54gIb1jqrpZt2Ne
0ehawy0OzTHRaX+LIYENbYIyCbxLzM4MrAVxhRmdjiEh20jHNcH3JPNrS2QQbEWZqnBsIBBLUxa/
5ykUC7pIOlkXygbEtinU1W2QpMx/munURsFksjjIkpTPjiJvSqNU+HAlYSrbcBxXALsRwEBiE+Zq
aUP6JYje0yhIprq0Ork6UNqrY2O91nmKCQbBcUhnQRAhDug7HY55tJaMPEn2o4hnkacmZ0s5q6eq
PWsGndpHFgU0PKSRIbHVfqygd4KfTyOQqgLFcWTlva6En37JaFARTdJMmSqZzXya8WhCv2zLz+X8
0JfHFEFI0dYSI4YrPAp2HeuCaFTTFLumKEc3PLwEWNsSRWsYZDBQKFEur/bfXr0bPRiWbm9vmwwQ
Ifdmei3kw4KfxVech4kuoE42JQQTbMAApxUHc/CFedPR+SG7wRveB3fB9cGv2xLbQ+bzmQ/MwbtI
bCliAyWYSDcNzxrsXYOV0A2PzmhmqEVSqkOy/c1S81cbpE2vsnjCYkzxPlDBR8Ntnqm6z8oAPGFB
wiJX3NQbbhYKjzwe8dlif3S6LBiaLWAvGgA3lnlObyMWPyByfsLMUqyqE32CxJtLqTA9OqWsgBVa
WPzMFob0grA8n9yWiYq2NumyxfvTkQkWCcagWgq0jvMd6u9QuFz823mCANC+44Tc20iKj1nDKLAK
0pKq/Wf67yxrDaza12R6pAw5X8c55MHHbCM5fJZmVUEUbYkkx1kcL36i1wGuK2xrxBhMQYiMXmVv
IM98d7q+RAdQ/KP7KeXJKVW3PTQl4hFz4f/kT3LkByl5tSCXLPqZBuRiPA48SIq2JaVqyHE8AAYM
HadEuK541frGIK+oI59S4ZT6XV3r6Jg26b/ZjOIEvSabpFQLN/ubhV3V4gaB6CCmKXt/oqNWlArq
b4b5kmfhB4igjvNrFo7pdBYcf443EQBSYpffGhIo0hI3cMmjhP77qiJE9/FCCHZgO6rtDQTALP+E
U12AnPT9EraDk00QYyW9H0IymxioNfLSSmnb5YXeMnSBieNxBYZiEt0E5mykSV/lsNIvx9R1Hwya
1pq1vZ6Z1mu4Z2aFExPY1u/Mw6P3QSwkKGQsSNUKql8pePkEV1PrtcuLY7a1qlcwdZwbAcFxoHhS
vzRYS/pUyESj6etAH1E55evJ2jYHE7ACuLLJDXqC3VTr2YJUccadezGkWCgnV4zOKnMqj5ckBwDi
lFDWGFFa2l9C2y14oLSBNz2YZgsWGePLIH+fZSQfmvREkxv0VcBm2MEGckWqOu3uN7azst01YCfY
yqerN1cG8pJaKTi/ReGlmoPWqvr+2ngGF/hA6qhTv2nmuN7cgEoeNVTrm5PWgiFf6fhL8brNfjUP
UIn51vN8JhGIVN9As1ogOc3+7tRILXWqaWg9U6B3ctfIRbw1mUqOIEoOY4MOkrdAvW14K4O8pkRj
oPAs9tifb1/NZ7M5bgbk/vbltApB3wfzjWS9S4Et81+F4Ln1aFQ5US1rOtVlzZuAxeSM8Wg47PXM
kNR5ygIn8s3ZgpAGqvXFPKbxTJdOHlccSSPiUYOG8yk1hTt0MovRbkaunKzVYpVVjC2s20xnjiMQ
qT9rSRQk0yCavOV6EaoRK7JVJsJPLn4eDtuDbRni3d3+24uPgL5o/9EThzm0XSGksUPmEbtj5IxV
W0vC81m5J3XYRjtn8jReE0RRzD5qV3vpM//MWR//GXI9YQau5Ah9JUEUP9YR5XUwTvMnM5QsBWmz
edwndsAVja44Lv9h8wfQ/Prd8Trm2fwnHuhFUEm7tzeoMgcfzFzGYqM/hs3l65i1URazEcNxvWwe
XnIGiXIsaw4heV8T5ADhThiN0w8wBHVnpxErFlep1HFG8Q06O98nB+rvofq78+bg8Pn2Fh1yROv3
22l0cxDTZHoc3Gmy6dTlfbetkDTL/kiwZg2iGw9bHgd3m6w5A+BLxkwJkLAiqRUB74THwRcebW1P
msHUcSSSjYRJ2ew4BjlGMU/FM2K6YPdPrhDyAz5qEoslzn6r31kylVKurTyh3q00Bwq4h3h988QR
e84ifSW2IH2f0vbzbH20PzM2h+5mkXisr4Rs0pfmED9POX1NZzCIQVvbksFg6jgGnA2km/LXXJdK
HOvSdMB+vl2pDu2tW+3CpdHkamSCFZTqWKnMx9HbL/R2a7vskJnjRDydPzpxk4BQpCA16iZ5XM11
KiXTaQQVdZQlVstcdnyCo9ZYgiUFG5WAZyx6a+4jzCkrXNibSbbAiOl1Iwyhrda4E00ITtlsN4KK
2aC1pQnu9C1O4tCcuOo1v8meSGxpA5hwwX4YfhBP+ul4DfryBTYjyj8hU77mETghj/MQ19ypT8NQ
PoG4gTjz64OMntBoYgwHg1xNWboP7zIjf5JzSHJ94i7IGZ3JWdb3bypp6IpJrjLPL1dyjYmer+yc
XL1lrZBnA+Vk3vVC5B+6akpiVTHVxTAaQlB44oTRWtLn4002CMlRgfHRnlLx2tXERY3cjALvmt7p
uWFJq1h9ZVfASHTF/q918rPd35aLKRrfJCM8FzuH9NGbU0yHY3/bRULVKHRR0frjlgbP6V1hDZpM
GrW6bmbd2/rK59MgDLzFtoTTWKINFlCMg7U6C5JTnJ/F1EcTTqOuiHZbzJlm0Or67uM8o+jEKlPO
OnVJzv2Gziq+8wm4BbNNgIdpICKZgbsgmgrvVP3eWjtYG/tno5P9viiPisOBeTg0D61W5diqHNv5
8ePLZpBRhFDcMqXJ+5TdsBoj0C3kV/gIy0HIaHxGJ/pjCPdOVdftqmnc95gFqYJa34rgzrdZyBIj
sdCIK2axvot0AssGItH51VSPfYqwZBx/uz34su3871rwWTplsTguJShoK2LEBxanX7LAstvbEqXk
CELkMB6dsJTcdkuZUOhpwGbv9SmPnGIa4IrNF8NtdNkvGUtS9WetDoPcxhw+krBsTXyb8U5tF4Lu
gXYRwibZ8xt+DAXJIZ2Jl0CVIujkpZM3h/hMHZ+z+A1zqyV360k7SHS2IJyGaH3xLmL2WrwewpxQ
NMgrHPhNcBP4Mzbj8aJOtvxMoo7DcdTPtbzE6GTUwAcI9Lde5KQV+6/OxbTzw6H+uwdzBIwvOVq/
S0fnjVeM4utSdNlL4opHAz/ThEe3iyiyWtt7ILtgiU8DIgx8DjCHs1oiGqeBF7LLKZ/rMunkFenz
99ieruPZoLtEMYxmbfSXRl2xT/2QwsWvs8XTVi5XFOV5IyBlicw4eESwy5nuamx2S52YWKq6Mc+a
OupUo8mDOrKeEA2r+jDQPEh8un4MdqWejql4f9s9DRX0ew/sraOb9tOmeES5oChfmfGp107e/nww
pWKnq/bE9MMazqWpHD5ZqwUjVGcWMwFI02ROqlaLVsXCep3j49ZmHnPZavW9Lsx/4gpQvfaR3QQ8
S0ZHjeKSUnOfJBbQlAJf/nrMFBqCVO++KtgoZR1FaZAGLPlY0VhJN3O8ftX2ZkF43epYGIDfgkg3
NBydn4+2NkpjyRO3gznOHIAxBUxqJIe58d5bDeuuKa9SjOxVUymStmLWQXYd+b8E+hnfZnYajYMo
SLc2oWXYhkCk/dyCdUg+uhaq20srJ77pDtO1toOoDaYmrvXj9y9iG6AmoCJssBKNVeoj+xMb2wAr
7sbGtbUzrq9SGeQVDwN/g3cpnATTDZau3oq3o1XXM3Tqinolf5rvK1MzW5uUKRFtJNz1u7kpFxIq
b1W5l93S8DqIr5OtLtLI5wt4JB4cNkZS7l0BWwbWV2BcLR7zL++vRelU81VE956Pg0shTRyno6Ot
dVPBEQQpgTiOBmkduSC1idhBEHtZkJqyGWdW2GbKfN7qVRaWek8JgLL5dfdIvIVGUvOppYK09MHF
LS6G5Q1ushZ2ef8p38uHHvMFh2Z/M+B5i48BXo2Sl0se4B1+i/0Dl497Ovfy6Mp8el8RTDuvJDnn
B6Oj92/I1dH++dZWIQVLfF8sbstfC3meJmjYy8yhRN9rtqvGvnlSsjr9yNsuf60lBAvDozs9YOSU
Fe90O/pyHkTTrc/XSbaOc/RxtNksCF4tTFAXpaB9n1zqQOwEVrNJayE28j5FWJHQXtIwXYyCOxYe
sputrae8O91U3Vl4zWKX3xkCFMQVj9a/C9OYHod0Pt9aYaKxxD4QSF7xuw1ECmbzkL2mOBNtbJuv
nFi66vArxksaW71tiVUwBKEMHJsI9gVKLLowXjmlEZe//Gxb4QHbO8P2UJD891rwsU9N7IpiAu9V
jSy/bMvVRiLZbqB/ecNbnlZTo+qZFRNtX3nIpPV4j1UBsIFM8qVDr00HVhKXONxDqGsCFl/OgpBZ
9mZz6drGuHsvZFrjPSKq6U3ExDf/V4RUpBV++vzgIGaAIb73MosnW2AOYX05rkb7xkqWPK6YW2Vm
jaaLGd3eg545P8dJ5zTc4EUIV1PGD43phpzy/XY8eTMfX0cthv3BzL+Uv9dCzw+ovr9dHj/i/SFP
fKGTaNdxNtqLfMXnco+WgT+nVVZMvpnuqQcms0luAhBx1uHd6fupCbygfj/oWbA5+PfcfDtkQTJT
cvuBzHDGo8Ojp76UVe5Y5nLLbu5yFG/HydGUv9YSKwaXZbyXNKesGMRuzK8DVnlxRvfxXaL4AXrZ
PgyJ8xLKSjnwlaxhSO89gm3SVzwPcneZPZSXLH/bjPmM97IHfAV3xzEgVQ43EPUoXEBifV9URV8x
22s+FP60rUS14yBmtzy+rn39oXMDXOVwE6HlGiO+pPaBXjbOmo8q3bNfiFX7X4b24KsPyD3Sjm8k
FHwpWswese6S49p9SCZURDC3dMnx8PvP7GOz6/tOuNo2Mdv3MNvfA7O9Eea2ibn9/+Ft1NjsRpg7
JubOPcyd74G5sxHmrom5ew9z93tg7m6G2Z1+rsBGyvdHfiUedYQKa334YrO3ejxXk8EgV6Z5m4PK
k5NhkIVbmyKS3BxHbG2fSwTrLGw84D7PsyAeByz09U/n5F/4SqHw252JF2nvGtKCUv7NszRz9eml
nPL9veu/r9bvTI8u5lOapsYL2DVidcLv2+3G9eYbfLkE3zurARaHKyL2wdk+PrBA/vyTvMYNHz/R
z3x7b0SUzEGAINpowgW/UBqlAQ0T4wlkg1ydPrK/xUSe3qLjVNpfKUbw0NsHgoffOvDA8u3Z4cet
PTJ3+NFxgg3fHvCAJwA+DVw82tWkwO+RBt40zPTn9XPK9/0oi2p1XUPDL19RfK1CyiSc5gOfDIR7
Go2IN26DLzT2xZEv3x3XoFESiOJEfKuwCU4WahGxRWqv9mxUHJEDHo2DifisqBM9u8qY+Ohej7S6
e63Bnt3NP7pnOdGMp/6LYlk9kpwb+L3aF3Z/OGw70e0U4DfCIElf8PHYiaj6xgQ4ZJxkblBvGjD5
1eLkBQy6KMFZw4aKANATL1rQDL1T1ycvbDieqHl2PDfmMXArKKIR0IOPC23yaH4zF5z9AN/tnIXp
4oUNPPKt542Epfi9kuSFE4lv5DTQKF6oL6TmtIQxv7gAvyf94vhs/8qJZL83/shYvBCtKELsAXTR
PP5qzmmSQGjzX/xT/AM9ZClv4CdGxU1QKN1iP6UUVPNi4ER3Lr9roOWJ0yGNJhmdsBcsmhRaDuYv
8Jkk+J9jfiqwuZjhh9WeETQr4onezGIxiSy/RQ0qI4blQDcTKDoSRnJdEBozkk4Z4RFYRAqBhHjY
dSlxGQkiL8zwMWpgf8+YkNcln8GdY2RQ5ZnQMasTjk+/JMiSuDGj12TBs1jxIsGYQFcGEMKxBehH
/Gw25AbA+A27Ldjt+mxMoTcTcsujH1KCs+U0JqjYGQiLHzlcIEL8cLGU+3bKIpLNJzH1gUHTQWtT
zPaciJBnH6bisRz8KjC4Tp8AC/XVUNBBDOMnpKn8aLCCCgZC5ce9Q5YKfeGrVz1GpuLTxUiZIWdp
pHk34teHw4ThiWSapT4Hg1efIt8jTk1+FpV4IU+Y79QEsv0w5LcEhxGAISqZITcBJb+g5eE1wgTz
PGePoB8Stx4Jg1T3EMBFcGgQ6DFQCnJzF0SpEq9X9luc1sA++wDVKFgE6JX6PolZItWPasXPypIZ
o0kWi8FMQOkuQ9CgHPZHRkNU2yS4gWtvaAhOZUc1Cq7kOXKXLcLIYeg/GqB2/KbrHsEBD22/yWYu
aAWsaj9ZRN4VTa4JTjiAHTXFBe9AW8K0c0nxsmnMwd9A78HlSZ2I7JKooQ/joU489YlxHByoG3C4
SJtlEVgQXiKZX4ruBZnAymJ+F4CFMVADiCQsNyrAoW4VoNMx2ipegzZZJ0H6A6gvjcVtkO3g92zR
ZCo3kx2QIYNxYwu1CDEaStI9wapqq1QYR5xF+K4FtEB8eEh0gvh+StIkkNeo32QWTKYwmPGVS3V9
8CnDQY2I75NLqlQYKmYG2JRconNhUIovofpyQFD8bjzAfhgB2gjaHAdFg3U1NUODixvyosLSwOGL
J47koHwdchesB4MokXQYB7MgxbE9YxPqLlLQOLmUqm4J5cqIJ26/wl67DYTmhUXBoL1tSEa5kSVC
wnEAEMEjMXxRDrIZQ4qZNymNHHorw2FKJhw6iuMwRavAhiYCZkNA2yMtlAJaFy5Yfo30f70EmJUs
w49R9Wn4k5TPBQTlPgtIil1CwH1gqAS/lwPCVnNUVsvuKGDCCXwQo0LhS37YAkIxLgQk9BjEyyD4
RBB8CLtjXiacL5eQ5YjEYFVcze48yBKSUiLpuC6ujvbI1cnpJTk7PT+9Ivuj0dnp0SUZHb0lkOf9
fPS2TuAicnUBVx2RDycXZ0dk9Pbi4Ojysll1AYY+7G5PqWPE4oCLgIyOOEEBvSkTLlloo3C2Fuge
UgJf+BZxSQMfzZFuVrCC9A/kBAcN1oTyfs3YpJFBfocBMMLLVGOCs2QCrrd05DIiiTYuMIZgnBc3
NO9fjbagUmrotjnzMB2QmkW4sl/lvYUMYF5snpSitltK1uT5w5CU5G0l+YTGLoyMhsfDUOaewgE9
rF0x1BCOuouou8B3z2iUieRDRwKJWQY2+Lyex4SqEeZmKMPreAy8pLyzcgg2yYX0+dLgIXvgWegX
WAIIIrcRKfEnkvFcwAdBe62WkhVaOxbO4l6QFKYjORSyjWM+y4OtvFtd0dBNU+9hlEb15D3bIA+Y
lGEdl3nCiF0WQ0tohsqQ/Ww2l9mVTOGIOtHAE3l/HeJF6gaBXcDMJYAjCPMw2OkDCoagDYEPWrgB
I0uSjKFjSKfQa5M820Snha2VqOp5R8ocQSWVTYkGL/2qnrCy8aZZdJ3k2A/oHKnBLJtBjIXwGpO8
MMCOJLIOkihKveJ4UaoUI+a+jUGyPVeIRIMNzIIzCLqdoscOuTxVtWnMjdDrSf7y4nwISV7qQl0y
kTk0PKjvWCEbvsVc5CqQPqL2AJ1MMCSXOcWahMh7pISldHCb0qcqZ1XLeHGZ7aIC8T0QOd/lrJbZ
oRNFLMUO21MhAlKzKQ9liunS1JuKTFxAhqwJTEgFGeHbZOWjzsrQ4rIi2ZTh7ZneS/kpdKvxIkXm
ddKwtA4UnScabqQ5GBUChNcu81hRpGIK6UvJsZYRiT7eDEQFq0lOIBcEW3ohkjtyMHpXh3sBgwvj
6zbwwexFriC9Z8G/IfjvkV6edpcZeSK0o13bJPs+OKopDce7+L0lUSb4DGxYNQWNEpz3QAPTBmIZ
9jRmeilydIdeDVNMGjYJgng3ikZ5sl0WgFhLIKhbCJt4YzaP5g11XKluztWoS4IvrOhPTMvzbsTp
tDxlgrRdmocWWjtDW970vElG6p6Q4lYorKBVJapsQbQ4jukERYA+AbUl81BkLFhezgA8DnYaYz8d
hAHOj4h6OYZiiiUpOb96J5AmIBKK7WYpwfpcdGXZnCwumrmvmaVZA+/aE2jRyn3mZpO9vGD5kVhY
qKh0bQpDVZwnqjxNZEGNlhwlXAYuZQ0WMpPOSXI7mHIoYNEC8zqF5ZWo8GA+TSlJ6E3uKXEyJJ8V
wnNaCQvAxLSaTFjUfMRnHkSyGBYTQz+Qjy6/Q6uPyekh2fn47vTwOcgMJg8Y4PpbcPfzWD5bCYaB
9UsMxUuzzADBEri4RCgb32L+8dVZzl/VNhrlB9EYThaJoAnZBxa5IgwL2Xg+O6JCiDanMx6LZuFc
MF407rLAL6WlkKaAc2M0zd0miC+stJ5XAaKCVEDBbCDpFBlZxL0wmBNxL1jNOV2AxWAlOeM3eVGO
EU2FAeGKG/k52WRSOsB83kufILkSMxzS3PEd/DSVfSGuVbadJWqmxYOBnEpXp+5pyHv2yBxyJPzi
DjQj3bhyUaoVjEM0mhR1QoS3hdVwWM+vMmbPHpyUkp28P+MZjuCxjDdqQKMqVRdjfEUPJaYjwAzx
twiQcPNbES61m4XgEZPlr8skMxc/VQC/cRJTRLhpbu/CxMXcphF4pfjYUCE++CFCq1BBFk9EDsIg
pj2EsvUwTBoDJ7CPfNgB2Pxm/FugaYuxjJMDjWzu49P6mm/0MKaKhsRUrj40D0Vjrti6IhwQ6pPF
2NOQquNjckRJR9RkSh7AxT2G6MCvQWzyjEygDEtK9ZQTNoWGmvdVpFzTLQ1EnQZuEooY2TdzPs/C
3BjVAUYycY1yiG3hDkWC35grJ4axBP0SBDuVOot5WzlFtaeCOM6oibJRkmUMVP2FX8Uu5jq0QY72
3sD3vVdIxXAzyfMpZJtjrvUIjLKGXPEorpxy7BkBpYlPRTcDLhCDI1vMsOxJcCdxAhImJXSs5dR5
Up4XIggnRieTGApoOVmmZtbkBEIaU9FzhnwCH4zgi8OLPdBHQ7l8GfnQKdwymVtTGDq3osVEAC8F
ELSmNp0NgbbQvDRN2Tn3lAodKs8rY4IYHzVUpNJTREHnuuog647QTrSZqzoRn7CoE/wAsgjPaZGF
gesdsxgy7QZ6oAjDnzybRysZK6gxE6ZWlrTwmkHGCZFceLHcWSiGoufl+byNez0tZdW7Og1mpa9W
8ReZ4vU4EtA1Y8+iw8QGxRSfuimfzm2WDagzegu5NpdHeOW2Ze/KUaHNnCgewD5V+sznSKaKKDwG
Fjkqb1YeA6ecoTTxReIYjAtGUH2AIHJ9AT1QPnEgfRzwUy4yj2w0DGiiqhJIJCk+uqGOMOUBjKqv
9vJOk+fAbnEGa4/8JnIViJ91MaX1OzKVr7UtwqS+7iHEwLwR9zLKSYN88UnMBjwUsURAFxE6Efmx
KDbxvRuAVYVbHb5sV2CQPwkuWGFUkNGrbHGP4MLVnv2vfr07vLPq7bt23f6X9S8f8yExzndwj4SH
zvXFoCVdsTzqdJ/LJE8uMei1uhzhGFtAx2oqTaQeYi4Mes1b4EpK5qVZnDvlvECJi8UJ4XGAD4Qq
Tyz+JLnCGvnCBtiCzGafHQtXI5oS1xtMMpEpSMonjdIQqaWW8/G5KG/ZHTi+RNV23jVWB4moY0Aj
bgB5+ULmcOI6lBegQOUhw4gcM1JKwR+Skbjw1bV6jeEG0SR/j4vYFbhX6zc7TRvX0HEU68dh4N6J
FbyCAkYRJYlBmnsmk+QPAMnaOukLMNKPXQ9yr6lOwcWryKexQYsX85SL56faYpeCh6udxhVZbECB
EI87hFqttmXZ+PzqOAjFLunyknE61w8nvnE0M05OIX4ZkkFa5+Natkb7nIgl+lJlOCB8V74lT2xM
mLly4U6/6nJ0ZqowSg1BRocX+uFsAUrFj9Pmv0h5q88/SY0b909NVZYx7JNIUbI0wC8Vio+St8T5
BD/Cod2gJvbUHnILwgdQoVLJhBeaZFIN+f1v2VhNzxj6ms64oVD5bNrHc0P4RGBL7skb6JRg4gYR
xS8bFN//Sfk1iyBfMgStmCscohj3rrnFFx4axAUVd9qq074Ec7lFqSvea49aFqD0W37FfOtiJGZ2
Svpff/0POr44gw==
===END CRASH DUMP===
