PocketMine-MP Crash Dump Sat Jul 24 17:03:14 UTC 2021

Error: file_put_contents(/home/container/worlds/skyblock1/level.dat): failed to open stream: No such file or directory
File: pmsrc/src/pocketmine/level/format/io/BaseLevelProvider
Line: 171
Type: ErrorException

Code:
[162] 
[163] 	/**
[164] 	 * @return void
[165] 	 */
[166] 	public function saveLevelData(){
[167] 		$nbt = new BigEndianNBTStream();
[168] 		$buffer = $nbt->writeCompressed(new CompoundTag("", [
[169] 			$this->levelData
[170] 		]));
[171] 		file_put_contents($this->getPath() . "level.dat", $buffer);
[172] 	}
[173] 
[174] 	/**
[175] 	 * @throws CorruptedChunkException
[176] 	 * @throws UnsupportedChunkFormatException
[177] 	 */
[178] 	public function loadChunk(int $chunkX, int $chunkZ) : ?Chunk{
[179] 		return $this->readChunk($chunkX, $chunkZ);
[180] 	}
[181] 

Backtrace:
#0 (): pocketmine\utils\Utils::errorExceptionHandler(integer 2, string[111] file_put_contents(/home/container/worlds/skyblock1/level.dat): failed to open st, string[94] phar:///home/container/PocketMine-MP.phar/src/pocketmine/level/format/io/BaseLev, integer 171, array[2])
#1 pmsrc/src/pocketmine/level/format/io/BaseLevelProvider(171): file_put_contents(string[42] /home/container/worlds/skyblock1/level.dat, string[463] ..........MR...0.....)..V<.....uU.Rh+....4..........J{.Q.s.7(v6Iwn....f>..1..Z.!)
#2 pmsrc/src/pocketmine/level/Level(1173): pocketmine\level\format\io\BaseLevelProvider->saveLevelData()
#3 pmsrc/src/pocketmine/Server(2289): pocketmine\level\Level->save(boolean )
#4 pmsrc/src/pocketmine/Server(2419): pocketmine\Server->doAutoSave()
#5 pmsrc/src/pocketmine/Server(2152): pocketmine\Server->tick()
#6 pmsrc/src/pocketmine/Server(1992): pocketmine\Server->tickProcessor()
#7 pmsrc/src/pocketmine/Server(1586): pocketmine\Server->start()
#8 pmsrc/src/pocketmine/PocketMine(311): pocketmine\Server->__construct(object BaseClassLoader, object pocketmine\utils\MainLogger, string[16] /home/container/, string[24] /home/container/plugins/)
#9 pmsrc/src/pocketmine/PocketMine(341): pocketmine\server()
#10 pmsrc(11): require(string[71] phar:///home/container/PocketMine-MP.phar/src/pocketmine/PocketMine.php)

PocketMine-MP version: 3.22.1 [Protocol 448]
Git commit: 9477034a4ae58cc5c12b8278c14a8e46a43992b2
uname -a: Linux 20156057-83c5-45dc-8957-ae95d34b1506 4.15.0-112-generic #113-Ubuntu SMP Thu Jul 9 23:41:39 UTC 2020 x86_64
PHP Version: 7.4.21
Zend version: 3.4.0
OS : Linux, linux
Composer libraries: 
- adhocore/json-comment 1.1.2@fc2f76979f0a44a5f5bc2a2b600d0762fe0e78e7
- daverandom/callback-validator unknown@unknown
- pocketmine/binaryutils 0.1.13@0abee38d4e2861621f262c79a2a3d699d8a697f4
- pocketmine/callback-validator 1.0.3@64787469766bcaa7e5885242e85c23c25e8c55a2
- pocketmine/classloader 0.1.2@9757928424652393b178a3760073113aa7c9911b
- pocketmine/log 0.2.1@830b44a2cf96ef703c550abe64302f230231ca49
- pocketmine/log-pthreads 0.1.3@e477ecf6ec214fdd4415ea1da3fdd9d73bf699ea
- pocketmine/math 0.2.6@43057cb8c179a9859677b496a788db922fd5cfc3
- pocketmine/nbt 0.2.18@9f82ca4d7f97fcd9a566e44b63c4f18a7657ae82
- pocketmine/pocketmine-mp 3.22.1@9477034a4ae58cc5c12b8278c14a8e46a43992b2
- pocketmine/raklib 0.12.11@9cce458b8bfde3e4dfdbf70c659fc7b7fe26b5c4
- pocketmine/snooze 0.1.5@70b5e7937a06878dd321a3182ceb76d56298f2cd
- pocketmine/spl 0.4.2@6b08b7cf8c4afa17139c9a1b3bf1b408531de161

Loaded plugins:
AutoFly 1 by PIG for API(s) 3.0.0
AutoGMS 1 by PIG for API(s) 3.0.0
AutoInv 0.0.10 by JackNoordhuis for API(s) 3.0.0
AutoMineReset 0.3.4 by  for API(s) 3.0.0
AutoSellUI 3.0.0 by LetTIHL for API(s) 3.8.2
AutoXP 1.1.0 by JackMD for API(s) 3.0.0
AxeLevel 1.0.0 by LetTIHL for API(s) 3.0.0
Bank 0.43 by  for API(s) 3.0.0
BasicScore 1.1.0 by Ifera for API(s) 3.0.0
BetterVoting 2.0.2 by Twisted for API(s) 3.0.0
BlazinVanish 1.0.3 by PIG for API(s) 3.0.0, 4.0.0
BossAnnouncement 2.0.4 by XenialDan for API(s) 3.13
Boss_Quai 2.1 by phuongaz for API(s) 3.0.0
Broadcaster 1.5 by EvolSoft for API(s) 3.0.0
BuilderTools 1.2.0-beta2 by CzechPMDevs, VixikCZ for API(s) 3.0.0
BuonLau 2.0.3 by PIG for API(s) 3.0.0
BurgerSellWands 1.0.1 by Heisenburger69 for API(s) 3.0.0
BurgerSpawners 0.1.4 by Heisenburger69 for API(s) 3.0.0
BuyKey 1.0.0 by  for API(s) 3.0.0
BuyVIP 2 by  for API(s) 3.0.0, 3.2.0, 3.9.5, 3.9.4
BuyXu-UI 1 by KaYuu081 for API(s) 3.0.0, 3.2.0
BuydetuUI 1 by FurryJaki1992 for API(s) 3.0.0
CoinAPI 2.0.9 by onebone | Edit By SenKai Official for API(s) 3.0.0
CoinAPIScore 1.0.0 by Ifera for API(s) 3.0.0
Command 1.1.2 by PIG for API(s) 3.0.0
CrateVH 1.1 by PIG for API(s) 3.0.0
Crossbow 1 by SonsaYT for API(s) 3.0.5
CuongHoa 2.0.3 by PIG for API(s) 3.0.0
CustomAlerts 2.1 by EvolSoft for API(s) 3.0.0
CustomAnvilUI 1.0.0 by ItzFabb for API(s) 3.0.0, 3.1.0, 4.0.0
DEVirion 1.2.7 by poggit, SOFe for API(s) 3.0.0
DanhGia 2 by PIG for API(s) 3.0.0
DevTools 1.14.2 by PocketMine Team for API(s) 3.13.0
DichChuyenUI 1 by PIG for API(s) 3.0.0
DiemDanh 2.0.5 by PIG for API(s) 3.0.0
Disable_TNT 0.1 by  for API(s) 3.0.0
EcoAPIScore 1.0.0 by Ifera for API(s) 3.0.0
EconomyAPI 5.7.3 by onebone for API(s) 3.0.0
EnchantUIVH 0.6 by UnknownOre for API(s) 3.0.0
EnchantVIPUI 0.6 by UnknownOreforsource|RBpmmpformod for API(s) 3.0.0
ExtendedBlocks 1.1.4 by Javier Leon9966 for API(s) 3.14.0
Farms 1.0-non-alpha by Dấu Tên for API(s) 3.0.0, 4.0.0
FishingRod 1.0 by CHOK9938 for API(s) 3.0.0
Fly 1 by PIG for API(s) 3.0.0, 3.2.3, 3.1.0, 3.2.0, 4.0.0
FormAPI 1.3.0 by jojoe77777 for API(s) 3.2.0
Giftcode 1.0.0 by  for API(s) 3.0.0, 4.0.0
GroupJoin 0.0.1 by Himbeer for API(s) 3.9.3
HeartWings 1.3 by Edit Nờ Cờ Dờ (NCD) for API(s) 3.0.0
InvCrashFix 0.0.1 by  for API(s) 3.14.0
InvSee 1.0.0 by BlockHorizons for API(s) 3.0.0
ItemFrameProtector 1.0.0 by WinterBuild7074 for API(s) 3.0.0, 3.1.0, 3.2.0, 3.3.0
JoinMenu 1 by PIG for API(s) 3.0.0
KeepInventory 1.0 by KhoaGamingPro for API(s) 3.0.0
KhoGo 4.2.5 by PIG for API(s) 3.0.0
KhongTP 1.0.7 by awzaw for API(s) 3.0.0
KitUI 1.3.6 by Infernus101 for API(s) 3.4.0
LenRank 1.0.0 by Nguyễn Công Danh (NCD) for API(s) 3.0.0
Lixi 2.6.3 by  for API(s) 3.0.0
LoadAllWorlds 1.1.2 by  for API(s) 3.12.0
LpkCuaHangUI 0.0.5 by phuongaz | Moded by LamPocketVN for API(s) 3.9.0
LuckyBlock 0.0.3 by Palente for API(s) 3.0.0
LvPickaxe 1.19 by PhuongAZ, K27 for API(s) 3.0.0
MSpawns 2.2 by EvolSoft for API(s) 3.0.0
MaxEnchants 1.2.1 by Xenophilicy for API(s) 3.0.0
MenuUIVHPIG 1.0.0 by PIG for API(s) 3.0.0
MuaCoinUIVH 1 by NamVN for API(s) 3.0.0
MultiWorld 1.4.3 by CzechPMDevs, VixikCZ for API(s) 3.0.0-ALPHA7, 3.0.0-ALPHA8, 3.0.0-ALPHA9, 3.0.0-ALPHA10, 3.0.0-ALPHA11, 3.0.0-ALPHA12, 3.0.0
NCDAutoClearLagg 2.0.0 by Nờ Cờ Dờ (NCD) for API(s) 3.0.0
NCDRulesUI 0.0.1 by Nờ Cờ Dờ (NCD) for API(s) 3.0.0
NapThe 1 by phuongaz for API(s) 3.0.0
Netherite 1.2.1 by Wertzui123 for API(s) 3.0.0
NhiemVu 0.2 by PIG for API(s) 3.9.0
NickUI 0.1 by PIG for API(s) 3.0.0
NoFallDamage 1.0 by DeveloperNeb101 for API(s) 3.0.0
OreGenerator 2.0.0 by vividmemory, LetTIHL for API(s) 3.0.0
PHP-Sell 1.2.7 by Muqsit for API(s) 3.0.0-ALPHA9, 3.0.0-ALPHA10, 3.0.0-ALPHA11, 3.0.0-ALPHA12, 3.0.0
PM-Beacons 2.0.2 by jasonwynn10 for API(s) 3.0.0
ParticleShop 1.0.0 by FurryJaki1992 for API(s) 3.0.0
PiggyCrates 2.0.9 by DaPigGuy for API(s) 3.2.0
PiggyCustomEnchants 2.4.1 by DaPigGuy for API(s) 3.19.0
PiggyFactions 1.2.0 by DaPigGuy for API(s) 3.13.0
PureChat 1.4.11 by 64FF00 for API(s) 3.0.0
PureEntitiesX 0.7.0 by milk0417, RevivalPMMP for API(s) 3.19.0
PurePerms 1.4.3 by 64FF00 & ProjectInfinity for API(s) 3.0.0
PurePermsScore 1.0.0 by Ifera for API(s) 3.0.0
QVipUI 1 by PIG for API(s) 3.2.1
QuyenRankLoi 1.0.1 by PIG for API(s) 3.0.0, 4.0.0
RandomBlock 2.0.0 by Edit By Nờ Cờ Dờ for API(s) 3.0.0
RankUp 0.4.0 by Falkirks for API(s) 3.0.0
RedSkyBlock 3.1.1 by RedCraftPE for API(s) 3.0.0
RedstoneCircuit 2.0.0 by tedo0627 for API(s) 3.6.0
Renation 1.1 by K27 for API(s) 3.0.0
SCoinAPI 1.02 by K27 for API(s) 3.0.0
SCoinAPIScore 1.9 by  for API(s) 3.0.0
SETVIP 2.3 by MCPEVN TEAM for API(s) 3.0.0
ScoreHud 6.3.1 by Ifera for API(s) 3.0.0
SellExp 3.0.0 by EzMinh, LetTIHL for API(s) 3.0.0
ShopSCoin 1 by PIG for API(s) 3.2.1
ShopUI 1.0.0 by SaltyPixelDevz for API(s) 3.0.0
Shulkerbox 1.1.2 by UltraFlappy for API(s) 3.0.0
SimpleGamemode 0.1 by Zedstar16 for API(s) 3.0.0
SizePlayer 1.0.3 by  for API(s) 3.0.0
Slapper 1.6.2 by Slapper for API(s) 3.0.0, 4.0.0
SlapperRotation 1.2.0 by jojoe77777 for API(s) 3.0.1
SpawnerGUI 1 by DandierSmile122 for API(s) 3.0.0
SpiderUI 1.0.0 by MCCreeperYT for API(s) 3.0.0, 4.0.0
TPAll 1.2 by matymare for API(s) 3.0.0
TheoDoi 1.0.0 by PIG for API(s) 3.0.0
ToCao 2.0.3 by PIG for API(s) 3.0.0, 3.2.0
TopCoinUI 2.4 by PIG for API(s) 3.0.0
TopMoneUIVh 2.4 by PIG for API(s) 3.0.0
TopVoter 3.2.0 by SalmonDE for API(s) 3.0.0
Trident 1.0.0 by brokiem for API(s) 3.15.0
VanillaBlocks 1.0.7 by xSuper for API(s) 3.0.0
VanillaElytra 1.0.1 by JavierLeon9966 for API(s) 3.9.0
VanillaEnchantments 4.0.0 by TheAz928 for API(s) 3.0.0, 3.1.0
Vip1 1.0.1 by PIG for API(s) 3.0.0, 4.0.0
Vip2 1.0.2 by PIG for API(s) 3.0.0, 4.0.0
Vip3 1.0.3 by PIG for API(s) 3.0.0, 4.0.0
Vip4 1.0.4 by PIG for API(s) 3.0.0, 4.0.0
Vip5 1.0.5 by PIG for API(s) 3.0.0, 4.0.0
Vip5bhj 1.0.5 by PIG for API(s) 3.0.0, 4.0.0
WorldProtect 2.3.8 by aliuly for API(s) 3.0.0
Youtube 1.0.1 by PIG for API(s) 3.0.0, 4.0.0
cayphattai 1.1.1 by PIG for API(s) 3.0.0
detu 4.0.0 by CLADevs || GreenJajot for API(s) 3.0.0
essentialsTP 1.2.2 by  for API(s) 3.0.0
iProtector 3.1.1 by LDX for API(s) 3.0.0
tichluy 1.0.0 by LetTIHL for API(s) 3.0.0

----------------------REPORT THE DATA BELOW THIS LINE-----------------------

===BEGIN CRASH DUMP===
eNrtfXt32ziy51fBKvfsOLOSLFJvz6Y3jh+xO3ai9iPJdLNPDkhCEmOKUPNhW5nu736rAJAEaMeS
bDl7/+jMmbZYBAu/KhSqCi/yP7Uxj2c0/XLN4iTgUW2nU6+lwYzVdqye3bc6PWvYaVr9Qdvq1mvZ
XN7qdjqD5rDTsTvDQW/QHrbrtZAm6UEc87i2859auphDqZq4Prj1GDwGrOu1GUsSOsFb4yBkX+ZZ
+sXjUcqiNNnanvIZ28ZLGkQs3r7hcegn28nVwg25d2Vth+yahU2fpi93yJjC8z5JOeFzFpEkjRmd
7ZD3nCSZNyXInfCY+EHMvJTHC6h7nIXhIdCh8vmUxjvb29UaR1ANS0/hd+N01MRC20nsbc8FeQZk
CWFbamw74NtvaMJOkDaK+XXgsxiemmNdqp4ZPr8uD3g+hILQAH0L2iKmHvz+rfaiRbZA8pKT42Rp
ECaOc4l/dnaYoe0jGvkhi7cCUO+ExcSuo5aCaPKbZVm/k03rv+A+7PxONq3fOsmlQJUQGsd08Zv9
+0vQ1AuLPE7LW8AKBbmjByVHx/6drK6SQvxOr/07aRb/Ts/gPy3x82Wz+fH/il/ZZfNs+n/wV6cs
+fN/mr80k2Z/67p3fBMhZfxTs2k1m782/5cQ1H5IUCHalmX12xUTEbcdRyrCcQLuOHdU0fgpodeS
tE9TuiWqa99f3TmLwVNs2fZgeH9Ngo3kuOVyHjIaEcGw8zDDjlVlKO80fvL5bpbyc2QoGHUfZmR1
7e8wSgPvSrLoPcjCGg4fYgFq88CP8Vjy6j/MqzvofYdXktI4lTwG9/MoO8xW27K+w+YLmi5YX+al
W9z9Cv6OYAvvgUNOTjiF9q0TRb/Hd5yCZZ/wyQRL5f6hd9fyi5t25+7NeZhNgijZFqIMl4vSqYqS
SF3J/tySDLaEwDH7IwMfnnfKvvUE51KWQC/9svb7X/Ua+x8dsTYVRUBQ2UZfguiah9dsBviBc8Sh
QL3mcZ+hDiDgAxEIVq8NP5x0+5//FFcdcUX+SV7HLM3iiFzzwBd3uurOtrjqiat55oaBR8ZZ5KES
ScW5/EcU7YuiTvpfkZuSVyRiN+RNMDmI/IBG799cnAv1bL38lyg8yAu72XgMUeAVwccaP93EQcr2
+GweQysxfwu54CXPIv+CTracmlOrk98Ej6HiAVzSaZA0fgpzSHi731K3f38p6+xbinC32dXzE5aO
aDrdekmaxKkVTY01KpyKky04/SV+t5WC+x1dwf1uoeB0GvObBKSIY0i2mL83zaIr3SCtfq9a+DJK
svmcx3nxQ2EV5kN9vaH6g3sbKgRvIRhg0kD+y8Ofn0XsVRe/viQ75P+JIqIV+7lSlVkozUDTKT4F
j/x5oZFBq9TIAPVc++vvPOfvPOfvPOfvPOfvPOcZ8px6bcLgURpikI8oDuBrBhvA44IqyzmAWrtp
200L6VkQ+pBEDDqdei1IvvjsurYzpmHCIKeIeco9Dmw7nQFUEmBOMez0+612h3Yo6w48r+tZtjuw
+wPP6tAB6/Ropw1m59rAO1NYToIouyV2y+r2Wt1+Y9D2uo1O1/cagyFcUjbs+u2Oa3VbPdJpWt1m
q2FZdkPIBOHrhWW1G5duFqUZOT8dkYtpRn7OQjIkdnunY+20h+TyYg/Y2y1yO+h9gWwGoMMwfafW
B8dko5TfWOQLqTvNlrz7hSc5MiCIi1BdeJhhQFN+CQM3pnHAEtQr9aegi5htf0141IAyKseywLfZ
r8eePe73hv3huEU7Hdodd13Pprbba7X8Vr9nj1mL9QesD+x9cAAxBDU+2/ZoGLrUu2pc0zAA74up
KmjtKuI30Wv1F+GWbe8GEY0XwuahaAvqttqvW9RlrD3wO8we9CDJs8Z2z/b6Q2rTtt8bDv0BBWjj
jsnq3sotcPLt171Of9DvwDO9nutR2oeWHnTtjs0GXc9ue3aXDbxul9oVhthTQ9FTFTb79bDf7Q/t
Qcfu9Lp2e9h2ITeh7T6opQ+eoA28veHQslyTU8gnggOY6OtBu+WCRm1vPOyxMZge1IwC9zrtlj22
4T9ty6Od4R0OjTmkT5Cp5Ipqv2Zguswb95hnW52x73c6VpdRy6dtuBj6/bY7Bm0xarKCeDNVaHqv
odJu33PB2kG9w0F32Ov33c6wR/uDge8ObXvsd72x1zZZQDKbyzN4PRwPbADs98fQJp4/pN1ej3U6
bq/tdcbWgPZ73T5lg4pyy5+N2bzowK/X6I0as5hegW1LvQAXYON5rNMduAN37LM26/hj3wVde73u
cOz13f6Y2T2361UsKIk4/8aUeruv+y23y/rDdp+2eoP+wPfbtkXbFkjL3H7P7/bs4WBse36FyTwU
HKCnvu65rYHb98YDr0PHFBKb9tAbUsuFhrHcTmvQbVs+s3pW7a9ixCP6JsbVw3Chub+cUq+VPg8d
Ac3SKY8TzENHx2/RddJ5gFdtMPwWXrOIupAS1nYgEoEP9BnkhWhDv8G9hI/TfZ0wA59d1iajEA7M
oBOgD/5wfvHpw9nJPpBumJvAYEYlw/jA29PzCmCk/DjAUNt6gI+j6wpgpOiAAVHTapmofwYX857z
2J9mQbIp/F+BaZQzdRyojsPI13FKUCtJhOHxjCUsrchV0k3pIH4Ywm2qNSIfHFVy9PadlKCofr32
OWdheHlcEUURdTkkVqORTlh6cXx0YjTPoGk/ViDFbj34n0cV6J9HZm8AJ3OPbZ3ub8qoJDfZBJ9H
q4Gfpuk8gSwOcqNp5jYhLdiWbLaVBCjcrRyT6OLlJFPAldrlCRLSW6ZGN6s2zBsaXWm4xaXZJzrt
5+gSWNE6KJPAO8fszMBaEJeY0fEYErK1dFwTfI8yv/aADIKtGKYqHGsIxNKUxR95CoMFXSSdrAtl
A2LbFOriJkhS5j/NdGqjYDJZ7GVJymcHkTelUSp8uJIwlXU4jiuAXQtgILEJc7m0If0WRB9pFCRT
XVqdXO0o7eWxsV7rPMUEg+AwpLMgiBAHtJ0Ox7xaSUaeJLtRxLPIU7OzpZzVW9WWNYNO7TOLAhru
08iQ2Go/VtBbwc+nEUhVgeI4cuS9qoRffsloUBFN0kyZKpnNfJrxaEK/bcrP5fzQl8cUQUjRVhIj
hhIeBbuOdUE0qmmKXVOUg2sengOsTYmiVQwyGCiUKOcXu2cXl6N7w9LNzU2TASLk3kyvhHw44Gfx
Bedhoguok00JwQQb0MFpxcHsfWPedHS6z67xgY/BbXC19+umxPaQ+XzmA3PwLhJbithACSbSdcOz
BnvbYCV0w6MTmhlqkZRql2w/W2r+Zo206U0WT1iMKd4nKvhouM07VfdZ6YBHLEhY5IqHesP1QuGB
xyM+W+yOjh8KhmYN2IoGwLVlntObiMX3iJzfMLMUq+pEnyDx+lIqTI9OKStghRYW79jCkF4QHs4n
N2Wioq51mmzx8XhkgkWC0akeBFrH+Q71dyhcLv7tPEEAqN9xQu6tJcXnrGEMsArSA6P2d/TfWdYa
WLXvyfRIGXK+jrPPg8/ZWnL4LM2qgijaA5IcZnG8+JleBbiusKkeYzAFITJ6kb2HPPPyeHWJ9mDw
j+6nlCenVN320JSIR8yF/5M/yYEfpOTNgpyz6B0NyIfxOPAgKdqUlKoix/EAGDB0nBLhquJVxzcG
eck48ikjnFK/y8c6OqZ12m82ozhBr8kmKdWBm/1sYVfVuEYg2otpyj4e6agVpYL62TCf8yz8BBHU
cX7NwjGdzoLDr/E6AkBK7PIbQwJFesANnPMoof++qAjRfbwQgh3Yjqp7DQEwyz/iVBcgJ/24hG3v
aB3EOJLeDSGZTQzUGvnBkdKmhxd6zdAEJo7HDTAUk+g6MGcjTfoyh5V+O6Sue2/QtFYc2+uZab2G
m2aWODGBbfXG3D/4GMRCgkLGglQdQfUrA14+wdXUeu38wyHb2KhXMHWcawHBcWDwpH5psB5oUyET
jaZvA71H5ZTvJ2ub7EzACuDKKtdoCXZdHc8WpIoz7tyJIcVCOblgdFaZU3m8JDkAEKeEskKP0tL+
Etp2wQOlDbzp3jRbsMjoXwb5xywj+VClJ6pco60CNsMGNpArUtVpd5/Zzsp6V4CdYC1fLt5fGMhL
amXA+RwDL1Ud1FbV9/f6M7jAe1JHnfqsmeNqcwMqedRQrW5OWg2GfKXjL8XrNvvVPEAl5hvP85lE
IFJ9A81ygeQ0++WxkVrqVNPQeqZAl3LXyId4YzKVHEGUHMYaDSQfgfG24a0M8ooSjYHCs9hjf569
mc9mc9wMyP3Ny2kVgn4M5mvJepsCW+a/wV2VejSq3KgOazrVZc3rgMXkhPFoOOz1zJDUecoCJ/LN
2YKQBqrVxTyk8UyXTl5XHEkj4lGDhvMpNYXbdzKL0W5GLpys1WKVVYwNrNtMZ44jEKk/K0kUJNMg
mpxxfRCqESuyVSbCjz68Gw7bg00Z4u3t7tmHz4C+qP/RE4c5tG0hpLFD5hG7Y+SMVVtLwvNZuSc1
2Fo7Z/I0XhNEUcw2aldb6Sv/ylkf/xlyPWEGruQIbSVBFD9WEeVtME7zoxlKloK03jzuExvggkYX
HJf/sPo9qH715ngb82z+Mw/0QVBJu7M3qDIHH8xcxmKjPYbNh9cxa6MsZiOG/fqheXjJGSTKsazY
heRzTZADhDtiNE4/QRfUnZ1GrFhcZaSOM4rv0dn5PtlTf/fV3633e/svN7fokCNavd2Oo+u9mCbT
w+BWk02nPtx2mwpJs+yPBMesQXTtYc3j4HadNWcAfM6YKQESliS1IuAd8Tj4xqON7UkzmDqORLKW
MCmbHcYgxyjmqTgkpgt29+YSIT/hWZNYLHH2W/3OA1Mp5drKE8a7lepAAXcQr26e2GNPWaSvxBak
HzO0/TpbHe07xubQ3CwS5/pKyCb9wRzi3ZTTt3QGnRi0tSkZDKaOY8BZQ7opf8t1qcS1Lk0H7Of5
hupQ36qjXSgaTS5GJlhBqfaVynwcvflGbza2yw6ZOU7E0/mjEzcJCEUKUmPcJK+ruU5lyHQcwYg6
yhKrZS47PsFRayzBkoK1hoAnLDoz9xHmlCUu7P0kW2DE9LoRhtBWa9yJJgSnbDYbQcVs0MrSBLf6
FidxaU5c9ZrPsicSa1oDJhTYDcNP4qifjtegP7zAZkT5J2TKVzwCJ+RxHuKaO/VpGMojiGuIM7/a
y+gRjSZGdzDI1ZSle/8uM/InOYUk1yfugpzQmZxl/fi+koYumeQq8/xyJdeY6PnOzsnlW9YKedZQ
TuZdLUT+oaumJFYVU10MoyEEhSdOGK0kfd7fZIWQHBUYH+0pFa9tTVzUyPUo8K7orZ4blrSK1Vd2
BYxEU+z+Wifv7P6mXExR+ToZ4anYOaT33pxiOhz7eRcJVaXQREXtj1saPKW3hTVoMmnU6rqZdWfr
K59PgzDwFpsSTmOJNlhAMS5WaixITnF+FlMfTTiNuiTabTBnmkGtq7uP04yiE6tMOevUB3Lu93RW
8Z1PwC2YrQM8TAMRyQzcBdFUeKfq91bawdrYPRkd7fbF8Ki4HJiXQ/PSalWurcq1nV8/ftgMMooQ
ilumNHmfshtWYwS6hfwKj7DshYzGJ3SiH0O4c6u6bldN437ELEgV1OpWBE+eZSFLjMRCIy6Zxfoh
0gksa4hE5xdTPfYpwgP9+Pn24Mu6878rwWfplMXiupSgoC2JEZ9YnH7LAstub0qUkiMIkcN4dMJS
ctsuZUKhpwGbfdSnPHKKaYBLNl8MN9Fkv2QsSdWflRoMchuz+0jCQ2vim4x3arsQNA/UixDWyZ7f
80MYkOzTmXgPVCmCTn5w8mYfz9TxOYvfM7c65G49aQeJzhaE0xCtLt6HmL0Vr4cwJxQN8hIHfh1c
B/6MzXi8qJMNn0nUcTiO+rmSlxgdjRp4gEB/60VOWrL/6lRMO98f6n94MEfA+Jaj1Zt0dNp4wyi+
LkWXvSQuORr4lSY8ullEkdXa3IHsgiWeBkQYeA4wh7NcIhqngRey8ymf6zLp5CXp84/Ynq7jWaO5
xGAYzdpoL426ZJ/6PoXCb7PF01YulwzK80pAyhKZcfGIYJcz3dbYbJc6MbFUdWPeNXXUqUaTe3Vk
PSEaVvVhoLmX+HT9GOxKPR1S8QK3Oxoq6HcO7K2im/bTpnjEcEFRvjPjU68dnb3bm1Kx01U7MX2/
hnNpKpdP1mrBCNWZxUwA0jSZk6qjRatiYb3O4WFrPY/50Gr1nSbMf+IKUL32mV0HPEtGB42iSKm5
LxILaEqBL389ZgoNQap3XxVslLIOojRIA5Z8rmispJs5Xr9qe7MgvGp1LAzAZyDSNQ1Hp6ejjfXS
WPLE7WCOMwdgTAGTGslhrr33VsO6bcqrFCNb1VSKpC2ZdZBNR/43gXbGt5kdR+MgCtKNTWgZtiEQ
aT83YB2Sj66F6vbSyo1n3WG60nYQtcHUxLV6/P5FbAPUBFSENVaicZT6yPbEytbAiruxcW3thOur
VAZ5yWHgZ3iXwlEwXWPp6ky8Ha26nqFTl4xX8tN835ma2dikTIloLeGuLuemXEiovFXlTnZLw6sg
vko2ukgjzxfwSBwcNnpS7l0BWwbWV2BcLh7zz++uRelU81VEd87HQVFIE8fp6GBjzVRwBEFKII6j
QVpFLkhtIrYXxF4WpKZsxp0ltpkyn7d6lYWl3lMCoKx+1T0SZ1BJap5aKkgPHlzc4GJYXuE6a2Hn
d0/5nt93zBccmv1swPMaHwO8GiXPHzjAO3yO/QPnjzude35wYZ7eVwTTzitJzune6ODje3JxsHu6
sVVIwRLfF4vb8ldCnqcJGvYycyjR95rtqrGvn5QsTz/yustfKwnBwvDgVg8YOWXJO90Ovp0G0XTj
83WSreMcfB6tNwuCpYUJ6qIUtB+TS+2JncBqNmklxEbepwhLEtpzGqaLUXDLwn12vbH1lMvjddWd
hVcsdvmtIUBBXHK0/jJMY3oY0vl8YwMTjSW2gUDyht+uIVIwm4fsLcWZaGPbfOXGg6sOv2K8pLHV
25RYBUMQysCxjmDfYIhFF8YrpzTiwy8/21R4wPpOsD4UJP+9EnxsUxO7opjAe1Ujy4tteLSRSLZr
6F8+cMbTampUvbNkou07h0xaj/dYFQBryCRfOvTWdGAl8QGHuw/jmoDF57MgZJa93ly6tjHuzguZ
VniPiKp6HTHxzf8VIRVpiZ8+3duLGWCI77zM4skWmENYXY6L0a6xkiWvK+ZWmVmj6WJGN3fQM+fn
OOmchmu8COFiyvi+Md2QU37cjidv5uPrqEW335v55/L3Suj5HtX3t8vrR7w/5IkvdBL1Os5ae5Ev
+Fzu0TLw57TKismz6Z56YDLr5CYAEWcdLo8/Tk3gBfXHQc+C9cF/5ObbIQuSmZLb92SGMx7tHzz1
paxyxzKXW3Zzl6N4O06Opvy1klgxuCzjvaQ5ZUkndmN+FbDKizO6j28SxQ/Qy/qhS5yWUJbKga9k
DUN65wi2SV9yHuT2PLsvL3n4bTPmGe+HDvgK7o5jQKpcriHqQbiAxPquqIq+ZLbXPBT+tK1EtcMg
Zjc8vqp9/9C5Aa5yuY7Qco0RX1J7Tysbd82jSnfsF2LV7rehPfjuAblH2vG1hIIvRYvZI9Zdclzb
98mEigjmli45Xv74mX2sdnXfCaVtE7N9B7P9IzDba2Fum5jb/x/eRo3VroW5Y2Lu3MHc+RGYO2th
7pqYu3cwd38E5u56mN3p1wpspPx45BfiqCOMsFaHLzZ7q+O5mgwGuTLN2xxUTk6GQRZubIpIcnMc
sbV9LhGssrBxj/s8zYJ4HLDQ1z+dk3/hK4WB3/ZMvEh725AWlPJvnqWZq08v5ZQf713/fbF6Y3p0
MZ/SNDVewK4RqxN+z7cb15uv8eUSfO+sBlhcLonYeye7eGCB/PkneYsbPn6mX/nm3ogomYMAQbTW
hAt+ojRKAxomxglkg1ydPrKfYyJPr9FxKvUvFSO47+0Dwf1vHbhn+fZk//PGjsztf3acYM23B9zj
CYBPAxePtjUp8IOkgTcNM/28fk75sR9lUbWuamj45SuKr1VImYTTvOeTgfBMoxHxxk3wjca+uPLl
u+MaNEoCMTgR3ypsgpOFsYjYIrVTezEqrsgej8bBRHxX1IleXGRMfHSvR1rdndZgx+7mH92znGjG
U/+Vg+ezaT9Uf334227hbmBxyQj8GI/b7fIPkt38B8X7lt/Cx1p2j4o/+BYJJPZVIU9cWgO9TM8m
6u64kf/qqQKJ+DscSy4tg2eXmEAt4kRSJQ380u4ruz8ctp3oZgp6b4RBkr7i47ETUfVxDIgkODve
oN40YPJ7y8kr8BZRgtOdDRW6wIRetUA/9FaVT17ZcD1RCwR4b8xj4FZQRCXQgD6uEMqr+fVccPYD
fCl1FqaLVzbwyPfMNxKW4odWkldOJD7u00BrflV82zWnJoz5RRH8Gvarw5PdCyeSJtv4I2PxQtSj
CLEH4AUA/NWc0ySBqOy/+qf4B5rIUt7Ar6OKh2CMd4MmllJQzquBE926/LaBnUbcDmk0yeiEvWLR
pNBzMH+Fx6ngf475lcPmYobfhHtBsEcQTxhiFov5b/kdbVAaMYweLJTAeClhJNcGoTEj6ZQRHoEx
pxADiYeNlxKXkSDywgxPgAP7O/0AeZ3zGTw5RgZVngkdszrheHAnQZbEjRm9IguexYoXCcYEGjOA
7ANrgJbET35DWgOM37Obgt22z8YU2jMhNzz6R0pwop/GBBU7A2Hx+4wLRIgfXZZy30xZRLL5JKY+
MGg6aG+K2Y4TEfLi01ScKMLvGYPX9wmwUB88BR3E0PVDmsrPHSuoYCJUfpg8ZKnQF7411mNkKj67
jJQZcpZmmjcjfjc5TBjeSKZZ6nMwefUh9R3i1OQXXYkX8oT5Tk0g2w1DfkOwIwEYovIwch1Q8gta
HpYRJpinaDsEXah49EAYpHqGAC6CnYNAi4FSkJu7IEqVWF7Zb3FbA/viEwykwSJAr9T3ScwSqX5U
K34Rl8wYTbJYdGcCSncZggblsD8yGqLaJsE1lL2mIfjDLVUpeMGXyF3WCD2HoQdpgNrxc7Q7BLs8
1P0+m7mgFbCq3WQReRc0uSI4VwJ21BQFLkFbwrRzSbHYNObgcaD1oHhSJyIxJqrzQ3+oE099Hh07
B+oGYgXSZlkEFoRFJPNz0bwgE1hZzG8DsDAGagCRhOVGBTjUrQJ0PEZbxTJok3USpP8A9aWxeAwS
NfwUL5pM5WGyBTJk0G9soRYhRkNJuiNYVW2VCuOIswhfE4EWiOeeRCOIT78kTQIpmfpNZsFkCp0Z
3xZV1zufMhzUiPi2uqRKhaFiZoBNySUaFzql+IirLzsExW/eA+z7EaCNoM1xUDRYV1MzNCjckIUK
SwOXLw5LyU75NuQuWA/GfyLp0A9mQYp9e8Ym1F2koHFyLlXdEsqVwVo8foGtdhMIzQuLgk5705CM
ciNLhITjACCCR2L4jh9kM4bsOK9SGjm0VobdlEw4NBTHbopWgRVNBMyGgLZDWigF1C5csPyQ6v94
CTChegg/xtWn4U9SPhcQlPssICl2CQH3gaES/F4OCGvNUVktu6OACSfwSfQKhS/5xwYQin4hIKHH
IF4GwSeC4EPYLfMy4Xy5hCx7JAarojS79SBLSEqJpOP6cHGwQy6Ojs/JyfHp8QXZHY1Ojg/Oyejg
jECK+u7grE6gELn4AKUOyKejDycHZHT2Ye/g/LxZdQGGPuxuT6ljxOKAi4CMjjhBAb0pEy5ZaKNw
thboHlICX/gWUaSBp4qkmxWsIHMFOcFBgzWhvN8zNmlkkOFhAIywmKpMcJZMwPWWjlxGJFHHB4wh
GOfFA827pdEW1GgAmm3OPEwHpGYRrmxX+WwhA5gXmyelqO2WkjV5eT8kJXlbST6hsQs9o+HxMJTZ
p3BA92tXdDWEo54i6inw3TMaZSL50JFAYpaBDb6s5zGhaoS5GcrwOh4DLynvrOyCTfJB+nxp8JA9
8Cz0CywBBJGbiJT4E8l4LuCDoL1WS8kKtR0KZ3EnSArTkRwK2cYxn+XBVj6tSjR009RbGKVRLXnH
Nsg9JmVYx3meMGKTxVATmqEyZD+bzWV2JVM4om408EbeXvtYSD0gsAuYuQRwBWEeOju9R8EQtCHw
QQ3XYGRJkjF0DOkUWm2SZ5votLC2ElU9b0iZI6iksinRYNHv6gnHNt40i66SHPsenSM1mGUziLEQ
XmOSDwywIYkcCUkUpV6xvyhVih5z18Yg2Z4rRKLCBmbBGQTdTtFi+1zeqto05kbo9SR/WTjvQpKX
KqhLJjKHhgcjPFbIhi9gF7kKpI+oPUAnEwzJZU5xTELkM1LCUjp4TOlTjcRVzVi4zHZRgfgKi5zv
w6weskMniliKDbajQgSkZlMeyhTTpak3FZm4gAxZE5iQCjLCt8mRj7orQ4vLimRThrcXeivlt9Ct
xosUmddJw9IaUDSeqLiR5mBUCBBeu8xjxSAVU0hfSo5jGZHo48NAVLCa5AhyQbClVyK5I3ujyzo8
Cxhc6F83gQ9mL3IF6T0L/g3Bf4f08rS7zMgToR2tbJPs+uCopjQcb+OnosQwwWdgw6oqqJTglA0a
mNYRy7CnMdOHIge36NUwxaRhkyCIy1E0ypPtcgCIYwkEdQNhEx/M5tG8oa4ro5tT1euS4Bsr2hPT
8rwZcSYwT5kgbZfmoYXWztCWD71skpF6JqS4iwtH0GokqmxB1DiO6QRFgDYBtSXzUGQsOLycAXjs
7DTGdtoLA5whEePlGAZTLEnJ6cWlQJqASCi2m6UEx+eiKcvq5OCimfuaWZo18KkdgRat3GduNtnJ
Byw/EQsHKipdm0JXFfeJGp4mckCNlhwlXAYuZQ0WMpPOSXLbm3IYwKIF5uMUlo9EhQfzaUpJQq9z
T4mTIfm8EN7ThrAATMwIyoRFzUd85UEkB8Niaugf5LPLb9HqY3K8T7Y+Xx7vvwSZweQBA5S/AXc/
j+WxUDAMHL/EMHhplhkgWAIXRYSy8QXsn9+c5PzV2Eaj/ENUhtNFImhC9oGDXBGGhWw8nx1RIUSb
0xmPRbVwLxgvGrdZ4JfSUkhTwLkxmuZuE8QXVlrPRwFiBKmAgtlA0ikysoh7YTAn4lmwmlO6AIvB
keSMX+eDcoxoKgwIV9zI78kqk9IB5vNe+gTJhZjhkOaOnw+gqWwLUVbZdpaomRYPOnIqXZ16piGf
2SFzyJHwY0FQjXTjykWpWjAO0WhSjBMifCyshsN6XsqYPbt3Uko28u6MZ9iDxzLeqA6NqlRNjPEV
PZSYjgAzxN8iQMLDZyJcag8LwSMmh78uk8xc/MoC/MZpTBHhprm9CxMXs5tG4JXiY0WF+OCHCK1C
BVk8ETkIg5h2H8rW/TBpDJzAPvJuB2Dzh/FvgaYt+jJODjSyuY8vGtB8o4cxVVQkJnP1rrkvKhOT
pYlwQKhPFmNLQ6qOJ/yIko6oyZQ8gItnDNGBX4PY5AWZwDAsKdVTTtgUGmreVZFyTTc0EOM0cJMw
iJFtM+fzLMyNUV1gJBNllENsC3coEvzGXDkxjCXolyDYqdRZzNvKKaodFcRxRk0MGyVZxkDVXvhB
72KuQ+vkaO8NfFV9hVR0N5M8n0K2OeZai0Ava8jFmqLklGPLCChNPNDdDLhADI5sMcNhT4KboBOQ
MCmh41hO3SflfSGCcGJ0MolhAC0ny9TMmpxASGMqWs6QT+CDHvxh/8MO6KOhXL6MfOgUbpjMrSl0
nRtRYyKAlwIIWlObzoZAW2hemqZsnDtKhQaV95UxQYyPGipS6SmioHNddZB1R2gn2sxVnYivb9QJ
frtZhOe0yMLA9Y5ZDJl2Az1QhOFP3s2jlYwV1JgJU4tiWnjNIOOESC68WO4sFEPR8vJ+Xsedlpay
6k2dBrPSV6v4i0yxPPYEdM3YsugwsUIxxaceyqdzm2UF6o5eQ67NhyO8ctuydWWv0GZOFA9gnyp9
5nMkU0UUHgMHOSpvVh4Dp5xhaOKLxDEYF4xg9AGCyPUF9ED5xIH0ccBPucg8stEwoIkalUAiSfHU
ibrClAcwqrbayRtN3gO7xRmsHfKbyFUgftbFlNbvyFS+kbcIk/q6hxAD80bchiknDfLlJzEbcF/E
EgFdROhE5MdisImvDAGsKtzq8GW9AoP8SXDBCqOCjF5ljTsEF6527H/1693hrVVv37br9r+sf/mY
D4l+voXbOzx0rq8GLemK5VWn+1ImeXKJQR+ryx6OsQV0rKbSROoh5sKg1bwFrqRkXprFuVPOByhx
sTghPA7wgVDlicWfJFdYI1/YAFuQ2eyLQ+FqRFWivMEkE5mCpHzRKA2RWmo5H5+L4S27BceXqLGd
d4Wjg0SMY0AjbgB5+ULmcKIcygtQYOQhw4jsM1JKwR+Skbjw1bV6jeHe1iR/BY3Y0LhT6zc7TRuX
/7EX69dh4N6KFbyCAkYRJYlBmnsmk+QPAMnaOukbMNKvXQ9yr6lOwcWryKexQYsX85SLo19tscHC
w9VOo0QWG1AgxOPmplarbVk2Hr0dB6HY4F0WGadz/XLiG1cz4+YU4pchGaR1Pi7Da7SvidhdUKoM
O4Tvyhf8iT0VM1cu3Omlzkcnpgqj1BBktP9Bv5wtQKn4Xd38Fykf9fkXqXHj+ampyjKGfREpSpYG
+JFF8T31lrif4PdDtAfUxJ7a/m5B+AAqjFQy4YUmmVRD/vwZG6vpGUNf0xk3FCqP1X0+NYRPBLbk
jryBTgkmbhBR/ChD8emilF+xCPIlQ9CKucIlinGnzA2+q9EgLqh40laN9i2Yy91VXfFKftSyAKU/
8ivmWx9GYmanpP/1138DkNhxiw==
===END CRASH DUMP===
