PocketMine-MP Crash Dump Sat Oct 23 10:02:05 WIB 2021

Error: Return value of Xenophilicy\TableSpoon\block\multiblock\EndPortalMultiBlock::getTargetWorldInstance() must be an instance of pocketmine\level\Level, null returned
File: S:/plugins/TableSpoon-master/src/Xenophilicy/TableSpoon/block/multiblock/EndPortalMultiBlock
Line: 21
Type: TypeError

THIS CRASH WAS CAUSED BY A PLUGIN
BAD PLUGIN: TableSpoon v1.0.0

Code:
[12] use Xenophilicy\TableSpoon\TableSpoon;
[13] 
[14] /**
[15]  * Class EndPortalMultiblock
[16]  * @package Xenophilicy\TableSpoon\block\multiblock
[17]  */
[18] class EndPortalMultiBlock extends PortalMultiBlock {
[19]     
[20]     public function getTargetWorldInstance(): Level{
[21]         return TableSpoon::$endLevel;
[22]     }
[23]     
[24]     public function interact(Block $wrapping, Player $player, Item $item, int $face): bool{
[25]         return false;
[26]     }
[27]     
[28]     public function update(Block $wrapping): bool{
[29]         return false;
[30]     }
[31] }

Backtrace:
#0 S:/plugins/TableSpoon-master/src/Xenophilicy/TableSpoon/player/PlayerSession(112): Xenophilicy\TableSpoon\block\multiblock\EndPortalMultiBlock->getTargetWorldInstance()
#1 S:/plugins/TableSpoon-master/src/Xenophilicy/TableSpoon/player/PlayerSession(106): Xenophilicy\TableSpoon\player\PlayerSession->teleport()
#2 S:/plugins/TableSpoon-master/src/Xenophilicy/TableSpoon/task/SessionManagerTask(13): Xenophilicy\TableSpoon\player\PlayerSession->tick()
#3 pmsrc/src/pocketmine/scheduler/TaskHandler(137): Xenophilicy\TableSpoon\task\SessionManagerTask->onRun(integer 5188)
#4 pmsrc/src/pocketmine/scheduler/TaskScheduler(179): pocketmine\scheduler\TaskHandler->run(integer 5188)
#5 pmsrc/src/pocketmine/plugin/PluginManager(654): pocketmine\scheduler\TaskScheduler->mainThreadHeartbeat(integer 5188)
#6 pmsrc/src/pocketmine/Server(2389): pocketmine\plugin\PluginManager->tickSchedulers(integer 5188)
#7 pmsrc/src/pocketmine/Server(2152): pocketmine\Server->tick()
#8 pmsrc/src/pocketmine/Server(1992): pocketmine\Server->tickProcessor()
#9 pmsrc/src/pocketmine/Server(1586): pocketmine\Server->start()
#10 pmsrc/src/pocketmine/PocketMine(314): pocketmine\Server->__construct(object BaseClassLoader, object pocketmine\utils\MainLogger, string[4] S:\\, string[12] S:\\plugins\)
#11 pmsrc/src/pocketmine/PocketMine(344): pocketmine\server()
#12 pmsrc(11): require(string[58] phar://S:/PocketMine-MP.phar/src/pocketmine/PocketMine.php)

PocketMine-MP version: 3.23.1 [Protocol 465]
Git commit: 14fba366364eca9f13a30b955c702edbd8e66267
uname -a: Windows NT NOVASTARK 10.0 build 22000 (Windows 10) AMD64
PHP Version: 7.4.21
Zend version: 3.4.0
OS : WINNT, win
Composer libraries: 
- adhocore/json-comment 1.1.2@fc2f76979f0a44a5f5bc2a2b600d0762fe0e78e7
- daverandom/callback-validator unknown@unknown
- pocketmine/binaryutils 0.1.13@0abee38d4e2861621f262c79a2a3d699d8a697f4
- pocketmine/callback-validator 1.0.3@64787469766bcaa7e5885242e85c23c25e8c55a2
- pocketmine/classloader 0.1.2@9757928424652393b178a3760073113aa7c9911b
- pocketmine/log 0.2.1@830b44a2cf96ef703c550abe64302f230231ca49
- pocketmine/log-pthreads 0.1.3@e477ecf6ec214fdd4415ea1da3fdd9d73bf699ea
- pocketmine/math 0.2.6@43057cb8c179a9859677b496a788db922fd5cfc3
- pocketmine/nbt 0.2.18@9f82ca4d7f97fcd9a566e44b63c4f18a7657ae82
- pocketmine/pocketmine-mp 3.23.1@14fba366364eca9f13a30b955c702edbd8e66267
- pocketmine/raklib 0.12.11@9cce458b8bfde3e4dfdbf70c659fc7b7fe26b5c4
- pocketmine/snooze 0.1.5@70b5e7937a06878dd321a3182ceb76d56298f2cd
- pocketmine/spl 0.4.2@6b08b7cf8c4afa17139c9a1b3bf1b408531de161

Loaded plugins:
AlwaysDay 1.0.0 by Zinkil for API(s) 3.0.0
AlwaysSpawn 2.2.4 by Philip Shilling for API(s) 3.0.0
AntiToolBox 0.1 by NgLamVN for API(s) 3.0.0
AutoFly 1 by PIG for API(s) 3.0.0
AutoGMS 1 by PIG for API(s) 3.0.0
AutoInv 0.0.10 by JackNoordhuis for API(s) 3.0.0
AutoSellUI 3.0.0 by LetTIHL for API(s) 3.8.2
AutoXP 1.1.0 by JackMD for API(s) 3.0.0
AxeLevel 1.0.0 by LetTIHL for API(s) 3.0.0
Bank 0.43 by  for API(s) 3.0.0
BasicScore 1.1.0 by Ifera for API(s) 3.0.0
BetterVoting 2.0.2 by Twisted for API(s) 3.0.0
BlazinVanish 1.0.3 by PIG for API(s) 3.0.0, 4.0.0
BlockPets 1.1.3 by BlockHorizons, Nexus9265 for API(s) 3.19.0
BlockSniper 3.2.3 by BlockHorizons, Sandertv (@Sandertv), Chris-Prime (@PrimusLV) for API(s) 3.2.0
BossAnnouncement 2.0.4 by XenialDan for API(s) 3.13
Boss_Quai 2.1 by phuongaz for API(s) 3.0.0
Broadcaster 1.5 by EvolSoft for API(s) 3.0.0
BuilderTools 1.2.0-beta2 by CzechPMDevs, VixikCZ for API(s) 3.0.0
BuonLau 2.0.3 by PIG for API(s) 3.0.0
BurgerSellWands 1.0.1 by Heisenburger69 for API(s) 3.0.0
BurgerSpawners 0.1.4 by Heisenburger69 for API(s) 3.0.0
BuyKey 1.0.0 by  for API(s) 3.0.0
BuyVIP 2 by  for API(s) 3.0.0, 3.2.0, 3.9.5, 3.9.4
BuyXu-UI 1 by KaYuu081 for API(s) 3.0.0, 3.2.0
BuydetuUI 1 by FurryJaki1992 for API(s) 3.0.0
CoinAPI 2.0.9 by onebone | Edit By SenKai Official for API(s) 3.0.0
CoinAPIScore 1.0.0 by Ifera for API(s) 3.0.0
Command 1.1.2 by PIG for API(s) 3.0.0
CrateVH 1.1 by PIG for API(s) 3.0.0
Crossbow 1 by SonsaYT for API(s) 3.0.5
CuongHoa 2.0.3 by PIG for API(s) 3.0.0
CustomAlerts 2.1 by EvolSoft for API(s) 3.0.0
CustomAnvilUI 1.0.0 by ItzFabb for API(s) 3.0.0, 3.1.0, 4.0.0
DEVirion 1.2.7 by poggit, SOFe for API(s) 3.0.0
DancingFarm 1 by RicardoMilos384, DontTouchMeXD for API(s) 3.17.0
DanhGia 2 by PIG for API(s) 3.0.0
DeTu 1.9.0 by CLADevs for API(s) 3.0.0
DevTools 1.14.2 by PocketMine Team for API(s) 3.13.0
DichChuyenUI 1 by PIG for API(s) 3.0.0
DiemDanh 2.0.5 by PIG for API(s) 3.0.0
Disable_TNT 0.1 by  for API(s) 3.0.0
EcoAPIScore 1.0.0 by Ifera for API(s) 3.0.0
EconomyAPI 5.7.3 by onebone for API(s) 3.0.0
EnchantUIVH 0.6 by UnknownOre for API(s) 3.0.0
EnchantVIPUI 0.6 by UnknownOreforsource|RBpmmpformod for API(s) 3.0.0
ExtendedBlocks 1.1.4 by Javier Leon9966 for API(s) 3.14.0
Farms 1.0-non-alpha by Dấu Tên for API(s) 3.0.0, 4.0.0
FishingRod 1.0 by CHOK9938 for API(s) 3.0.0
Fly 1 by PIG for API(s) 3.0.0, 3.2.3, 3.1.0, 3.2.0, 4.0.0
FormAPI 1.3.0 by jojoe77777 for API(s) 3.2.0
FormImagesFix 0.0.1 by  for API(s) 3.11.4
Giftcode 1.0.0 by  for API(s) 3.0.0, 4.0.0
GroupJoin 0.0.1 by Himbeer for API(s) 3.9.3
HeartWings 1.3 by Edit Nờ Cờ Dờ (NCD) for API(s) 3.0.0
HotBlock 1.1.5 by survanetwork for API(s) 3.0.0
InvCrashFix 0.0.1 by  for API(s) 3.14.0
InvSee 1.0.0 by BlockHorizons for API(s) 3.0.0
ItemFrameProtector 1.0.0 by WinterBuild7074 for API(s) 3.0.0, 3.1.0, 3.2.0, 3.3.0
ItemStylus 0.0.3 by XenialDan for API(s) 3.11.0
JoinMenu 1 by PIG for API(s) 3.0.0
KeepInventory 1.0 by KhoaGamingPro for API(s) 3.0.0
KhoGo 4.2.5 by PIG for API(s) 3.0.0
KhongTP 1.0.7 by awzaw for API(s) 3.0.0
KingofBlock 0.0.1 by pmmdst for API(s) 3.0.0
KitUI 1.3.6 by Infernus101 for API(s) 3.4.0
LenRank 1.0.0 by Nguyễn Công Danh (NCD) for API(s) 3.0.0
LestagonGUIShop 1 by xisoq for API(s) 3.0.0
Lixi 2.6.3 by  for API(s) 3.0.0
LoadAllWorlds 1.1.2 by  for API(s) 3.12.0
LpkCuaHangUI 0.0.5 by phuongaz | Moded by LamPocketVN for API(s) 3.9.0
LuckyBlock 0.0.3 by Palente for API(s) 3.0.0
LvPickaxe 1.19 by PhuongAZ, K27 for API(s) 3.0.0
MSpawns 2.2 by EvolSoft for API(s) 3.0.0
MaxEnchants 1.2.1 by Xenophilicy for API(s) 3.0.0
MenuUIVHPIG 1.0.0 by PIG for API(s) 3.0.0
MineLevel 1.0.0 by TungstenVn for API(s) 3.0.0
MuaCoinUIVH 1 by NamVN for API(s) 3.0.0
MuaSsp 2 by NoobPvP2k3 And Shin1134 for API(s) 3.0.0
MultiWorld 1.4.3 by CzechPMDevs, VixikCZ for API(s) 3.0.0-ALPHA7, 3.0.0-ALPHA8, 3.0.0-ALPHA9, 3.0.0-ALPHA10, 3.0.0-ALPHA11, 3.0.0-ALPHA12, 3.0.0
MyCrate 1.0.0 Beta by VirakMC7788 for API(s) 3.0.0
NCDAutoClearLagg 2.0.0 by Nờ Cờ Dờ (NCD) for API(s) 3.0.0
NCDRulesUI 0.0.1 by Nờ Cờ Dờ (NCD) for API(s) 3.0.0
NapThe 1 by phuongaz for API(s) 3.0.0
Netherite 1.2.1 by Wertzui123 for API(s) 3.0.0
NoFallDamage 1.0 by DeveloperNeb101 for API(s) 3.0.0
OreGenerator 2.0.0 by vividmemory, LetTIHL for API(s) 3.0.0
PHP-Sell 1.2.7 by Muqsit for API(s) 3.0.0-ALPHA9, 3.0.0-ALPHA10, 3.0.0-ALPHA11, 3.0.0-ALPHA12, 3.0.0
PM-Beacons 2.0.2 by jasonwynn10 for API(s) 3.0.0
ParticleShop 1.0.0 by FurryJaki1992 for API(s) 3.0.0
PetsMenu 1.0.0 by PIG for API(s) 3.0.0
PiggyCrates 2.0.9 by DaPigGuy for API(s) 3.2.0
PiggyCustomEnchants 2.4.1 by DaPigGuy for API(s) 3.19.0
PiggyFactions 1.2.0 by DaPigGuy for API(s) 3.13.0
PureChat 1.4.11 by 64FF00 for API(s) 3.0.0
PureEntitiesX 0.7.0 by milk0417, RevivalPMMP for API(s) 3.19.0
PurePerms 1.4.3 by 64FF00 & ProjectInfinity for API(s) 3.0.0
PurePermsScore 1.0.0 by Ifera for API(s) 3.0.0
QVipUI 1 by PIG for API(s) 3.2.1
QuyenRankLoi 1.0.1 by PIG for API(s) 3.0.0, 4.0.0
RandomBlock 2.0.0 by Edit By Nờ Cờ Dờ for API(s) 3.0.0
RankUp 0.4.0 by Falkirks for API(s) 3.0.0
RedstoneCircuit 2.0.0 by tedo0627 for API(s) 3.6.0
Renation 1.1 by K27 for API(s) 3.0.0
SCoinAPI 1.02 by K27 for API(s) 3.0.0
SCoinAPIScore 1.9 by  for API(s) 3.0.0
SETVIP 2.3 by MCPEVN TEAM for API(s) 3.0.0
ScoreHud 6.3.1 by Ifera for API(s) 3.0.0
SeasonPass 2.0.0 by TungstenVn for API(s) 3.0.0
SellExp 3.0.0 by EzMinh, LetTIHL for API(s) 3.0.0
ShopCoinVHPIG 1.0.0 by PIG for API(s) 3.0.0
ShopUI 1.0.0 by SaltyPixelDevz for API(s) 3.0.0
Shulkerbox 1.1.2 by UltraFlappy for API(s) 3.0.0
SimpleGamemode 0.1 by Zedstar16 for API(s) 3.0.0
SizePlayer 1.0.3 by  for API(s) 3.0.0
SkyBlock 1 by KhoaGamingPro for API(s) 3.0.0
SkyBlockUI 2.0 KSCore by KaysilGMVN for API(s) 3.0.0
Slapper 1.6.1 by jojoe77777 for API(s) 3.13.0
SlapperRotation 1.2.0 by jojoe77777 for API(s) 3.0.1
SpawnerGUI 1 by DandierSmile122 for API(s) 3.0.0
SpiderUI 1.0.0 by MCCreeperYT for API(s) 3.0.0, 4.0.0
StepCommand 1.0.3 by DavidFlash for API(s) 3.14.0
TPAll 1.2 by matymare for API(s) 3.0.0
TableSpoon 1.0.0 by CortexPE, Xenophilicy, HyperFlareMC for API(s) 3.0.0
Texter 4.0.7 by yuko_fuyutsuki, mfmfnek0, onebone, ogiwara, Shootsta_ERU0531, Toganon, ShadowArt, Marron0421, No4NaMe, iteplenky, SuperYYT, SuperAdam47, minijaham, VicoSilalahi, TobyDev265 for API(s) 3.19.0
TheoDoi 1.0.0 by PIG for API(s) 3.0.0
ToCao 2.0.3 by PIG for API(s) 3.0.0, 3.2.0
TopCoinUI 2.4 by PIG for API(s) 3.0.0
TopMoneUIVh 2.4 by PIG for API(s) 3.0.0
TopVoter 3.2.0 by SalmonDE for API(s) 3.0.0
TradeNPC 1.0.0 by Free for API(s) 3.0.0
Trident 1.0.0 by brokiem for API(s) 3.15.0
VanillaBlocks 1.0.7 by xSuper for API(s) 3.0.0
VanillaElytra 1.0.1 by JavierLeon9966 for API(s) 3.9.0
VanillaEnchantments 4.0.0 by TheAz928 for API(s) 3.0.0, 3.1.0
Vip1 1.0.1 by PIG for API(s) 3.0.0, 4.0.0
Vip2 1.0.2 by PIG for API(s) 3.0.0, 4.0.0
Vip3 1.0.3 by PIG for API(s) 3.0.0, 4.0.0
Vip4 1.0.4 by PIG for API(s) 3.0.0, 4.0.0
Vip5 1.0.5 by PIG for API(s) 3.0.0, 4.0.0
Vip5bhj 1.0.5 by PIG for API(s) 3.0.0, 4.0.0
WorldGuard 1.1.92 by MihaiChirculete for API(s) 3.0.0
WorldProtect 2.3.8 by aliuly for API(s) 3.0.0
Youtube 1.0.1 by PIG for API(s) 3.0.0, 4.0.0
aQuest 0.2.1 by Gamchik for API(s) 3.15.4
cayphattai 1.1.1 by PIG for API(s) 3.0.0
essentialsTP 1.2.2 by  for API(s) 3.0.0
iProtector 3.1.1 by LDX for API(s) 3.0.0
noVoid 1 by PIG for API(s) 3.0.0
tichluy 1.0.0 by LetTIHL for API(s) 3.0.0

----------------------REPORT THE DATA BELOW THIS LINE-----------------------

===BEGIN CRASH DUMP===
eNrtfQlz20bS9l+ZUlJf7C2SInhTW05ZlmRLa0lmRPpIFluuITAkx8IVHJLo3fz3r3tmQMyAEg+J
1vvWW5tUIqIBdD8909Pdc+Lfe5Mw9mn69YbFCQ+DvYNWZS/lPts7sDrNVr/dsxrtWqff6PbhRhbJ
W42eVYP/+lbd6ln1VrvdrOx5NElP4jiM9w7+vZfOI3hsbwR/JK2y57MkoVOkXrE0iwNyQ72MkXBC
vrAgjGbc487ctkd07LFhFIaBbY+90Lm2bT/zUq5+nwTuIIxT6l0g8Q0SDw6mLB3RGP7/OYw99yxI
Uho47MVL4mdJSsaM0IBwRUWBEbzFUp8HzLY9dsM82z7HPxUSZJ5HYoGPuQB6AtdvuYeohwe2HXnZ
FBjpKKs+6M1i205ix7afqEotmkUoNZe4rwTuL8nbB3H7mjTtiX3Bf78QtX+PJJDigf5QlRbUd0wd
+PnPvZ/q5LFCI4/O4YmB+DOEugZjemFZjZcHT63f6q8P1S8o8ZO1Y8T1zirE8h3bNl6q/poyj0UA
W0JqPBpSSpPrfcX1ggbQXOIRkF5YzceA4s61BNQkkY9S8b/C9vcTZ8bczANIKOSUBi78BlndVcIQ
om0vY6z+GgZXWfCCBykDEmlbvZ4Q3tpE+DC/emF1+yBeb6GLJxHIAmf11/g+ae37pcnagLrGPwr1
i067tVrUAlX1V5/yYDSLGXVPGY3TMaPpsvDO/cKHLAbv+qLR7JVVk7Cw5jRcsuYWspNlOd3Vcqx2
oyRH3tFNoreShdXvr2IxiEMHDCCMJa/+al7tXucBXtCO8zZj1e9nMhA/L+Dni6bVeoDP169OCE4h
zpz0RTj+xpyUvKEJO4KQlJyH1GVxhSi6/nqWcg98+QVU7Xk4neJTwIQH03+2/kXQ3dv2gmI1ctIi
Bkjc1nrcrSUzkyUjGTQkA/CV8FTM/sx4zF4oqe3ev0g0o/HB/j64lIJn9WJQQ/rDUjGSvNz711+V
PfZ/LiY/a3SEEpRivvLgJvRumM+CFMS7UE1OupffxYJdyACqE7oMC91qwJ0sYQ8XaPH77/Ce1YTn
8W8L/u7/7W/4sw0/yd+IMGdioh0rtFZHPvM6os411OgW9Ydvd8Xb+/izBz+deySJciHsLmWBm5Cl
G//Gd/vIBv6B3426+h1lYwBBJlngpBAxyEN2cUBEdSOfhqXexX9kxZNChYODnwGCeBgLrNFQD/+F
F00NQesBBOhOIeFJX0jkP9/GNIqgtVWIDKDkZxlQK+QsZT75mcP/K/gW+XkCeRIgHYehBNpeBjqh
XsIEsI4OrKsB6z0ALItcmrIyLF1ef4W8Zl2T18Qi/Gvvr//mdv/N7f6b2/03t/tvbvd/L7er7E1Z
AJHMwzwjoDgus2ewAQhjKKpiaGevWWs0axbSM+65kN7U673KHk++uuxm70CEEkho4jANnRDYtjpt
EMIx3bFakzFtdjrNTos5tD+xmrRZH/fbbadbbzB37PZYp9PodIF3prB85oEb3ibkckQuP3w6HI4O
r94Tq16rEyGdNEB6nbzIH7PqL8nhxXGnhTnVLAIG3Vqr1kC03yHgC/StWl3e/RomKOHs8nIEBHFx
y2Xe5Uch1MFXj49jGnOWYOlQdwYaxWz/WwLeE55RSZxVs2qN1xOnMel2+t3+pE5bLdqetMdOgzbG
nXrdrXc7jQmrs26PoW4uhcIEJxX6+w71vDFkW1XImTkEbkyyQffrILwNXqu/CLaowTEPaDwXlgmP
1kG21Xxdp2PGmj23xRq9jtVpWJNGp+F0+7RBm26n33d7FKBNWiare4VbtXqt+brT6va6LXin0xk7
lHZZu9drN1oN1ms7jabTaLOe027TRokhtidPtCeFrfG63213+41eqwF20Gj2m2Or26PNLhRLt2mB
AdCu0+9b1tjk5IVTwaFRs173wEagRBvOpN9hk269CZJR4U6rWW9MGvC/puXQVn+JQzVKhUPOC6r5
mrW6XeZMOsxpgC26bqtltRm1XNqEi77bbY4nUFqMmqx8ms4Ums5rENruOuOeA3GI9nvtfqfbHbf6
Hdrt9dxxv9GYuG1n4jRNFsE4zfXpve5Peg0A7HYnUCeO26ftToe1WuNO02lNrB7tdtpdynqlwi1+
Vv1o0Qxfb9GmNGYxvQbbluUCmKzXfcdhrXZv3BtPXNZkLXfijqGsnU67P3G64+6ENTrjtlOyoCQI
w+9MFW/7dbc+brNuv9ml9U6v23PdZsOiTQu0ZeNux213Gv3epOG4JSaRJzhAO33dGdd7464z6Tkt
OqFW12r2nT61xlAx1rhV77WblsusjrX316JLJdrmoXdL58kxnWturKBV9grvhfaN7Z9m6SyME0xq
/+DBNffQF9KII6EpnoFrFmBiA24DQgc4NZdF2HGBR+BeEk7SY52AGQAIkNxseyFeBhDsDULLQPf6
YTj6/OHq/BhIt2ycQNcAqLM0jRJw4+ApZ9m4Bu5lX3Kq/j7CFFyyG0YUHEJZR0nVtWyApbVMLQeY
rEVkCH+gWzrdlboiB4wSxdW2qUCUICLofEtfsFAd3ffo48BQXCgXpHwE/ZM34Z2unEbVlauL6KOp
djk9p/6ny12ppNhBFRYAlnW5vxq16stRoX5ZGr71DONUFMM0SxV29m5XGilpm1liDvjdxbAEGCnP
BxikbQf4LLgpAUaKaTlgO6XW/w+IgJdhGLuzjCe7wv8NmAY5U2gUgIUHN2BRC1AbaTRknvfxrKSU
Iup6NZed2jl0ic9Ozw2FerXGYxVS7LarkC+DEvQvg5Ivtmr31MbF8a6qQXKTxf5l8GhHLNnsKw1Q
uTsmxo509XLSmmBzX708QUN6x9RA56YV84YG1xpucWm2kVbTgLwjpChoG5QJd4aYbhtYF8Q1ZnQ2
gQx7qzLeE3xPM3dvhQ6CrW0XOLZQiKUpiz+FKcZeTSWdbEZwyBZNpUa3PEmZ+zTT2Rvw6XR+lCVp
6J8EzowGqfB6SsNUyrDtsQB2I4CBxibM9dp69DsPPtGAJzNdW51cbijN9dGkstd6igly/tajPucB
4oC60+GYV5vpCDnsgKWJoWBOKxtoSTvx4GkY8+9hgA9fsrss6Tc6bUNnq/+E9qZLQO0Usk0zmYWK
w4BHLC4rqahmFGqsU3MI3V4Wpzfkxev8Jw5yHM1inlQHMfcZ3MG/WXL+6aVRFo2tLf1iPvDCdG91
kUg9tiqUMEkOgyDMAkfN4xQlU75VbtGlnPwLCzj1jmlg1nrzsXV+J/i5FFLvMpRtNfz6W0Z5STVJ
M3Uq5YDRLAuDKf2+u+6F5IcxPKYIQqq2kRoxPOGIMXVdEY1qNtK2qcrJTegNAdauVNEEgw4GihXd
ozwdub29rTFAhNxr6bXQD0fAWIw9FMMH6WRTQzDBKjh2WgosR9+ZMxtcHLMbfOETv+PXR3/sSm0H
mUe+C8whqkhsKWKDQjCRbpuWabD3DVaibMLgnGZGsUhKuUk2f1gn5s0W6fKbLJ7i1IznfaaCj4bb
vFMOm6UGeMp4woKxeKnT3y4FOnHCIPTnh4OzVUmQKQFr0QC4tc44VMDie1TOb5T6/mUn+gSNt9dS
YXp0V6IEVpTC/D2bG9oLwup+xK5MVMjapsrmn84GJlgkGI1qJdCKCuX4ty9cLv5tPUEBkG/bEMq3
0uJLVjU61gvSivGN9/T3LKv3rL2HdHqkDjlf2z4O+ZdsKz1clmZlRRRthSZvszie/4Nec5zH21WL
MZiCEhkdZZfQv/h4trlGRyEP0P0U+uSUstvumxqFARvDf+Q/5MTlKXkzJ0MWvKecfJhMuANJ0a60
VIJs2wFgwNC2C4Sbqlfu1xrkNeMHT+nZFuW7vo+rY9qm/nyf4jybppuklPtDjR8WdpXELQLRUUxT
9ulUR60oJdQ/DPMwzLzPEEFt+4/Mm9CZz99+i7dRAFLicXhraKBIK9zAELpB9PdRSYn245UQ7MB2
lOwtFMAs/zSkugI56fkStqPTbRDjCMqhB8lsYqDWyCt7SrvuXuiSoQpMHI/rYCgmwQ03R6FN+jqH
lX5/S8fje4OmteGYjp6ZVvbehrG/xokJbJtX5vHJJx4LDRY6LkjlHlS31OENp7i4obI3/PCW7azX
K5ja9o2AYNvQeVK/NFhr5tSOaeDwYPqWxr6ulkZd4RmuuENjN7zgXpg0e5hwH4dBOgozZ3bBvpjj
81b38YoaXEG7Ap1xsVEd0mD2jlNTV0F5ODndpfMAVgIzitzC8thI76SKS9Pi+uUGdXR+KHrqTxsG
Nvt6uQ+RrG07THDV2eZK3JQHIRakUgRtLQX+xWIjMmLULw2EPcGyFACokwLKBm5Q66sV0PYXPFBb
7syOZtmcBYZTNMjPM0vqgkhHiNyirjjz0UoN5IpUjrTtH9xYCrkbwE5QytfR5chAXlBXrRDYEWol
DqSVy/shJwyt7J58X6f+0HR/swEdlfFrqDY3J02CoV8RrQv12rVuOXlTvamdd86YRCD6Zwaa9QrJ
ObGPZ0Z/QKeahtYxFfoo1+x9iHemU8ERF78rGFtUkHzl09nA8FYGeUONJkAJs9hh/7l6E/l+hJt+
Q3f3eloLRT/xaCtdxcYS5oqJHT0alW6U+6Kt8hqEG85ics7CoN/vdMyQ1HrKagTkm7MFJQ1Um6uJ
GZGunbwuOZJqEAZV6kUzaip3bGcWo+2MjOysXmelqacdTLLOIHUTiNSfjTTiyQxSvatQHznQiCXd
SvnQ6Yf3/X6ztytDvLs7vPrwBdAv5D96tDeHti+UNBaAPWLxV2Uxw5r3nPKh1CdV2FYLw/K+l6aI
oph11CzX0rfwW8i6+M/TZnW1NVYLjlBXEsTix6aqnPl0ypK3/K6kUEFfWj72YGJhWY8fxvazPxPs
8KFL5UL2hN9tXivv+CTNNwsqLRak7eYRnmhLIxqMQpx+RvFHIH4LHeIwi/4Rcr0TXtBWV8PeKffH
jMWGafVrq+fR9wZZzAYMXdSqeSDJGTTKsWzoDeR7NdADlBN7gj6DN9H9tkYsNZ7SSBGOaF+i33Zd
cqT+Hqu/Ly6Pjl/ubtIrR7R5vZ2GqdzuqimWk8qBttShSLL4hgYsvQ3j6x8xUyn42/YsTNXmQQ3Y
Rq5crTCvCUY1QLr/U84MVT8Lbo5imsxM/6FTt/AeT0gscu/BgxsHJQvfsflyDwA8ZMzUAAlruibm
2p5dTUiaS3Qkkq2USZn/NgY9BnGYMicN9bUf99xco+RnsdFXrC7o1rutFaOYxbTmE0YtSuKgAJYQ
b94y8d1hOveypFQEilg2zuZGi5OsJ2RWxfKkAsY2lYvu94IF+ojZgvQ8Qy7f/M3L/z1jERgwC6DW
9NTPpK/Mbd/PQvqO+uCRof53pYPB1LYNOFtoNwvfhbpW4lrXpgUt4scNIYG8TUdh4NFgOhqYYAWl
3PpLg/v09ju93dlSbWRm20GYRo/uUEhAqBLUXjgpB16duiZjgg68m+xs8ulaCFZRdmML4qkxJiGv
y/2I0nDEWTBhcZAlVt1ch/GE8KmxhNbAtxpeOWfBlbmgPqesCSyX02yOKZzTDjCnq9cnrWBKcDh0
tymdGGndXJskpdMwePfxbDgLI0Mr884Kb3vHk/DPnY3oAQkFvsNK+XI2/PDbFtrwO30Fq7g0h7g7
tR+y1QElbQETHjj0PHF0hR6pTfrq9RNGhH5Cn/o6DKAlO2Ho4ZIq6lLPuxXyt1Anuj7K6CkNpkbj
Nshl39S+fxEx+Q+5gD6kS8Zzck59OR9T2ue3boW8Nj5RLNQxhoQf2BCxfkXyQp8tCidzrudlr60R
16RkA+pBmGa7m/qrrNkOogRCjrbA+OjYpXjta+piidwMuHNN7/T+R0ErWX2/vKUVq+Lwjwp53+ju
yuMshG+TmF6IhaF6680ppV25P3YNiBIKVbSQ/riVHxf0bmENmk4atbwswlrqPOTHw+xKOePEGQ2K
cbFRZUF3AWdyMBnVlNOoa2L3DrNYH6Ru7j5wLrq88bCgrUE9yoJpkrLgU7Ar8AVHUEGDsV6PjKIz
Lk2y6dQV+cXlTvd6y53eG1dARodJZGJGwoolJpdhOB7cDBrXTXIYuLj/PrCsZmtnTV4A2EYDL+Ui
pzC0WBBNI2qVI9BGW0Wqh+eD08OuGAxZXPbMy755adVL11bpupFfP36QDHQUyQyuTdb0fcq2E40R
lu1crBvVC1ZRlpomecPS0szcJx7T64ujbre3s6ksxRIUljgWPzaxFOiF4I7nI4/R+JxO9V2rS7fK
K0fKnZ3nGLwug9q8TcCbV5nHEiNh1YhrutLPop3AsoVKNBrNdEtUhBV+9cdt3ZOy878bwWfpjMXc
aEsFbU3u8ZnF6feMW43mrlQpOIISOYxHJ8IFt/1CJ1Q6fAv9rWPqi9NUC7118srRwmOMv9Bjji/Z
uDw+Un/SUjqdLRSBhmhzk/wQs3firDFzTN4gr/EjN/yGuz7zw3heITs+SUHHYdvq50bGOjgdVHH7
m36EWk5as3r4Qszc3B8/nz1CImA8PHHzKh1cVN8wimfr6boXxDUHGnyjSRjczoPAqu/u4JUFSzzD
AGHg6QU5nPUa0TjljsdKw18GeU2e/Rybq3Q8W1QXS5PS9MmC9HxdnoilW0AWwxPYEg0T06hrNoYd
U3j4XTZ/4lkCq4dJciFQMQUy4+IRYSJnuq+x2S/KxMRSLhvzrllGrXLAvLeMnnL2RLk8DDT3Ep9e
Pga7opzeUnEu8lIJLehLO+Q3KZvm0wbdRLdBUR4Yg6vsnV69P5pRsbVEO5rm/hLOtSldPrlUF4yw
OLOYCUBaSeakcq/RKllYp/X2bX07J79qec5SFeY/cZa0sveF3fAwSwYn1cUjRcl9lVigpBT44tdj
BjURpDrJecFGFdZJkPKUs+RLqcQKutmx6JZtz+fedb1lYc5wBSrdUG9wcTHYWSuNJU9cymvbEQBj
CpgskRzm1vsmNKz7pr6qYGStmoUiaWtGH2TVkf9HoJ7xtN6zYMIDnu5siNGwDYFI+7kD65B89FIo
bw0o3fihuwM2Wv+mNgeYuDaP37+JJdyagoqwxWoN7N89sj5R2BZYcScNzt2eh/q8oUFec/rGDzi0
6pTPtphMvBLnCpdnmHTqmi5Wvn3+gUGNnQ1nFIi2Uu76Y2TqhYTS8XVLCTn1rnl8nex02kzuDQsD
cVKH0ZJy7wrYMrC+Bcb16jEXUoCAHfHYybgeZ8t31tRhytyw3ilNiXWeEiik+E3X21yBkNTcTrsg
rdxRv8NpvFzgNrN4w+XjJ4b3nT8BDb/xw4DnEh8DvBxNhitOluj/iJUPw8cdGzE8GZnHyiiCaeel
ZODiaHDy6ZKMTg4vdjaZIljidwNw69FGyPNwqmEvImyBvlNrlo19++C9PkznsotfGynBcNRkQBM9
KdOIa9zNj51YLHDovzdTy/NO7iJDJ0lZc3buyfcLHsx2PsIo2dr2yZfBduM2+DQ2rPKUtUl/vhGc
BOQ64TY7xBGpkQYqwhrMQ+ql8wG/Y94xu9nZxIRcwrYN+My7ZvHYOJxcI6452uajl8b0rUejaGf9
FI0lNAqJRBxSvrFK3I889o7iWLqxbah0Y+Wx639gWkBjq7Ozo/NzhqCUgWMbxb4z+ZkjQ6kFcfWh
s7uKgijvXH5zqfi9Efzl1WHD+9aGWT9smfjDaa4WJsXBqjiZLA5YXZsP5iqYHqAgluILeQ9phMhX
jMPX5gn33l3sbulHAWAL88I2Z9qWopiG1Sm3lQe2Pz7lhItESn70NGQBaT9XotDwKkzLKXz5zpqB
0wc0rj++N18CsEWtyVMb35n2VxBXtKxj6KdyFg997jGrsd10jrb0dOlEyw0OYlOit1GTQ3+hpKQi
rQm0F0dHMQMM8dJpYE8ev8ghbKFHyqLlg+R06pqjw4/pDXchPCazne3dL1iCS0ck/hbTpKPBoTE7
LK9L7ac09EvTuU93d4pEzs+204h6WxyNpX2QVFNA/0rpSsMCR56yu8GJGJUvloRW9k7nYG1QoDG7
OPohK0Tv/zzq+mA1ws+T6h5eEcydTUtbhebZdfh1ks2zNMmucZzQn/iTgF1jeeSnnMCvKb+lMS78
ghQ0TCHb+Xpy9bHebqLbGYVTGgiIwxl1w9vDGGPrBY3jMKi3xEfMLsPWJb1ATgAYEqTgGstymGHL
/X2U/zx0qd9CfJAR8G90Rn2xVs8Jh9yjHp1xIWw8h6T66SfOiwWoEy+81RKEb5Bd+84YrG1RIlAJ
ohwfHa4WnPZVhWBdzVh4bAzW5pTn6ww5voufwRKRGLzCUP7eqGmFR1TfQSevH3Hc4RPPnxVybXur
nUIj2fM0gk1BK803/7Cypw74s226cgARk9mPZ59mJvAF9fmgZ3x78J/Ckm/KSeXvMCx3pP0wOD55
6rdD5A6cUG5ByQO84g0tXKEpfm2kVkxddjk40tXKSeuW2kDSsrMxJyVzi/qIIbMxvv+QU9bAHsfh
NWels+7aj4eu+EGxS/nQli8KKGv1wE+eeB5dOjXJpK/ZKnsnIs+WpziYxzKt2jkuuNu2Aal0uYWq
J948jemyqoq+ZpLPPMdpq91oy03qLY9Zfv7FA+dEGeBKl9soLZeW4MdA7qll42451ykP+M7Y4fd+
o/fgaQiPtOMbCQUPn47ZI1KEHNf+fTphQfDI0jXHy+ef0EWxmzsZeLphYm4sYW48B+bGVpibJubm
/8DXnlDsVphbJubWEubWc2BubYW5bWJuL2FuPwfm9naYx7NvJdhIeX7kI3EKBA8ON4cv9vq8y2is
D01oxPJcQL/UNi/4jPKjGc7je+zJO3nL6wK0IVpTjm0XGPXfj3CyJc77GrO8fNRZNeUSysmlWd1a
r3Tohsczb2dTJZKbbYudX5FEsMk6hvs0z3g84cxz9W8xqyOi9lNIRfd98UGnfUNbKJTfwyzNxvo0
S055/ujz+2hzY6e/ZSzRq1ERzFmhpf0376jvzPh1Ob199OF4hx67exNvM93o0Hk0o2lqfMFMI5Zb
6Y87L8iJtljszpIEl2BSLzEOqzHI5VH3xo+YwNIl2nZJ/lo1+H1Hb/H7j9xqLpf++fGXne3lP/5i
23zLo7PuafnAp4prQ/Y1LUDRIPwUcj0QKMLzHEWFZ1Ryh3o4SRrjuUIoe3NjS7kz8zL9XKqc8rxf
sFVSNwWO332neCBaysoHyFcvBjVo4aITmrAYlKiBw4d+o1jFfLD302BxRY7CYMKnZMI9Zgc/jTJG
/pF5pEPq7YN676DRJh9HR6RRb1h24Iep+yqfLCQNO5C8q1EYp6+svtUE0u0M8FU9nqSvwsnEDqj6
8iKEB5z6rVJwiOxGfIgxeRUGwAOngqoqHkFRv6qDIHqnnk9eNeB6qma/8d4kjIHbgiKEgKourvKR
V9FNJDi7HL94lHnp/BUAm+Zb2qoJS/HrrckrOxBfDK5irb+SG6IVJWHMXdxO5xF79fb8cGQHslqr
f2YsnkthihI7gFwQ8FctokkCDN1XfxP/QDFkaVhN6A0TyKBXe1t1oYwolMyrnh3cjcO7KlqW5OHR
YJrRKXvFgumilHn0Crfcwr82WkcReWtz38NKJWg3xBH1mcViZlBUK4EiI4ZxQEUT6CImjORlQWjM
SDpjBHKoBH7QlDhYdSkZM8IDx8vw9Blgv2ROyGsY+vDmBBmUeSZ0wiokxM2dCbIk45jRazIPs1jx
InxCoCo5JBQoAeoxBkuATAUYX7LbBbt9l00o1GZCbsPgl5TgFCiNCZasD8pC+/fmiDCd8UTqfTtj
AcmiaUxdYFCz0doUswM7IOSnzzOx65SkIUgJXAIsSJLGAnwa0yDxaAqgxG0BFQyfAmMoT8j4RHnh
B0kcRqB37XqiBH3kLI00r8YDMoGQwfBGMstSNwSD9yGWiFv23lDydrwwYa69J5Adel54S7AZARii
Uitywyn5DW0PnxFGmGddBwQdjXj1RFikeocALoJNg0CNQaEgt/GcqKLE55UBL25rYH/6zKFAwgDK
lbouiVkiix+LFQr8mviMJlksGjOBQh8zBA2Fw/7MqIfFNuU38OwN9cCtvFBCwZm8RO5SIjQdhv6j
CsU+nbL4gGCDB9mXmT+GUgGrOkzmgTOiyTXB4SGwo5p44COUljDtXFN8bBaH4G+g9uDxpEJEoyaq
6UN7qEBZ+BEogk5dlA14VKT5WQAWhI9I5kNRvaATWFkc3nGwMAbFACoJyw0W4LBsFaCzCdoqPoM2
WSE8/QWKL43Fay5D/yZMpvQyeQE6ZNBuGqJYhBpVpemBYFW2VSqMI84CPKIKLRA3JYtKEF8VTWrk
mN2o38Tn0xk0ZjwNtaI3PmU4WCJxnEWppMoCw4LxAZvSS1QuNEooJjFKKTDcQIwF2PcjQBtBmwuh
oMG6apqhwcNV+dDC0sDhi53MslG+88IxWA9GSSLp0A58nmLb9tmUjucplDgZyqKui8KVn6MQr4+w
1m65KHlhUdBob6uSUW5kidBwwgEieCSGJz4imwn0XHKR0sihtjJspmQaQkWF2EzRKlDQVMCsCmgH
pI5agHThgtMZFLP7v14DTDtW4ceo+jT80CWPBATlPheQFLuEgPvAWAl+LweEUnNUVr3RUsCEE/gs
WoXCl/yyA4SiXQhI6DGIk0HwCSD4EHbHnEw431BCli0Sg9XiaXbnQJ6QFBpJx/VhdHJARqdnQ3J+
dnE2IoeDwfnZyZAMTq4IJHLvT64qBB4iow/w1An5fPrh/IQMrj4cnQyHtbILMMqj0e6o4hiwmIci
IKMjTlBBZ8aESxalsXC2FpQ9pASu8C3ikSrun5VuVrCCBBD0BAcN1oT6PmRs0sggv8MAGOBjSpjg
LJmA6y0cuYxIQsYHjCEY58ULteWn0RZUzgzVFjEH0wFZsghX1qt8d6EDmBeLkkLVZl3pmry8H5LS
vKk0n9J4DC2j6oSeJ3NP4YDuL13R1BCOeouot8B3+zTIRPKhI4HELAMbfFnJY0LZCHMzlOF1MgFe
Ul+/aII18kH6fGnwkD2EmecusHAIIrcBKfAnknEk4IOinXpd6QrS3gpnsRQkhelIDgvdJnHo58FW
vq2eqOqmqdcwaqNqcsk2yD0mZVjHME8YscpikIRmqAzZzfxIZlcyhSPqRhVv5PV1jA+pFwR2ATPX
AK4gzENjp/cUMARtCHwg4QaMLEkyho4hnUGtTfNsE50WSitQVfKKlDmCSiprEg0++mA5Yc/GmWXB
dZJjP6IRUrmf+RBjIbzGJO8ZYEUS2Q+SKIpyxfaiilK0mGUbg2Q7UoiEwCpmwRkE3daixo5Deats
05gbodeT/OXDeROSvNSDumYic6g60L9jC93wM1EiV4H0EUsP0MkEQ3KJKPZJiHxHalhoB6+p8pT6
5JLx4SLbxQLEY45yvqtZrbJDO1Dn7x+oEAGp2Sz0ZIo5pqkzE5m4gAxZE5iQCjLCt8mej7orQ8uY
LZJNGd5+0mspv4VuNZ6nyLxCqpZWgaLyhOBqmoNRIUB47SKPFd1UTCFdqTn2ZUSijy8DUcGqkVPI
BcGWXonkjhwNPlbgXcAwhvZ1y10we5ErSO+54F8V/A9IJ0+7i4w8EaWjPVsjhy44qhn1Jvv4FWLR
TXAZ2LASBUIJDmyggWkNsQh7GjO9K3Jyh14NU0zq1QiC+DgIBnmyXXQAsS+BoG5xfB9ezKIgqqrr
Uu/mQrW6hH9ni/rEtDyvRhzsy1MmSNuleWihtdVvyJde1shAveNRXN+KPWjVE1W2ICROYjpFFaBO
oNiSyBMZC3YvfQCPjZ3GWE9HHsfxEdFfjqEzxZKUXIw+CqQJqIRqj7OUYP9cVGUhTnYuarmv8dOs
im8dCLRo5S4bZ9ODvMPyK7Gwo6LStRk0VXGfqO5pIjvUaMlBEsrApazBQmbSOUluR7MQOrBogXk/
heU9UeHBXJpSktCb3FPiaEg+KoT3tC4sABPjZjJhUeMR30IeyM6wGBj6hXwZh3do9TE5OyYvvnw8
O34JOoPJAwZ4/hbcfRTLAxDAMLD/EkPnpVZkgGAJoXhEFDZ+JurLm/Ocv+rbaJRfhDAcLBJBE7IP
7OSKMCx0C/PRERVCjEEdIRbu8cm8epdxVzNECnkKeDdG09xvgv7ibiXvBogupEIKdgNZp0jJgtDx
eETEu2A2F3QOJoNdST+8yXvlGNJUHBC+uJrfkyKTwgPmQ1/6CMlIDHFIe8dP8tBUVoZ4Vhl3lqih
Fgdacip9nXqnKt85IBEkSfghWhAj/bjyUUoKBiIaTBcdhQBf88rxsJI/ZYyf3TsqJWv50A8zbMIT
GXBUi8aiVHWMARZdlBiPADvE3yJCwstXIl5qLwvFAyb7v2MmmY3xY3DwG0cxRYib5QYvbFwMbhqR
V6qPghbqgyMitAwVdHFE6CAMgtp9KOv3w6QxcAL7yNsdgM1fxr8LNE3RmHF0oJpFLp6po9mkg0FV
CBJjuXrbPBbCxAn3ifBAWJ4sxpqGXB03sxOlHVGjKXkEF+8YqgO/KmmQn8g0xm2Ni+IpRmwWJVRb
LiLlm24pFx018JPQi5F1E4VR5uXGqC4wlIlnlEdsCn8oMvxqpLwYBhN0TBDtVO4sRm7lGNWBiuI4
pCb6jZIsg6CqL44jtvlgh1uUG9p7FT9DVSItmptJjmaQbk5CrUaglVXlhMziyVmINSOg1PDskhoP
BWLwZHMf+z0J7g9JQMOkgI6dOXWfFPeFCsKL0ek0hh60HC1TQ2tyBCGNqag5Qz+BD1rwh+MPB1Ae
VeXzZehDp3DLZHJNoencComJAF4oIGg1bTwbIu2i5KVpyspZKlSoUHlfGRME+aCqQpWeIwp6qBcd
pN0B2ok2dFUh4iOBFSCjM48RV56GgeudsBhS7Sp6oADjn7ybhysZLKgxFKbmjrT4mkHKCaFceLHc
WSiGoubl/VzGUk1LXfWqTrlf+GoVgJEpPo8tAV0z1iw6TBQoxvjUS/l4bq0QoO7oEvLSXB3ilduW
tStbhTZ0ongA+1SVZz5IMlNE4TGwl6MSZ+UxcMwZ+iauyBz5ZMEIuh+giJxgQA+UjxxIHwf8lIvM
Ixv1OE1UtwQySYo7KtUV5jyAUdXVQV5p8h7YLQ5hHZB/imQF4mdFjGn9C5nKzwEswqQ+8SHUwMQR
l57KUYN89kkMB9wXsURAFxE6EQmy6G3i6ViAVYVbHb6UKzDInwTnrDAqyOhVSDwgOHd10Ph7t9Lu
31mV5l2z0vi79XcXEyLRzl/gkg0HneurXl26YnnVar+UWZ6cY9A767KFY2yBMlZjaSL1EINhUGvO
HKdSMifN4twp5z2UeDE7ITwO8IFQ5YjZnyQvsGo+swG2INPZn94KVyNEiecNJpnIFCTlq0apitxS
S/rCSPRv2R04vkR17pxr7B4koiMDJTLmkJjPZRInnkN9AQp0PWQYkW1Gain4QzISL3z1XmUP92UE
SX7amljEebDXrbVqYu/K2IGcaKZTcFYpcGls0EL/qxum4AwNKs5GGoQs9vRrV5y7XFxPuCdWyheU
qR/plzPcHaZdc2hlNzrhWyImwBfX/ljOkek0TMVcsRasoEWOqfYVm6jRBeNN4fcTkwQZiq9ThoNz
A8E8+dPDPXH5L7K4lYbXLIDwbmg8p2KGtKFW6HznkVzu0hbf1Pnu8bH+NFze+WaZhoimUa83LauB
x4UMjj8YmrrhV4GkTAQSN6sDP+OSJMaDcof3lwtDxRICuMRusqkWEG/xyFyDGKnBQrX9wYKIhIBn
pnEV0farSKaylONX63Fru1jlwKdjHlD8WNfiU6vCB7ljbaWTE8+jNBSEplh+M3WXaokbFSuKo6mT
oFuWCY87lUsJFwj+wDTrw0CM6BQv/PXX/wc0ARKQ
===END CRASH DUMP===
