PocketMine-MP Crash Dump Sun Jul 25 17:58:38 UTC 2021

Error: file_put_contents(/home/container/worlds/sb/level.dat): failed to open stream: No such file or directory
File: pmsrc/src/pocketmine/level/format/io/BaseLevelProvider
Line: 171
Type: ErrorException

Code:
[162] 
[163] 	/**
[164] 	 * @return void
[165] 	 */
[166] 	public function saveLevelData(){
[167] 		$nbt = new BigEndianNBTStream();
[168] 		$buffer = $nbt->writeCompressed(new CompoundTag("", [
[169] 			$this->levelData
[170] 		]));
[171] 		file_put_contents($this->getPath() . "level.dat", $buffer);
[172] 	}
[173] 
[174] 	/**
[175] 	 * @throws CorruptedChunkException
[176] 	 * @throws UnsupportedChunkFormatException
[177] 	 */
[178] 	public function loadChunk(int $chunkX, int $chunkZ) : ?Chunk{
[179] 		return $this->readChunk($chunkX, $chunkZ);
[180] 	}
[181] 

Backtrace:
#0 (): pocketmine\utils\Utils::errorExceptionHandler(integer 2, string[104] file_put_contents(/home/container/worlds/sb/level.dat): failed to open stream: N, string[94] phar:///home/container/PocketMine-MP.phar/src/pocketmine/level/format/io/BaseLev, integer 171, array[2])
#1 pmsrc/src/pocketmine/level/format/io/BaseLevelProvider(171): file_put_contents(string[35] /home/container/worlds/sb/level.dat, string[259] ..........MPAN.@......B..G....Fp.h.T.p3....M..-J..[.......m.bN.......H2..@?./...)
#2 pmsrc/src/pocketmine/level/Level(1173): pocketmine\level\format\io\BaseLevelProvider->saveLevelData()
#3 pmsrc/src/pocketmine/Server(2289): pocketmine\level\Level->save(boolean )
#4 pmsrc/src/pocketmine/Server(2419): pocketmine\Server->doAutoSave()
#5 pmsrc/src/pocketmine/Server(2152): pocketmine\Server->tick()
#6 pmsrc/src/pocketmine/Server(1992): pocketmine\Server->tickProcessor()
#7 pmsrc/src/pocketmine/Server(1586): pocketmine\Server->start()
#8 pmsrc/src/pocketmine/PocketMine(311): pocketmine\Server->__construct(object BaseClassLoader, object pocketmine\utils\MainLogger, string[16] /home/container/, string[24] /home/container/plugins/)
#9 pmsrc/src/pocketmine/PocketMine(341): pocketmine\server()
#10 pmsrc(11): require(string[71] phar:///home/container/PocketMine-MP.phar/src/pocketmine/PocketMine.php)

PocketMine-MP version: 3.22.1 [Protocol 448]
Git commit: 9477034a4ae58cc5c12b8278c14a8e46a43992b2
uname -a: Linux 20156057-83c5-45dc-8957-ae95d34b1506 4.15.0-112-generic #113-Ubuntu SMP Thu Jul 9 23:41:39 UTC 2020 x86_64
PHP Version: 7.4.21
Zend version: 3.4.0
OS : Linux, linux
Composer libraries: 
- adhocore/json-comment 1.1.2@fc2f76979f0a44a5f5bc2a2b600d0762fe0e78e7
- daverandom/callback-validator unknown@unknown
- pocketmine/binaryutils 0.1.13@0abee38d4e2861621f262c79a2a3d699d8a697f4
- pocketmine/callback-validator 1.0.3@64787469766bcaa7e5885242e85c23c25e8c55a2
- pocketmine/classloader 0.1.2@9757928424652393b178a3760073113aa7c9911b
- pocketmine/log 0.2.1@830b44a2cf96ef703c550abe64302f230231ca49
- pocketmine/log-pthreads 0.1.3@e477ecf6ec214fdd4415ea1da3fdd9d73bf699ea
- pocketmine/math 0.2.6@43057cb8c179a9859677b496a788db922fd5cfc3
- pocketmine/nbt 0.2.18@9f82ca4d7f97fcd9a566e44b63c4f18a7657ae82
- pocketmine/pocketmine-mp 3.22.1@9477034a4ae58cc5c12b8278c14a8e46a43992b2
- pocketmine/raklib 0.12.11@9cce458b8bfde3e4dfdbf70c659fc7b7fe26b5c4
- pocketmine/snooze 0.1.5@70b5e7937a06878dd321a3182ceb76d56298f2cd
- pocketmine/spl 0.4.2@6b08b7cf8c4afa17139c9a1b3bf1b408531de161

Loaded plugins:
AlwaysSpawn 2.2.4 by Philip Shilling for API(s) 3.0.0
AutoFly 1 by PIG for API(s) 3.0.0
AutoGMS 1 by PIG for API(s) 3.0.0
AutoInv 0.0.10 by JackNoordhuis for API(s) 3.0.0
AutoMineReset 0.3.4 by  for API(s) 3.0.0
AutoSellUI 3.0.0 by LetTIHL for API(s) 3.8.2
AutoXP 1.1.0 by JackMD for API(s) 3.0.0
AxeLevel 1.0.0 by LetTIHL for API(s) 3.0.0
Bank 0.43 by  for API(s) 3.0.0
BasicScore 1.1.0 by Ifera for API(s) 3.0.0
BetterVoting 2.0.2 by Twisted for API(s) 3.0.0
BlazinVanish 1.0.3 by PIG for API(s) 3.0.0, 4.0.0
BossAnnouncement 2.0.4 by XenialDan for API(s) 3.13
Boss_Quai 2.1 by phuongaz for API(s) 3.0.0
Broadcaster 1.5 by EvolSoft for API(s) 3.0.0
BuilderTools 1.2.0-beta2 by CzechPMDevs, VixikCZ for API(s) 3.0.0
BuonLau 2.0.3 by PIG for API(s) 3.0.0
BurgerSellWands 1.0.1 by Heisenburger69 for API(s) 3.0.0
BurgerSpawners 0.1.4 by Heisenburger69 for API(s) 3.0.0
BuyKey 1.0.0 by  for API(s) 3.0.0
BuyVIP 2 by  for API(s) 3.0.0, 3.2.0, 3.9.5, 3.9.4
BuyXu-UI 1 by KaYuu081 for API(s) 3.0.0, 3.2.0
BuydetuUI 1 by FurryJaki1992 for API(s) 3.0.0
CoinAPI 2.0.9 by onebone | Edit By SenKai Official for API(s) 3.0.0
CoinAPIScore 1.0.0 by Ifera for API(s) 3.0.0
Command 1.1.2 by PIG for API(s) 3.0.0
CrateVH 1.1 by PIG for API(s) 3.0.0
Crossbow 1 by SonsaYT for API(s) 3.0.5
CuongHoa 2.0.3 by PIG for API(s) 3.0.0
CustomAlerts 2.1 by EvolSoft for API(s) 3.0.0
CustomAnvilUI 1.0.0 by ItzFabb for API(s) 3.0.0, 3.1.0, 4.0.0
DEVirion 1.2.7 by poggit, SOFe for API(s) 3.0.0
DanhGia 2 by PIG for API(s) 3.0.0
DevTools 1.14.2 by PocketMine Team for API(s) 3.13.0
DichChuyenUI 1 by PIG for API(s) 3.0.0
DiemDanh 2.0.5 by PIG for API(s) 3.0.0
Disable_TNT 0.1 by  for API(s) 3.0.0
EcoAPIScore 1.0.0 by Ifera for API(s) 3.0.0
EconomyAPI 5.7.3 by onebone for API(s) 3.0.0
EnchantUIVH 0.6 by UnknownOre for API(s) 3.0.0
EnchantVIPUI 0.6 by UnknownOreforsource|RBpmmpformod for API(s) 3.0.0
ExtendedBlocks 1.1.4 by Javier Leon9966 for API(s) 3.14.0
Farms 1.0-non-alpha by Dấu Tên for API(s) 3.0.0, 4.0.0
FishingRod 1.0 by CHOK9938 for API(s) 3.0.0
Fly 1 by PIG for API(s) 3.0.0, 3.2.3, 3.1.0, 3.2.0, 4.0.0
FormAPI 1.3.0 by jojoe77777 for API(s) 3.2.0
Giftcode 1.0.0 by  for API(s) 3.0.0, 4.0.0
GroupJoin 0.0.1 by Himbeer for API(s) 3.9.3
HeartWings 1.3 by Edit Nờ Cờ Dờ (NCD) for API(s) 3.0.0
InvCrashFix 0.0.1 by  for API(s) 3.14.0
InvSee 1.0.0 by BlockHorizons for API(s) 3.0.0
ItemFrameProtector 1.0.0 by WinterBuild7074 for API(s) 3.0.0, 3.1.0, 3.2.0, 3.3.0
JoinMenu 1 by PIG for API(s) 3.0.0
KeepInventory 1.0 by KhoaGamingPro for API(s) 3.0.0
KhoGo 4.2.5 by PIG for API(s) 3.0.0
KhongTP 1.0.7 by awzaw for API(s) 3.0.0
KitUI 1.3.6 by Infernus101 for API(s) 3.4.0
LenRank 1.0.0 by Nguyễn Công Danh (NCD) for API(s) 3.0.0
Lixi 2.6.3 by  for API(s) 3.0.0
LoadAllWorlds 1.1.2 by  for API(s) 3.12.0
LpkCuaHangUI 0.0.5 by phuongaz | Moded by LamPocketVN for API(s) 3.9.0
LuckyBlock 0.0.3 by Palente for API(s) 3.0.0
LvPickaxe 1.19 by PhuongAZ, K27 for API(s) 3.0.0
MSpawns 2.2 by EvolSoft for API(s) 3.0.0
MaxEnchants 1.2.1 by Xenophilicy for API(s) 3.0.0
MenuUIVHPIG 1.0.0 by PIG for API(s) 3.0.0
Minion 1.0.4 by phuongaz for API(s) 3.0.0
MuaCoinUIVH 1 by NamVN for API(s) 3.0.0
MultiWorld 1.4.3 by CzechPMDevs, VixikCZ for API(s) 3.0.0-ALPHA7, 3.0.0-ALPHA8, 3.0.0-ALPHA9, 3.0.0-ALPHA10, 3.0.0-ALPHA11, 3.0.0-ALPHA12, 3.0.0
NCDAutoClearLagg 2.0.0 by Nờ Cờ Dờ (NCD) for API(s) 3.0.0
NCDRulesUI 0.0.1 by Nờ Cờ Dờ (NCD) for API(s) 3.0.0
NapThe 1 by phuongaz for API(s) 3.0.0
Netherite 1.2.1 by Wertzui123 for API(s) 3.0.0
NhiemVu 0.2 by PIG for API(s) 3.9.0
NickUI 0.1 by PIG for API(s) 3.0.0
NoFallDamage 1.0 by DeveloperNeb101 for API(s) 3.0.0
OreGenerator 2.0.0 by vividmemory, LetTIHL for API(s) 3.0.0
PHP-Sell 1.2.7 by Muqsit for API(s) 3.0.0-ALPHA9, 3.0.0-ALPHA10, 3.0.0-ALPHA11, 3.0.0-ALPHA12, 3.0.0
PM-Beacons 2.0.2 by jasonwynn10 for API(s) 3.0.0
ParticleShop 1.0.0 by FurryJaki1992 for API(s) 3.0.0
PiggyCrates 2.0.9 by DaPigGuy for API(s) 3.2.0
PiggyCustomEnchants 2.4.1 by DaPigGuy for API(s) 3.19.0
PiggyFactions 1.2.0 by DaPigGuy for API(s) 3.13.0
PureChat 1.4.11 by 64FF00 for API(s) 3.0.0
PureEntitiesX 0.7.0 by milk0417, RevivalPMMP for API(s) 3.19.0
PurePerms 1.4.3 by 64FF00 & ProjectInfinity for API(s) 3.0.0
PurePermsScore 1.0.0 by Ifera for API(s) 3.0.0
QVipUI 1 by PIG for API(s) 3.2.1
QuyenRankLoi 1.0.1 by PIG for API(s) 3.0.0, 4.0.0
RandomBlock 2.0.0 by Edit By Nờ Cờ Dờ for API(s) 3.0.0
RankUp 0.4.0 by Falkirks for API(s) 3.0.0
RedSkyBlock 3.1.1 by RedCraftPE for API(s) 3.0.0
RedstoneCircuit 2.0.0 by tedo0627 for API(s) 3.6.0
Renation 1.1 by K27 for API(s) 3.0.0
SCoinAPI 1.02 by K27 for API(s) 3.0.0
SCoinAPIScore 1.9 by  for API(s) 3.0.0
SETVIP 2.3 by MCPEVN TEAM for API(s) 3.0.0
ScoreHud 6.3.1 by Ifera for API(s) 3.0.0
SellExp 3.0.0 by EzMinh, LetTIHL for API(s) 3.0.0
ShopSCoin 1 by PIG for API(s) 3.2.1
ShopUI 1.0.0 by SaltyPixelDevz for API(s) 3.0.0
Shulkerbox 1.1.2 by UltraFlappy for API(s) 3.0.0
SimpleGamemode 0.1 by Zedstar16 for API(s) 3.0.0
SizePlayer 1.0.3 by  for API(s) 3.0.0
Slapper 1.6.2 by Slapper for API(s) 3.0.0, 4.0.0
SlapperRotation 1.2.0 by jojoe77777 for API(s) 3.0.1
SpawnerGUI 1 by DandierSmile122 for API(s) 3.0.0
SpiderUI 1.0.0 by MCCreeperYT for API(s) 3.0.0, 4.0.0
TPAll 1.2 by matymare for API(s) 3.0.0
TheoDoi 1.0.0 by PIG for API(s) 3.0.0
ToCao 2.0.3 by PIG for API(s) 3.0.0, 3.2.0
TopCoinUI 2.4 by PIG for API(s) 3.0.0
TopMoneUIVh 2.4 by PIG for API(s) 3.0.0
TopVoter 3.2.0 by SalmonDE for API(s) 3.0.0
Trident 1.0.0 by brokiem for API(s) 3.15.0
VanillaBlocks 1.0.7 by xSuper for API(s) 3.0.0
VanillaElytra 1.0.1 by JavierLeon9966 for API(s) 3.9.0
VanillaEnchantments 4.0.0 by TheAz928 for API(s) 3.0.0, 3.1.0
Vip1 1.0.1 by PIG for API(s) 3.0.0, 4.0.0
Vip2 1.0.2 by PIG for API(s) 3.0.0, 4.0.0
Vip3 1.0.3 by PIG for API(s) 3.0.0, 4.0.0
Vip4 1.0.4 by PIG for API(s) 3.0.0, 4.0.0
Vip5 1.0.5 by PIG for API(s) 3.0.0, 4.0.0
Vip5bhj 1.0.5 by PIG for API(s) 3.0.0, 4.0.0
WorldProtect 2.3.8 by aliuly for API(s) 3.0.0
Youtube 1.0.1 by PIG for API(s) 3.0.0, 4.0.0
cayphattai 1.1.1 by PIG for API(s) 3.0.0
essentialsTP 1.2.2 by  for API(s) 3.0.0
iProtector 3.1.1 by LDX for API(s) 3.0.0
tichluy 1.0.0 by LetTIHL for API(s) 3.0.0

----------------------REPORT THE DATA BELOW THIS LINE-----------------------

===BEGIN CRASH DUMP===
eNrtXXlz2ziy/yooZeuNsyXJInV7K7NxfMSe2Ik2Vo6d4VQKJCGJMUVoeNhWdue7v24AJAHasSRb
znt/TLZ2LDbBxq8bje7GRf6nNuHxnKZfrlicBDyq7XXqtTSYs9qe1bP7drs7tAbNfr9tWe16LVvI
W51uq9Psddr9jt0awAXcCmmSHsUxj2t7/6mlywWUqonroxuPwWPAul6bsyShU7w1CUL2ZZGlXzwe
pSxKk53dGZ+zXbykQcTi3Wseh36ym7i7IbtiYdOn6fM9MqHwoE9STviCRSRJY0bne+QtJ0nmzQiy
JTwmfhAzL+XxEiqdZGF4DHSodTGj8d7ubrWqEfcuWXoOvxvnoyYW2k1ib3chyHMgSwi7UlW7Ad99
RRN2hrRRzK8Cn8Xw1ALrUvXM8flNecDzIRQEzfctaISYevD7t9qzFtkByUtOjpOlQZg4zgf8s7fH
DDWf0MgPWbwTgF6nLCZ2HbUURNPfrFbnd7JtxRfch8B82/qtk1wKVAmhcUyXv9m/PwdNPbPIw7S8
A6xQnlt6UHK0u7+TNVRSyG13h7+TZvHvfLT/tvlS/n7VbL7Gv8eL5qw5bi7aokCz2fil2fxNlZ83
3bfq54ndbL78Z3MXfgoJ7fskFDLtWFa/XbENcdtxpAYcJ+COc0sHjZ8TeiVJhzSlO6K69t3VXbAY
fMOObQ+Gd9ck2EiOOy7nIaMREQw79zPsWFWG8k7jZ5/vZym/QIaCUfd+RlbX/g6jNPAuJYvevSys
4fA+FqA2DzwXjyWv/v28uoPed3glKY1TyWNwN4+yp+yAx/0Omy9os2B9mZfucPcrODqCLXwALjg5
4xTat04U/Q6ncQ4mfcanUyyVO4bebZMv7btz++YizKZBlOwKUYarRelURUmkrmRHbkkGO0LgmP2R
gfPOe2PfeoRXKUuge35e+/3Peo39/4xR24obIKFsnC9BdMXDKzYH4MA54lCgXvO4z1B4iO1ABILV
a8MPJ939+9/FVUdckb+TlzFLszgiVzzwxZ2uurMrrnriapG5YeCRSRZ5qD1S8Sr/EUX7oqiT/i1y
U/KCROyavAqmR5Ef0Ojtq/GFUM/O83+IwoO8sJtNJuD3XxB8rPHzdRyk7IDPFzE0D/N3kAte8izy
x3S649ScWp38JngMFQ/gks6CpPFzmEPC2/2Wuv37c1ln31KE2+2tnp+ydETT2c5z0iROrWhqrFHh
VJxswelP8butFNzv6ArudwsFp7OYXycgRRxDXsX8g1kWXeqWaPV71cIfoiRbLHicFz8WVmE+1Ncb
qj+4s6FCcBOCAaYJ5G8e/vwsoq26+PU52SP/FEVEK/ZzpSqzUJqBplN8Ch7580Ijg1apkQHqufbn
X5nNX5nNX5nNX5nNX5nNNjObem3K4FEaYnSPKA7SawYbwOOCKstxfq3dtO2mhfQsCH3IHgYdGPsH
yRefXdX2JjRMGCQTMU+5x4FtpzOASgJMJoadfr/V7tAOZd2B53U9y3YHdn/gWR06YJ0e7bTB7Fwb
eGcKy1kQZTfEblndXqvbbwzaXrfR6fpeYzCES8qGXb/dca1uq0c6TavbbDUsy24ImSBuPbOsduOD
m0VpRi7OR2Q8y8gvWUiGxG7vday99pB8GB8Ae7tFbga9L5DGAHQYke/V+s1O00Ypv7HIF1J3mi15
9wtPcmRAEBehuvAwtYCm/BIGbkzjgCWoV+rPQBcx2/2a8KgBZVRyZTWtpv1y4tmTfm/YH05atNOh
3UnX9Wxqu71Wy2/1e/aEtVh/wPrA3gcHEEM04/Ndj4ahS73LxhUNA/C+mJyC1i4jfh29VH8Rbtn2
bhDReClsHoq2oG6r/bJFXcbaA7/D7EEPsjtrYvdsrz+kNm37veHQH1CANumYrO6s3Gq2mu2XvU5/
0O/AM72e61Hah5YedO2OzQZdz257dpcNvG6X2hWG2FND0VMVNvvlsN/tD+1Bx+70unZ72HYhKaHt
PqhFzCoBb284tCzX5BTyqeAAJvpy0G65oFHbmwx7bAKmBzWjwL1Ou2VPbPhP2/JoZ3iLQ2MBeROk
KLmi2i8ZmC7zJj3m2VZn4vudjtVl1PJpGy6Gfr/tTkBbjJqsIN7MFJreS6i02/dcsHZQ73DQHfb6
fbcz7NH+YOC7Q9ue+F1v4rVNFpDF5vIMXg4nAxsA+/0JtInnD2m312Odjttre52JNaD9XrdP2aCi
3PJnY74oOvDLDXqjxiyml2DbUi/ABdh4Hut0B+7AnfiszTr+xHdB116vO5x4fbc/YXbP7XoVC0oi
zr8xpd7uy37L7bL+sN2nrd6gP/D9tm3RtgXSMrff87s9eziY2J5fYbIIBQfoqS97bmvg9r3JwOvQ
CYWMpj30htRyoWEst9MadNuWz6yeVfuzGOqIvrkfXtNlcrGg0F1KF6hT67XS99nQDigJzdIZjxNM
RkezIAwW5AL+gBeYokuliwDvtKFDtPCaRdSFVLG2BxEKfKPPIF9E2/oN7iV8kh7qhDn4cjHliGwT
xdVxqECUICJIMGRPgfEb/IDCF+P99+MP6KuvmZvAiEdlzJg0HIdLXTBF0YWyKgKdvt6WEKo2GWJL
uKN3F+NP796fHd4J+PX5RQUwUn4cYKhtM8Cn0VUFMFJ0wICoabVM1L+A/3zLeezPsiDZFv6vwDTK
mYLRABYYzztOCWotiTD2v2cJSytylXRTunalU2yrNSIfvHBy8vqNlKCofrP2uWBh+OG0Iooi6nJI
rEYjnbF0fHpyZjTPoGk/VCDFbjP4n0cV6J9HZm8AD3qHbZ0fbsuoJDfZBJ9H64GfpekigRQVEr9Z
5jYh59mVbHaVBCjcjRxw6eLlJFPAtdrlERLSG6aGbus2zCsaXWq4xaXZJzrtp+gSWNEmKJPAu8DU
08BaEFeY0ekEss2NdFwTfE8yv3aPDIKtGIMrHBsIxNKUxR95ipFWE0knm/EaMidTqPF1kKTMf5zp
1EbBdLo8yJKUz48ib0ajVPhwJWEq63AcVwC7EsBAYhPmamlD+i2IPtIoSGa6tDq52lHaq2NjvdZ5
jAkGwXFI50EQIQ5oOx2OebWWjDxJ9qOIZ5Gn5pxLOau3qi1bycQ+syig4SGNDImt9kMFvRH8fAoJ
VxXK7RTsfgm//CujQUU0STNlqmQ2i1nGoyn9tr2kUvJDXx5TBCFFW0uMGEp4FOw61gXRqKYpdk1R
jq54eAGwtiWKVjHIYKC4JynOw9L19XWTASLk3kwvhXw4m8HiMedhoguok00JwQQb0MFpxcEcfGPe
bHR+yK7wgY/BTXB58Ou2xPaQ+WLuA3PwLhJbithACSbSTcOzBnvXYCV0w6MzmhlqkZRql2w/WWr+
aoO06VUWT1mMKd4nKvhouM07VfdZ6YAnLEhY5IqHesPNQuGRxyM+X+6PTu8LhmYN2IoGwI1lxgEi
i+8QOb9hZilW1Yk+QuLNpVSYHpxSVsAKLSzfsKUhvSDcn09uy0RFXZs02fLj6cgEiwSjU90LtI6T
OervULhc/Nt5hABQv+OE3NtIis9ZwxhgFaR7Ru1v6L+zrDWwat+T6YEy5Hwd55AHn7ON5PBZmlUF
UbR7JDnO4nj5C70McNFkWz3GYApCZHScvYU888Pp+hIdwOAf3U8pT06puu2hKRGPmAv/J/8lR36Q
kldLcsGiNzQg7yaTwIOkaFtSqoocxwNgwNBxSoTrilcd3xjkFePIx4xwSv2uHuvomDZpv/mc4uqD
JpukVAdu9pOFXVXjBoHoIKYp+3iio1aUCuonw3zBs/ATRFDH+TULJ3Q2D46/xpsIACmxy68NCRTp
HjdwwaOE/ntcEaL7cCEEO7AdVfcGAmCWf8KpLkBO+nEJ28HJJohxJL0fQjKbGKg18r0jpW0PL/Sa
oQlMHA8bYCgm0VVgzkaa9FUOK/12TF33zqBprTm21zPTeg23Aq1wYgLb+o15ePQxiIUEhYwFqTqC
6lcGvHyKS8X12sW7Y7a1Ua9g6jhXAoLjwOBJ/dJgrVhJOaTR7HWg96ic8v1kbZudCVgBXFnlBi3B
rqrj2YJUccadWzGk2AVAxozOK3MqD5ckBwDilFDW6FFa2l9C2y14oLSBNzuYZUsWGf3LIP+YZSQf
qvRElRu0VcDm2MAGckWqOu3uE9tZWe8asBOs5cv47dhAXlIrA86nGHip6qC2qr6/15/BBd6ROurU
J80c15sbUMmjhmp9c9JqMOQrHX8pXrfZr+YBKjHfep7PJAKR6htoVgskp9k/nBqppU41Da1nCvRB
bol5F29NppIjiJLD2KCB5CMw3ja8lUFeU6IJUHgWe+y/718t5vMF7nTk/vbltApBPwaLjWS9SYEt
81+F4Ln1aFS5UR3WdKrLmlcBi8kZ49Fw2OuZIanzmAVO5JuzBSENVOuLeUzjuS6dvK44kkbEowYN
FzNqCnfoZBaj3YyMnazVYpVVjC2s28zmjiMQqT9rSRQksyCavuf6IFQjVmSrTISfvHszHLYH2zLE
m5v99+8+A/qi/gdPHObQdoWQxg6ZB+yOkTNWbS0Jz2flHtVgG+2cydN4TRBFMduoXW2lr/wrZ338
Z8j1iBm4kiO0lQRR/FhHlNfBJM0PnChZCtJm87iPbIAxjcYcl/+w+gOofv3meB3zbPELD/RBUEm7
tTeoMgcfzF3GYqM9hs371zFroyxmI4b9+r55eMkZJMqxrNmF5HNNkAOEO2E0Tj9BF9SdnUasWFxl
pI4zim/R2fk+OVB/D9XfnbcHh8+3t+iQI1q/3U6jq4OYJrPj4EaTTafe33bbCknz7I8Ex6xBdOVh
zZPgZpM1ZwB8wZgpARJWJLUi4J3wOPjGo63tSTOYOo5EspEwKZsfxyDHKOapOPqmC3b75gohP+EJ
mlgscfZb/c49Uynl2sojxruV6kABtxCvb57YY89ZpK/EFqQfM7T9Ol8f7RvGFtDcLBKnFUvIJv3e
HOLNjNPXdA6dGLS1LRkMpo5jwNlAuhl/zXWpxLUuTQfs5+mG6lDfuqNdKBpNxyMTrKBU+0plPo5e
f6PXW9tlh8wcJ+Lp4sGJmwSEIgWpMW6S19VcpzJkOo1gRB1lidUylx0f4ag1lmBJwUZDwDMWvTf3
EeaUFS7s7TRbYsT0uhGG0FZr0ommBKdsthtBxWzQ2tIEN/oWJ3FpTlz1mk+yJxJr2gAmFNgPw0/i
AKOO16Dfv8BmRPlHZMqXPAIn5HEe4po79WkYyoOVG4izuDzI6AmNpkZ3MMjVlKV79y4z8l9yDkmu
T9wlOaNzOcv68W0lDV0xyVXm+eVKrjHR852dk6u3rBXybKCczLtcivxDV01JrCqmuhhGQwgKj5ww
Wkv6vL/JCiE5KjA+2FMqXruauKiRq1HgXdIbPTcsaRWrH1ZPumBT7P9aJ2/s/rZcTFH5Jhnhudg5
pPfenFI5rPO0i4SqUmiiovaHLQ2e05vCGjSZNGp13cy6tfWVixND3nJbwmks0QYLKMbFWo0FySnO
z2LqowmnUVdEuy3mTHOodX33cR5E5jKmIlTxdp521+7B2f6h2O8pq98Af0bRCVemzHXqPWOGt3Re
8f2PEEEw2wR4mAYiEhu4C6LZAJ2q315rB25j/2x0st8Xw7vicmBeDs1Lq1W5tirXdn798GE/yChS
ANzypcn7mN28GiPQLeSHeATnIGQ0PqNT/RjFrVvVdcdqGvojZnGqoNa3InjyfRayxEiMNOKKWbgf
Ip3AsoFIdDGe6bFbEe7px093hkDWnf9dCz5LZywW16UEBW1FjPvE4vRbFlh2e1uilBxBiBzGgxOu
kttuKRMKPQvY/KM+ZZNTTANcsXlkuI0m+1fGklT9WavBIDczu48k3Lemv814rbY7QfNAvQhhk+z/
LT+GAdUhnYvXcpUi6OR7J58O8UwgX7D4LXOrUwatR+2A0dmCcBqi9cV7F7PX4t0d5oSoQV7hwK+C
q8CfszmPl3Wy5TOVOg7HUT/X8hKjk1EDD0DoryTJSSv2j52LafO7Q/0PD+YIGN89tX6Tjs4brxjF
d9nospfEFUcbv9KER9fLKLJa2ztQXrDE04wIA88x5nBWS0TjNPBCdjHjC10mnbwi/f8R2+t1PBs0
lxjMo1kb7aVRV+yzP6RQ+HW2fNzK64pJhbwSkLJEZlw8INjlTHc1NrulTkwsVd2Yd00ddarR5E4d
WY+IhlV9GGjuJD5ePwa7Uk/HVLxW75aGCvqtA4fr6Kb9uCkqMVxQlO/MWNVrJ+/fHMyo2Kmrnfi+
W8O5NJXLR2u1YITqzGImAGmazEnV0aJVsbBe5/i4tZnHvG+1/VYT5j9xBate+8yuAp4lo6NGUaTU
3BeJBTSlwJe/HjIFiCDVi8kKNkpZR1EapAFLPlc0VtLNHK9ftb15EF62OhYG4Pcg0hUNR+fno631
0ljyxO1sjrMAYEwBkxrJYW68d1jDumvKqxQjW9VUiqStmHWQTUf+h0A746vmTqNJEAXp1ibkDNsQ
iLSfW7AOyUfXQnV7bOXGk+6QXWs7i9oga+JaP37/S2xj1ARUhA1W0nGU+sD2xMo2wIq7yXFt8Izr
q2wGecVh5id4F8RJMNtg6e29eHVddT1Gp64Yr+SnEb8zNbO1SZkS0UbCXX5YmHIhofJWmFvZLQ0v
g/gy2eoikzwfwSNx8NnoSbl3BWwZWF+BcbV4zL+4vZamU81XKd063wdFIU2cpKOjrTVTwREEKYE4
jgZpHbkgtYnYQRB7WZCashl3Vthmynze6lUWxnqPCYCy+nX3eLyHSlJzuaIg3XvwcouLeXmFm6zl
Xdw+pXxx1zFlcGj2kwHPa3wI8GqUvLjnAPLwKfY/XDzsdPHF0dh8+4AimHZeSXLOD0ZHH9+S8dH+
+dZWUQVLfJkvHitYC3meJmjYy8yhRN9rtqvGvnlSsjr9yOsuf60lBAvDoxs9YOSUFe+kO/p2HkSz
rc/XSbaOc/R5tNksCJYWJqiLUtB+TC51IHYyq9mktRAbeZ8irEhoL2iYLkfBDQsP2dXW1lM+nG6q
7iy8ZLHLbwwBCuKKVwN8CNOYHod0sdjawERjiW0gkLziNxuIFMwXIXtNcSba2PZfuXHvqsOvGC9p
bPW2JVbBEIQycGwi2DcYYtGl8cosjXj/y9u2FR6wvjOsDwXJf68FH9vUxK4oJvBe1cjyYlsebSSS
7Qb6lw+852k1NareWTHR9p1DMq2He6wKgA1kki9Nem06sJJ4j8M9hHFNwOKLeRAyy95sLl3b2Hfr
hVJrvAdFVb2JmPhZhoqQirTCT58fHMQMMMS3XsbxaAvMIawvx3i0b6xkyeuKuVVm1mi6nNPtHVTN
+TlOuqDhBi9yGM8YPzSmG3LKj9ux5c19fFe46PYHc/9C/l4LPT+g+v58ef2A95888oVUol7H2Wgv
9Zgv5B4tA39Oq6yYPJnuqQcms0luAhBx1uHD6ceZCbyg/jjoWbA5+I/cfLtlQTJTcvuOzHDOo8Oj
x75UVu645nLLce5yFG/HydGUv9YSKwaXZbxXNaes6MRuzC8DVnnxR/fhTaL4AXpZP3SJ8xLKSjnw
lbJhSG8dITfpK86z3Fxkd+Ul978txzyjft8BZcHdcQxIlcsNRD0Kl5BY3xZV0VfM9pqH2h+3lah2
HMTsmseXte8fmjfAVS43EVquMeJLdu9oZeOuedTqlv1CrNr/NrQH3z3g90A7vpJQ8KVuMXvAukuO
a/cumVARwcLSJcfLHz+zj9Wu7zuhtG1itm9htn8EZnsjzG0Tc/v/4G3aWO1GmDsm5s6q3ehPg7mz
Eeauibl7C3P3R2DubobZnX2twEbKj0c+Fkc1YYS1Pnyx2VsdL9ZkMMiVad7moHLyMwyycGtTRJKb
44it7QuJYJ2FjTvc53kWxJOAhb7+XaP882spDPx25+JF4LuGtKCUf/MszVx9eimn/Hjv+u/x+o3p
0eViRtPUeIG8RqxO+D3dblxvscGXV/B7q1Ea0DAxDh4b5Oqsi/0U8196jY5TqX+lGMFdLx0I7n7Z
wB2rnmeHn7d2Uu7ws+MEG7404I4OBHwauOayq0mBX1cNvFmY6cf0c8qP/RaLqnVdQ8OveVF8m0LK
JJzmHZ9BhGcajYg3roNvNPbFlS9fGdegURKInF58f7EJvglSeLGzaK/2bFRckQMeTYKp+EiqEz0b
Z0x8SLBHWt291mDP7uYfErScaM5T/0WxGh1Jzg38+u4Luz8ctp3oegbwG2GQpC/4ZOJEVH1aAvwY
zs02qDcLmPwGc/KCR8ADJ9saynFCS7xoQTX0RpVPXthwPVXT03hvwmPgVlBEJaAHH9en5NXiaiE4
+wG+0jkL0+ULG3jkO7YbCUvxMyXJCycSn8ZpoFG8kEeTFCVhzC9u42exXxyf7Y+dSLZ644+MxUtR
hyLEHgAXleOv5oImCfDzX/xd/AMtZClv4EdTxUMwurjGVkopKObFwIluXH7TQLsTt0MaTTM6ZS9Y
NC10HCxe4EEe+J9jfvywuZzjp+KeETQq4om2zGIx8yq/qw0KI4bdQCMTyNQTRnJNEBozks4Y4RHY
Qwrel3jYcClxGQkiL8zw7DSwv2VKyOuCz+HJCTKo8kzohNUJxyMjCbIkbszoJVnyLFa8SDAh0JAB
xD2sAVoRPwEOARUYv2XXBbtdn00otGVCrnn0U0pwipnGBBU7B2Hxs41LRIgfYZZyX89YRLLFNKY+
MGg6aGuK2Z4TEfLs00ycZcHPHIPj9AmwUN9BBR3E0HtCmsqvICuoYPRUfqg8ZKnQF75v1WNkJj7D
jJQ5cpYmmjcjfk45TBjeSGZZ6nMwd/VF9T3i1OSHXokX8oT5Tk0g2w9Dfk2wEwEYojIAchVQ8i+0
PCwjTDBPDvYIeiHx6JEwSPUMAVwEOwaBFgOlIDd3SZQqsbyy3+K2BvbZJxjCgUWAXqnvk5glUv2o
VvxQLpkzmmSx6MoElO4yBA3KYX9kNES1TYMrKHtFQ3ApO6pScCTPkbusEXoOQ+/RALXjV2r3CHZ3
qPttNndBK2BV+8ky8sY0uSQ4Sgc7aooCH0BbwrRzSbHYLObgbaD1oHhSJ6JLE9XxoT/Uiac+l46d
A3UD7hZp8ywCC8IikvmFaF6QCaws5jcBWBgDNYBIwnKjAhzqVgE6naCtYhm0yToJ0p9AfWksHvMZ
ejdhMpWHyQ7IkEG/sYVahBgNJemeYFW1VSqMI84ifMECWiCeuBGNID6akjTJIbtSv8k8mM6gM+N7
lup651OGgxoR31qXVKkwVMwcsCm5RONCpxTfdvVlh6BXPPAB9t0I0EbQ5jgoGqyrqRkaFG7IQoWl
gbsXx3Rkp3wdchesB0MokXToB/Mgxb49Z1PqLlPQOLmQqm4J5cp4Jx4fY6tdB0LzwqKg0143JKPc
yBIh4SQAiOCRGL4dB9lMIMHOq5RGDq2VYTclUw4NxbGbolVgRVMBsyGg7ZEWSgG1Cxcsv6/6/14C
zEnuw48x9XH4k5QvBATlPgtIil1CwH1gqAS/lwPCWnNUVsvuKGDCCXwSvULhS37aAkLRLwQk9BjE
yyD4RBB8CLthXiacL5eQZY/EYFWUZjceZAlJKZF0XO/GR3tkfHJ6Qc5Oz0/HZH80Ojs9uiCjo/cE
srw3R+/rBAqR8TsodUQ+nbw7OyKj9+8Oji4umlUXYOjD7vaUOkYsDrgIyOiIExTQmzHhkoU2Cmdr
ge4hJfCFbxFFGnieRbpZwQqSP5ATHDRYE8r7PWOTRgbZHQbACIupygRnyQRcb+nIZUQSdbzDGIJx
XjzQvF0abUEl1NBsC+ZhOiA1i3Blu8pnCxnAvNgiKUVtt5SsyfO7ISnJ20ryKY1d6BkNj4ehzDyF
A7pbu6KrIRz1FFFPge+e0ygTyYeOBBKzDGzweT2PCVUjzM1QhtfJBHhJeedlF2ySd9LnS4OH7IFn
oV9gCSCIXEekxJ9IxgsBHwTttVpKVqjtWDiLW0FSmI7kUMg2ifk8D7byaVWioZum3sIojWrJW7ZB
7jApwzou8oQRmyzm4qPAuSH72XwhsyuZwhF1o4E38vY6xELqAYFdwMwlgCsI89DZ6R0KhqANgQ9q
uAIjS5KMoWNIZ9Bq0zzbRKeFtZWo6nlDyhxBJZVNiQaLfldPOK7xZll0meTYD+gCqcE8m0OMhfAa
k3xggA1J5ChIoij1iv1FqVL0mNs2Bsn2QiESFTYwC84g6HaKFjvk8lbVpjE3Qq8n+cvCeReSvFRB
XTKROTQ8GN2xQjZ8dbnIVSB9RO0BOplgSC4LimMSIp+REpbSwWNKn2owq2rGwmW2iwrElyfkfO9n
dZ8dOlHEUmywPRUiIDWb8VCmmC5NvZnIxAVkyJrAhFSQEb5NjnzUXRlaXFYkmzK8PdNbKb+FbjVe
psi8ThqW1oCi8UTFjTQHo0KA8NplHisGqZhC+lJyHMuIRB8fBqKC1SQnkAuCLb0QyR05GH2ow7OA
wYX+dR34YPYiV5Des+DfEPz3SC9Pu8uMPBHa0co2yb4PjmpGw8kufmRJDBN8BjasqoJKCc56oIFp
HbEMexozfShydINeDVNMGjYJgvgwikZ5sl0OAHEsgaCuIWzig9kiWjTUdWV0c656XRJ8Y0V7Ylqe
NyNOpuUpE6Tt0jy00NoZ2vKh500yUs+EFPcP4QhajUSVLYgaJzGdogjQJqC2ZBGKjAWHl3MAj52d
xthOB2GAsyNivBzDYIolKTkffxBIExAJxXazlOD4XDRlWZ0cXDRzXzNPswY+tSfQopX7zM2me/mA
5Wdi4UBFpWsz6KriPlHD00QOqNGSo4TLwKWswUJm0jlJbgczDgNYtMB8nMLykajwYD5NKUnoVe4p
cTIknxPCe9oQFoCJSTWZsKj5iK88iORgWEwL/UQ+u/wGrT4mp4dk5/OH08PnIDOYPGCA8tfg7hex
PJAIhoHjlxgGL80yAwRL4KKIUDa+uvzzq7OcvxrbaJSfRGU4VSSCJmQfOMgVYVjIxvPZERVCtDmd
yURUC/eCybJxkwV+KS2FNAWcG6Np7jZBfGGl9XwUIEaQCiiYDSSdIiOLuBcGCyKeBas5p0uwGBxJ
zvlVPijHiKbCgHDFjfyerDIpHWA+76VPkIzFDIc0d3zxPk1lW4iyyrazRM20eNCRU+nq1DMN+cwe
WUCOhJ/ZgWqkG1cuStWCcYhG02KcEOFjYTUc1vNSxuzZnZNSspH35zzDHjyR8UZ1aFSlamKMr+ih
xHQEmCH+FgESHn4vwqX2sBA8YnL46zLJzMXvE8BvnMIUEW6W27swcTGzaQReKT5WVIgPfojQKlSQ
xRORgzCIaXehbN0Nk8bACewj73YANn8Y/xZo2qIv4+RAI1v4eMRd840exlRRkZjI1bvmoajMFfs9
hANCfbIYWxpSdTxbRpR0RE2m5AFcPGOIDvwaxCbPyBSGYUmpnnLCptBQ87aKlGu6poEYp4GbhEGM
bJsFX2RhbozqAiOZKKMcYlu4Q5HgNxbKiWEsQb8EwU6lzmLeVk5R7akgjjNqYtgoyTIGqvbCT2EX
cx1aJ0d7b+BL3iukoruZ5MUMss0J11oEellDrncUJWccW0ZAaeJR4mbABWJwZMs5DnsS3H6bgIRJ
CR3Hcuo+Ke8LEYQTo9NpDANoOVmmZtbkBEIaU9FyhnwCH/Tgd4fv9kAfDeXyZeRDp3DNZG5Noetc
ixoTAbwUQNCa2nQ2BNpC89I0ZePcUio0qLyvjAlifNRQkUpPEQWd66qDrDtCO9FmrupEfLeiTvCr
xyI8p0UWBq53wmLItBvogSIMf/JuHq1krKDGTJhaV9LCawYZJ0Ry4cVyZ6EYipaX9/M6brW0lFVv
6jSYl75axV9kiuWxJ6BrxpZFh4kViik+9VA+ndssK1B39Bpybd4f4ZXblq0re4U2c6J4APtU6TOf
I5kpovAYOMhRebPyGDjlDEMTXySOwaRgBKMPEESuL6AHyicOpI8DfspF5pGNhgFN1KgEEkmK5x3U
FaY8gFG11V7eaPIe2C3OYO2R30SuAvGzLqa0fkem8l22RZjU1z2EGJg34gZAOWmQLz2J2YC7IpYI
6CJCJyI/FoNNfFkFYFXhVocv6xUY5E+CC1YYFWT0KmvcI7hwtWf/o1/vDm+sevumXbf/Yf3Dx3xI
9PMd3FjgoXN9MWhJVyyvOt3nMsmTSwz6WF32cIwtoGM1lSZSDzEXBq3mLXElJfPSLM6dcj5AiYvF
CeFxgA+EKk8s/iS5whr5wgbYgsxmnx0LVyOqEuUNJpnIFCTli0ZpiNRSy/n4Qgxv2Q04vkSN7bxL
HB0kYhwDGnEDyMuXMocT5VBegAIjDxlGZJ+RUgr+kIzEha+u1WsMd1Um+ctPxFa6vVq/2WnauIKO
vVi/DgP3RqzgFRQwiihJDNLCM5kkfwBI1tZJ34CRfu16kHvNdAouXkU+jQ1avFykXBw6aos9Ch6u
dholstiAAiEet9W0Wm3LsvHQ5yQIxdbissgkXeiXU9+4mhs3ZxC/DMkgrfNxJVujfU3EAn2pMuwQ
vitfLSe2JcxduXCnl7oYnZkqjFJDkNHhO/1yvgSl4hdp81+kfNTnX6TGjednpirLGPZFpChZGuDn
CcWXyFvifoJf3tAeUBN7auO1BeEDqDBSyYQXmmZSDfnz79lETc8Y+prNuaFQeaDr87khfCKwJbfk
DXRKMHWDiOLnDIqP/qT8kkWQLxmCVswVLlGMW2Wu8S2BBnFJxZO2arRvwULu6+mKl9mjlgUo/ZFf
Md96NxIzOyX9zz//F/XVclY=
===END CRASH DUMP===
