PocketMine-MP Crash Dump Sun Oct 24 10:04:29 UTC 2021

Error: Return value of Xenophilicy\TableSpoon\block\multiblock\EndPortalMultiBlock::getTargetWorldInstance() must be an instance of pocketmine\level\Level, null returned
File: plugins/TableSpoon-master/src/Xenophilicy/TableSpoon/block/multiblock/EndPortalMultiBlock
Line: 21
Type: TypeError

THIS CRASH WAS CAUSED BY A PLUGIN
BAD PLUGIN: TableSpoon v1.0.0

Code:
[12] use Xenophilicy\TableSpoon\TableSpoon;
[13] 
[14] /**
[15]  * Class EndPortalMultiblock
[16]  * @package Xenophilicy\TableSpoon\block\multiblock
[17]  */
[18] class EndPortalMultiBlock extends PortalMultiBlock {
[19]     
[20]     public function getTargetWorldInstance(): Level{
[21]         return TableSpoon::$endLevel;
[22]     }
[23]     
[24]     public function interact(Block $wrapping, Player $player, Item $item, int $face): bool{
[25]         return false;
[26]     }
[27]     
[28]     public function update(Block $wrapping): bool{
[29]         return false;
[30]     }
[31] }

Backtrace:
#0 plugins/TableSpoon-master/src/Xenophilicy/TableSpoon/player/PlayerSession(112): Xenophilicy\TableSpoon\block\multiblock\EndPortalMultiBlock->getTargetWorldInstance()
#1 plugins/TableSpoon-master/src/Xenophilicy/TableSpoon/player/PlayerSession(106): Xenophilicy\TableSpoon\player\PlayerSession->teleport()
#2 plugins/TableSpoon-master/src/Xenophilicy/TableSpoon/task/SessionManagerTask(13): Xenophilicy\TableSpoon\player\PlayerSession->tick()
#3 pmsrc/src/pocketmine/scheduler/TaskHandler(137): Xenophilicy\TableSpoon\task\SessionManagerTask->onRun(integer 206322)
#4 pmsrc/src/pocketmine/scheduler/TaskScheduler(179): pocketmine\scheduler\TaskHandler->run(integer 206322)
#5 pmsrc/src/pocketmine/plugin/PluginManager(654): pocketmine\scheduler\TaskScheduler->mainThreadHeartbeat(integer 206322)
#6 pmsrc/src/pocketmine/Server(2389): pocketmine\plugin\PluginManager->tickSchedulers(integer 206322)
#7 pmsrc/src/pocketmine/Server(2152): pocketmine\Server->tick()
#8 pmsrc/src/pocketmine/Server(1992): pocketmine\Server->tickProcessor()
#9 pmsrc/src/pocketmine/Server(1586): pocketmine\Server->start()
#10 pmsrc/src/pocketmine/PocketMine(314): pocketmine\Server->__construct(object BaseClassLoader, object pocketmine\utils\MainLogger, string[16] /home/container/, string[24] /home/container/plugins/)
#11 pmsrc/src/pocketmine/PocketMine(344): pocketmine\server()
#12 pmsrc(11): require(string[71] phar:///home/container/PocketMine-MP.phar/src/pocketmine/PocketMine.php)

PocketMine-MP version: 3.23.1 [Protocol 465]
Git commit: 14fba366364eca9f13a30b955c702edbd8e66267
uname -a: Linux 1c862a15-ef36-4e21-a573-c4202fb18d59 4.15.0-144-generic #148-Ubuntu SMP Sat May 8 02:33:43 UTC 2021 x86_64
PHP Version: 7.4.21
Zend version: 3.4.0
OS : Linux, linux
Composer libraries: 
- adhocore/json-comment 1.1.2@fc2f76979f0a44a5f5bc2a2b600d0762fe0e78e7
- daverandom/callback-validator unknown@unknown
- pocketmine/binaryutils 0.1.13@0abee38d4e2861621f262c79a2a3d699d8a697f4
- pocketmine/callback-validator 1.0.3@64787469766bcaa7e5885242e85c23c25e8c55a2
- pocketmine/classloader 0.1.2@9757928424652393b178a3760073113aa7c9911b
- pocketmine/log 0.2.1@830b44a2cf96ef703c550abe64302f230231ca49
- pocketmine/log-pthreads 0.1.3@e477ecf6ec214fdd4415ea1da3fdd9d73bf699ea
- pocketmine/math 0.2.6@43057cb8c179a9859677b496a788db922fd5cfc3
- pocketmine/nbt 0.2.18@9f82ca4d7f97fcd9a566e44b63c4f18a7657ae82
- pocketmine/pocketmine-mp 3.23.1@14fba366364eca9f13a30b955c702edbd8e66267
- pocketmine/raklib 0.12.11@9cce458b8bfde3e4dfdbf70c659fc7b7fe26b5c4
- pocketmine/snooze 0.1.5@70b5e7937a06878dd321a3182ceb76d56298f2cd
- pocketmine/spl 0.4.2@6b08b7cf8c4afa17139c9a1b3bf1b408531de161

Loaded plugins:
AlwaysDay 1.0.0 by Zinkil for API(s) 3.0.0
AlwaysSpawn 2.2.4 by Philip Shilling for API(s) 3.0.0
AntiToolBox 0.1 by NgLamVN for API(s) 3.0.0
AutoFly 1 by PIG for API(s) 3.0.0
AutoGMS 1 by PIG for API(s) 3.0.0
AutoInv 0.0.10 by JackNoordhuis for API(s) 3.0.0
AutoSellUI 3.0.0 by LetTIHL for API(s) 3.8.2
AutoXP 1.1.0 by JackMD for API(s) 3.0.0
AxeLevel 1.0.0 by LetTIHL for API(s) 3.0.0
Bank 0.43 by  for API(s) 3.0.0
BasicScore 1.1.0 by Ifera for API(s) 3.0.0
BetterVoting 2.0.2 by Twisted for API(s) 3.0.0
BlazinVanish 1.0.3 by PIG for API(s) 3.0.0, 4.0.0
BlockPets 1.1.3 by BlockHorizons, Nexus9265 for API(s) 3.19.0
BlockSniper 3.2.3 by BlockHorizons, Sandertv (@Sandertv), Chris-Prime (@PrimusLV) for API(s) 3.2.0
BossAnnouncement 2.0.4 by XenialDan for API(s) 3.13
Boss_Quai 2.1 by phuongaz for API(s) 3.0.0
Broadcaster 1.5 by EvolSoft for API(s) 3.0.0
BuilderTools 1.2.0-beta2 by CzechPMDevs, VixikCZ for API(s) 3.0.0
BuonLau 2.0.3 by PIG for API(s) 3.0.0
BurgerSellWands 1.0.1 by Heisenburger69 for API(s) 3.0.0
BurgerSpawners 0.1.4 by Heisenburger69 for API(s) 3.0.0
BuyKey 1.0.0 by  for API(s) 3.0.0
BuyVIP 2 by  for API(s) 3.0.0, 3.2.0, 3.9.5, 3.9.4
BuyXu-UI 1 by KaYuu081 for API(s) 3.0.0, 3.2.0
BuydetuUI 1 by FurryJaki1992 for API(s) 3.0.0
CoinAPI 2.0.9 by onebone | Edit By SenKai Official for API(s) 3.0.0
CoinAPIScore 1.0.0 by Ifera for API(s) 3.0.0
Command 1.1.2 by PIG for API(s) 3.0.0
CrateVH 1.1 by PIG for API(s) 3.0.0
Crossbow 1 by SonsaYT for API(s) 3.0.5
CuongHoa 2.0.3 by PIG for API(s) 3.0.0
CustomAlerts 2.1 by EvolSoft for API(s) 3.0.0
CustomAnvilUI 1.0.0 by ItzFabb for API(s) 3.0.0, 3.1.0, 4.0.0
DEVirion 1.2.7 by poggit, SOFe for API(s) 3.0.0
DancingFarm 1 by RicardoMilos384, DontTouchMeXD for API(s) 3.17.0
DanhGia 2 by PIG for API(s) 3.0.0
DeTu 1.9.0 by CLADevs for API(s) 3.0.0
DevTools 1.14.2 by PocketMine Team for API(s) 3.13.0
DichChuyenUI 1 by PIG for API(s) 3.0.0
DiemDanh 2.0.5 by PIG for API(s) 3.0.0
Ding 1.0.0 by sn3akrr for API(s) 3.0.0
Disable_TNT 0.1 by  for API(s) 3.0.0
EcoAPIScore 1.0.0 by Ifera for API(s) 3.0.0
EconomyAPI 5.7.3 by onebone for API(s) 3.0.0
EnchantUIVH 0.6 by UnknownOre for API(s) 3.0.0
EnchantVIPUI 0.6 by UnknownOreforsource|RBpmmpformod for API(s) 3.0.0
ExtendedBlocks 1.1.4 by Javier Leon9966 for API(s) 3.14.0
Farms 1.0-non-alpha by Dấu Tên for API(s) 3.0.0, 4.0.0
FishingRod 1.0 by CHOK9938 for API(s) 3.0.0
Fly 1 by PIG for API(s) 3.0.0, 3.2.3, 3.1.0, 3.2.0, 4.0.0
FormAPI 1.3.0 by jojoe77777 for API(s) 3.2.0
FormImagesFix 0.0.1 by  for API(s) 3.11.4
Giftcode 1.0.0 by  for API(s) 3.0.0, 4.0.0
GroupJoin 0.0.1 by Himbeer for API(s) 3.9.3
HeartWings 1.3 by Edit Nờ Cờ Dờ (NCD) for API(s) 3.0.0
HotBlock 1.1.5 by survanetwork for API(s) 3.0.0
InvCrashFix 0.0.1 by  for API(s) 3.14.0
InvSee 1.0.0 by BlockHorizons for API(s) 3.0.0
ItemFrameProtector 1.0.0 by WinterBuild7074 for API(s) 3.0.0, 3.1.0, 3.2.0, 3.3.0
ItemStylus 0.0.3 by XenialDan for API(s) 3.11.0
JoinMenu 1 by PIG for API(s) 3.0.0
KeepInventory 1.0 by KhoaGamingPro for API(s) 3.0.0
KhoGo 4.2.5 by PIG for API(s) 3.0.0
KhongTP 1.0.7 by awzaw for API(s) 3.0.0
KingofBlock 0.0.1 by pmmdst for API(s) 3.0.0
KitUI 1.3.6 by Infernus101 for API(s) 3.4.0
LenRank 1.0.0 by Nguyễn Công Danh (NCD) for API(s) 3.0.0
LestagonGUIShop 1 by xisoq for API(s) 3.0.0
Lixi 2.6.3 by  for API(s) 3.0.0
LoadAllWorlds 1.1.2 by  for API(s) 3.12.0
LpkCuaHangUI 0.0.5 by phuongaz | Moded by LamPocketVN for API(s) 3.9.0
LuckyBlock 0.0.3 by Palente for API(s) 3.0.0
LvPickaxe 1.19 by PhuongAZ, K27 for API(s) 3.0.0
MSpawns 2.2 by EvolSoft for API(s) 3.0.0
MaxEnchants 1.2.1 by Xenophilicy for API(s) 3.0.0
MenuUIVHPIG 1.0.0 by PIG for API(s) 3.0.0
MineLevel 1.0.0 by TungstenVn for API(s) 3.0.0
MuaCoinUIVH 1 by NamVN for API(s) 3.0.0
MuaSsp 2 by NoobPvP2k3 And Shin1134 for API(s) 3.0.0
MultiWorld 1.4.3 by CzechPMDevs, VixikCZ for API(s) 3.0.0-ALPHA7, 3.0.0-ALPHA8, 3.0.0-ALPHA9, 3.0.0-ALPHA10, 3.0.0-ALPHA11, 3.0.0-ALPHA12, 3.0.0
MyCrate 1.0.0 Beta by VirakMC7788 for API(s) 3.0.0
NCDAutoClearLagg 2.0.0 by Nờ Cờ Dờ (NCD) for API(s) 3.0.0
NCDRulesUI 0.0.1 by Nờ Cờ Dờ (NCD) for API(s) 3.0.0
NapThe 1 by phuongaz for API(s) 3.0.0
Netherite 1.2.1 by Wertzui123 for API(s) 3.0.0
NhiemVu 1.2.4 by NovaStark1245 for API(s) 3.0.0
NoFallDamage 1.0 by DeveloperNeb101 for API(s) 3.0.0
OreGenerator 2.0.0 by vividmemory, LetTIHL for API(s) 3.0.0
PHP-Sell 1.2.7 by Muqsit for API(s) 3.0.0-ALPHA9, 3.0.0-ALPHA10, 3.0.0-ALPHA11, 3.0.0-ALPHA12, 3.0.0
PM-Beacons 2.0.2 by jasonwynn10 for API(s) 3.0.0
ParticleShop 1.0.0 by FurryJaki1992 for API(s) 3.0.0
PetsMenu 1.0.0 by PIG for API(s) 3.0.0
PiggyCrates 2.0.9 by DaPigGuy for API(s) 3.2.0
PiggyCustomEnchants 2.4.1 by DaPigGuy for API(s) 3.19.0
PiggyFactions 1.2.0 by DaPigGuy for API(s) 3.13.0
PureChat 1.4.11 by 64FF00 for API(s) 3.0.0
PureEntitiesX 0.7.0 by milk0417, RevivalPMMP for API(s) 3.19.0
PurePerms 1.4.3 by 64FF00 & ProjectInfinity for API(s) 3.0.0
PurePermsScore 1.0.0 by Ifera for API(s) 3.0.0
QVipUI 1 by PIG for API(s) 3.2.1
QuyenRankLoi 1.0.1 by PIG for API(s) 3.0.0, 4.0.0
RandomBlock 2.0.0 by Edit By Nờ Cờ Dờ for API(s) 3.0.0
RankUp 0.4.0 by Falkirks for API(s) 3.0.0
RedstoneCircuit 2.0.0 by tedo0627 for API(s) 3.6.0
Renation 1.1 by K27 for API(s) 3.0.0
SCoinAPI 1.02 by K27 for API(s) 3.0.0
SCoinAPIScore 1.9 by  for API(s) 3.0.0
SETVIP 2.3 by MCPEVN TEAM for API(s) 3.0.0
ScoreHud 6.3.1 by Ifera for API(s) 3.0.0
SeasonPass 2.0.0 by TungstenVn for API(s) 3.0.0
SellExp 3.0.0 by EzMinh, LetTIHL for API(s) 3.0.0
ShopCoinVHPIG 1.0.0 by PIG for API(s) 3.0.0
ShopUI 1.0.0 by SaltyPixelDevz for API(s) 3.0.0
Shulkerbox 1.1.2 by UltraFlappy for API(s) 3.0.0
SimpleGamemode 0.1 by Zedstar16 for API(s) 3.0.0
SizePlayer 1.0.3 by  for API(s) 3.0.0
SkyBlock 1 by KhoaGamingPro for API(s) 3.0.0
SkyBlockUI 2.0 KSCore by KaysilGMVN for API(s) 3.0.0
Slapper 1.6.1 by jojoe77777 for API(s) 3.13.0
SlapperRotation 1.2.0 by jojoe77777 for API(s) 3.0.1
SpawnerGUI 1 by DandierSmile122 for API(s) 3.0.0
Specter 2.0-FIX-ACM by Falkirks - fixed fernanACM for API(s) 3.14, 3.15, 3.16, 3.17, 3.18, 3.25
SpiderUI 1.0.0 by MCCreeperYT for API(s) 3.0.0, 4.0.0
StepCommand 1.0.3 by DavidFlash for API(s) 3.14.0
TPAll 1.2 by matymare for API(s) 3.0.0
TableSpoon 1.0.0 by CortexPE, Xenophilicy, HyperFlareMC for API(s) 3.0.0
TapToArmor 1.0.2 by RubyTemple, luca28pet for API(s) 3.0.0
Texter 4.0.7 by yuko_fuyutsuki, mfmfnek0, onebone, ogiwara, Shootsta_ERU0531, Toganon, ShadowArt, Marron0421, No4NaMe, iteplenky, SuperYYT, SuperAdam47, minijaham, VicoSilalahi, TobyDev265 for API(s) 3.19.0
TheoDoi 1.0.0 by PIG for API(s) 3.0.0
ToCao 2.0.3 by PIG for API(s) 3.0.0, 3.2.0
TopCoinUI 2.4 by PIG for API(s) 3.0.0
TopMoneUIVh 2.4 by PIG for API(s) 3.0.0
TopMoneys 2.0.0 by moch for API(s) 3.0.0
TopVoter 3.2.0 by SalmonDE for API(s) 3.0.0
Tra_Loi_Cau_Do 1 by NovaStark1245 for API(s) 3.0.0
TradeNPC 1.0.0 by Free for API(s) 3.0.0
Trident 1.0.0 by brokiem for API(s) 3.15.0
VanillaBlocks 1.0.7 by xSuper for API(s) 3.0.0
VanillaElytra 1.0.1 by JavierLeon9966 for API(s) 3.9.0
VanillaEnchantments 4.0.0 by TheAz928 for API(s) 3.0.0, 3.1.0
Vip1 1.0.1 by PIG for API(s) 3.0.0, 4.0.0
Vip2 1.0.2 by PIG for API(s) 3.0.0, 4.0.0
Vip3 1.0.3 by PIG for API(s) 3.0.0, 4.0.0
Vip4 1.0.4 by PIG for API(s) 3.0.0, 4.0.0
Vip5 1.0.5 by PIG for API(s) 3.0.0, 4.0.0
Vip5bhj 1.0.5 by PIG for API(s) 3.0.0, 4.0.0
WorldGuard 1.1.92 by MihaiChirculete for API(s) 3.0.0
WorldProtect 2.3.8 by aliuly for API(s) 3.0.0
Youtube 1.0.1 by PIG for API(s) 3.0.0, 4.0.0
cayphattai 1.1.1 by PIG for API(s) 3.0.0
essentialsTP 1.2.2 by  for API(s) 3.0.0
iProtector 3.1.1 by LDX for API(s) 3.0.0
noVoid 1 by PIG for API(s) 3.0.0
onlinetime 1.0.0 by LetTIHL for API(s) 3.0.0
tichluy 1.0.0 by LetTIHL for API(s) 3.0.0

----------------------REPORT THE DATA BELOW THIS LINE-----------------------

===BEGIN CRASH DUMP===
eNrtfQtz2zjy51dBOVu3yZYli9TbW5mKYzuJd+xEGymPmb+2UhAJSYhJgsOHbWV3vvt1A6AI0LYe
tpy7utts7Vhsko1fNxrdjSf/vTcVSUizb1csSbmI9g5b+3sZD9neodNpthudfq/Tr/fdXqfp7O/l
sb7VaLpOvd/vtDqO0242mvt7AU2z0yQRyd7hv/eyRQxP7Y3gj6Lt74UsTekMqR9ZlicRuaJBzoiY
kq8sEvGcB9xbjMcjOgnYMBYiGo8ngfAux+MwDzKuf59G/kAkGQ0ukPgaiYeHM5aNaAL//SKSwD+L
0oxGHnv+goR5mpEJIzQiXFOxwBjeYlnIIzYeB+yKBePxOf7ZJ1EeBCSR+JgPoKdw/YYHiPpgLkJ2
4Ikoo/BichAH+QyYHpSAayGoAO6kiXdgyGQ8cSClOCgFOrhDnno8j7FoVeyTFQNFBCDI3qEL9Zol
1IOf/7P3rEEeVGIc0AU8MZB/hlDVYErPHcd9cfjY6q39cl/1ggTPnF3CbXRWwVXvjMfWS7VfMhaw
GDArPO7D8GQ0vTzQLC9oBO0kGQHpudN8CCLuXSo0TRKHWCr+vzT6g9SbMz8PABIW8o5GPvyGsrqr
CkOI4/FtjLVfRPQxj57zKGNAIm6j03RdWXxrk+KHxdVzp9sHAGbjXD6JUJZIa78kd5fXvrs8VSNQ
2fhHI3/eabdWF7bEVfslhBY/mieM+u8YTbIJo9ldxXfuLn7IEvCtz91mryqeAob1ZyBT9bcsPb2r
pO7qkpy2WylJ3TFNo7eShdPvr2IxSIQHhiASxau/mle717mHF7TkouE4jbuZDOTPC/j5vOm07uHz
7Rv45TRLci97LibfmZeR1zRlxxCT0nNBfZbsE003X88zHqTj8QVU77mYzfApYMKj2f84nX+RqsNf
3nRbt28WrV7J4qyXpXXL/JS2FANXMQAPCk8l7I+cJ+y5Lr7r/IvEc5ocHhxUUZQF1C4GdXzofggY
Zl7s/evP/T32/1zU/nmhE9SnivnGoysRXLGQRRmU7UOFedlecRe1uiwDqJ7wGWrcceFOnrL7tVn+
/ju85zThefzbwozkb3/Dn234Sf5GpLETG+1Eo3U66plXMfUuoTq3qDx8uyvfPsCfPfjp3VGS1Ath
NxmL/JTcuvFvfLePbOAf/HYb+necTwAEmeaRl0FcIfcZxSGRdY18XEe/i/9UrZNShMPDvwAE+TAq
zHX1w3/iRdNA0LoHAbpbyIay5wr5X64TGsfQ7vaJCrPkLyrs7pOzjIXkLxz+u49vkb9MIYkCpBMh
FND2baBTGqRMAuuYwLoGsN49wPLYpxmrwjLL668or9kwymuiCv/c+/O/id9/E7//Jn7/Tfz+m/j9
/5f47e/NGLxKA8xDIoqjOnsWG8AzAV2WA0N7zbrbrDtIz3ngQ/rTaPT293j6zWdXe4cy1EDCk4hM
eALYtjptKIRjOuS0phPa7HSanRbzaH/qNGmzMem321634TJ/4vdYp+N2usA711jOeZTfEMfrdVzq
tGts2uzUWsx1arTdbda8lttwpxOn57f7pFV32vVGzWm1alImiJrPnFav9mmSR1lOhhcDMqQZuaAL
0iMN97DZPGw1yafRMTQt1yE3vc63TgtztXkMBXfrrbqLUv6AREJK3ao31N1vIi2QAUFeBPrCE2Es
oCq/BXyS0ISzFPVK/TnoImEH31Nw0PCMTg+dulN3X009d9rt9Lv9aYO2WrQ9bU88l7qTTqPhN7od
d8oarNtjqBWfQjWAFxThgUeDYAJ5XA1ScQ4pAebuoLXLSFxHr/RfhFvW/YRHNFlIo4dHG1C203zV
oBPGmj0fdNrrOB3Xmbod1+v2qUubfqff93sUoE1bNqs7C3fqjXrzVafV7XVb8E6nM/Eo7bJ2r9d2
Wy7rtT236blt1vPabepWGGJTDWRT1djcV/1uu9t3ey0XLMht9psTp9ujzS6opdt0wHRo1+v3HWdi
cwrETHJw686rHlgXaNT1pv0Om3YbTSgZBe60mmA2Lvyn6Xi01b/FoRZn0t8Ximq+Yq1ul3nTDvNc
sGLfb7WcNqOOT5tw0fe7zckUtMWozSqk2Vyj6byCQttdb9LzINDRfq/d73S7k1a/Q7u9nj/pu+7U
b3tTr2mziCZZIU/vVX/acwGw351CnXh+n7Y7HdZqTTpNrzV1erTbaXcp61WUW/6shfGyAb/aojUa
zBJ6Cbat9AKYnFd9z2Otdm/Sm0x91mQtf+pPQNdep92fet1Jd8rczqTtVSwojYT4wbR626+6jUmb
dfvNLm10et2e7zddhzYdkJZNuh2/3XH7vanr+RUmcSA5QEt91Zk0epOuN+15LTqlTtdp9r0+dSZQ
Mc6k1ei1m47PnI6z9+eysybb5lFwTRfpCV0YDrCk7e+Vfg/tGz0AzbO5SFJMl3/n0SUP0IvSmCOh
KZ+BaxZh7gSOA6ISuEOfxdglgkfgXiqm2YlJwAQDClDcxuNl8So2YT8TWgY65g/D0ZcPH89PgHTN
Jil0OoA6z7I4hWgAPnaeT+rgXg4Up9pvI0zuFbthTMEhVGVUVFNKFyytZUs5wHwwJkP4A35utitx
ZZoZp5rreEwlohQRQZ9e+YKl6MPR0cfRp4EluBQuyvgIej6vxY0pnEE1hWvIuGWI9n52TsPP73cl
kmYHVVgCuC3L3dVoVF+BCuXLM/EmsIxTUyzTrFTY2dtdSaRL28wSC8BvL4YVwEj5eYChtO0An0VX
FcBIsS0HbKfS+v8BEfC9EIk/z3m6K/zfgWlUMIVGAVh4dAUWtQS1kURDFgSfzipCaaIpV/O2UzuH
/vbZu3NLoF7dfahAmt12FfJ1UIH+dVDxxU79jtq4ONlVNShuSu1fBw92xIrNgZYAhbthclTKFK8g
rQk2d9XLIySkN0yPn25aMa9pdGnglpd2G2k1Lcg7QooFbYMy5d4Q020L65K4xozOppBhb6XjPcn3
Xe7vrZBBsh2PSxxbCMSyjCWfRYax1xDJJNsRHLJFW6jRNU8z5j/OdPYGfDZbHOdpJsLTyJvTKJNe
T0uYqTLG44kEdiWBgcQ2zPXSBvQHjz7TiKdzU1qTXG0ozfXRZH+v9RgT5PxNQEPOI8QBdWfCsa82
kxFy2AHLUkvAglY10Ip08sF3IuE/RIQPv2c3edp3O21LZqf/iPZmloDSaWSbZjJLEYcRj1lSFVJT
7SjkrhNzCN1elmRX5Pmr4ieOlRzPE57WBgkPGdzBv3l6/vmFpQt3a0u/WAwCke2tVomSYyuliDQ9
iiKRR56eISo1U71VbdGVnPwrizgNTmhk13rzoXV+I/n5FFLvKpRtJfz2z5zyimiKZstUyQHjeS6i
Gf2xu+6F4ocxPKEIQom2kRgJPOHJYXtTEINqN9K2LcrplQiGAGtXohgFgwwWihXdoyIdub6+rjNA
hNzr2aWUD0fuWII9FMsHmWRbQjDBGjh2Wgksxz+YNx9cnLArfOEzv+GXx7/vSmwPmcehD8whqihs
GWIDJdhIt03LDNgHFiupGxGd09xSi6JUm2TzyToxr7dIl1/nyQxnf4LgC5V8DNz2nWrYrDTAd4yn
LJrIlzr97VKgU09EIlwcDc5WJUF2CViLFsCtZcahApbcIXJxo9L3rzrRR0i8vZQa04O7EhWwUguL
X9nCkl4SVvcjdmWisqxtqmzx+Wxgg0WC1ahWAt3XoRz/9qXLxb+tRwgA5Y/HEMq3kuJrXrM61kvS
ivGNX+lved7oOXv3yfRAGQq+4/GJ4F/zreTwWZZXBdG0FZK8yZNk8Q96yXGKcFctxmIKQuR0lL+H
/sWns80lOhY8QvdTylNQqm67b0skIjaB/5P/kFOfZ+T1ggxZ9Cvl5MN0yj1IinYlpS5oPPYAGDAc
j0uEm4pX7dda5DXjB4/p2Zb6Xd/HNTFtU39hSHGmzZBNUar9IffJwq4ucYtAdJzQjH1+Z6LWlArq
J8M8FHnwBSLoePx7HkzpPORvvifbCAAp8URcWxJo0go3MIRuEP1tVBGi/XAhJDuwHV32FgJglv9O
UFOAgvTzErbjd9sgxhGUowCS2dRCbZBX9pR23b0wS4YqsHE8rIOhmURX3B6FtunrHFb24w2dTO4M
ms6GYzpmZrq/90Yk4RonJrFtXpknp595IiVYyrgkVXtQ3UqHV8xwWcT+3vDDG7azXq9kOh5fSQjj
MXSe9C8D1po5tRMaeTyavaFJaIplUFd4ho/co4kvLngg0mYPE+4TEWUjkXvzC/bVHp93ug8X1OIK
0pXorIuN6pBG87ec2rJKyv3J6S6dB7CSmLHILSyPjcxOqry0La5fbVDH50eyp/64YWC7r1f4EMV6
PBYpLmnbXIir6iDEklSJoK1bgX+5TImMGA0rA2GPsCwNAOqkhLKBGzT6aiW0gyUPlJZ78+N5vmCR
5RQt8s+ZJfWhSE8WuUVdcRailVrINakaadtP3FjKcjeAbU2bnFSnS+4IPGnUpJdJsivImh04Yzkj
cmLNhNzrhHmKJX0bvR9Z6EvqqoUNO0Kui4PSqmZyH2xwDnd0U0zqk/ZSNhuH0h0VA9XmrcAowZKv
TDJK8dr1bjXn1J3AnfcpmUIgu5UWmvUCqam8T2dWN8ak2obWsQX6pJYafkh2JlPJETcEaBhbVJB6
5fPZwHKyFnlDiaZAEXnisf98fB2HYYx7pIW/ezmdpaCfebyVrHKnDfPlfJQZRCs3ql3oVnXpxBVn
CTlnIur3Ox07krYes4gC+RZsQUgL1eZiYiJnSqeuK46kFomoRoN4Tm3hTsa5w2g7J6Nx3miwyozZ
DuaG55BxSkT6z0YS8XQOYeCjMAc8DGJFtkoa9+7Dr/1+s7crQ7y5Ofr44SugX5b/4EHqAtqBFNJa
t/aANWv7y4nhosNXjAA/qsK2Ws9WdBkNQTTFrqNmtZa+i++CdfHf4yajjaVhS45QVwrE8semopyF
dMbSN/ymIlBJv7Xq7d7EwnEePvoe5n+k2E9Fl8pl2VN+s3mtvOXTrNg9qaVYkrab/nikLY1oNBI4
a47FH0PxW8iQiDz+h+Dm2EFJW10Ne+94OGHMTlH79dXT/3uDPGEDhi5q1fSV4gwSFVg29AbqvTrI
AcLJnVJfwJuYftsgVhpPZYALB+Lfo9/2fXKs/57ov8/fH5+82N1cXYFo83p7JzK1/9cQrCBVA22l
H5TmyRWNWHYtksunmGCV/Mfjucj0hkoD2EauXC+Mr0tGdUB68KxghqKfRVfHCU3ntv8wqVt4j0ck
FoX34NGVhyVL37H5KhUAPGTMlgAJa7om9pKkXc2j2iuLFJKthMlY+CYBOQaJyJiXCXPJyh031wj5
Re58losiuo1ua8Xgazkb+4jBlkpxoIBbiDdvmfjuMFsEeVpRgSZWjbO50Zoq5xGZVbmqqoSxTeWi
+71gkTnQtyT9nJGi7+Hm+v+VsRgMmEVQa2bqZ9NX5ra/zgV9S0PwyFD/u5LBYjoeW3C2kG4u3gpT
KnltStOCFvF0I19Q3qajMPBoNBsNbLCSUm39lTkJev2DXu9shTkyG48jkcUP7lAoQCgS1J6YVgOv
SV2TMUEH3k93Nmd2KQvWUXZjC+KZNSahrqv9iMpwxFk0ZUmUp07DXj7yiPBpsITWwLcaXjln0Ud7
H0BBWRNY3s/yBaZwXjvCnK7RmLaiGcFR3N2mdHKAeHNp0ozORPT209lwLmJLKvvOCm97w1Pxx85G
9ICEBb7FSvl6Nvzwzy2k4Tfmwlt5aY/Md+pPskMDS9oCJjxwFATyOA8zUtv01cs+rAj9iD71pYig
JXtCBLgSjPo0CK5l+VuIE18e5/QdjWZW47bIVd/UvnvtM/kPuYA+pE8mC3JOQzWNVNmeuG5hvzE+
Ua4vsoaE79nHsX4h9VKeLZSTe5eLqtc2iGtSsgENIEyz3c1Y7q/ZxaILhBxtifHBsUvzOjDERY1c
Dbh3SW/M/kdJq1h9v7oTF6vi6Pd98qvb3ZXHWRa+TWJ6Idezmq23oFQ2Ez/t0hVdKFTRsvSHLVi5
oDdLazBkMqjV1RzOrc5DcXDOroSzzuIxoFgXG1UWdBdwJgeTUUM4g7omdu8wiw2h1M3dB06hV/dL
lrQ1qEd5NEszFn2OdgW+5AgiGDDWy5FTdMaVSTaTuiK/eL/TLepqg/rGFZDTYRrbmJGwYmXMeyEm
g6uBe9kkR5GPxwZEjtNs7azJSwDbSBBkXOYUlhRLom1ErWoE2miHS+3ofPDuqCsHQ5aXPfuyb186
jcq1U7l2i+uHD5KBjDKZwSXVhryP2S1jMELdLuRyV1OxmnKraZLXLKvMzH3mCb28OO52ezubytIs
QWCFY/ljE0uBXghu1D4OGE3O6cxcNXLrVnXBS7Wz8zMGr6ugNm8T8ObHPGCplbAaxDVd6Z8incSy
hUg0Hs1NS9SEFX716XYcqrKLvxvBZ9mcJdxqSyVtTe7xhSXZj5w7bnNXopQcQYgCxoMT4ZLbQSkT
Cj3nLPxsDm4WlKrArWqIuaLDjCaXjttq70rmCMu+2iI5eS/eQHfxhIbyaNxSBpO8crDzBNMH6PAn
79mkOrzTeNQCRpMt1KCBaHPxPiTsrTwbzp5SsMhr3OAVv+J+yEKRLPbJjs+vMHGMx/rnRm1t8G5Q
w02H5pF3BWnNmu0LOfF0d/j/6QEeAeOZmJtX6eCi9ppRPCzRlL0krjlG4jtNRXS9iCKnsbvjbpYs
8eQIhIFnRhRw1ktEk4x7AauM3lnkNd2En7GlzcSzRXWxLK3M/ixJP6/HFrNsC8hydAVbomViBnXN
drwTCg+/zRePPMFh9ShPUQhUTInMunhAlCuYHhhsDkqd2FiqurHv2jpqVeP9nTp6zIkfVX1YaO4k
Pl4/FrtST2+oPOf6loaW9FvnEmyim+bjxgxlr0dT7hlC3N979/HX4zmVG3qMA4Hu1nAhTeXy0Vpd
MkJ15gmTgAxNFqRqp9epWFin9eZNYzsnv2p10a0qLH7iJO/+3ld2xUWeDk5ry0dKzX1TWEBTGnz5
6yFjsghSH9a7ZKOVdRplPOMs/VrRWEm3+0Xdqu2FPLhstBzMGT6CSFc0GFxcDHbWShPFE1cij8cx
AGMamNJIAXPr3SoG1gNbXq0YVau2UhRtzeCJqjryvwjUMx6/fBZNecSznY2QWrYhERk/d2Adio+p
herOhsqNJ93csNHyPb23wca1efz+p1yBbgioCVssNsHu6QPrEwvbAivuX8Kp53NhTnta5DVnnjzB
UWHv+HyLudCP8jTn6gSZSV3TxSoOLbhnTGZnozEloq2Eu/wU23IhoXJo4K2EnAaXPLlMdzrrp3bk
iUiej2K1pMK7ArYcrG+Jcb14zIcUIGLHPPFybsbZ6p01dZgxXzQ6lRm9zmMChSp+0+VCH6GQzN7E
vCStPMdgh7OQRYHbTEIObx/6Mbzr1A9o+O6TAS9KfAjwajQZrjjPo/8UCzeGDzusY3g6sg/z0QTb
zivJwMXx4PTzezI6PbrY2VyQZIkfgsCdUxshL8Kpgb2MsCX6Tr1ZNfbtg/f6MF2UXf7aSAiGoyYD
mppJmUFc426edl60xGH+3kysIDi9iS2ZFGXNicWnPy54NN/5CKNiOx6ffh1sN26DT2PDqs642/Sf
N4KTQrme2GZfPiK10kBNWIN5SINsMeA3LDhhVzubV1Er8LYBnweXLJlYR8IbxDUHCn0KsoS+CWgc
76yfYrCERqGQyKPhNxaJh3HA3lIcS7d2PVVurDzs/ndMC2jidHb2wYKCIQhl4dhGsB9Mfb/KEmpJ
XH3U766iIJZ3rj6mVf7eCP7txW3Du5a2OU+2yv3+NNcIk/I4W5wLl8fars0HCxFsD1ASK/GF/App
hMxXrCPvFikP3l7sbuVKCWAL88I2Z9uWptiG1am2lXt2bz7mXJFUlfzgWdQS0kEhRCnhR5FVU/jq
nTUDp/dI3Hh4b74CYItaU2dlvrXtrySuaFkn0E/lLBmGPGCOu910jrFy9tY5ohscf6eL3kZM5tkn
DBeUSgOrvTn7Wjs6vri7m0xqZAoh1ye4qJ9G+Jy9z07t2VIHZjod9UetVXLUGiV3y4Pb9vixiLJE
BJ8MJ5Mq7OBBl0Jsa+GlAFI7HHpTFRPQpDVpyMXxccIAbXLrhLpHj+4UELao5YzFtw83NKlrjrM/
oVfch+Qhne/sYIaSJVQXIgm3mEQeDY6suXN1XfEulYFxmi1CursjQgp+43EW02CL49qMz+8aApjf
5F1pWBDmMnYzOJVzFuV63/29dwuwNlBowi6On2T5790fA14fykc0HomjJLSWcBjEqsCVivuYTxYj
hqkdFpV71O3FbGert8tjss4yGnAaqSPESnhbVCx+dNiSURHs7Xm39rst8kvxbZov8izNL3G0OJyG
04hdYr0XR/XArxm/pgmuXoSOiMgg5/12+vFTo93E4DMSMxrJqhjOqS+ujxLMsC5okoio0ZKfEHwv
Wu/pBXICwKDL6BJtZpijh/ptVPw88mnYQnyQF/LvdE5DueDUE0Me0IDOuSxssgAlPf5rD3IV9TQQ
14YH/w59rNCbQKtaagQqQ+rxwUnLktOBrhCsqzkTJ9aQfUH5eV1iL/TxE3QyHwPvN1S/N7I0cUzN
baDq+gFHjT7y7GdZ7ni81Xa3kRp/sIJqSausOngy3VMP/PY2HXqAiF2aT2ef5zbwJfXnQc/5w8Av
0tvQF2uH6kLhzXcWNIEXtOei6K0k+Cwq3rUgVb/icntAKBTRyeljvzykNsIJtROsSMU0bymTRFP+
2kishH47F/zbMc2/nVgt2r6xamfGU6xDheKhdCj8RGxRRwn12fvBsS2GIq1b/wa58g6xyzK3AQ4J
tfUpnIKyBvYkEZecVY79bD8cuuYHNqTKB9d6UUJZKwd+/SkI6K2T2Gz6mu33NzIR2PJkGPuot1Wn
UUju47EFqXK5hainwSJL6G1RNX3NzLt9NtxWO1xv+4c3PGHFmTr3nD1ngatcbiO0Wu+F30W6o5at
u9XUszoLM2dHP/pu794TVh5ox1cKCp7Dn7AHZGwFroO7ZEJF8NgxJcfLn7/KAovd3MnA066N2V3X
83kazO5WmJs25ub/gQ/fYbFbYW7ZmFu3MLd+BubWVpjbNub2Lcztn4G5vR3myfx7BTZSfj7ykTxZ
hkdHm8OX+wff5jQxR8QMYnWCrl9pmxd8TvnxHBfXBOzRpwNUF+sY8yZ2OeNxidH8/QAnW+F8YDAr
9KPPv6pqqCBXllrUe5WDfAKeBzubv1TcxmO5mzRWCDZZXHSX5DlPppwFvvlZen3s3EEGqehBKL9t
d2BJC0r5TeRZPjHnPgvKz48+v402N3aPLuI5zTLrm4gGsWrsT3eUlxdvsZGDpSkuL6ZBap0jZZGr
M0ruU0zOmiWOx5Xy14rB7zoVj999Gl7ztvbPT77u7JiNk6/jMd/yVLs7GhDwqeG6pwNDChA0Ep8F
N/2pJvycU+Lw+Fju0QAXACR45BeWvbmxiSgAN5Dx0GzeBvHnfhlbFbw5+ox78yA3D7wrKD8Xty51
U+CAPKZ40mLGFJy68d2K2sWgDh4KG0itFonaNf+hIl2t5quPAtRolHLZ3WQJSFmHsAC9S7kB4XDv
2WB5RY5FNOUzMuUBG0fPRjkj/8gD0iGN9mGjd+i2yafRMXEbrjOOQpH5L4t5/nGkONdikWQv3b7b
7oyj6znArwU8zV6K6XQcUf2hWgghuGajRr05Z1fyu7WpeiLFSdyaDlpQFS9rWBC90W+kL1uNcTTT
C1dewu+pSIDfkiKZgCZ8XKCnruKr+KWIxpHP8RNxeZAtXrrAo9iNWktZhp+7Tl+OI/mJ9Rqaxcv0
cqHOi9PElDF/+US2iNnLN+dHo3Gkqr72R86ShSpPUxIP0EsC/qrHNE0hIPsv/yb/gS7yTNRSesUk
OOj+XmNdZRTU87I3jm4m4qaG1qd4BDSa5XTGXrJotlQ1j1/ifn/43xgtqAzR9UUYYL0StC3iySrN
EzmvL2uWgNaIZT5Q1wT6kikjhToITRjJ5oxAspXCD5oRD+svIxNGeOQFOR59BexvWRTyGooQ3pwi
gyrPlE7ZPhG4szxFlmSSMHpJFiJPNC/CpwRqk0PmgSVAVSZgDZDSAOP37HrJ7sBnUwoVmpJrEf01
I7iAgSYENRuCsODhggUizOY8VXJfz1lE8niWUPy6R30coS4Vs8NxRMizL3O55Z1kAkqJfAIsSJol
EnyWQCMKaAag5G0JFWyEAmPQJ6SGUl/4ESePEeiG+4HUYIiclZ0W1XhIphAUGd5I53nmCzD6EKKl
vDXeGyreXiBS5o/3JLKjIBDXBNsSgCE6ByNXnJJ/ou3hM9IIi/TskKAzkq+eSovU7xDARbB1EKgx
UApymyyIViU+rw14edsA++wLB4WAy10Q6vskYalSP6oVFH5JQkbTPJEtmoDSJwxBg3LYHzkNUG0z
fgXPXtEAPMtzXSj4kxfIXZUITYehE6mB2mczlhzCbVn2+zycgFbAqo7SReSNaHpJcBwJ7KguH/iU
4roKKK2QFB+bJwKcDtQePJ7uE5kUE936oT3sgy7CGARBxy91A14XaWEegQXhI4r5UFYvyARWlogb
DhbGQA0gkrTcaAkOdasBnU3RVvEZtMl9wrO/gvqyRL7mM/Rx0mQqL5PnIEMO7caVapFi1LSkh5JV
1VapNI4kj/B8PLRAPFJAVoL8EnNaJyfsSv8mIZ/NoTHjUcz7ZuPThoMaSZI8zhRVKQwVEwI2LZes
XGiUoCY5nCkxXEEWAbDvRoA2gjYnQNFgXXXD0ODhmnpoaWng8+U5BKpRvg3EBKwHIylRdGgHIc+w
bYdsRieLDDROhkrVDalcFfbk6yOstWsuNS8tChrtdU0xKowslRJOOUAEj8TwuFlkM4UuTlGkMnKo
rRybKZkJqCiBzRStAguaSZg1Ce2QNFAKKF264GwOavb/r5cAU5NV+DGwPg4/9N1jCUG7zyUkzS4l
4D4wVoLfKwBhqQUqp+G2NDDpBL7IVqHxpX/dAULZLiQk9BjEyyH4RBB8CLthXi6dr1CQVYvEYLV8
mt14kCekpUTKcX0YnR6S0buzITk/uzgbkaPB4PzsdEgGpx8JJHu/nn7cJ/AQGX2Ap07Jl3cfzk/J
4OOH49PhsF51AZY+ZJolCxmwhAsZkNERpyigN2fSJUttLJ2tA7qHlMCXvkU+UsPd78rNSla4XoxH
4KDBmlDe+4xNGRkkeRgAI3xMFyY5KybgektHriKSLOMDxhCM8/KF+u2n0RZ0Xg3VFjMP0wGlWYSr
6lW9u5QBzIvFaSlqs6FlTV/cDUlL3tSSz2gygZZR80QQqPxTOqC7tSubGsLRbxH9FvjukEa5TD5M
JJCY5WCDL/aLmFA1wsIMVXidToGXkjcsm2CdfFA+Xxk8ZA8iD/wlFg5B5DoiJf5UMY4lfBC002ho
WaG0N9JZ3AqS0nQUh6Vs00SERbBVb+snaqZpmjWM0uiavGUb5A6TsqxjWCSMnlq6KLMUbch+HsYq
u1IpHNE3anijqK8TfEi/ILFLmIUEcAVhHho7vUPBELQh8EEJV2BkaZozdAzZHGptVmSb6LSwtBLV
flGRKkfQSWVdocFH79UTdm68eR5dpgX2YxojlYd5CDEWwmtCip4BViRRXSGFotQrthetStlibtsY
JNuxRiQLrGEWnEPQbS1r7ESoW1WbxtwIvZ7irx4umpDipR80JZOZQ82DTh5byobfqJO5CqSPqD1A
pxIMxSWm2Cch6h0lYSkdvKb1qfu0umR8uMx2UYF4xlrBdzWrVXY4jvTHPw51iIDUbC4ClWJOaObN
ZSYuIUPWBCakg4z0barno++q0DJhy2RThbdnZi0Vt9CtJosMme+TmmNUoKw8WXAtK8DoECC9dpnH
ym4qppC+khz7MjLRx5eBqGHVyTvIBcGWXsrkjhwPPu3Du4BhAu3rmvtg9jJXUN5zyb8m+R+STpF2
lxl5KrVjPFsnRz44qjkNpgf45XbZTfAZ2LAuCgolOPiBBmY0xDLsGczMrsjpDXo1TDFpUCcI4tMg
GhTJdtkBxL4EgrrGiQB4MY+juKavK72bC93qUv6DLesT0/KiGnE4s0iZIG1X5mGE1lbfVS+9qJOB
fieguDode9C6J6ptQZY4TegMRYA6AbWlcSAzFuxehgAeGztNsJ6OA46DJLK/nEBniqUZuRh9kkhT
EAnFnuQZwf65rMqyONW5qBe+JszyGr51KNGilftsks8Oiw7LL8TBjopO1+bQVOV9orunqepQoyVH
qVCBS1uDg8yUc1LcjucCOrBogUU/hRU9UenBfJpRktKrwlPiaEgxNIT3jC4sAJNjayph0eMR3wWP
VGdYjg39lXydiBu0+oScnZDnXz+dnbwAmcHkAQM8fw3uPk7U8SVgGNh/SaDzUi8zQLAEIR+RysZv
1H19fV7w130bg/JXWRiOF8mgCdkHdnJlGJayiWJ0RIcQa1BHFgv3+HRRu8m5bxgihTwFvBujWeE3
QX55d7/oBsgupEYKdgNZp0zJIuEFPCbyXTCbC7oAk8GuZCiuil45hjQdB6QvrhX3VJFp6QGLoS9z
hGQkhziUveP3wGimKkM+q407T/VQiwctOVO+Tr9TU+8ckhiSJPx4NxSj/Lj2UboUDEQ0mi07ChG+
FlTj4X7xlDV+dueolKrlo1Dk2ISnKuDoFo2q1HWMARZdlByPADvE3zJCwssfZbw0XpaCR0z1fydM
MZvglyjhN45kyhA3Lwxe2rgc4LQirxIfC1qKD46I0CpUkMWToYMwCGp3oWzcDZMmwAnso2h3ALZ4
Gf8u0TRlY8bRgVoe+3gilmGTHgZVWZAc0DXb5oksTA6XptIDoT5ZgjUNuToeRUG0dESPphQRXL5j
iQ78asQlz8gswU3JS/WUIzZLDdVvq0j7pmvKZUcN/CT0YlTdxCLOg8IY9QWGMvmM9ohN6Q9lhl+L
tRfDYIKOCaKdzp3lyK0aozrUURyH1GS/UZFVENT1hZ8RXg52+KXe0N5r+A28CmnZ3GxyPId0cyqM
GoFWVlNTTssn5wJrRkKp48lDdS4kYvBkixD7PSnu7kpBwrSEjp05fZ+U96UI0ovR2SyBHrQaLdND
a2oEIUuorDlLPokPWvCHkw+HoI+a9vkq9KFTuGYquabQdK5liakEXgogaXVjPBsi7VLzyjRV5dxS
KlSouq+NCYJ8VNOhyswRJV2YqoO0O0I7MYau9on8Quk+kNGZJ4irSMPA9U5ZAql2DT1QhPFP3S3C
lQoW1BoK0/NLRnzNIeWEUC69WOEsNENZ8+p+UcatmlaymlWd8bD01ToAI1N8HlsCumasWXSYWKAc
49MvFeO59bIAfccsodDm6hCv3baqXdUqjKETzQPYZ1qfxSDJXBOlx8Bejk6ctcfAMWfom/gyc+TT
JSPofoAgaoIBPVAxcqB8HPDTLrKIbLiBJdXdEsgkKW6a0VeY8wBGXVeHRaWpe2C3OIR1SP5HJisQ
P/flmNa/kKn6FskyTJoTH1IMTBxxjaoaNSgmoORwwF0RSwZ0GaFTmSDL3iaebQdYdbg14atyJQb1
k+CcFUYFFb3KEg8Jzl0dun/v7rf7N85+86a57/7d+buPCZFs589xbYeHzvVlr6FcsbpqtV+oLE/N
MZidddXCMbaAjvVYmkw95GAY1Jq3wKmU3MvypHDKRQ8lWc5OSI8DfCBUeXL2Jy0UVitmNsAWVDr7
7I10NbIo+bzFJJeZgqJ8Myg1mVsaSZ+IZf+W3YDjS3XnzrvE7kEqOzKgkQmHxHyhkjj5HMoLUKDr
ocKIajNKSskfkpFk6av39vdwP02UFmclytWeh3vdeqsu9xz58lz28jrgkxs5hbek4JeG0tQixZ7N
JP0DQLKmSfoBjMzriQe519yk4OxV5NPEoiWLOBPyUIKmXCbi4YSn9USeWFAgxOPKpkaj6Tgunn0z
5YHcg1A+Ms1i83LmW1ehdXOO2ydNySCt8+UCtJL2PZUT9aXKsEH4E4lanbkdTtTMnflUuAAt4d7O
4hdZ3hoOzm3tRllw61VuUgYnH6w3fPFNPlQlqoqx3pzbGi9D3TeZyeQZD1J1KoRchhCLFD/iaWhE
vpBaPPSYoN7b4UDgASp0cnLpv2ZqBd+S5Uc21SM7Ft95KKyqUEdFfL2wdMNnEx5R/Grg8pvPmbhk
ESRRllgVG4ZLRHjrmWs8YtwiLqh809U1+YPHar1VW35v7XfMtz4M5NBO+daff/5vo/PeXQ==
===END CRASH DUMP===
