PocketMine-MP Crash Dump Tue Nov 2 09:10:29 UTC 2021

Error: Call to a member function addParticle() on null
File: plugins/MysteryCrate.phar/src/JackMD/MysteryCrate/particle/DoubleHelix
Line: 71
Type: Error

THIS CRASH WAS CAUSED BY A PLUGIN
BAD PLUGIN: MysteryCrate v9.2.0

Code:
[62] 	 */
[63] 	public function onRun(int $tick){
[64] 		$level = $this->plugin->getServer()->getLevelByName((string) $this->plugin->getConfig()->get("crateWorld"));
[65] 		$cpos = $this->pos;
[66] 		for($i = 5; $i > 0; $i -= 0.1){
[67] 			$radio = $i / 3;
[68] 			$x = $radio * cos(3 * $i);
[69] 			$y = 5 - $i;
[70] 			$z = $radio * sin(3 * $i);
[71] 			$level->addParticle(new FlameParticle($cpos->add($x, $y, $z)));
[72] 		}
[73] 		for($i = 5; $i > 0; $i -= 0.1){
[74] 			$radio = $i / 3;
[75] 			$x = -$radio * cos(3 * $i);
[76] 			$y = 5 - $i;
[77] 			$z = -$radio * sin(3 * $i);
[78] 			$level->addParticle(new FlameParticle($cpos->add($x, $y, $z)));
[79] 		}
[80] 	}
[81] 	

Backtrace:
#0 pmsrc/src/pocketmine/scheduler/TaskHandler(137): JackMD\MysteryCrate\particle\DoubleHelix->onRun(integer 6441)
#1 pmsrc/src/pocketmine/scheduler/TaskScheduler(179): pocketmine\scheduler\TaskHandler->run(integer 6441)
#2 pmsrc/src/pocketmine/plugin/PluginManager(654): pocketmine\scheduler\TaskScheduler->mainThreadHeartbeat(integer 6441)
#3 pmsrc/src/pocketmine/Server(2389): pocketmine\plugin\PluginManager->tickSchedulers(integer 6441)
#4 pmsrc/src/pocketmine/Server(2152): pocketmine\Server->tick()
#5 pmsrc/src/pocketmine/Server(1992): pocketmine\Server->tickProcessor()
#6 pmsrc/src/pocketmine/Server(1586): pocketmine\Server->start()
#7 pmsrc/src/pocketmine/PocketMine(314): pocketmine\Server->__construct(object BaseClassLoader, object pocketmine\utils\MainLogger, string[16] /home/container/, string[24] /home/container/plugins/)
#8 pmsrc/src/pocketmine/PocketMine(344): pocketmine\server()
#9 pmsrc(11): require(string[71] phar:///home/container/PocketMine-MP.phar/src/pocketmine/PocketMine.php)

PocketMine-MP version: 3.25.1 [Protocol 471]
Git commit: a8d5e8c5f6dc33dc697213de60694590b263ff44
uname -a: Linux 1c862a15-ef36-4e21-a573-c4202fb18d59 4.15.0-144-generic #148-Ubuntu SMP Sat May 8 02:33:43 UTC 2021 x86_64
PHP Version: 8.0.11
Zend version: 4.0.11
OS : Linux, linux
Composer libraries: 
- adhocore/json-comment 1.1.2@fc2f76979f0a44a5f5bc2a2b600d0762fe0e78e7
- daverandom/callback-validator unknown@unknown
- pocketmine/binaryutils 0.1.13@0abee38d4e2861621f262c79a2a3d699d8a697f4
- pocketmine/callback-validator 1.0.3@64787469766bcaa7e5885242e85c23c25e8c55a2
- pocketmine/classloader 0.1.2@9757928424652393b178a3760073113aa7c9911b
- pocketmine/log 0.2.1@830b44a2cf96ef703c550abe64302f230231ca49
- pocketmine/log-pthreads 0.1.3@e477ecf6ec214fdd4415ea1da3fdd9d73bf699ea
- pocketmine/math 0.2.6@43057cb8c179a9859677b496a788db922fd5cfc3
- pocketmine/nbt 0.2.18@9f82ca4d7f97fcd9a566e44b63c4f18a7657ae82
- pocketmine/pocketmine-mp 3.25.1@a8d5e8c5f6dc33dc697213de60694590b263ff44
- pocketmine/raklib 0.12.11@9cce458b8bfde3e4dfdbf70c659fc7b7fe26b5c4
- pocketmine/snooze 0.1.5@70b5e7937a06878dd321a3182ceb76d56298f2cd
- pocketmine/spl 0.4.2@6b08b7cf8c4afa17139c9a1b3bf1b408531de161

Loaded plugins:
AlwaysDay 1.0.0 by Zinkil for API(s) 3.0.0
AlwaysSpawn 2.2.4 by Philip Shilling for API(s) 3.0.0
AntiToolBox 0.1 by NgLamVN for API(s) 3.0.0
AuctionHouse 1.3.0 by Shock95x for API(s) 3.0.0
AutoFly 1 by PIG for API(s) 3.0.0
AutoGMS 1 by PIG for API(s) 3.0.0
AutoInv 0.0.10 by JackNoordhuis for API(s) 3.0.0
AutoSellUI 3.0.0 by LetTIHL for API(s) 3.8.2
AutoXP 1.1.0 by JackMD for API(s) 3.0.0
AxeLevel 1.0.0 by LetTIHL for API(s) 3.0.0
Bank 0.43 by  for API(s) 3.0.0
BasicScore 1.1.0 by Ifera for API(s) 3.0.0
BedrockClanAPI 1.0.0 by NovaStark for API(s) 3.0.0
BedrockClans 3.4 by Wertzui123 for API(s) 3.0.0
BetterVoting 2.0.2 by Twisted for API(s) 3.0.0
BlazinVanish 1.0.3 by PIG for API(s) 3.0.0, 4.0.0
BlockSniper 3.2.3 by BlockHorizons, Sandertv (@Sandertv), Chris-Prime (@PrimusLV) for API(s) 3.2.0
BossAnnouncement 2.0.4 by XenialDan for API(s) 3.13
BossPlugin 3.21 by HmmHmmmmm for API(s) 3.11.0
Broadcaster 1.5 by EvolSoft for API(s) 3.0.0
BuilderTools 1.2.0-beta2 by CzechPMDevs, VixikCZ for API(s) 3.0.0
BuonLau 2.0.3 by PIG for API(s) 3.0.0
BurgerSellWands 1.0.1 by Heisenburger69 for API(s) 3.0.0
BurgerSpawners 0.1.4 by Heisenburger69 for API(s) 3.0.0
BuyKey 1.0.0 by  for API(s) 3.0.0
BuyVIP 2 by  for API(s) 3.0.0, 3.2.0, 3.9.5, 3.9.4
BuyXu-UI 1 by KaYuu081 for API(s) 3.0.0, 3.2.0
BuydetuUI 1 by FurryJaki1992 for API(s) 3.0.0
Clan 1.9.5 by NovaStark1245 for API(s) 3.0.0
CoinAPI 2.0.9 by onebone | Edit By SenKai Official for API(s) 3.0.0
CoinAPIScore 1.0.0 by Ifera for API(s) 3.0.0
Command 1.1.2 by PIG for API(s) 3.0.0
CrateVH 1.1 by PIG for API(s) 3.0.0
Crossbow 1 by SonsaYT for API(s) 3.0.5
CuongHoa 2.0.3 by PIG for API(s) 3.0.0
CustomAlerts 2.1 by EvolSoft for API(s) 3.0.0
CustomAnvilUI 1.0.0 by ItzFabb for API(s) 3.0.0, 3.1.0, 4.0.0
CustomTable 2 by BhawaniSingh for API(s) 3.0.0
DEVirion 1.2.7 by poggit, SOFe for API(s) 3.0.0
DancingFarm 1 by RicardoMilos384, DontTouchMeXD for API(s) 3.17.0
DanhGia 2 by PIG for API(s) 3.0.0
DeTu 1.9.0 by CLADevs for API(s) 3.0.0
DevTools 1.14.2 by PocketMine Team for API(s) 3.13.0
DiemDanh 2.0.5 by PIG for API(s) 3.0.0
Ding 1.0.0 by sn3akrr for API(s) 3.0.0
Disable_TNT 0.1 by  for API(s) 3.0.0
EasyKits 2.0.0-ACM-FIXED by AndreasHGK - fixed fernanACM for API(s) 3.0.0, 3.25.0
EcoAPIScore 1.0.0 by Ifera for API(s) 3.0.0
EconomyAPI 5.7.3 by onebone for API(s) 3.0.0
EnchantUIVH 0.6 by UnknownOre for API(s) 3.0.0
EnchantVIPUI 0.6 by UnknownOreforsource|RBpmmpformod for API(s) 3.0.0
ExtendedBlocks 1.1.4 by Javier Leon9966 for API(s) 3.14.0
FishingRod 1.0 by CHOK9938 for API(s) 3.0.0
Fly 1 by PIG for API(s) 3.0.0, 3.2.3, 3.1.0, 3.2.0, 4.0.0
FormAPI 1.3.0 by jojoe77777 for API(s) 3.2.0
FormImagesFix 0.0.1 by  for API(s) 3.11.4
Giftcode 1.0.0 by  for API(s) 3.0.0, 4.0.0
GroupJoin 0.0.1 by Himbeer for API(s) 3.9.3
Health-Defense 1.2 by Nomi for API(s) 3.0.0
HeartWings 1.3 by Edit Nờ Cờ Dờ (NCD) for API(s) 3.0.0
HotBlock 1.1.5 by survanetwork for API(s) 3.0.0
InvCrashFix 0.0.1 by  for API(s) 3.14.0
InvSee 1.0.0 by BlockHorizons for API(s) 3.0.0
ItemFrameProtector 1.0.0 by WinterBuild7074 for API(s) 3.0.0, 3.1.0, 3.2.0, 3.3.0
ItemStylus 0.0.3 by XenialDan for API(s) 3.11.0
JoinMenu 1 by PIG for API(s) 3.0.0
KeepInventory 1.0 by KhoaGamingPro for API(s) 3.0.0
KhoGo 4.2.5 by PIG for API(s) 3.0.0
KhoKhoanhSanUI 2.4.0 by EdoGaming, PIG for API(s) 3.0.0
KhongTP 1.0.7 by awzaw for API(s) 3.0.0
KingofBlock 0.0.1 by pmmdst for API(s) 3.0.0
LenRank 1.0.0 by Nguyễn Công Danh (NCD) for API(s) 3.0.0
LestagonGUIShop 1 by xisoq for API(s) 3.0.0
Lixi 2.6.3 by  for API(s) 3.0.0
LoadAllWorlds 1.1.2 by  for API(s) 3.12.0
LpkCuaHangUI 0.0.5 by phuongaz | Moded by LamPocketVN for API(s) 3.9.0
LuckyBlock 0.0.3 by Palente for API(s) 3.0.0
LvPickaxe 1.19 by PhuongAZ, K27 for API(s) 3.0.0
MSpawns 2.2 by EvolSoft for API(s) 3.0.0
MaxEnchants 1.2.1 by Xenophilicy for API(s) 3.0.0
MenuUIVHPIG 1.0.0 by PIG for API(s) 3.0.0
MineLevel 1.0.0 by TungstenVn for API(s) 3.0.0
MuaCoinUIVH 1 by NamVN for API(s) 3.0.0
MuaSsp 2 by NoobPvP2k3 And Shin1134 for API(s) 3.0.0
MultiVersion 0.471.1 by AkmalFairuz for API(s) 3.25.0
MultiWorld 1.6.0-beta5 by CzechPMDevs, VixikCZ, fuyutsuki, kaliiks for API(s) 3.20.0
MyItem 0.1 by AnhKhoaaa for API(s) 3.0.0
MysteryCrate 9.2.0 by JackMD, DaPigGuy for API(s) 3.9.0
NCDAutoClearLagg 2.0.0 by Nờ Cờ Dờ (NCD) for API(s) 3.0.0
NCDRulesUI 0.0.1 by Nờ Cờ Dờ (NCD) for API(s) 3.0.0
NapThe 0.1 by phuongaz for API(s) 3.21.0
Netherite 1.2.1 by Wertzui123 for API(s) 3.0.0
NhiemVu 1.2.4 by NovaStark1245 for API(s) 3.0.0
NicknameUI 0.1 by ItzFabb for API(s) 3.0.0
NoFallDamage 1.0 by DeveloperNeb101 for API(s) 3.0.0
OreGenerator 2.0.0 by vividmemory, LetTIHL for API(s) 3.0.0
PM-Beacons 2.0.2 by jasonwynn10 for API(s) 3.0.0
ParticleShop 1.0.0 by FurryJaki1992 for API(s) 3.0.0
PiggyCustomEnchants 2.4.1 by DaPigGuy for API(s) 3.19.0
ProfileUI 4.2.2 by Infernus101 for API(s) 3.0.0
PureChat 1.4.11 by 64FF00 for API(s) 3.0.0
PureEntitiesX 0.7.0 by milk0417, RevivalPMMP for API(s) 3.19.0
PurePerms 1.4.3 by 64FF00 & ProjectInfinity for API(s) 3.0.0
PurePermsScore 1.0.0 by Ifera for API(s) 3.0.0
QVipUI 1 by PIG for API(s) 3.2.1
QuyenRankLoi 1.0.1 by PIG for API(s) 3.0.0, 4.0.0
RandomBlock 2.0.0 by Edit By Nờ Cờ Dờ for API(s) 3.0.0
RankUp 0.4.0 by Falkirks for API(s) 3.0.0
RedSkyBlock 3.1.1 by RedCraftPE for API(s) 3.0.0
RedstoneCircuit 2.0.0 by tedo0627 for API(s) 3.6.0
Renation 1.1 by K27 for API(s) 3.0.0
RepairRenameUI 1.0.2 by IbrahimMS13, Bumbumkill for API(s) 3.0.0
SCoinAPI 1.02 by K27 for API(s) 3.0.0
SCoinAPIScore 1.9 by  for API(s) 3.0.0
SETVIP 2.3 by MCPEVN TEAM for API(s) 3.0.0
ScoreHud 6.3.1 by Ifera for API(s) 3.0.0
SeasonPass 2.0.0 by TungstenVn for API(s) 3.0.0
Sell 3.0.0 by Muqsit, KairusDarkSeeker, JackMD for API(s) 3.0.0
SellExp 3.0.0 by EzMinh, LetTIHL for API(s) 3.0.0
ShopCoinVHPIG 1.0.0 by PIG for API(s) 3.0.0
Shulkerbox 1.1.2 by UltraFlappy for API(s) 3.0.0
SimpleGamemode 0.1 by Zedstar16 for API(s) 3.0.0
SizePlayer 1.0.3 by  for API(s) 3.0.0
Slapper 1.6.1 by jojoe77777 for API(s) 3.13.0
SlapperRotation 1.2.0 by jojoe77777 for API(s) 3.0.1
SpawnerGUI 1 by DandierSmile122 for API(s) 3.0.0
Specter 2.0-FIX-ACM by Falkirks - fixed fernanACM for API(s) 3.14, 3.15, 3.16, 3.17, 3.18, 3.25
SpiderUI 1.0.0 by MCCreeperYT for API(s) 3.0.0, 4.0.0
StepCommand 1.0.3 by DavidFlash for API(s) 3.14.0
TPAll 1.2 by matymare for API(s) 3.0.0
TableSpoon 1.0.0 by CortexPE, Xenophilicy, HyperFlareMC for API(s) 3.0.0
TapToArmor 1.0.2 by RubyTemple, luca28pet for API(s) 3.0.0
Texter 4.0.7 by yuko_fuyutsuki, mfmfnek0, onebone, ogiwara, Shootsta_ERU0531, Toganon, ShadowArt, Marron0421, No4NaMe, iteplenky, SuperYYT, SuperAdam47, minijaham, VicoSilalahi, TobyDev265 for API(s) 3.19.0
TheoDoi 1.0.0 by PIG for API(s) 3.0.0
ToCao 2.0.3 by PIG for API(s) 3.0.0, 3.2.0
TopCoinUI 2.4 by PIG for API(s) 3.0.0
TopMoneUIVh 2.4 by PIG for API(s) 3.0.0
TopMoneys 2.0.0 by moch for API(s) 3.0.0
TopVoter 3.2.0 by SalmonDE for API(s) 3.0.0
Tra_Loi_Cau_Do 1 by NovaStark1245 for API(s) 3.0.0
TradeNPC 1.0.0 by Free for API(s) 3.0.0
Trident 1.0.0 by brokiem for API(s) 3.15.0
UIShop 3.5.4 by SaltyPixelDevz for API(s) 3.0.0
VanillaBlocks 1.0.7 by xSuper for API(s) 3.0.0
VanillaElytra 1.0.1 by JavierLeon9966 for API(s) 3.9.0
VanillaEnchantments 4.0.0 by TheAz928 for API(s) 3.0.0, 3.1.0
Vip1 1.0.1 by PIG for API(s) 3.0.0, 4.0.0
Vip2 1.0.2 by PIG for API(s) 3.0.0, 4.0.0
Vip3 1.0.3 by PIG for API(s) 3.0.0, 4.0.0
Vip4 1.0.4 by PIG for API(s) 3.0.0, 4.0.0
Vip5 1.0.5 by PIG for API(s) 3.0.0, 4.0.0
Vip5bhj 1.0.5 by PIG for API(s) 3.0.0, 4.0.0
Warp-Menu 2.1 by KRUNCH7SHooT for API(s) 3.0.0
WorldGuard 1.1.97 by MihaiChirculete for API(s) 3.0.0
WorldProtect 2.3.8 by aliuly for API(s) 3.0.0
Youtube 1.0.1 by PIG for API(s) 3.0.0, 4.0.0
cayphattai 1.1.1 by PIG for API(s) 3.0.0
essentialsTP 1.2.2 by  for API(s) 3.0.0
iProtector 3.1.1 by LDX for API(s) 3.0.0
noVoid 1 by PIG for API(s) 3.0.0
onlinetime 1.0.0 by LetTIHL for API(s) 3.0.0
tichluy 1.0.0 by LetTIHL for API(s) 3.0.0

----------------------REPORT THE DATA BELOW THIS LINE-----------------------

===BEGIN CRASH DUMP===
eNrtfXlz2zgS71dhOVNvnS1LFnXLU5mK4yP2xk60lnLMLLdSEAlJiEmCw8O2sjvf/XUDoAhQig5b
znt/7OzOWGyS3b9uNBqNk//ZG/M4IOnXOxonjId7R82DvZQFdO/Ibjda3WazXu9V7Waz24UbWSRv
NRr1aqdnd+q9um13a51662DPJ0l6Fsc83jv6z146i+CxPXl9sBfQJCETpJwQ37dSbhEroMGIxtY4
C90UBFvE8/okTpnr0/2XFhDCzPfh3TH8OWc+vhxNSXx0eHg45QE9dHmYEhbS+DDyswkLk8PrWZLS
eHYSk5RW8dnDJHYP/0Hc2+tT4+ZhpAQdnvJs5NML6rMHeCNCcUrUTngCPx8g7h11bLBqTFz4+a+9
FzUrCpAN/htx95amATx1mLhT6mU+aDQkye0FCT34vW83Oi+PLCnRcXSRjpPLdBxNaOU3Ht5k4T4L
UzoBC7ebTfslIHlhbyJ2kF/t250eCC4edJz5k46jIaz8Fi+TVl8uTRr2sC/+XJMQ3CLeb7eaq0XN
UVV+C6DQh9OYEu+CgvojStJF4Y3lwgc0Bj/frze6ZdUkLMcxcFV+A+sWspNFOc3VcuxWvSRH3pGM
9wWL1koWdq+3ikU/5i7ULR5LXu3VvFrd9g94JSmYUvLoLOfRFz+v4ed+w27+gM3Xr1ArkzTO3HSf
j75RN7XekISeQGxIrjjxaHxgKbr+epYyPwHfhpK94pMJPgVMWDj5l93+t1Wu7vOb9ebizbzeClW6
61VpLjietJV4vyff37dteCimf2YspvtKeMf+t/WDeFTwr1z3i6CxFAFGnZd7//7rYI8+R+x8pmAG
cCXPryy84/4dDWiYgiAPDOSme/ldoOhcge5yj6KO7Trcc1Lr74dAbDfERQSSmFsoNY9i1i/o6i//
g482xaNO+otP76hvvYJ7U5ZUfpMCK79NaKq8/aW4uMLH3szek4Duq6J7ueSdEx6O2US9s+/suYj3
M499z9l7+fJXlNzKJbsRTzTBPBG32+o2NKf7vzC43/rVgr+/WTXxt/LKqlVtqUNHPQq8YuIxjsyY
dWg1BKNucfcB78hH/m65PNlvwN9fmMTTK56boTirArfwTqdW3Pmuc0hYqHPo2MVzwpqV33Q/Cum9
de6D3eYUobl4aP+XhwPrlxn8+/2lNE+nrpj9hReNjY3Raa4yRqdlGqPyI2t02j+0Rse0RuWH5uju
0hw9zRxdWSDip7T53l//Swf+lw78Lx34XzqwPB042JtQeJX42FaGBLtcewYbgDMCSxa9tr1Gtd6q
2kjPmO/tHdVrdvtgjyVfPXq3dzQmfkKhWY55yl0ObJvYI5kwbLRJ12vRrtsatz230fDcdq9Ttxse
bdfavWarVxvV243xuNkE3pnCcsXC7MGy3W67TuxWhY4b7UqT1u0KaXUaFbdZr9XHIxv49qxm1W5V
axXoQVaETtDCv7Cb3crHURammTW47lsDklrXZGZ1rVodupZHzYb1cXhiARPbeui2v7ZRNPbOjva6
VWg4UMvvNAQl95r5Ndz+ypMcGhDEha8uXB5ArKbxV5+NYhIzmqBhiTcFY8T08FvCwwo8o7IYu2pX
66/Hbn3cAVv0xjXSbJLWuDVy66Q+atdqXq3Tro9pjXa6tAPsPQLlANGPB4cu5GgjCM6VO+Izj6SY
0oHZbkN+H75WfxFuUfgjFpJ4JnweHgV1qnbjdY2MKG10PTBqt2236/a43q67nR6pk4bX7vW8LgFo
46bJaqlwG0zUeN1udrqdJrzTbo9cQjq01e226s067bbcesOtCw9okXqJIdZUX9RUha3+utdpdXr1
brPebLfqjV5jZHe6pNEBs3Qatt0A3m6vZ9sjk5PPJ4JDvWq/7jZqI7Bo3R332nTcqTVAMircbjbA
b+rwn4btkmZvgUMlSkWkzw3VeE2bnQ51x23q1u3m2PMgELcosT3SgIue12mMxmAtSkxWAUmnCk37
NQhtddxR14UGjvS6rV670xk1e23S6Xa9Ua9eH3std+w2TBbhKM316b7ujbt1AOx1xlAmrtcjrXab
NpujdsNtju0u6bRbHUK7JeMWPytBNK/Br7eojhqzmNyCb0u7ACb7dc91abPVHXVHY482aNMbeyOw
tdtu9cZuZ9QZ03p71HJLbJKQ8+9Umbf1ulMbtWin1+iQWrvb6Xpeo26Thg3a0lGn7bXa9V53XHe9
EpPIFxya4C3tUa076rjjrtskY2J37EbP7RF7BAVjj5q1bqthe9Ru23t/zfsUom4e+/dklpySmRYB
C9rBXhH40L9rQCFZOuVxghnVHyy8ZT6GURIxJDTEM3BNQwJ5EUQOaJQgHno0gjiC78C9hI/TU52A
qQUIkNwcZy5eNk3YHYKagZH5w2D4+cPN1SmQ7ukoYSminaZplEBzAEF2mo2qEF4OJafK70PM/yS7
QUQgIJR1lFRdyzp4WtPUsj9lPousAfyBODfZlbqRYJsoro5DBKIEETmObLUL1QfD45vhx76huFAu
TNmQc/8Nf9CV06i6cjXRcGmqvZ9ckeDT+12ppNhBERYAFnVZXoxa8eWoUL9M9FEveJZQXUGdbDpp
o+ykA2h8bnuth6cpuXcGiQYPZsf9S2B/Gd5BVyCZnjPBVqmfKElQlhLfFPGBNUy0K80glU75uW/U
SEUxVC156eXbXRWjkrZZ9csBv70elAAj5ecBBmnbAYYyLAFGilldoMKUvAk7hO85j71pxpJd4f8G
TMOcKXpPyll4h46Tg9pIowH1/Y+XJaUUUdersRjJr2g6vLy4MhTqVuuPVUix265AvvRL0L/0S3Xb
ri4pjevTXRVD3tmXsh/d+qhxPqUBKvdAxfCYrl5OWtPCLiuXJ2hIHqgYctm8YN6Q8FbDLS7NOtJs
GJB3hBQFbYMyYe4A+xgG1jlxjRtdjqFbsZWN9wTfi8zbW6GDYOs4BY4tFKJeDI0J9OBDbHE0pcwb
a9znPb8jg5TEt49UzgCSbKDrORFNXdKP+eM1Tpbrm5SCWClN+0zj9HvG7HpjV7Wl4AiFqOF4dGQo
GB4aegn105TGn3iKGaauvkY281ToE5kGGN6zJKXeE/OcPptMZidZkvLgLHSnJEwTLcVJpQzHGQlg
dwIYWseAub6wffKdhZ9IyJKprq1OLrt2Y336cCDGKR5d3ozhwDNjIeIA19XhmFeb6QjlOwhZRGND
xYJqunO9rKF49ILH7DsXvj8gIeTR6Z21/zr/icNlJ9OYJZV+zAIKd/Bvllx9emkYp761G1zP+j5P
tZI30KA15npsmuELo/AkOQ5DnoWumssqLFO+VXb3Un3/QkNG/FMSGprajceW/oPg5xHofZWhbKth
X83KGbopYqnQS0nxRRDA/+EfUyl7bcT2SSRdqp/F9Ay6XymjyZdVEXsaBFOUBHUZ0EmlHxHTcsSH
mo5ohhj4uARnTXQ7aFSzfrdMO5zdcX8AwHcVyjXBoKmBYkUPO1f3/v6+SgERcq+mt0I/HP2lMXZy
jeZKJ5saggtXIGqSUtQ++U7daf/6lN7hC5/YA7s9+WNXarvIPAo8YA7FLLGliA2MYCLdttg12IcG
K2EbHl6RzDCLpJSrdOPZuoRvtuh8vMniCY2xo/SZCD4abvNOuU0q117KEhqOxEvt3nY5lza+sEIt
UwKWogFwa51xtInGS1TOb5SGj8pB+Akab6+lwvTo9KsEVlhh9o7ODO0FYXVavSsXFbK2KbLZp8u+
CRYJRqVaCfRApQL4tydCLv5tPkEBkO84kApspcWXrGIMU8xJK0aL3pHfs6zWtfd+pNMjdcj54lQ+
+5JtpYdH06ysiKKt0OQ8i+PZP8gtwznmXdUYgykokZFh9h6S94+Xm2uEfRFNGXFpVoReuZme9y/t
erO1K11Q8BaoOSt1kXNKubHpmdh5SEfwr/Vf68xjqfVmZg1o+I4w68N4zFxIBXeljxLkOC4AA4aO
UyDcVL3y2IZBXjMI8JTRjcK+6/v+OqZtyi8ICM4xa7pJSnnQpv5syYKSuEXzKRYCfbrQUStKCfWz
YR7wzP8M7b7j/JH5YzIN2Pm3eBsFIF0f8XtDA0VaEbwG0Pkjvw9LSrQer4RgB76jZG+hAKSUkwtO
dAVy0s9LM08utkGMgyrHPqTgiYFaI5vI7eftFOmSoQhMHI/rFikm4R0zZyJM+rqAlX4/J6PR0qbe
3nCYx5yvO+dxsCaICWzbFuYQpS+oKak/Tsv23kzJPQnZgIWT6W4LU4iGhFkTsM3gxenZJxYLyHOV
5qRyb7Zj6hTxCS5zOtgbfDinO5sjF0wd505AcBzoyKpfGqw1U+SnJHTBDuckDnS1NOqKeHfDXBJ7
/Jr5PGl0sfNzysN0yDN3ek2/mDNPdufxihpcQbsCnXGxURmScPqWEVNXQVnhkTsMicBKYEaRm9en
UzrUBwzEZTn5LIWJk6tjMWqys3l9rTJJ1o7DExZuo8RdeUBoTirlBc2FdGa+7NAaUlIa/2s8wbMU
ACiTAsoGwV3rNxfQDuc8UFtGAyxnXducVG6BW8/sboXc9YVkzrCclmdWljRISdggt3G8K8iKHYQz
MXlyakya/DCMsQQlfR2+HxroC+qqlT47Qq7EgbRypfgR7DOSzN4xI+GZk8pOUqscn1xXzi+/nJ2a
9j8OvZiS5OLtO6tijdkD9SzocoQkhOeXDwi0nra+5zrzU6YoOKa+ck6sQOc4uW7Fr0eMUxW6oQFd
vqT/p1Oftfu32bCk6gFqqDYPmpoEQ7+iNAr1WtVOOZlXveudd9apRCD66waa9QpJF/l4afQPdapZ
U9umQh/l4uUP8c50KjiCKjmMLQpIvvLpsm+k9AZ5Q43GQOFZ7NL/3ryJgiDCPdHc272e9lzRTyza
SteHFNhST0xvGkHLvFEem2iW1yXdMRpbV5SHvV67bTbmzaesUEK+OVtQ0kC1uZrnLJlCq3PD9XEX
jVgKKaW86+LDu16v0d1VsT08HN98+OI4hfxHj/Dn0A6FksYSykcsnzyYz8rn/c58+PxJywy2WlqZ
91w1RRRlzbLXb/wbpx3852krAbRVinOOUFYSxPzHpqpcBmRCE1w2aypU0BcWYP4wj7Htx09dBNmf
CXYsMQAxIRvSis1L5S0bp/kWW6XFnLTd3NETfWlIwiHH4XIUfwLit9Ah5ln0D26sUyhoq4th74IF
I0rNjLhXXb32QixN6NM4WLmQTHEGjXIsG0YD+V4V9ADlLijx02nllI5paKwcL90oDWqUZzcCtrOl
8cBr87IRWyw/QzBMTOg5sVT3S8OEOJ3x3sls6nnWifp7qv7uvz85fbm7edoc0Raq8VS0VrpiOanc
qpZ6jUkW35GQpvd82wWNm2Wxgr/jTHk6QjiOowHbqCVS+2qqglEVkB6+yJmh6vqugUJ7nbpF8HtC
FpEHPxbeuShZhL7NBwkB8IBSUwMkrOmHmMvZdjWHbq5Kk0i2UialwXmM281jnlI35fpypSU31yj5
Gbcqx2JBTKfWaa4Ywi5m4p8wuFMSBwZYQLx5zcR3B+nMz5KSCRSx7JyNjdbj2U9IDIsVeQWMbQoX
W49rGuoDi3PSz9mZ8i3Y3P7vKI3AgWkIpaZnriZ9ZWr+bsrJWxJARIby35UOBlPHMeBsod2Uv+W6
VuJa16YJNeL5xglB3qZjVvAo6hxOB7iAwsSs3zDHr5rlwjjzuDTbgbXr8U5AsaHNw8mwb2ogKOUw
VprMIfffyf3ONp0gM8cJeRo9umMnAaFKYE8+LmcQOnVN5hoFgZfsbAr1VghW6cKmVeGKhjfmtpqc
sm47xySbYR7ntkJM7Gq1cTOcWDjwvdu8TvjY5tokKZnw8O3Hy8GUR4ZW5p0VIfeBJfzPnY3hAQkF
vsWRny+Xgw//3EIb9sB0FfDSrOft6rNseEJJW8CEB459X5ycpDfXJn31ChqjmX7CuMAtD6EWuJz7
uBSQeMT374X8LdSJbk8yckHCiRFvDXK5XpeaimiKqz/Id+u/1jX0gz1rNLOuSCDnrkpbnHvr+gvF
qEaxVMsYBP7BjMCP93pLcLjKQumzhXEy93ZWjngacU1e1ic+tNV0l9ufV8+HKIGQqM0xPjruK16H
mrpokbs+c2/Jg94JKWglr++Vd/NjURz/cWC9q3d2FXHmwrfJTq/Fgma99uaU0oEEz7sKSAmFIppL
f9zan2vyMPcGTSeNWl5CYi/0ILg4FcGd7Uo5jSX64ByKcbFRYUGfAeduMJPTlNOoa9ruHaaAAUjd
PHzgvH15+3FBW4N6mIWTJKXhp3BX4AuOoIIGY70eGcFgXJpW06kr8ov3Oz3mQh5ysXEBZGSQRCZm
JKxYjvOe81H/rl+/bVjHoYdHj4S23WjurMoLANto4KfsUw5W00MjlzaFdxbWvh7fBsQ/JyzOvpsz
Eq0nHPxQ8MRF7wWcreIwvicyprJukmhWkbbaxtXaZBsXnqo8y9Iku8Us8pb4jN2aY1/1Xe3uChCw
yLuUJXLwT9nZpTFCQ81wGEY3kiSsPGLmOJxin5mQnTmvELqF8+ono+rYjQNTCw16amBu8ZgJXFsH
qc/bbLZVNrnBiRPm8ZJPO3fCUAz0h44hHkVx4lMSX5GJvvZp4dbCipxSWPoZkwplUJuXNLx5k/k0
MfoQGnHNyMBP0U5g2UIlEg2nutsqwsoql/c2zEBjP+Woqrz7IsVvE13f03RKY2bUvYK2JiN83jMd
5jB2caBDoRMqPWU0+KSPO+eUssLNn7ChKkTZd1ukjO+hM4O4zYpUEFd6349W7z8SvGIHpTWXv4Ui
/Jz4/ikJxMHehSo6eeWA+ilmpzyi8Xs6smv2rpQqsQXlNESbq/chpm/F+aXmtJVBXhPS79gd8wIa
8Hh2YO34tCEdh+OonxudgNa/rryhBA+11Q9mLYhrTkL5RhIe3s/C0K7t7oiuOUs8/ARh4LEnOZz1
Gqkjo0tDpAZ5TV/sZ2wc1fFs7ofLxoM0HZfcLU+dlGLI0jzLfkKilTMEDRfRLCU+ojXIhRwuYSdW
pPVjjl8KMMJqQSvPhZWc+jLEdcFZssMwpLHcorCzmJ5MiX50y5xkenBTHhms6dBunp/XtquTq1YN
SdfKz5zCfV7F8VNw9YXeMZ4l/bPK/JFC968SC5S9Al/8esw4JYJUZ2DP2fxVPo3FtFhBN9vTTrni
B8y/rTVtnKO7AZXuiN+/vu7vrG7Ekieux3WcCIBRBUxaJIe59bYRDeuhqa8yjCxV0yiSVvajxjI3
sv6PBeWMp5qDH7OQpTsbNTR8QyDSfu7AOyQf3Qrl9f2lG8+6xH+jZXlqhb+Ja/Og8U+xDltTUBG2
WIWBnYNHlicK2wJrNpPTsVdcnwo0yGsOgnmGw8ku2HSL+cEbcUp6edJIp67JC/MzEX7QKd5Zd7hA
tJVytx8jUy8klIYgF/In4t+y+DbZ6UyY3BrHQ3FojFGT8ugK2DLwvjnG9epRb7A44adTzTPEFkZa
4dGTmIzT/tnOimnOERQpgDiOBmkTvSAjCukJi92MpaZuxp01vplSj9fapdm79lMaQCl+0/VBNyAk
NYfC56SVxz/scMYxF7jNUMwNjQiL8c1S1750oxzcyonoKCZTFlwPbGyW32TBKAtume8/x5JcJmWh
1+kQN48Vg8XzYQbLDogBPevPVli5xG0Ka/CDk18GK45+6T3HwpTB4851GZwNzdOqFMGs26XE7vqk
f/bpvTU8O77e2XSBYInfysG9YBshz1MjDXuRLRXo29XGwtjX1onY+pQrl1382kgJigMWfZLoCbZG
XBNin3fet8Ch/95MLd83FPL9dUebX4vV7kB7h/OEySmJbweU3opa+IjzwzcMXIgMP9S1RYWBN84e
opJ2SFmj4Nn3axZOdz56J9k6ztmX/najQfg0xozyYgmT/vOWSyQg1+XbnOMwmGY+OMjI+KiGRlxz
MtVHP43JOZ7IurMeqcYSqoxEIj6usbFKLIh8+pbgUK+xb610Y+XQ/h+YKJHYbu/sky85Q1DKwLGN
Yt+hb01mxjmzGnH1MdK7aiNR3hXKQ0Xy3xvBVwf3atjnR/mayw7sjfZ3PuWokERKfvRsWAHpMFei
0PCGp+WkuXxn4bzcjTSuPX5coARgC6eTR5G+NbJojbhiWOMUGgVG40HAfGrXtxvH19alLhzTusE5
fUr0NmpS1zzAOaeU0gc8tAMP71je4V5zaIfdlNui5Hmkdlv+6cg/XXWex5addHbCwzTm/kf98zwS
O9TQuRJPOpljEDHI5UsuoEhrWrfrk5OYAtp44Si9J48T5RC2KOWURounMOrUNUfxn5I75kHjlEx3
dtBBwRKKC5EEW2RSw/6xkSXK65VbfQOSzgKyuyM3cn6Ok0bE3+JcOXGA2yDiRqDUiGsc64THKX3o
n4nZj2I17cHexQy8DQwa0+uTZ1lcW2DUf68fTBmSaMiP48CYwdaIawYjbrLRbEgxdUBRmUvq3Yju
bG10cfLVZUp8RkJ5KlgBb4uCpQ9mKFUEc9ZvYSfWLLvlX/VFhME4GIf0Fss9P/oGfk3YPYnxhDdI
snkKOdXXs5uPtVYDG58hn5BQFMVgSjx+fxxjb+iaxDEPa03xBYL3vPmeXCMnAAy2DG/RZwYZRqjf
h/nPY48ETcQXsJB9I1MSiKWOLh8wn/hkyoSw0QyMVG+3njg/JdYoj31+r0Xwb9ALCdwR1Kq5RaAw
hB0fnbTMOR2qAsGymlJ+agz+55Sf12txAw8/EinyMYh+A/l7I0/jJ0TfaSmvH3Em6hOP1hZyHWer
zWRD2UU0GtWCVlo18Gy2Jy7E7W26vAAR5wA+Xn6amsDn1J8HPWOPAz9LFqHP1g4UBdzd2RGmyAvq
cy56Kw0+8VJ0zUnlj+yUvw5J/ICHp2dP/WqS3GbG5T6rPBVTvIVOAk3xayO1YvL1irOvJyT7emrU
aPPGqn0Pz7GeEMSDdBB+yrcoo5h49H3/xFRDktYtfIJceYfYhcxtgENCbXypKKesgT2K+S2jpZM8
n7DZQfEDH5LyIbReF1DW6rGwPXfJrtxGtVWOTeDE6awP3TcfmvXvzzFUKnFsXiD4CS7fJwtHtJn0
NTvcH0RGs6U65hlwq06uENwdx4BUutxC1TN/lsZkUVVFX7MYwTw07mlbF/bOWUzz83d+cCidAa50
uY3ScuUcfn9rSSkbd8s5dHkyY0qPv/fq3R+exvLICnknoeCXD2L6iNQzx3W4TCc0BItsXXO8/PkL
T1DsFpWTRXUTc31dF+55MNe3wtwwMTf+H3x9EMVuhblpYm4uYG7+DMzNrTC3TMytBcytn4G5tR3m
0fRbCTZSfj7yoTi8hYXHm8P/TOKoUjoCqaCt/NrEu5uP708uOoMLzoc7230DorcZmhRbD99mJNZH
JjVieSKuV2rlr9mUsJMpLivy6ZPPQCgvU9IWGZhyHKfAqP9+RBtR4nyoMcvto476KlsoJ5cWXFS7
paN+fJb5O5unlNwcR2xEjSSCTZZVLdM8Y/GYUd87jETnKmAhragT9g5T6BIcBuITjoeGtmCU33mW
ZiN9jjOn/PzG8/fh5s7uklk0JWlK9IEnjVh29uc7tcyN0s1h0yTBBePET4yTpgxyeWav/hyTsLpE
xynJX6sGW3YAIFt+8N+SNZdXp192dpjI6RfHYVse4LekAgGfCq5+OtS0AEVD/okzPZ4qws85EA8P
+mUu8XGiP8ZDwVD25s7GQx/CQMoCvXprxDVd8h0vkZGCN0efMnfqZ/rZfjnl5+JWUjcFDsgjgodK
plTCqWqfBKlc96sQobCCVCohr9yz77Klq1Q8+bWICgkTcY5uQmPQsgrNAnSOxZaSo70X/fmVdcLD
MZtYuB3KCV+cx8z64KZWvWfVeke11lGra30cnlj1Wt12QsmrwqJXuJMb/jcnRTxOX9V79VbbCQOe
eq9wDAyROuH9FFSq+CxJX/Hx2AmJ+sYzNCu4XqNC3Cmjd+KTz4l8IsEJ9opqyKB4XlVAdkAe1BvJ
qwYInqhFK6/g95jHwG9OEUzAOh4u3ZNX0V30iodO6DH8zmDmp7NXdeCRb5SsJDTFz6gnr5zQx22i
FXSVVwJITkko9ea301lEX52enR9/vBo6oXSHyp8ZjWdCjCLELoAX8vFXNSJJAm209+rv4h8wRZby
SkLuqHgJOvT3WHwpAeu86jrhw4g/VNAhJQ+fhJOMTOgrGk4c9KCiia7OAh/L1ULfslxRpFks1leI
krXAQpbhPlDWFnSFE2rlqlskplY6pRYkWwn8IKnlYlml1ohaLHT9DA/4AvYLHoW8BjyAN8fIoMwz
IWN6YHHcqZ0gS2sUU3JrzXgWK14WG1tQcgwyD5QAxRZDyUNKA4zf0/s5u0OPjgkUXmLd8/BvqYUL
SUhsoRkDUBYinD9DhOmUJVLv+ykNrSyaxAQ/+1J1QvRYyezICS3rxeep2EJupRykhJ4FLKwkjQX4
NIZK5JMUQInbAqrPQQyoCr9oKuyF38dyqTUloecLCwbIWfpkXmZH1hgaRYo3kmmWehwcPIDWUtxy
9gaSt+vzhHrOnkB27Pv83sJ6A2AslYNZd4xY/0Q/w2eEw+Xp2ZGFwUi8eibcT71jAS4La4IViV2P
yG00s5Qp8XnlrfPbGtgXnxkYBELuzCKeZ8U0keZHs4LBb62AkiSLRe21wOgjiqDBOPTPjPhotgm7
g2fviJ9Ra18JhXDyErlLiVBPKMaPCph9MqHxEdwWst9nwQisAl51nMxCd0iSWwuHwcCPquKBjwmu
bwFpuab42DTmEGCg9ODx5MASSbGlajrUhwOwRRCBIhj4hW0g6iItyELwIHxEMh+I4gWdwMti/sDA
wyiYAVQSnhvOwaFtFaDLMfoqPoM+eWCx9G9gvjQWr3kU45lwmdLL1j7okEG9qQuzCDUqStMjwars
q0Q4R5yFeAogeiDubBeFID44nlStU3qnflsBm0yhMuOp0wd65VOOgxaJ4yxKJVUaDA0TADallyhc
qJRgJjEaKzDcQRYBsJcjQB9Bn+NgaPCuquZo8HBFPjT3NIjvYju8rJRvfT4C78GW1JJ0qAcBS7Fu
B3RCRrMULG4NpKlrwriy2ROvD7HU7pmwvPAoqLT3Fckod7JEaDhmABEiEsWTdZHNGLo4uUjp5FBa
GVZTa8KhoDhWU/QKFDQRMCsC2pFVQy1AugjB6RTM7P1/rwGmJqvwYyP6NPzQd48EBBU+55AUu8SC
8IENI8S9HBBKzVHZtXpTARNB4LOoFQpf8rcdIBT1QkDCiGG5GTQ+ITQ+Fn2gbiaCL5eQZY3Exmr+
NH1wIS1ICo1k4PowPDuyhheXA+vq8vpyaB33+1eXZwOrf3ZjQbL37uzmwIKHrOEHeOrM+nzx4erM
6t98ODkbDKrlEGDYQ2RYQkifxoyLBhkDcYIKulMqQrKwxjzY2mB7SAk8EVvEIxU8EkKGWcEK1+2x
EAI0eBPq+yNnk04GCR02gCE+poQJzpIJhN4ikMsWScj4gG0ItvPiheri0+gLKq+GYouoi+mAtCzC
leUq353rAO5Fo6RQtVFTuiYvl0NSmjeU5hMSj6BmVFzu+zLXFAFouXVFVUM46i1LvQWxOyBhJpIP
HQkkZhn44MuDvE0oO2HuhrJ5HY+Bl9Q3KKpg1fogY750eMgeeOZ7cywMGpH70CrwJ5JxJOCDou1a
TekK0s5FsFhoJIXrSA5z3cYxD/LGVr6tnqjorqmXMGqjSnLBN6wlLmV4xyBPGF25hFRkKcqRvSyI
ZHYlUzhL3ajgjby8TvEh9YLALmDmGsAVNPNQ2ckSA0OjDQ0fSLgDJ0uSjGJgSKdQapM828SghdIK
VAd5QcocQSWVVYkGH/2hnbAj406z8DbJsZ+QCKksyAJoY6F5ja28G4AFacluj0RR2BXrizKlqDGL
PgbJdqQQCYEVzIIzaHSb8xI75fJW2acxN8KoJ/nLh/MqJHmpB3XNROZQcaFDR+e64ccLRa4C6SNa
D9DJBENyiQj2SSz5jtSw0A5eU/ZUfVolGR8usl00IB5blvNdzWqVHzqh+s7JkWoiIDWbcl+mmCOS
ulORiQvIkDWBC6lGRsQ22fNRd2XTMqLzZFM2by/0UspvYViNZ+lUHFpfsbUCFIUnBFfSHIxqAkTU
LvJY0SvFFNKTmmNfRiT6+DIQFayqdQG5IPjSK5HcWSf9jwfwLmAYQf26Zx64vcgVZPSc868I/kdW
O0+7i4w8EdbRnq1axx4Eqinxx4fQlZTdBI+CDytRINTCwQ90MK0iFs2exkzvipw9YFTDFJP4VQtB
fOyH/TzZLjqA2JdAUPc4EQAvZlEYVdR1qXdzrWpdwr7TeXliWp4XIw5n5ikTpO3SPbSmtdmry5de
Vq2+escnuEsAe9CqJ6p8QUgcx2SCKkCZgNmSyBcZC3YvAwCPlZ3EWE4nPsMBEdFfjqEzRZPUuh5+
FEgTUAnVHmWphf1zUZSFONm5qOaxJkizCr51JNCil3t0lE2O8g7Lb5aNHRWVrk2hqor7luqeJrJD
jZ4cJlw2XMobbGQmg5PkdjLl0IFFD8z7KTTviYoI5pGUWAm5yyMlDn3kw0B4T+vCAjAxtiYTFjUe
8Y2zUHaGxTjQ36wvI/6AXh9bl6fW/pePl6cvQWdwecAAz99DuI9ieSANOAb2X2LovFSLDBA8gYtH
hLFD8PQvb65y/qpvo1H+JoTh2JBoNCH7wE6uaIaFbjwfHVFNiDGCI8TCPTaeVR4y5mmOSCBPgehG
SZrHTdBf3D3IuwGiC6mQgt9A1ilSspC7Poss8S64zTWZgctgVzLgd3mvHJs01Q6IWFzJ70mRSREB
85EufYRkKIY4pL/jl9tIKgtDPKucO0vUUIsLNTmVsU69U5HvHFkRJEn4tXcQI+O4ilFKCjZEJJzM
OwohvuaX28OD/CljsGzpqJQs5eOAZ1iFx7LBUTUaTanKGBtYDFFiPAL8EH+LFhJevhHtpfayUDyk
sv87opLZCL+wCb9xsFA0cdPc4YWPi8FMo+WV6qOgufoQiCxShgq6uKLpsCg0astQ1pbDJDFwAv/I
6x2AzV/Gv3M0DVGZcXSgkkXgwDTRfNLFRlUIEoO3et08FcLEBzgSEYHQnjTGkoZcHQ8XsZR2lhpN
yVtw8Y6hOvCrWHXrhTWJcWvy3DzFiM3cQtVFE6nYdE+Y6KhBnIRejCybiEeZnzujusCmTDyjImJD
xEOR4VciFcWwMcHABK2dyp3FMK0cozpSrTgOqYl+oyTLRlCVF35fej7Y4RV2Q3+v4NcKS6R5dTPJ
0RTSzTHXSgRqWUVOOc2fnHIsGQGlimdJVRkXiCGSzQLs9yS4yy4BDZMCOnbm1H2ruC9UEFGMTCYx
9KDlaJkaWpMjCGlMRMkZ+gl8UIM/nH44AntUVMyXTR8GhXsqk2sCVedeSEwE8EIBQatq49nQ0s4t
L11TFs6CUaFA5X3lTNDIhxXVVOk5oqBz3XSQdofoJ9rQ1QHEx2hKDiw8a1q0z+k8DYPQO6YxpNoV
jEAhtn/ybt5cycaCGENhan5Ja18zSDmhKRdRLA8WiqEoeXk/l7FQ0lJXvahTFhSxWjXAyBSfx5qA
oRlLFgMmChRjfOqlfDy3WghQd3QJuTVXN/EqbMvSlbVCGzpRPIB9quyZD5JMFVFEDOzlqMRZRQwc
c4a+iScyRzaeM4LuBygiJxgwAuUjBzLGAT8VIvOWDTcSJapbApkkwc1L6gpzHsCoyuooLzR5D/wW
h7COrH+JZAXazwMxpvVvZCq/uDJvJvWJD6EGJo64VliOGuSTTWI4YFmLJRp00UInIkEWvU08DByw
quZWhy/lCgzyp4VTVNgqyNarkHhknV8dD4/qv3YOWr0H+6Dx0Dio/2r/6mFCJOr5Pq7tcDG4vurW
ZCiWV83WS5nlyTkGvbMuazi2LWBjNZYmUg8xGAal5s5wKiVz0yzOg3LeQ4nnsxMi4gAfaKpcMfuT
5Aar5DMb4AsynX1xLkKNECWeN5hkIlOQlK8apSJySy3p45Ho39IHCHyJ6ty5t9g9SERHBiwyYpCY
z2QSJ55DfQEKdD1kMyLrjNRS8IdkJJ7H6r2DPdzXFCZMnaYqFqse7XVx/QvO83viXPTi2mejBzGF
N6fg95SSxCBFrskk+RNA0oZO+g6M9OuRC7nXVKfg7FXokdigxbMo5eLwgYZYJuLi/KbxRBYbUKCJ
x5VNtVrDtut4Ag7O42BzpT8ENLE/RKOkkX458YyrwLg5xa2turaQ6nliUVpB+5aIyfvCjFhJvJHS
BOfzg5GczdOfCmZgOdx3m/+y5rcG/SvT4mHqL7zKdEr/9IPxhse/iofKRFlYxptTsxSK5u+ryG6y
lPmJPBFCqBLxBL9hqllEvJAYPNQ4odp3Y0NjBFTo+GQipk3kqr45yxs6VqM9Bt9pwI2ikMdEfLk2
bMMmIxYS/GiiEIXrXlN+S0NIrAy1Sn4Nl4hw4Zl7PMbbIM6IeLOuTij/ziL1bSEh6w/MwT70xXBP
8dZff/1fQzHmPA==
===END CRASH DUMP===
